[('Merge Join  (cost=13766.84..14515.72 rows=6617700 width=87) (actual time=6651.422..9530.131 rows=10000000 loops=1)',), ('  Merge Cond: (temp.col1 = sort_del.col1)',), ('  Buffers: shared hit=4 read=80883',), ('  ->  Sort  (cost=1544.13..1575.31 rows=1000000 width=25) (actual time=481.728..532.261 rows=1000000 loops=1)',), ('        Sort Key: temp.col1',), ('        Sort Method: quicksort  Memory: 102702kB',), ('        Buffers: shared hit=4 read=7353',), ('        ->  Seq Scan on temp  (cost=0.00..301.30 rows=1000000 width=25) (actual time=14.902..307.735 rows=1000000 loops=1)',), ('              Buffers: shared read=7353',), ('  ->  Sort  (cost=12222.71..12429.03 rows=6617700 width=62) (actual time=6169.683..6716.462 rows=10000000 loops=1)',), ('        Sort Key: sort_del.col1',), ('        Sort Method: quicksort  Memory: 1174467kB',), ('        Buffers: shared read=73530',), ('        ->  Seq Scan on sort_del  (cost=0.00..2873.07 rows=6617700 width=62) (actual time=6.234..4210.313 rows=10000000 loops=1)',), ('              Buffers: shared read=73530',), ('Planning Time: 57.426 ms',), ('Execution Time: 10040.610 ms',)]

[('Merge Join  (cost=13766.84..15202.24 rows=13235400 width=87) (actual time=6469.619..9180.870 rows=10000000 loops=1)',), ('  Merge Cond: (temp.col1 = sort_del.col1)',), ('  Buffers: shared hit=4 read=80883',), ('  ->  Sort  (cost=1544.13..1575.31 rows=1000000 width=25) (actual time=566.053..616.047 rows=1000000 loops=1)',), ('        Sort Key: temp.col1',), ('        Sort Method: quicksort  Memory: 102702kB',), ('        Buffers: shared hit=4 read=7353',), ('        ->  Seq Scan on temp  (cost=0.00..301.30 rows=1000000 width=25) (actual time=12.378..380.476 rows=1000000 loops=1)',), ('              Buffers: shared read=7353',), ('  ->  Sort  (cost=12222.71..12429.03 rows=6617700 width=62) (actual time=5903.556..6376.947 rows=10000001 loops=1)',), ('        Sort Key: sort_del.col1',), ('        Sort Method: quicksort  Memory: 1174467kB',), ('        Buffers: shared read=73530',), ('        ->  Seq Scan on sort_del  (cost=0.00..2873.07 rows=6617700 width=62) (actual time=6.364..3928.949 rows=10000000 loops=1)',), ('              Buffers: shared read=73530',), ('Planning Time: 103.999 ms',), ('Execution Time: 9685.581 ms',)]

[('Merge Join  (cost=13766.84..15888.76 rows=19853100 width=87) (actual time=6441.796..9184.983 rows=10000020 loops=1)',), ('  Merge Cond: (temp.col1 = sort_del.col1)',), ('  Buffers: shared hit=4 read=80883',), ('  ->  Sort  (cost=1544.13..1575.31 rows=1000002 width=25) (actual time=540.803..591.099 rows=1000002 loops=1)',), ('        Sort Key: temp.col1',), ('        Sort Method: quicksort  Memory: 102702kB',), ('        Buffers: shared hit=4 read=7353',), ('        ->  Seq Scan on temp  (cost=0.00..301.31 rows=1000002 width=25) (actual time=11.462..324.078 rows=1000002 loops=1)',), ('              Buffers: shared read=7353',), ('  ->  Sort  (cost=12222.71..12429.03 rows=6617700 width=62) (actual time=5900.983..6370.658 rows=10000021 loops=1)',), ('        Sort Key: sort_del.col1',), ('        Sort Method: quicksort  Memory: 1174467kB',), ('        Buffers: shared read=73530',), ('        ->  Seq Scan on sort_del  (cost=0.00..2873.07 rows=6617700 width=62) (actual time=3.933..3940.372 rows=10000000 loops=1)',), ('              Buffers: shared read=73530',), ('Planning Time: 48.396 ms',), ('Execution Time: 9697.513 ms',)]

[('Merge Join  (cost=13766.84..16575.28 rows=26470800 width=87) (actual time=6969.866..9587.068 rows=10000000 loops=1)',), ('  Merge Cond: (temp.col1 = sort_del.col1)',), ('  Buffers: shared hit=4 read=80883',), ('  ->  Sort  (cost=1544.13..1575.31 rows=1000000 width=25) (actual time=736.344..786.541 rows=1000000 loops=1)',), ('        Sort Key: temp.col1',), ('        Sort Method: quicksort  Memory: 102702kB',), ('        Buffers: shared hit=4 read=7353',), ('        ->  Seq Scan on temp  (cost=0.00..301.30 rows=1000000 width=25) (actual time=16.778..371.963 rows=1000000 loops=1)',), ('              Buffers: shared read=7353',), ('  ->  Sort  (cost=12222.71..12429.03 rows=6617700 width=62) (actual time=6233.511..6694.114 rows=10000001 loops=1)',), ('        Sort Key: sort_del.col1',), ('        Sort Method: quicksort  Memory: 1174467kB',), ('        Buffers: shared read=73530',), ('        ->  Seq Scan on sort_del  (cost=0.00..2873.07 rows=6617700 width=62) (actual time=7.935..4263.354 rows=10000000 loops=1)',), ('              Buffers: shared read=73530',), ('Planning Time: 48.425 ms',), ('Execution Time: 10088.639 ms',)]

[('Merge Join  (cost=13766.84..17261.80 rows=33088500 width=87) (actual time=6704.017..9363.891 rows=10000000 loops=1)',), ('  Merge Cond: (temp.col1 = sort_del.col1)',), ('  Buffers: shared hit=4 read=80883',), ('  ->  Sort  (cost=1544.13..1575.31 rows=1000000 width=25) (actual time=581.469..636.266 rows=1000000 loops=1)',), ('        Sort Key: temp.col1',), ('        Sort Method: quicksort  Memory: 102702kB',), ('        Buffers: shared hit=4 read=7353',), ('        ->  Seq Scan on temp  (cost=0.00..301.30 rows=1000000 width=25) (actual time=12.521..347.177 rows=1000000 loops=1)',), ('              Buffers: shared read=7353',), ('  ->  Sort  (cost=12222.71..12429.03 rows=6617700 width=62) (actual time=6122.538..6593.529 rows=10000001 loops=1)',), ('        Sort Key: sort_del.col1',), ('        Sort Method: quicksort  Memory: 1174467kB',), ('        Buffers: shared read=73530',), ('        ->  Seq Scan on sort_del  (cost=0.00..2873.07 rows=6617700 width=62) (actual time=28.842..4124.083 rows=10000000 loops=1)',), ('              Buffers: shared read=73530',), ('Planning Time: 39.371 ms',), ('Execution Time: 9877.613 ms',)]

[('Merge Join  (cost=13766.84..17948.33 rows=39706200 width=87) (actual time=6460.439..9108.624 rows=10000020 loops=1)',), ('  Merge Cond: (temp.col1 = sort_del.col1)',), ('  Buffers: shared hit=4 read=80883',), ('  ->  Sort  (cost=1544.13..1575.31 rows=1000002 width=25) (actual time=524.573..575.915 rows=1000002 loops=1)',), ('        Sort Key: temp.col1',), ('        Sort Method: quicksort  Memory: 102702kB',), ('        Buffers: shared hit=4 read=7353',), ('        ->  Seq Scan on temp  (cost=0.00..301.31 rows=1000002 width=25) (actual time=9.175..301.217 rows=1000002 loops=1)',), ('              Buffers: shared read=7353',), ('  ->  Sort  (cost=12222.71..12429.03 rows=6617700 width=62) (actual time=5935.854..6423.444 rows=10000021 loops=1)',), ('        Sort Key: sort_del.col1',), ('        Sort Method: quicksort  Memory: 1174467kB',), ('        Buffers: shared read=73530',), ('        ->  Seq Scan on sort_del  (cost=0.00..2873.07 rows=6617700 width=62) (actual time=30.022..4007.119 rows=10000000 loops=1)',), ('              Buffers: shared read=73530',), ('Planning Time: 55.472 ms',), ('Execution Time: 9619.820 ms',)]

[('Merge Join  (cost=13766.85..18634.85 rows=46323900 width=87) (actual time=6697.881..9303.945 rows=10000060 loops=1)',), ('  Merge Cond: (temp.col1 = sort_del.col1)',), ('  Buffers: shared hit=4 read=80883',), ('  ->  Sort  (cost=1544.14..1575.31 rows=1000006 width=25) (actual time=502.044..552.971 rows=1000006 loops=1)',), ('        Sort Key: temp.col1',), ('        Sort Method: quicksort  Memory: 102702kB',), ('        Buffers: shared hit=4 read=7353',), ('        ->  Seq Scan on temp  (cost=0.00..301.31 rows=1000006 width=25) (actual time=9.403..298.512 rows=1000006 loops=1)',), ('              Buffers: shared read=7353',), ('  ->  Sort  (cost=12222.71..12429.03 rows=6617700 width=62) (actual time=6195.827..6658.841 rows=10000061 loops=1)',), ('        Sort Key: sort_del.col1',), ('        Sort Method: quicksort  Memory: 1174467kB',), ('        Buffers: shared read=73530',), ('        ->  Seq Scan on sort_del  (cost=0.00..2873.07 rows=6617700 width=62) (actual time=33.834..4203.736 rows=10000000 loops=1)',), ('              Buffers: shared read=73530',), ('Planning Time: 38.928 ms',), ('Execution Time: 9807.722 ms',)]

[('Merge Join  (cost=13766.84..19321.37 rows=52941600 width=87) (actual time=6620.113..9247.190 rows=10000000 loops=1)',), ('  Merge Cond: (temp.col1 = sort_del.col1)',), ('  Buffers: shared hit=4 read=80883',), ('  ->  Sort  (cost=1544.13..1575.31 rows=1000000 width=25) (actual time=669.214..719.524 rows=1000000 loops=1)',), ('        Sort Key: temp.col1',), ('        Sort Method: quicksort  Memory: 102702kB',), ('        Buffers: shared hit=4 read=7353',), ('        ->  Seq Scan on temp  (cost=0.00..301.30 rows=1000000 width=25) (actual time=14.391..457.631 rows=1000000 loops=1)',), ('              Buffers: shared read=7353',), ('  ->  Sort  (cost=12222.71..12429.03 rows=6617700 width=62) (actual time=5950.888..6414.807 rows=10000001 loops=1)',), ('        Sort Key: sort_del.col1',), ('        Sort Method: quicksort  Memory: 1174467kB',), ('        Buffers: shared read=73530',), ('        ->  Seq Scan on sort_del  (cost=0.00..2873.07 rows=6617700 width=62) (actual time=33.290..4045.373 rows=10000000 loops=1)',), ('              Buffers: shared read=73530',), ('Planning Time: 55.690 ms',), ('Execution Time: 9756.871 ms',)]

[('Merge Join  (cost=13766.85..20007.90 rows=59559300 width=87) (actual time=6692.558..9298.588 rows=10000080 loops=1)',), ('  Merge Cond: (temp.col1 = sort_del.col1)',), ('  Buffers: shared hit=4 read=80883',), ('  ->  Sort  (cost=1544.14..1575.32 rows=1000008 width=25) (actual time=545.288..596.382 rows=1000008 loops=1)',), ('        Sort Key: temp.col1',), ('        Sort Method: quicksort  Memory: 102702kB',), ('        Buffers: shared hit=4 read=7353',), ('        ->  Seq Scan on temp  (cost=0.00..301.31 rows=1000008 width=25) (actual time=14.105..344.242 rows=1000008 loops=1)',), ('              Buffers: shared read=7353',), ('  ->  Sort  (cost=12222.71..12429.03 rows=6617700 width=62) (actual time=6147.258..6607.087 rows=10000081 loops=1)',), ('        Sort Key: sort_del.col1',), ('        Sort Method: quicksort  Memory: 1174467kB',), ('        Buffers: shared read=73530',), ('        ->  Seq Scan on sort_del  (cost=0.00..2873.07 rows=6617700 width=62) (actual time=34.140..4117.986 rows=10000000 loops=1)',), ('              Buffers: shared read=73530',), ('Planning Time: 63.933 ms',), ('Execution Time: 9812.993 ms',)]

[('Merge Join  (cost=13766.84..20694.41 rows=66177000 width=87) (actual time=7421.591..10065.201 rows=10000000 loops=1)',), ('  Merge Cond: (temp.col1 = sort_del.col1)',), ('  Buffers: shared hit=4 read=80883',), ('  ->  Sort  (cost=1544.13..1575.31 rows=1000000 width=25) (actual time=826.537..877.379 rows=1000000 loops=1)',), ('        Sort Key: temp.col1',), ('        Sort Method: quicksort  Memory: 102702kB',), ('        Buffers: shared hit=4 read=7353',), ('        ->  Seq Scan on temp  (cost=0.00..301.30 rows=1000000 width=25) (actual time=16.304..594.240 rows=1000000 loops=1)',), ('              Buffers: shared read=7353',), ('  ->  Sort  (cost=12222.71..12429.03 rows=6617700 width=62) (actual time=6595.043..7056.635 rows=10000001 loops=1)',), ('        Sort Key: sort_del.col1',), ('        Sort Method: quicksort  Memory: 1174467kB',), ('        Buffers: shared read=73530',), ('        ->  Seq Scan on sort_del  (cost=0.00..2873.07 rows=6617700 width=62) (actual time=27.939..4652.090 rows=10000000 loops=1)',), ('              Buffers: shared read=73530',), ('Planning Time: 72.723 ms',), ('Execution Time: 10568.783 ms',)]

[('Merge Join  (cost=13766.89..21380.98 rows=72794700 width=87) (actual time=6674.690..9301.718 rows=10000100 loops=1)',), ('  Merge Cond: (temp.col1 = sort_del.col1)',), ('  Buffers: shared hit=4 read=80884',), ('  ->  Sort  (cost=1544.18..1575.36 rows=1000010 width=25) (actual time=556.054..608.620 rows=1000010 loops=1)',), ('        Sort Key: temp.col1',), ('        Sort Method: quicksort  Memory: 102702kB',), ('        Buffers: shared hit=4 read=7354',), ('        ->  Seq Scan on temp  (cost=0.00..301.34 rows=1000010 width=25) (actual time=9.260..354.220 rows=1000010 loops=1)',), ('              Buffers: shared read=7354',), ('  ->  Sort  (cost=12222.71..12429.03 rows=6617700 width=62) (actual time=6118.627..6590.500 rows=10000101 loops=1)',), ('        Sort Key: sort_del.col1',), ('        Sort Method: quicksort  Memory: 1174467kB',), ('        Buffers: shared read=73530',), ('        ->  Seq Scan on sort_del  (cost=0.00..2873.07 rows=6617700 width=62) (actual time=30.155..4136.859 rows=10000000 loops=1)',), ('              Buffers: shared read=73530',), ('Planning Time: 38.651 ms',), ('Execution Time: 9808.726 ms',)]

[('Merge Join  (cost=13766.85..22067.47 rows=79412400 width=87) (actual time=6506.652..9093.874 rows=10000080 loops=1)',), ('  Merge Cond: (temp.col1 = sort_del.col1)',), ('  Buffers: shared hit=4 read=80883',), ('  ->  Sort  (cost=1544.14..1575.32 rows=1000008 width=25) (actual time=510.344..562.440 rows=1000008 loops=1)',), ('        Sort Key: temp.col1',), ('        Sort Method: quicksort  Memory: 102702kB',), ('        Buffers: shared hit=4 read=7353',), ('        ->  Seq Scan on temp  (cost=0.00..301.31 rows=1000008 width=25) (actual time=10.117..317.021 rows=1000008 loops=1)',), ('              Buffers: shared read=7353',), ('  ->  Sort  (cost=12222.71..12429.03 rows=6617700 width=62) (actual time=5996.296..6462.352 rows=10000081 loops=1)',), ('        Sort Key: sort_del.col1',), ('        Sort Method: quicksort  Memory: 1174467kB',), ('        Buffers: shared read=73530',), ('        ->  Seq Scan on sort_del  (cost=0.00..2873.07 rows=6617700 width=62) (actual time=34.431..4022.765 rows=10000000 loops=1)',), ('              Buffers: shared read=73530',), ('Planning Time: 38.366 ms',), ('Execution Time: 9590.550 ms',)]

[('Merge Join  (cost=13766.89..22754.03 rows=86030100 width=87) (actual time=6587.061..9145.869 rows=10000120 loops=1)',), ('  Merge Cond: (temp.col1 = sort_del.col1)',), ('  Buffers: shared hit=4 read=80884',), ('  ->  Sort  (cost=1544.18..1575.36 rows=1000012 width=25) (actual time=516.249..566.553 rows=1000012 loops=1)',), ('        Sort Key: temp.col1',), ('        Sort Method: quicksort  Memory: 102702kB',), ('        Buffers: shared hit=4 read=7354',), ('        ->  Seq Scan on temp  (cost=0.00..301.34 rows=1000012 width=25) (actual time=11.833..288.658 rows=1000012 loops=1)',), ('              Buffers: shared read=7354',), ('  ->  Sort  (cost=12222.71..12429.03 rows=6617700 width=62) (actual time=6070.800..6527.797 rows=10000121 loops=1)',), ('        Sort Key: sort_del.col1',), ('        Sort Method: quicksort  Memory: 1174467kB',), ('        Buffers: shared read=73530',), ('        ->  Seq Scan on sort_del  (cost=0.00..2873.07 rows=6617700 width=62) (actual time=30.225..4037.651 rows=10000000 loops=1)',), ('              Buffers: shared read=73530',), ('Planning Time: 55.392 ms',), ('Execution Time: 9642.708 ms',)]

[('Merge Join  (cost=13766.85..23440.51 rows=92647800 width=87) (actual time=6956.975..9461.982 rows=10000060 loops=1)',), ('  Merge Cond: (temp.col1 = sort_del.col1)',), ('  Buffers: shared hit=4 read=80883',), ('  ->  Sort  (cost=1544.14..1575.31 rows=1000006 width=25) (actual time=925.076..973.983 rows=1000006 loops=1)',), ('        Sort Key: temp.col1',), ('        Sort Method: quicksort  Memory: 102702kB',), ('        Buffers: shared hit=4 read=7353',), ('        ->  Seq Scan on temp  (cost=0.00..301.31 rows=1000006 width=25) (actual time=9.688..657.444 rows=1000006 loops=1)',), ('              Buffers: shared read=7353',), ('  ->  Sort  (cost=12222.71..12429.03 rows=6617700 width=62) (actual time=6031.890..6470.218 rows=10000061 loops=1)',), ('        Sort Key: sort_del.col1',), ('        Sort Method: quicksort  Memory: 1174467kB',), ('        Buffers: shared read=73530',), ('        ->  Seq Scan on sort_del  (cost=0.00..2873.07 rows=6617700 width=62) (actual time=19.169..3881.739 rows=10000000 loops=1)',), ('              Buffers: shared read=73530',), ('Planning Time: 38.918 ms',), ('Execution Time: 9963.418 ms',)]

[('Merge Join  (cost=13766.85..24127.03 rows=99265500 width=87) (actual time=6818.951..9284.230 rows=10000050 loops=1)',), ('  Merge Cond: (temp.col1 = sort_del.col1)',), ('  Buffers: shared hit=4 read=80883',), ('  ->  Sort  (cost=1544.14..1575.31 rows=1000005 width=25) (actual time=539.821..588.342 rows=1000005 loops=1)',), ('        Sort Key: temp.col1',), ('        Sort Method: quicksort  Memory: 102702kB',), ('        Buffers: shared hit=4 read=7353',), ('        ->  Seq Scan on temp  (cost=0.00..301.31 rows=1000005 width=25) (actual time=12.013..312.968 rows=1000005 loops=1)',), ('              Buffers: shared read=7353',), ('  ->  Sort  (cost=12222.71..12429.03 rows=6617700 width=62) (actual time=6279.120..6714.666 rows=10000051 loops=1)',), ('        Sort Key: sort_del.col1',), ('        Sort Method: quicksort  Memory: 1174467kB',), ('        Buffers: shared read=73530',), ('        ->  Seq Scan on sort_del  (cost=0.00..2873.07 rows=6617700 width=62) (actual time=29.660..4104.225 rows=10000000 loops=1)',), ('              Buffers: shared read=73530',), ('Planning Time: 38.669 ms',), ('Execution Time: 9768.653 ms',)]

[('Merge Join  (cost=13766.84..24813.54 rows=105883200 width=87) (actual time=6882.604..9390.574 rows=10000000 loops=1)',), ('  Merge Cond: (temp.col1 = sort_del.col1)',), ('  Buffers: shared hit=4 read=80883',), ('  ->  Sort  (cost=1544.13..1575.31 rows=1000000 width=25) (actual time=514.166..561.892 rows=1000000 loops=1)',), ('        Sort Key: temp.col1',), ('        Sort Method: quicksort  Memory: 102702kB',), ('        Buffers: shared hit=4 read=7353',), ('        ->  Seq Scan on temp  (cost=0.00..301.30 rows=1000000 width=25) (actual time=15.746..303.683 rows=1000000 loops=1)',), ('              Buffers: shared read=7353',), ('  ->  Sort  (cost=12222.71..12429.03 rows=6617700 width=62) (actual time=6368.427..6805.773 rows=10000001 loops=1)',), ('        Sort Key: sort_del.col1',), ('        Sort Method: quicksort  Memory: 1174467kB',), ('        Buffers: shared read=73530',), ('        ->  Seq Scan on sort_del  (cost=0.00..2873.07 rows=6617700 width=62) (actual time=30.233..4175.577 rows=10000000 loops=1)',), ('              Buffers: shared read=73530',), ('Planning Time: 38.882 ms',), ('Execution Time: 9883.305 ms',)]

[('Merge Join  (cost=13766.85..25500.07 rows=112500900 width=87) (actual time=6924.901..9400.235 rows=10000080 loops=1)',), ('  Merge Cond: (temp.col1 = sort_del.col1)',), ('  Buffers: shared hit=4 read=80883',), ('  ->  Sort  (cost=1544.14..1575.32 rows=1000008 width=25) (actual time=691.954..740.411 rows=1000008 loops=1)',), ('        Sort Key: temp.col1',), ('        Sort Method: quicksort  Memory: 102702kB',), ('        Buffers: shared hit=4 read=7353',), ('        ->  Seq Scan on temp  (cost=0.00..301.31 rows=1000008 width=25) (actual time=10.131..457.412 rows=1000008 loops=1)',), ('              Buffers: shared read=7353',), ('  ->  Sort  (cost=12222.71..12429.03 rows=6617700 width=62) (actual time=6232.936..6667.722 rows=10000081 loops=1)',), ('        Sort Key: sort_del.col1',), ('        Sort Method: quicksort  Memory: 1174467kB',), ('        Buffers: shared read=73530',), ('        ->  Seq Scan on sort_del  (cost=0.00..2873.07 rows=6617700 width=62) (actual time=29.592..4092.993 rows=10000000 loops=1)',), ('              Buffers: shared read=73530',), ('Planning Time: 55.580 ms',), ('Execution Time: 9893.794 ms',)]

[('Merge Join  (cost=13766.85..26186.60 rows=119118600 width=87) (actual time=7000.226..9514.113 rows=10000080 loops=1)',), ('  Merge Cond: (temp.col1 = sort_del.col1)',), ('  Buffers: shared hit=4 read=80883',), ('  ->  Sort  (cost=1544.14..1575.32 rows=1000008 width=25) (actual time=750.199..799.095 rows=1000008 loops=1)',), ('        Sort Key: temp.col1',), ('        Sort Method: quicksort  Memory: 102702kB',), ('        Buffers: shared hit=4 read=7353',), ('        ->  Seq Scan on temp  (cost=0.00..301.31 rows=1000008 width=25) (actual time=10.214..538.100 rows=1000008 loops=1)',), ('              Buffers: shared read=7353',), ('  ->  Sort  (cost=12222.71..12429.03 rows=6617700 width=62) (actual time=6250.013..6685.707 rows=10000081 loops=1)',), ('        Sort Key: sort_del.col1',), ('        Sort Method: quicksort  Memory: 1174467kB',), ('        Buffers: shared read=73530',), ('        ->  Seq Scan on sort_del  (cost=0.00..2873.07 rows=6617700 width=62) (actual time=29.647..4078.874 rows=10000000 loops=1)',), ('              Buffers: shared read=73530',), ('Planning Time: 55.175 ms',), ('Execution Time: 10000.296 ms',)]

[('Merge Join  (cost=13766.85..26873.12 rows=125736300 width=87) (actual time=7009.539..9585.313 rows=10000080 loops=1)',), ('  Merge Cond: (temp.col1 = sort_del.col1)',), ('  Buffers: shared hit=4 read=80883',), ('  ->  Sort  (cost=1544.14..1575.32 rows=1000008 width=25) (actual time=731.375..783.082 rows=1000008 loops=1)',), ('        Sort Key: temp.col1',), ('        Sort Method: quicksort  Memory: 102702kB',), ('        Buffers: shared hit=4 read=7353',), ('        ->  Seq Scan on temp  (cost=0.00..301.31 rows=1000008 width=25) (actual time=12.634..519.045 rows=1000008 loops=1)',), ('              Buffers: shared read=7353',), ('  ->  Sort  (cost=12222.71..12429.03 rows=6617700 width=62) (actual time=6278.149..6732.151 rows=10000081 loops=1)',), ('        Sort Key: sort_del.col1',), ('        Sort Method: quicksort  Memory: 1174467kB',), ('        Buffers: shared read=73530',), ('        ->  Seq Scan on sort_del  (cost=0.00..2873.07 rows=6617700 width=62) (actual time=4.637..4143.854 rows=10000000 loops=1)',), ('              Buffers: shared read=73530',), ('Planning Time: 55.677 ms',), ('Execution Time: 10083.167 ms',)]

[('Merge Join  (cost=13766.84..27559.63 rows=132354000 width=87) (actual time=6779.921..9408.273 rows=10000000 loops=1)',), ('  Merge Cond: (temp.col1 = sort_del.col1)',), ('  Buffers: shared hit=4 read=80883',), ('  ->  Sort  (cost=1544.13..1575.31 rows=1000000 width=25) (actual time=505.845..560.023 rows=1000000 loops=1)',), ('        Sort Key: temp.col1',), ('        Sort Method: quicksort  Memory: 102702kB',), ('        Buffers: shared hit=4 read=7353',), ('        ->  Seq Scan on temp  (cost=0.00..301.30 rows=1000000 width=25) (actual time=16.251..287.504 rows=1000000 loops=1)',), ('              Buffers: shared read=7353',), ('  ->  Sort  (cost=12222.71..12429.03 rows=6617700 width=62) (actual time=6274.064..6737.357 rows=10000001 loops=1)',), ('        Sort Key: sort_del.col1',), ('        Sort Method: quicksort  Memory: 1174467kB',), ('        Buffers: shared read=73530',), ('        ->  Seq Scan on sort_del  (cost=0.00..2873.07 rows=6617700 width=62) (actual time=7.377..4089.896 rows=10000000 loops=1)',), ('              Buffers: shared read=73530',), ('Planning Time: 77.396 ms',), ('Execution Time: 9922.353 ms',)]

[('Merge Join  (cost=13766.90..28246.21 rows=138971700 width=87) (actual time=6608.375..9189.203 rows=10000200 loops=1)',), ('  Merge Cond: (temp.col1 = sort_del.col1)',), ('  Buffers: shared hit=4 read=80884',), ('  ->  Sort  (cost=1544.19..1575.37 rows=1000020 width=25) (actual time=541.778..593.548 rows=1000020 loops=1)',), ('        Sort Key: temp.col1',), ('        Sort Method: quicksort  Memory: 102703kB',), ('        Buffers: shared hit=4 read=7354',), ('        ->  Seq Scan on temp  (cost=0.00..301.34 rows=1000020 width=25) (actual time=15.867..320.134 rows=1000020 loops=1)',), ('              Buffers: shared read=7354',), ('  ->  Sort  (cost=12222.71..12429.03 rows=6617700 width=62) (actual time=6066.586..6521.858 rows=10000201 loops=1)',), ('        Sort Key: sort_del.col1',), ('        Sort Method: quicksort  Memory: 1174467kB',), ('        Buffers: shared read=73530',), ('        ->  Seq Scan on sort_del  (cost=0.00..2873.07 rows=6617700 width=62) (actual time=10.866..4118.367 rows=10000000 loops=1)',), ('              Buffers: shared read=73530',), ('Planning Time: 39.055 ms',), ('Execution Time: 9693.020 ms',)]

[('Merge Join  (cost=13766.89..28932.72 rows=145589400 width=87) (actual time=7234.452..9937.399 rows=10000100 loops=1)',), ('  Merge Cond: (temp.col1 = sort_del.col1)',), ('  Buffers: shared hit=4 read=80884',), ('  ->  Sort  (cost=1544.18..1575.36 rows=1000010 width=25) (actual time=640.045..692.468 rows=1000010 loops=1)',), ('        Sort Key: temp.col1',), ('        Sort Method: quicksort  Memory: 102702kB',), ('        Buffers: shared hit=4 read=7354',), ('        ->  Seq Scan on temp  (cost=0.00..301.34 rows=1000010 width=25) (actual time=12.503..413.631 rows=1000010 loops=1)',), ('              Buffers: shared read=7354',), ('  ->  Sort  (cost=12222.71..12429.03 rows=6617700 width=62) (actual time=6594.398..7101.877 rows=10000101 loops=1)',), ('        Sort Key: sort_del.col1',), ('        Sort Method: quicksort  Memory: 1174467kB',), ('        Buffers: shared read=73530',), ('        ->  Seq Scan on sort_del  (cost=0.00..2873.07 rows=6617700 width=62) (actual time=4.365..4564.416 rows=10000000 loops=1)',), ('              Buffers: shared read=73530',), ('Planning Time: 38.891 ms',), ('Execution Time: 10438.716 ms',)]

[('Merge Join  (cost=13766.90..29619.25 rows=152207100 width=87) (actual time=6779.642..9351.974 rows=10000170 loops=1)',), ('  Merge Cond: (temp.col1 = sort_del.col1)',), ('  Buffers: shared hit=4 read=80884',), ('  ->  Sort  (cost=1544.19..1575.37 rows=1000017 width=25) (actual time=569.726..621.270 rows=1000017 loops=1)',), ('        Sort Key: temp.col1',), ('        Sort Method: quicksort  Memory: 102703kB',), ('        Buffers: shared hit=4 read=7354',), ('        ->  Seq Scan on temp  (cost=0.00..301.34 rows=1000017 width=25) (actual time=10.094..368.844 rows=1000017 loops=1)',), ('              Buffers: shared read=7354',), ('  ->  Sort  (cost=12222.71..12429.03 rows=6617700 width=62) (actual time=6209.907..6664.246 rows=10000171 loops=1)',), ('        Sort Key: sort_del.col1',), ('        Sort Method: quicksort  Memory: 1174467kB',), ('        Buffers: shared read=73530',), ('        ->  Seq Scan on sort_del  (cost=0.00..2873.07 rows=6617700 width=62) (actual time=8.274..4162.679 rows=10000000 loops=1)',), ('              Buffers: shared read=73530',), ('Planning Time: 55.388 ms',), ('Execution Time: 9852.226 ms',)]

[('Merge Join  (cost=13766.85..30305.73 rows=158824800 width=87) (actual time=6451.280..9038.459 rows=10000080 loops=1)',), ('  Merge Cond: (temp.col1 = sort_del.col1)',), ('  Buffers: shared hit=4 read=80883',), ('  ->  Sort  (cost=1544.14..1575.32 rows=1000008 width=25) (actual time=531.871..583.743 rows=1000008 loops=1)',), ('        Sort Key: temp.col1',), ('        Sort Method: quicksort  Memory: 102702kB',), ('        Buffers: shared hit=4 read=7353',), ('        ->  Seq Scan on temp  (cost=0.00..301.31 rows=1000008 width=25) (actual time=12.733..319.345 rows=1000008 loops=1)',), ('              Buffers: shared read=7353',), ('  ->  Sort  (cost=12222.71..12429.03 rows=6617700 width=62) (actual time=5919.399..6376.380 rows=10000081 loops=1)',), ('        Sort Key: sort_del.col1',), ('        Sort Method: quicksort  Memory: 1174467kB',), ('        Buffers: shared read=73530',), ('        ->  Seq Scan on sort_del  (cost=0.00..2873.07 rows=6617700 width=62) (actual time=6.362..3998.254 rows=10000000 loops=1)',), ('              Buffers: shared read=73530',), ('Planning Time: 69.037 ms',), ('Execution Time: 9545.321 ms',)]

[('Merge Join  (cost=13766.84..30992.24 rows=165442500 width=87) (actual time=6444.327..9023.386 rows=10000000 loops=1)',), ('  Merge Cond: (temp.col1 = sort_del.col1)',), ('  Buffers: shared hit=4 read=80883',), ('  ->  Sort  (cost=1544.13..1575.31 rows=1000000 width=25) (actual time=538.846..590.334 rows=1000000 loops=1)',), ('        Sort Key: temp.col1',), ('        Sort Method: quicksort  Memory: 102702kB',), ('        Buffers: shared hit=4 read=7353',), ('        ->  Seq Scan on temp  (cost=0.00..301.30 rows=1000000 width=25) (actual time=26.344..340.209 rows=1000000 loops=1)',), ('              Buffers: shared read=7353',), ('  ->  Sort  (cost=12222.71..12429.03 rows=6617700 width=62) (actual time=5905.470..6359.297 rows=10000001 loops=1)',), ('        Sort Key: sort_del.col1',), ('        Sort Method: quicksort  Memory: 1174467kB',), ('        Buffers: shared read=73530',), ('        ->  Seq Scan on sort_del  (cost=0.00..2873.07 rows=6617700 width=62) (actual time=4.485..3954.988 rows=10000000 loops=1)',), ('              Buffers: shared read=73530',), ('Planning Time: 123.263 ms',), ('Execution Time: 9524.384 ms',)]

[('Merge Join  (cost=13766.89..31678.81 rows=172060200 width=87) (actual time=6649.946..9278.469 rows=10000120 loops=1)',), ('  Merge Cond: (temp.col1 = sort_del.col1)',), ('  Buffers: shared hit=4 read=80884',), ('  ->  Sort  (cost=1544.18..1575.36 rows=1000012 width=25) (actual time=530.130..584.806 rows=1000012 loops=1)',), ('        Sort Key: temp.col1',), ('        Sort Method: quicksort  Memory: 102702kB',), ('        Buffers: shared hit=4 read=7354',), ('        ->  Seq Scan on temp  (cost=0.00..301.34 rows=1000012 width=25) (actual time=12.986..303.335 rows=1000012 loops=1)',), ('              Buffers: shared read=7354',), ('  ->  Sort  (cost=12222.71..12429.03 rows=6617700 width=62) (actual time=6119.805..6579.867 rows=10000121 loops=1)',), ('        Sort Key: sort_del.col1',), ('        Sort Method: quicksort  Memory: 1174467kB',), ('        Buffers: shared read=73530',), ('        ->  Seq Scan on sort_del  (cost=0.00..2873.07 rows=6617700 width=62) (actual time=6.183..4117.677 rows=10000000 loops=1)',), ('              Buffers: shared read=73530',), ('Planning Time: 38.784 ms',), ('Execution Time: 9784.676 ms',)]

[('Merge Join  (cost=13766.91..32365.35 rows=178677900 width=87) (actual time=7473.590..10039.429 rows=10000260 loops=1)',), ('  Merge Cond: (temp.col1 = sort_del.col1)',), ('  Buffers: shared hit=4 read=80884',), ('  ->  Sort  (cost=1544.20..1575.38 rows=1000026 width=25) (actual time=530.516..582.588 rows=1000026 loops=1)',), ('        Sort Key: temp.col1',), ('        Sort Method: quicksort  Memory: 102704kB',), ('        Buffers: shared hit=4 read=7354',), ('        ->  Seq Scan on temp  (cost=0.00..301.34 rows=1000026 width=25) (actual time=15.223..328.127 rows=1000026 loops=1)',), ('              Buffers: shared read=7354',), ('  ->  Sort  (cost=12222.71..12429.03 rows=6617700 width=62) (actual time=6943.061..7399.684 rows=10000261 loops=1)',), ('        Sort Key: sort_del.col1',), ('        Sort Method: quicksort  Memory: 1174467kB',), ('        Buffers: shared read=73530',), ('        ->  Seq Scan on sort_del  (cost=0.00..2873.07 rows=6617700 width=62) (actual time=38.107..4961.670 rows=10000000 loops=1)',), ('              Buffers: shared read=73530',), ('Planning Time: 56.334 ms',), ('Execution Time: 10542.017 ms',)]

[('Merge Join  (cost=13766.90..33051.87 rows=185295600 width=87) (actual time=6617.859..9212.097 rows=10000200 loops=1)',), ('  Merge Cond: (temp.col1 = sort_del.col1)',), ('  Buffers: shared hit=4 read=80884',), ('  ->  Sort  (cost=1544.19..1575.37 rows=1000020 width=25) (actual time=513.590..566.401 rows=1000020 loops=1)',), ('        Sort Key: temp.col1',), ('        Sort Method: quicksort  Memory: 102703kB',), ('        Buffers: shared hit=4 read=7354',), ('        ->  Seq Scan on temp  (cost=0.00..301.34 rows=1000020 width=25) (actual time=14.857..322.736 rows=1000020 loops=1)',), ('              Buffers: shared read=7354',), ('  ->  Sort  (cost=12222.71..12429.03 rows=6617700 width=62) (actual time=6104.258..6560.779 rows=10000201 loops=1)',), ('        Sort Key: sort_del.col1',), ('        Sort Method: quicksort  Memory: 1174467kB',), ('        Buffers: shared read=73530',), ('        ->  Seq Scan on sort_del  (cost=0.00..2873.07 rows=6617700 width=62) (actual time=33.025..4104.901 rows=10000000 loops=1)',), ('              Buffers: shared read=73530',), ('Planning Time: 60.680 ms',), ('Execution Time: 9721.912 ms',)]

[('Merge Join  (cost=13766.85..33738.33 rows=191913300 width=87) (actual time=6581.308..9170.267 rows=10000070 loops=1)',), ('  Merge Cond: (temp.col1 = sort_del.col1)',), ('  Buffers: shared hit=4 read=80883',), ('  ->  Sort  (cost=1544.14..1575.32 rows=1000007 width=25) (actual time=532.478..585.121 rows=1000007 loops=1)',), ('        Sort Key: temp.col1',), ('        Sort Method: quicksort  Memory: 102702kB',), ('        Buffers: shared hit=4 read=7353',), ('        ->  Seq Scan on temp  (cost=0.00..301.31 rows=1000007 width=25) (actual time=10.633..338.408 rows=1000007 loops=1)',), ('              Buffers: shared read=7353',), ('  ->  Sort  (cost=12222.71..12429.03 rows=6617700 width=62) (actual time=6048.818..6502.834 rows=10000071 loops=1)',), ('        Sort Key: sort_del.col1',), ('        Sort Method: quicksort  Memory: 1174467kB',), ('        Buffers: shared read=73530',), ('        ->  Seq Scan on sort_del  (cost=0.00..2873.07 rows=6617700 width=62) (actual time=5.737..4020.928 rows=10000000 loops=1)',), ('              Buffers: shared read=73530',), ('Planning Time: 60.741 ms',), ('Execution Time: 9666.733 ms',)]

[('Merge Join  (cost=13766.90..34424.91 rows=198531000 width=87) (actual time=6613.372..9273.829 rows=10000200 loops=1)',), ('  Merge Cond: (temp.col1 = sort_del.col1)',), ('  Buffers: shared hit=4 read=80884',), ('  ->  Sort  (cost=1544.19..1575.37 rows=1000020 width=25) (actual time=494.372..546.647 rows=1000020 loops=1)',), ('        Sort Key: temp.col1',), ('        Sort Method: quicksort  Memory: 102703kB',), ('        Buffers: shared hit=4 read=7354',), ('        ->  Seq Scan on temp  (cost=0.00..301.34 rows=1000020 width=25) (actual time=10.900..307.480 rows=1000020 loops=1)',), ('              Buffers: shared read=7354',), ('  ->  Sort  (cost=12222.71..12429.03 rows=6617700 width=62) (actual time=6118.991..6616.286 rows=10000201 loops=1)',), ('        Sort Key: sort_del.col1',), ('        Sort Method: quicksort  Memory: 1174467kB',), ('        Buffers: shared read=73530',), ('        ->  Seq Scan on sort_del  (cost=0.00..2873.07 rows=6617700 width=62) (actual time=10.569..4126.784 rows=10000000 loops=1)',), ('              Buffers: shared read=73530',), ('Planning Time: 60.636 ms',), ('Execution Time: 9784.600 ms',)]

[('Merge Join  (cost=13766.91..35111.44 rows=205148700 width=87) (actual time=6980.391..9536.410 rows=10000290 loops=1)',), ('  Merge Cond: (temp.col1 = sort_del.col1)',), ('  Buffers: shared hit=4 read=80884',), ('  ->  Sort  (cost=1544.20..1575.38 rows=1000029 width=25) (actual time=623.415..674.976 rows=1000029 loops=1)',), ('        Sort Key: temp.col1',), ('        Sort Method: quicksort  Memory: 102704kB',), ('        Buffers: shared hit=4 read=7354',), ('        ->  Seq Scan on temp  (cost=0.00..301.34 rows=1000029 width=25) (actual time=13.119..431.905 rows=1000029 loops=1)',), ('              Buffers: shared read=7354',), ('  ->  Sort  (cost=12222.71..12429.03 rows=6617700 width=62) (actual time=6356.963..6808.668 rows=10000291 loops=1)',), ('        Sort Key: sort_del.col1',), ('        Sort Method: quicksort  Memory: 1174467kB',), ('        Buffers: shared read=73530',), ('        ->  Seq Scan on sort_del  (cost=0.00..2873.07 rows=6617700 width=62) (actual time=6.447..4452.254 rows=10000000 loops=1)',), ('              Buffers: shared read=73530',), ('Planning Time: 69.033 ms',), ('Execution Time: 10042.007 ms',)]

[('Merge Join  (cost=13766.84..35797.89 rows=211766400 width=87) (actual time=6864.608..9461.576 rows=10000000 loops=1)',), ('  Merge Cond: (temp.col1 = sort_del.col1)',), ('  Buffers: shared hit=4 read=80883',), ('  ->  Sort  (cost=1544.13..1575.31 rows=1000000 width=25) (actual time=556.849..609.469 rows=1000000 loops=1)',), ('        Sort Key: temp.col1',), ('        Sort Method: quicksort  Memory: 102702kB',), ('        Buffers: shared hit=4 read=7353',), ('        ->  Seq Scan on temp  (cost=0.00..301.30 rows=1000000 width=25) (actual time=16.821..370.748 rows=1000000 loops=1)',), ('              Buffers: shared read=7353',), ('  ->  Sort  (cost=12222.71..12429.03 rows=6617700 width=62) (actual time=6307.749..6765.880 rows=10000001 loops=1)',), ('        Sort Key: sort_del.col1',), ('        Sort Method: quicksort  Memory: 1174467kB',), ('        Buffers: shared read=73530',), ('        ->  Seq Scan on sort_del  (cost=0.00..2873.07 rows=6617700 width=62) (actual time=6.455..4377.053 rows=10000000 loops=1)',), ('              Buffers: shared read=73530',), ('Planning Time: 110.645 ms',), ('Execution Time: 9972.956 ms',)]

[('Merge Join  (cost=13766.92..36484.49 rows=218384100 width=87) (actual time=7202.637..9892.072 rows=10000320 loops=1)',), ('  Merge Cond: (temp.col1 = sort_del.col1)',), ('  Buffers: shared hit=4 read=80884',), ('  ->  Sort  (cost=1544.21..1575.39 rows=1000032 width=25) (actual time=527.066..578.432 rows=1000032 loops=1)',), ('        Sort Key: temp.col1',), ('        Sort Method: quicksort  Memory: 102704kB',), ('        Buffers: shared hit=4 read=7354',), ('        ->  Seq Scan on temp  (cost=0.00..301.34 rows=1000032 width=25) (actual time=9.721..313.408 rows=1000032 loops=1)',), ('              Buffers: shared read=7354',), ('  ->  Sort  (cost=12222.71..12429.03 rows=6617700 width=62) (actual time=6675.559..7130.345 rows=10000321 loops=1)',), ('        Sort Key: sort_del.col1',), ('        Sort Method: quicksort  Memory: 1174467kB',), ('        Buffers: shared read=73530',), ('        ->  Seq Scan on sort_del  (cost=0.00..2873.07 rows=6617700 width=62) (actual time=27.809..4680.772 rows=10000000 loops=1)',), ('              Buffers: shared read=73530',), ('Planning Time: 77.430 ms',), ('Execution Time: 10453.738 ms',)]

[('Merge Join  (cost=13766.85..37170.94 rows=225001800 width=87) (actual time=6476.332..9085.784 rows=10000080 loops=1)',), ('  Merge Cond: (temp.col1 = sort_del.col1)',), ('  Buffers: shared hit=4 read=80883',), ('  ->  Sort  (cost=1544.14..1575.32 rows=1000008 width=25) (actual time=503.286..562.946 rows=1000008 loops=1)',), ('        Sort Key: temp.col1',), ('        Sort Method: quicksort  Memory: 102702kB',), ('        Buffers: shared hit=4 read=7353',), ('        ->  Seq Scan on temp  (cost=0.00..301.31 rows=1000008 width=25) (actual time=10.309..294.323 rows=1000008 loops=1)',), ('              Buffers: shared read=7353',), ('  ->  Sort  (cost=12222.71..12429.03 rows=6617700 width=62) (actual time=5973.029..6436.015 rows=10000081 loops=1)',), ('        Sort Key: sort_del.col1',), ('        Sort Method: quicksort  Memory: 1174467kB',), ('        Buffers: shared read=73530',), ('        ->  Seq Scan on sort_del  (cost=0.00..2873.07 rows=6617700 width=62) (actual time=10.061..3983.655 rows=10000000 loops=1)',), ('              Buffers: shared read=73530',), ('Planning Time: 77.456 ms',), ('Execution Time: 9628.944 ms',)]

[('Merge Join  (cost=13766.90..37857.52 rows=231619500 width=87) (actual time=6773.125..9357.224 rows=10000200 loops=1)',), ('  Merge Cond: (temp.col1 = sort_del.col1)',), ('  Buffers: shared hit=4 read=80884',), ('  ->  Sort  (cost=1544.19..1575.37 rows=1000020 width=25) (actual time=585.930..638.337 rows=1000020 loops=1)',), ('        Sort Key: temp.col1',), ('        Sort Method: quicksort  Memory: 102703kB',), ('        Buffers: shared hit=4 read=7354',), ('        ->  Seq Scan on temp  (cost=0.00..301.34 rows=1000020 width=25) (actual time=11.172..413.435 rows=1000020 loops=1)',), ('              Buffers: shared read=7354',), ('  ->  Sort  (cost=12222.71..12429.03 rows=6617700 width=62) (actual time=6187.183..6643.857 rows=10000201 loops=1)',), ('        Sort Key: sort_del.col1',), ('        Sort Method: quicksort  Memory: 1174467kB',), ('        Buffers: shared read=73530',), ('        ->  Seq Scan on sort_del  (cost=0.00..2873.07 rows=6617700 width=62) (actual time=27.369..4153.798 rows=10000000 loops=1)',), ('              Buffers: shared read=73530',), ('Planning Time: 68.927 ms',), ('Execution Time: 9863.401 ms',)]

[('Merge Join  (cost=13766.85..38543.99 rows=238237200 width=87) (actual time=6703.258..9268.640 rows=10000080 loops=1)',), ('  Merge Cond: (temp.col1 = sort_del.col1)',), ('  Buffers: shared hit=4 read=80883',), ('  ->  Sort  (cost=1544.14..1575.32 rows=1000008 width=25) (actual time=488.595..540.502 rows=1000008 loops=1)',), ('        Sort Key: temp.col1',), ('        Sort Method: quicksort  Memory: 102702kB',), ('        Buffers: shared hit=4 read=7353',), ('        ->  Seq Scan on temp  (cost=0.00..301.31 rows=1000008 width=25) (actual time=13.078..303.205 rows=1000008 loops=1)',), ('              Buffers: shared read=7353',), ('  ->  Sort  (cost=12222.71..12429.03 rows=6617700 width=62) (actual time=6214.650..6667.722 rows=10000081 loops=1)',), ('        Sort Key: sort_del.col1',), ('        Sort Method: quicksort  Memory: 1174467kB',), ('        Buffers: shared read=73530',), ('        ->  Seq Scan on sort_del  (cost=0.00..2873.07 rows=6617700 width=62) (actual time=7.880..4292.462 rows=10000000 loops=1)',), ('              Buffers: shared read=73530',), ('Planning Time: 69.002 ms',), ('Execution Time: 9770.976 ms',)]

[('Merge Join  (cost=13766.92..39230.58 rows=244854900 width=87) (actual time=6487.920..9118.846 rows=10000360 loops=1)',), ('  Merge Cond: (temp.col1 = sort_del.col1)',), ('  Buffers: shared hit=4 read=80884',), ('  ->  Sort  (cost=1544.21..1575.39 rows=1000036 width=25) (actual time=518.928..571.400 rows=1000036 loops=1)',), ('        Sort Key: temp.col1',), ('        Sort Method: quicksort  Memory: 102704kB',), ('        Buffers: shared hit=4 read=7354',), ('        ->  Seq Scan on temp  (cost=0.00..301.34 rows=1000036 width=25) (actual time=12.006..337.172 rows=1000036 loops=1)',), ('              Buffers: shared read=7354',), ('  ->  Sort  (cost=12222.71..12429.03 rows=6617700 width=62) (actual time=5968.982..6424.901 rows=10000361 loops=1)',), ('        Sort Key: sort_del.col1',), ('        Sort Method: quicksort  Memory: 1174467kB',), ('        Buffers: shared read=73530',), ('        ->  Seq Scan on sort_del  (cost=0.00..2873.07 rows=6617700 width=62) (actual time=27.696..3929.913 rows=10000000 loops=1)',), ('              Buffers: shared read=73530',), ('Planning Time: 60.576 ms',), ('Execution Time: 9626.239 ms',)]

[('Merge Join  (cost=13766.85..39917.03 rows=251472600 width=87) (actual time=6418.540..8984.341 rows=10000080 loops=1)',), ('  Merge Cond: (temp.col1 = sort_del.col1)',), ('  Buffers: shared hit=4 read=80883',), ('  ->  Sort  (cost=1544.14..1575.32 rows=1000008 width=25) (actual time=524.961..577.368 rows=1000008 loops=1)',), ('        Sort Key: temp.col1',), ('        Sort Method: quicksort  Memory: 102702kB',), ('        Buffers: shared hit=4 read=7353',), ('        ->  Seq Scan on temp  (cost=0.00..301.31 rows=1000008 width=25) (actual time=9.951..320.296 rows=1000008 loops=1)',), ('              Buffers: shared read=7353',), ('  ->  Sort  (cost=12222.71..12429.03 rows=6617700 width=62) (actual time=5893.567..6346.948 rows=10000081 loops=1)',), ('        Sort Key: sort_del.col1',), ('        Sort Method: quicksort  Memory: 1174467kB',), ('        Buffers: shared read=73530',), ('        ->  Seq Scan on sort_del  (cost=0.00..2873.07 rows=6617700 width=62) (actual time=30.038..3913.701 rows=10000000 loops=1)',), ('              Buffers: shared read=73530',), ('Planning Time: 68.943 ms',), ('Execution Time: 9494.139 ms',)]

[('Merge Join  (cost=13766.93..40603.63 rows=258090300 width=87) (actual time=6687.198..9298.885 rows=10000380 loops=1)',), ('  Merge Cond: (temp.col1 = sort_del.col1)',), ('  Buffers: shared hit=4 read=80884',), ('  ->  Sort  (cost=1544.22..1575.40 rows=1000038 width=25) (actual time=524.852..584.225 rows=1000038 loops=1)',), ('        Sort Key: temp.col1',), ('        Sort Method: quicksort  Memory: 102704kB',), ('        Buffers: shared hit=4 read=7354',), ('        ->  Seq Scan on temp  (cost=0.00..301.34 rows=1000038 width=25) (actual time=16.621..320.567 rows=1000038 loops=1)',), ('              Buffers: shared read=7354',), ('  ->  Sort  (cost=12222.71..12429.03 rows=6617700 width=62) (actual time=6162.335..6619.544 rows=10000381 loops=1)',), ('        Sort Key: sort_del.col1',), ('        Sort Method: quicksort  Memory: 1174467kB',), ('        Buffers: shared read=73530',), ('        ->  Seq Scan on sort_del  (cost=0.00..2873.07 rows=6617700 width=62) (actual time=30.035..4088.886 rows=10000000 loops=1)',), ('              Buffers: shared read=73530',), ('Planning Time: 69.007 ms',), ('Execution Time: 9808.751 ms',)]

[('Merge Join  (cost=13766.84..41290.06 rows=264708000 width=87) (actual time=6793.757..9360.945 rows=10000000 loops=1)',), ('  Merge Cond: (temp.col1 = sort_del.col1)',), ('  Buffers: shared hit=4 read=80883',), ('  ->  Sort  (cost=1544.13..1575.31 rows=1000000 width=25) (actual time=694.298..745.922 rows=1000000 loops=1)',), ('        Sort Key: temp.col1',), ('        Sort Method: quicksort  Memory: 102702kB',), ('        Buffers: shared hit=4 read=7353',), ('        ->  Seq Scan on temp  (cost=0.00..301.30 rows=1000000 width=25) (actual time=12.255..486.735 rows=1000000 loops=1)',), ('              Buffers: shared read=7353',), ('  ->  Sort  (cost=12222.71..12429.03 rows=6617700 width=62) (actual time=6099.449..6550.153 rows=10000001 loops=1)',), ('        Sort Key: sort_del.col1',), ('        Sort Method: quicksort  Memory: 1174467kB',), ('        Buffers: shared read=73530',), ('        ->  Seq Scan on sort_del  (cost=0.00..2873.07 rows=6617700 width=62) (actual time=27.330..4161.631 rows=10000000 loops=1)',), ('              Buffers: shared read=73530',), ('Planning Time: 69.022 ms',), ('Execution Time: 9865.474 ms',)]

[('Merge Join  (cost=13766.92..41976.66 rows=271325700 width=87) (actual time=6485.176..8938.156 rows=10000310 loops=1)',), ('  Merge Cond: (temp.col1 = sort_del.col1)',), ('  Buffers: shared hit=4 read=80884',), ('  ->  Sort  (cost=1544.21..1575.39 rows=1000031 width=25) (actual time=480.210..529.717 rows=1000031 loops=1)',), ('        Sort Key: temp.col1',), ('        Sort Method: quicksort  Memory: 102704kB',), ('        Buffers: shared hit=4 read=7354',), ('        ->  Seq Scan on temp  (cost=0.00..301.34 rows=1000031 width=25) (actual time=12.917..281.194 rows=1000031 loops=1)',), ('              Buffers: shared read=7354',), ('  ->  Sort  (cost=12222.71..12429.03 rows=6617700 width=62) (actual time=6004.957..6440.962 rows=10000311 loops=1)',), ('        Sort Key: sort_del.col1',), ('        Sort Method: quicksort  Memory: 1174467kB',), ('        Buffers: shared read=73530',), ('        ->  Seq Scan on sort_del  (cost=0.00..2873.07 rows=6617700 width=62) (actual time=8.012..3714.812 rows=10000000 loops=1)',), ('              Buffers: shared read=73530',), ('Planning Time: 77.357 ms',), ('Execution Time: 9419.732 ms',)]

[('Merge Join  (cost=13766.90..42663.17 rows=277943400 width=87) (actual time=6757.732..9245.190 rows=10000200 loops=1)',), ('  Merge Cond: (temp.col1 = sort_del.col1)',), ('  Buffers: shared hit=4 read=80884',), ('  ->  Sort  (cost=1544.19..1575.37 rows=1000020 width=25) (actual time=826.788..877.181 rows=1000020 loops=1)',), ('        Sort Key: temp.col1',), ('        Sort Method: quicksort  Memory: 102703kB',), ('        Buffers: shared hit=4 read=7354',), ('        ->  Seq Scan on temp  (cost=0.00..301.34 rows=1000020 width=25) (actual time=12.509..621.208 rows=1000020 loops=1)',), ('              Buffers: shared read=7354',), ('  ->  Sort  (cost=12222.71..12429.03 rows=6617700 width=62) (actual time=5930.934..6367.661 rows=10000201 loops=1)',), ('        Sort Key: sort_del.col1',), ('        Sort Method: quicksort  Memory: 1174467kB',), ('        Buffers: shared read=73530',), ('        ->  Seq Scan on sort_del  (cost=0.00..2873.07 rows=6617700 width=62) (actual time=11.471..3698.563 rows=10000000 loops=1)',), ('              Buffers: shared read=73530',), ('Planning Time: 77.363 ms',), ('Execution Time: 9735.622 ms',)]

[('Merge Join  (cost=13766.85..43349.64 rows=284561100 width=87) (actual time=6583.783..9062.253 rows=10000080 loops=1)',), ('  Merge Cond: (temp.col1 = sort_del.col1)',), ('  Buffers: shared hit=4 read=80883',), ('  ->  Sort  (cost=1544.14..1575.32 rows=1000008 width=25) (actual time=521.179..571.215 rows=1000008 loops=1)',), ('        Sort Key: temp.col1',), ('        Sort Method: quicksort  Memory: 102702kB',), ('        Buffers: shared hit=4 read=7353',), ('        ->  Seq Scan on temp  (cost=0.00..301.31 rows=1000008 width=25) (actual time=16.000..305.625 rows=1000008 loops=1)',), ('              Buffers: shared read=7353',), ('  ->  Sort  (cost=12222.71..12429.03 rows=6617700 width=62) (actual time=6062.593..6504.378 rows=10000081 loops=1)',), ('        Sort Key: sort_del.col1',), ('        Sort Method: quicksort  Memory: 1174467kB',), ('        Buffers: shared read=73530',), ('        ->  Seq Scan on sort_del  (cost=0.00..2873.07 rows=6617700 width=62) (actual time=33.767..3831.971 rows=10000000 loops=1)',), ('              Buffers: shared read=73530',), ('Planning Time: 77.384 ms',), ('Execution Time: 9553.509 ms',)]

[('Merge Join  (cost=13766.92..44036.23 rows=291178800 width=87) (actual time=7025.165..9480.734 rows=10000320 loops=1)',), ('  Merge Cond: (temp.col1 = sort_del.col1)',), ('  Buffers: shared hit=4 read=80884',), ('  ->  Sort  (cost=1544.21..1575.39 rows=1000032 width=25) (actual time=509.565..558.994 rows=1000032 loops=1)',), ('        Sort Key: temp.col1',), ('        Sort Method: quicksort  Memory: 102704kB',), ('        Buffers: shared hit=4 read=7354',), ('        ->  Seq Scan on temp  (cost=0.00..301.34 rows=1000032 width=25) (actual time=6.251..293.772 rows=1000032 loops=1)',), ('              Buffers: shared read=7354',), ('  ->  Sort  (cost=12222.71..12429.03 rows=6617700 width=62) (actual time=6515.591..6949.023 rows=10000321 loops=1)',), ('        Sort Key: sort_del.col1',), ('        Sort Method: quicksort  Memory: 1174467kB',), ('        Buffers: shared read=73530',), ('        ->  Seq Scan on sort_del  (cost=0.00..2873.07 rows=6617700 width=62) (actual time=34.033..4325.136 rows=10000000 loops=1)',), ('              Buffers: shared read=73530',), ('Planning Time: 185.699 ms',), ('Execution Time: 10009.410 ms',)]

[('Merge Join  (cost=13766.92..44722.76 rows=297796500 width=87) (actual time=7482.927..9941.562 rows=10000350 loops=1)',), ('  Merge Cond: (temp.col1 = sort_del.col1)',), ('  Buffers: shared hit=4 read=80884',), ('  ->  Sort  (cost=1544.21..1575.39 rows=1000035 width=25) (actual time=1026.342..1076.183 rows=1000035 loops=1)',), ('        Sort Key: temp.col1',), ('        Sort Method: quicksort  Memory: 102704kB',), ('        Buffers: shared hit=4 read=7354',), ('        ->  Seq Scan on temp  (cost=0.00..301.34 rows=1000035 width=25) (actual time=15.262..802.250 rows=1000035 loops=1)',), ('              Buffers: shared read=7354',), ('  ->  Sort  (cost=12222.71..12429.03 rows=6617700 width=62) (actual time=6456.575..6890.501 rows=10000351 loops=1)',), ('        Sort Key: sort_del.col1',), ('        Sort Method: quicksort  Memory: 1174467kB',), ('        Buffers: shared read=73530',), ('        ->  Seq Scan on sort_del  (cost=0.00..2873.07 rows=6617700 width=62) (actual time=28.563..4255.233 rows=10000000 loops=1)',), ('              Buffers: shared read=73530',), ('Planning Time: 77.368 ms',), ('Execution Time: 10423.545 ms',)]

[('Merge Join  (cost=13766.93..45409.29 rows=304414200 width=87) (actual time=6681.804..9144.857 rows=10000400 loops=1)',), ('  Merge Cond: (temp.col1 = sort_del.col1)',), ('  Buffers: shared hit=4 read=80884',), ('  ->  Sort  (cost=1544.22..1575.40 rows=1000040 width=25) (actual time=500.704..550.261 rows=1000040 loops=1)',), ('        Sort Key: temp.col1',), ('        Sort Method: quicksort  Memory: 102705kB',), ('        Buffers: shared hit=4 read=7354',), ('        ->  Seq Scan on temp  (cost=0.00..301.34 rows=1000040 width=25) (actual time=14.832..289.801 rows=1000040 loops=1)',), ('              Buffers: shared read=7354',), ('  ->  Sort  (cost=12222.71..12429.03 rows=6617700 width=62) (actual time=6181.089..6617.175 rows=10000401 loops=1)',), ('        Sort Key: sort_del.col1',), ('        Sort Method: quicksort  Memory: 1174467kB',), ('        Buffers: shared read=73530',), ('        ->  Seq Scan on sort_del  (cost=0.00..2873.07 rows=6617700 width=62) (actual time=29.185..3985.753 rows=10000000 loops=1)',), ('              Buffers: shared read=73530',), ('Planning Time: 69.030 ms',), ('Execution Time: 9633.730 ms',)]

[('Merge Join  (cost=13766.90..46095.78 rows=311031900 width=87) (actual time=6760.228..9456.978 rows=10000190 loops=1)',), ('  Merge Cond: (temp.col1 = sort_del.col1)',), ('  Buffers: shared hit=4 read=80884',), ('  ->  Sort  (cost=1544.19..1575.37 rows=1000019 width=25) (actual time=588.051..646.172 rows=1000019 loops=1)',), ('        Sort Key: temp.col1',), ('        Sort Method: quicksort  Memory: 102703kB',), ('        Buffers: shared hit=4 read=7354',), ('        ->  Seq Scan on temp  (cost=0.00..301.34 rows=1000019 width=25) (actual time=12.806..393.885 rows=1000019 loops=1)',), ('              Buffers: shared read=7354',), ('  ->  Sort  (cost=12222.71..12429.03 rows=6617700 width=62) (actual time=6172.164..6647.211 rows=10000191 loops=1)',), ('        Sort Key: sort_del.col1',), ('        Sort Method: quicksort  Memory: 1174467kB',), ('        Buffers: shared read=73530',), ('        ->  Seq Scan on sort_del  (cost=0.00..2873.07 rows=6617700 width=62) (actual time=33.589..4222.919 rows=10000000 loops=1)',), ('              Buffers: shared read=73530',), ('Planning Time: 69.001 ms',), ('Execution Time: 9973.184 ms',)]

[('Merge Join  (cost=13766.92..46782.32 rows=317649600 width=87) (actual time=6427.289..9088.727 rows=10000320 loops=1)',), ('  Merge Cond: (temp.col1 = sort_del.col1)',), ('  Buffers: shared hit=4 read=80884',), ('  ->  Sort  (cost=1544.21..1575.39 rows=1000032 width=25) (actual time=514.961..570.133 rows=1000032 loops=1)',), ('        Sort Key: temp.col1',), ('        Sort Method: quicksort  Memory: 102704kB',), ('        Buffers: shared hit=4 read=7354',), ('        ->  Seq Scan on temp  (cost=0.00..301.34 rows=1000032 width=25) (actual time=15.577..309.237 rows=1000032 loops=1)',), ('              Buffers: shared read=7354',), ('  ->  Sort  (cost=12222.71..12429.03 rows=6617700 width=62) (actual time=5912.315..6380.315 rows=10000321 loops=1)',), ('        Sort Key: sort_del.col1',), ('        Sort Method: quicksort  Memory: 1174467kB',), ('        Buffers: shared read=73530',), ('        ->  Seq Scan on sort_del  (cost=0.00..2873.07 rows=6617700 width=62) (actual time=6.574..3952.238 rows=10000000 loops=1)',), ('              Buffers: shared read=73530',), ('Planning Time: 68.993 ms',), ('Execution Time: 9606.287 ms',)]

