[('Merge Join  (cost=20725.63..22924.53 rows=19994118 width=50) (actual time=3522.110..8691.353 rows=20000000 loops=1)',), ('  Merge Cond: (temp.col1 = sort_del.col1)',), ('  Buffers: shared hit=4 read=88236',), ('  ->  Sort  (cost=3212.97..3275.32 rows=2000000 width=25) (actual time=1126.290..1222.631 rows=2000000 loops=1)',), ('        Sort Key: temp.col1',), ('        Sort Method: quicksort  Memory: 205403kB',), ('        Buffers: shared hit=4 read=14706',), ('        ->  Seq Scan on temp  (cost=0.00..602.61 rows=2000000 width=25) (actual time=0.022..381.323 rows=2000000 loops=1)',), ('              Buffers: shared read=14706',), ('  ->  Sort  (cost=17512.66..17824.44 rows=10000000 width=25) (actual time=2395.810..3314.497 rows=19999999 loops=1)',), ('        Sort Key: sort_del.col1',), ('        Sort Method: quicksort  Memory: 1174467kB',), ('        Buffers: shared read=73530',), ('        ->  Seq Scan on sort_del  (cost=0.00..3013.05 rows=10000000 width=25) (actual time=0.045..1028.547 rows=10000000 loops=1)',), ('              Buffers: shared read=73530',), ('Planning Time: 48.381 ms',), ('Execution Time: 9605.552 ms',)]
[('Merge Join  (cost=22441.54..25739.89 rows=29991177 width=50) (actual time=17643.213..25441.101 rows=30000000 loops=1)',), ('  Merge Cond: (temp.col1 = sort_del.col1)',), ('  Buffers: shared hit=4 read=95589',), ('  ->  Sort  (cost=4928.88..5022.41 rows=3000000 width=25) (actual time=2479.455..2625.416 rows=3000000 loops=1)',), ('        Sort Key: temp.col1',), ('        Sort Method: quicksort  Memory: 332680kB',), ('        Buffers: shared hit=4 read=22059',), ('        ->  Seq Scan on temp  (cost=0.00..903.91 rows=3000000 width=25) (actual time=8.949..1284.489 rows=3000000 loops=1)',), ('              Buffers: shared read=22059',), ('  ->  Sort  (cost=17512.66..17824.44 rows=10000000 width=25) (actual time=15163.746..16538.369 rows=29999998 loops=1)',), ('        Sort Key: sort_del.col1',), ('        Sort Method: quicksort  Memory: 1174467kB',), ('        Buffers: shared read=73530',), ('        ->  Seq Scan on sort_del  (cost=0.00..3013.05 rows=10000000 width=25) (actual time=19.168..12944.691 rows=10000000 loops=1)',), ('              Buffers: shared read=73530',), ('Planning Time: 138.586 ms',), ('Execution Time: 26924.940 ms',)]
[('Merge Join  (cost=24188.02..28585.84 rows=39988363 width=50) (actual time=32330.727..42901.333 rows=40000000 loops=1)',), ('  Merge Cond: (temp.col1 = sort_del.col1)',), ('  Buffers: shared hit=4 read=102942',), ('  ->  Sort  (cost=6675.35..6800.06 rows=4000000 width=25) (actual time=16428.170..16633.322 rows=4000000 loops=1)',), ('        Sort Key: temp.col1',), ('        Sort Method: quicksort  Memory: 410805kB',), ('        Buffers: shared hit=4 read=29412',), ('        ->  Seq Scan on temp  (cost=0.00..1205.22 rows=4000000 width=25) (actual time=8.776..14325.253 rows=4000000 loops=1)',), ('              Buffers: shared read=29412',), ('  ->  Sort  (cost=17512.66..17824.44 rows=10000000 width=25) (actual time=15902.547..17783.199 rows=39999997 loops=1)',), ('        Sort Key: sort_del.col1',), ('        Sort Method: quicksort  Memory: 1174467kB',), ('        Buffers: shared read=73530',), ('        ->  Seq Scan on sort_del  (cost=0.00..3013.05 rows=10000000 width=25) (actual time=386.093..13918.217 rows=10000000 loops=1)',), ('              Buffers: shared read=73530',), ('Planning Time: 338.927 ms',), ('Execution Time: 44845.676 ms',)]
[('Merge Join  (cost=25957.22..31454.50 rows=49985454 width=50) (actual time=9607.311..22707.334 rows=50000000 loops=1)',), ('  Merge Cond: (temp.col1 = sort_del.col1)',), ('  Buffers: shared hit=4 read=110295',), ('  ->  Sort  (cost=8444.56..8600.45 rows=5000000 width=25) (actual time=3863.466..4120.670 rows=5000000 loops=1)',), ('        Sort Key: temp.col1',), ('        Sort Method: quicksort  Memory: 587234kB',), ('        Buffers: shared hit=4 read=36765',), ('        ->  Seq Scan on temp  (cost=0.00..1506.52 rows=5000000 width=25) (actual time=8.798..1892.149 rows=5000000 loops=1)',), ('              Buffers: shared read=36765',), ('  ->  Sort  (cost=17512.66..17824.44 rows=10000000 width=25) (actual time=5743.833..8055.440 rows=49999996 loops=1)',), ('        Sort Key: sort_del.col1',), ('        Sort Method: quicksort  Memory: 1174467kB',), ('        Buffers: shared read=73530',), ('        ->  Seq Scan on sort_del  (cost=0.00..3013.05 rows=10000000 width=25) (actual time=26.646..3827.703 rows=10000000 loops=1)',), ('              Buffers: shared read=73530',), ('Planning Time: 111.578 ms',), ('Execution Time: 25005.821 ms',)]
[('Merge Join  (cost=27744.54..34341.27 rows=59982545 width=50) (actual time=10537.973..26242.660 rows=60000000 loops=1)',), ('  Merge Cond: (temp.col1 = sort_del.col1)',), ('  Buffers: shared hit=4 read=117648',), ('  ->  Sort  (cost=10231.88..10418.94 rows=6000000 width=25) (actual time=4642.368..4958.426 rows=6000000 loops=1)',), ('        Sort Key: temp.col1',), ('        Sort Method: quicksort  Memory: 665359kB',), ('        Buffers: shared hit=4 read=44118',), ('        ->  Seq Scan on temp  (cost=0.00..1807.83 rows=6000000 width=25) (actual time=8.824..2397.289 rows=6000000 loops=1)',), ('              Buffers: shared read=44118',), ('  ->  Sort  (cost=17512.66..17824.44 rows=10000000 width=25) (actual time=5895.592..8697.391 rows=59999995 loops=1)',), ('        Sort Key: sort_del.col1',), ('        Sort Method: quicksort  Memory: 1174467kB',), ('        Buffers: shared read=73530',), ('        ->  Seq Scan on sort_del  (cost=0.00..3013.05 rows=10000000 width=25) (actual time=22.713..3889.727 rows=10000000 loops=1)',), ('              Buffers: shared read=73530',), ('Planning Time: 103.489 ms',), ('Execution Time: 28983.559 ms',)]
[('Merge Join  (cost=29546.93..37243.11 rows=69979636 width=50) (actual time=11104.199..29351.309 rows=70000000 loops=1)',), ('  Merge Cond: (temp.col1 = sort_del.col1)',), ('  Buffers: shared hit=4 read=125001',), ('  ->  Sort  (cost=12034.26..12252.50 rows=7000000 width=25) (actual time=5419.098..5785.464 rows=7000000 loops=1)',), ('        Sort Key: temp.col1',), ('        Sort Method: quicksort  Memory: 743484kB',), ('        Buffers: shared hit=4 read=51471',), ('        ->  Seq Scan on temp  (cost=0.00..2109.13 rows=7000000 width=25) (actual time=9.207..2687.809 rows=7000000 loops=1)',), ('              Buffers: shared read=51471',), ('  ->  Sort  (cost=17512.66..17824.44 rows=10000000 width=25) (actual time=5685.083..8911.244 rows=69999994 loops=1)',), ('        Sort Key: sort_del.col1',), ('        Sort Method: quicksort  Memory: 1174467kB',), ('        Buffers: shared read=73530',), ('        ->  Seq Scan on sort_del  (cost=0.00..3013.05 rows=10000000 width=25) (actual time=21.235..3721.843 rows=10000000 loops=1)',), ('              Buffers: shared read=73530',), ('Planning Time: 107.518 ms',), ('Execution Time: 32537.411 ms',)]
[('Merge Join  (cost=31362.21..40157.84 rows=79976698 width=50) (actual time=12512.374..33384.195 rows=80000000 loops=1)',), ('  Merge Cond: (temp.col1 = sort_del.col1)',), ('  Buffers: shared hit=4 read=132354',), ('  ->  Sort  (cost=13849.54..14098.96 rows=8000000 width=25) (actual time=6626.419..7046.911 rows=8000000 loops=1)',), ('        Sort Key: temp.col1',), ('        Sort Method: quicksort  Memory: 821609kB',), ('        Buffers: shared hit=4 read=58824',), ('        ->  Seq Scan on temp  (cost=0.00..2410.44 rows=8000000 width=25) (actual time=9.290..3008.143 rows=8000000 loops=1)',), ('              Buffers: shared read=58824',), ('  ->  Sort  (cost=17512.66..17824.44 rows=10000000 width=25) (actual time=5885.944..9589.392 rows=79999993 loops=1)',), ('        Sort Key: sort_del.col1',), ('        Sort Method: quicksort  Memory: 1174467kB',), ('        Buffers: shared read=73530',), ('        ->  Seq Scan on sort_del  (cost=0.00..3013.05 rows=10000000 width=25) (actual time=22.410..3906.563 rows=10000000 loops=1)',), ('              Buffers: shared read=73530',), ('Planning Time: 108.335 ms',), ('Execution Time: 37005.540 ms',)]
[('Merge Join  (cost=33188.76..43083.85 rows=89973813 width=50) (actual time=13158.426..36559.300 rows=90000000 loops=1)',), ('  Merge Cond: (temp.col1 = sort_del.col1)',), ('  Buffers: shared hit=4 read=139707',), ('  ->  Sort  (cost=15676.09..15956.69 rows=9000000 width=25) (actual time=7359.891..7834.552 rows=9000000 loops=1)',), ('        Sort Key: temp.col1',), ('        Sort Method: quicksort  Memory: 1096342kB',), ('        Buffers: shared hit=4 read=66177',), ('        ->  Seq Scan on temp  (cost=0.00..2711.74 rows=9000000 width=25) (actual time=9.209..3904.862 rows=9000000 loops=1)',), ('              Buffers: shared read=66177',), ('  ->  Sort  (cost=17512.66..17824.44 rows=10000000 width=25) (actual time=5798.524..9935.112 rows=89999992 loops=1)',), ('        Sort Key: sort_del.col1',), ('        Sort Method: quicksort  Memory: 1174467kB',), ('        Buffers: shared read=73530',), ('        ->  Seq Scan on sort_del  (cost=0.00..3013.05 rows=10000000 width=25) (actual time=5.301..3864.853 rows=10000000 loops=1)',), ('              Buffers: shared read=73530',), ('Planning Time: 108.279 ms',), ('Execution Time: 40636.675 ms',)]
[('Merge Join  (cost=35025.33..46019.87 rows=99970895 width=50) (actual time=13722.372..39973.618 rows=100000000 loops=1)',), ('  Merge Cond: (sort_del.col1 = temp.col1)',), ('  Buffers: shared hit=4 read=147060',), ('  ->  Sort  (cost=17512.66..17824.44 rows=10000000 width=25) (actual time=6098.934..6603.199 rows=10000000 loops=1)',), ('        Sort Key: sort_del.col1',), ('        Sort Method: quicksort  Memory: 1174467kB',), ('        Buffers: shared hit=4 read=73530',), ('        ->  Seq Scan on sort_del  (cost=0.00..3013.05 rows=10000000 width=25) (actual time=15.842..4081.665 rows=10000000 loops=1)',), ('              Buffers: shared read=73530',), ('  ->  Sort  (cost=17512.66..17824.44 rows=10000000 width=25) (actual time=7623.424..12283.433 rows=99999991 loops=1)',), ('        Sort Key: temp.col1',), ('        Sort Method: quicksort  Memory: 1174467kB',), ('        Buffers: shared read=73530',), ('        ->  Seq Scan on temp  (cost=0.00..3013.05 rows=10000000 width=25) (actual time=10.059..3901.497 rows=10000000 loops=1)',), ('              Buffers: shared read=73530',), ('Planning Time: 116.845 ms',), ('Execution Time: 44545.902 ms',)]
[('Merge Join  (cost=36870.91..48902.55 rows=109967968 width=50) (actual time=14139.089..41256.297 rows=110000000 loops=1)',), ('  Merge Cond: (sort_del.col1 = temp.col1)',), ('  Buffers: shared hit=4 read=154413',), ('  ->  Sort  (cost=17512.66..17824.44 rows=10000000 width=25) (actual time=6195.408..6677.258 rows=10000000 loops=1)',), ('        Sort Key: sort_del.col1',), ('        Sort Method: quicksort  Memory: 1174467kB',), ('        Buffers: shared hit=4 read=73530',), ('        ->  Seq Scan on sort_del  (cost=0.00..3013.05 rows=10000000 width=25) (actual time=15.709..4047.739 rows=10000000 loops=1)',), ('              Buffers: shared read=73530',), ('  ->  Sort  (cost=19358.24..19701.19 rows=11000000 width=25) (actual time=7943.651..12801.382 rows=109999991 loops=1)',), ('        Sort Key: temp.col1',), ('        Sort Method: quicksort  Memory: 1252592kB',), ('        Buffers: shared read=80883',), ('        ->  Seq Scan on temp  (cost=0.00..3314.35 rows=11000000 width=25) (actual time=5.104..3723.601 rows=11000000 loops=1)',), ('              Buffers: shared read=80883',), ('Planning Time: 108.426 ms',), ('Execution Time: 46016.105 ms',)]
[('Merge Join  (cost=38724.68..51793.42 rows=119965043 width=50) (actual time=15489.718..47195.361 rows=120000000 loops=1)',), ('  Merge Cond: (sort_del.col1 = temp.col1)',), ('  Buffers: shared hit=4 read=161766',), ('  ->  Sort  (cost=17512.66..17824.44 rows=10000000 width=25) (actual time=6589.339..7120.227 rows=10000000 loops=1)',), ('        Sort Key: sort_del.col1',), ('        Sort Method: quicksort  Memory: 1174467kB',), ('        Buffers: shared hit=4 read=73530',), ('        ->  Seq Scan on sort_del  (cost=0.00..3013.05 rows=10000000 width=25) (actual time=15.721..4385.877 rows=10000000 loops=1)',), ('              Buffers: shared read=73530',), ('  ->  Sort  (cost=21212.01..21586.14 rows=12000000 width=25) (actual time=8900.367..15036.928 rows=119999991 loops=1)',), ('        Sort Key: temp.col1',), ('        Sort Method: quicksort  Memory: 1330717kB',), ('        Buffers: shared read=88236',), ('        ->  Seq Scan on temp  (cost=0.00..3615.66 rows=12000000 width=25) (actual time=11.167..4203.079 rows=12000000 loops=1)',), ('              Buffers: shared read=88236',), ('Planning Time: 108.300 ms',), ('Execution Time: 52606.275 ms',)]
[('Merge Join  (cost=40585.95..54691.80 rows=129962117 width=50) (actual time=15822.940..48132.450 rows=130000000 loops=1)',), ('  Merge Cond: (sort_del.col1 = temp.col1)',), ('  Buffers: shared hit=4 read=169119',), ('  ->  Sort  (cost=17512.66..17824.44 rows=10000000 width=25) (actual time=5910.249..6402.396 rows=10000000 loops=1)',), ('        Sort Key: sort_del.col1',), ('        Sort Method: quicksort  Memory: 1174467kB',), ('        Buffers: shared hit=4 read=73530',), ('        ->  Seq Scan on sort_del  (cost=0.00..3013.05 rows=10000000 width=25) (actual time=15.555..3866.132 rows=10000000 loops=1)',), ('              Buffers: shared read=73530',), ('  ->  Sort  (cost=23073.29..23478.59 rows=13000000 width=25) (actual time=9912.679..15673.869 rows=129999991 loops=1)',), ('        Sort Key: temp.col1',), ('        Sort Method: quicksort  Memory: 1408842kB',), ('        Buffers: shared read=95589',), ('        ->  Seq Scan on temp  (cost=0.00..3916.96 rows=13000000 width=25) (actual time=6.785..5015.981 rows=13000000 loops=1)',), ('              Buffers: shared read=95589',), ('Planning Time: 103.853 ms',), ('Execution Time: 53756.082 ms',)]
[('Merge Join  (cost=42454.15..57597.10 rows=139959179 width=50) (actual time=16386.376..51779.167 rows=140000000 loops=1)',), ('  Merge Cond: (sort_del.col1 = temp.col1)',), ('  Buffers: shared hit=4 read=176472',), ('  ->  Sort  (cost=17512.66..17824.44 rows=10000000 width=25) (actual time=5998.483..6507.897 rows=10000000 loops=1)',), ('        Sort Key: sort_del.col1',), ('        Sort Method: quicksort  Memory: 1174467kB',), ('        Buffers: shared hit=4 read=73530',), ('        ->  Seq Scan on sort_del  (cost=0.00..3013.05 rows=10000000 width=25) (actual time=15.687..3850.947 rows=10000000 loops=1)',), ('              Buffers: shared read=73530',), ('  ->  Sort  (cost=24941.49..25377.97 rows=14000000 width=25) (actual time=10387.882..16810.654 rows=139999991 loops=1)',), ('        Sort Key: temp.col1',), ('        Sort Method: quicksort  Memory: 1486967kB',), ('        Buffers: shared read=102942',), ('        ->  Seq Scan on temp  (cost=0.00..4218.27 rows=14000000 width=25) (actual time=10.373..5019.229 rows=14000000 loops=1)',), ('              Buffers: shared read=102942',), ('Planning Time: 191.616 ms',), ('Execution Time: 58037.766 ms',)]
[('Merge Join  (cost=44328.79..60508.83 rows=149956240 width=50) (actual time=17759.450..56175.745 rows=150000000 loops=1)',), ('  Merge Cond: (sort_del.col1 = temp.col1)',), ('  Buffers: shared hit=4 read=183825',), ('  ->  Sort  (cost=17512.66..17824.44 rows=10000000 width=25) (actual time=6089.036..6609.624 rows=10000000 loops=1)',), ('        Sort Key: sort_del.col1',), ('        Sort Method: quicksort  Memory: 1174467kB',), ('        Buffers: shared hit=4 read=73530',), ('        ->  Seq Scan on sort_del  (cost=0.00..3013.05 rows=10000000 width=25) (actual time=15.666..4132.369 rows=10000000 loops=1)',), ('              Buffers: shared read=73530',), ('  ->  Sort  (cost=26816.12..27283.78 rows=15000000 width=25) (actual time=11670.403..18601.286 rows=149999991 loops=1)',), ('        Sort Key: temp.col1',), ('        Sort Method: quicksort  Memory: 1565092kB',), ('        Buffers: shared read=110295',), ('        ->  Seq Scan on temp  (cost=0.00..4519.57 rows=15000000 width=25) (actual time=11.436..6145.800 rows=15000000 loops=1)',), ('              Buffers: shared read=110295',), ('Planning Time: 108.497 ms',), ('Execution Time: 62957.301 ms',)]
[('Merge Join  (cost=46209.42..63426.56 rows=159953321 width=50) (actual time=18883.432..59339.320 rows=160000000 loops=1)',), ('  Merge Cond: (sort_del.col1 = temp.col1)',), ('  Buffers: shared hit=4 read=191178',), ('  ->  Sort  (cost=17512.66..17824.44 rows=10000000 width=25) (actual time=5983.289..6515.462 rows=10000000 loops=1)',), ('        Sort Key: sort_del.col1',), ('        Sort Method: quicksort  Memory: 1174467kB',), ('        Buffers: shared hit=4 read=73530',), ('        ->  Seq Scan on sort_del  (cost=0.00..3013.05 rows=10000000 width=25) (actual time=15.819..3808.537 rows=10000000 loops=1)',), ('              Buffers: shared read=73530',), ('  ->  Sort  (cost=28696.76..29195.59 rows=16000000 width=25) (actual time=12900.131..20354.408 rows=159999991 loops=1)',), ('        Sort Key: temp.col1',), ('        Sort Method: quicksort  Memory: 1643217kB',), ('        Buffers: shared read=117648',), ('        ->  Seq Scan on temp  (cost=0.00..4820.88 rows=16000000 width=25) (actual time=9.044..5803.904 rows=16000000 loops=1)',), ('              Buffers: shared read=117648',), ('Planning Time: 120.718 ms',), ('Execution Time: 66516.030 ms',)]
[('Merge Join  (cost=48095.65..66349.88 rows=169950367 width=50) (actual time=19480.335..61976.030 rows=170000000 loops=1)',), ('  Merge Cond: (sort_del.col1 = temp.col1)',), ('  Buffers: shared hit=4 read=198530',), ('  ->  Sort  (cost=17512.66..17824.44 rows=10000000 width=25) (actual time=6216.400..6715.944 rows=10000000 loops=1)',), ('        Sort Key: sort_del.col1',), ('        Sort Method: quicksort  Memory: 1174467kB',), ('        Buffers: shared hit=4 read=73530',), ('        ->  Seq Scan on sort_del  (cost=0.00..3013.05 rows=10000000 width=25) (actual time=23.983..4229.156 rows=10000000 loops=1)',), ('              Buffers: shared read=73530',), ('  ->  Sort  (cost=30582.98..31113.00 rows=17000000 width=25) (actual time=13263.922..21632.812 rows=169999991 loops=1)',), ('        Sort Key: temp.col1',), ('        Sort Method: quicksort  Memory: 2114558kB',), ('        Buffers: shared read=125000',), ('        ->  Seq Scan on temp  (cost=0.00..5122.15 rows=17000000 width=25) (actual time=9.071..6719.886 rows=17000000 loops=1)',), ('              Buffers: shared read=125000',), ('Planning Time: 127.416 ms',), ('Execution Time: 69388.653 ms',)]
[('Merge Join  (cost=49987.20..69278.53 rows=179947435 width=50) (actual time=19633.411..63445.675 rows=180000000 loops=1)',), ('  Merge Cond: (sort_del.col1 = temp.col1)',), ('  Buffers: shared hit=4 read=205883',), ('  ->  Sort  (cost=17512.66..17824.44 rows=10000000 width=25) (actual time=5934.834..6424.169 rows=10000000 loops=1)',), ('        Sort Key: sort_del.col1',), ('        Sort Method: quicksort  Memory: 1174467kB',), ('        Buffers: shared hit=4 read=73530',), ('        ->  Seq Scan on sort_del  (cost=0.00..3013.05 rows=10000000 width=25) (actual time=24.248..3740.869 rows=10000000 loops=1)',), ('              Buffers: shared read=73530',), ('  ->  Sort  (cost=32474.54..33035.73 rows=18000000 width=25) (actual time=13698.560..21726.130 rows=179999991 loops=1)',), ('        Sort Key: temp.col1',), ('        Sort Method: quicksort  Memory: 2192683kB',), ('        Buffers: shared read=132353',), ('        ->  Seq Scan on temp  (cost=0.00..5423.45 rows=18000000 width=25) (actual time=7.573..6803.215 rows=18000000 loops=1)',), ('              Buffers: shared read=132353',), ('Planning Time: 110.644 ms',), ('Execution Time: 71193.952 ms',)]
[('Merge Join  (cost=51883.76..72212.18 rows=189944485 width=50) (actual time=20146.781..65346.417 rows=190000000 loops=1)',), ('  Merge Cond: (sort_del.col1 = temp.col1)',), ('  Buffers: shared hit=4 read=213236',), ('  ->  Sort  (cost=17512.66..17824.44 rows=10000000 width=25) (actual time=5818.548..6333.213 rows=10000000 loops=1)',), ('        Sort Key: sort_del.col1',), ('        Sort Method: quicksort  Memory: 1174467kB',), ('        Buffers: shared hit=4 read=73530',), ('        ->  Seq Scan on sort_del  (cost=0.00..3013.05 rows=10000000 width=25) (actual time=15.722..3613.354 rows=10000000 loops=1)',), ('              Buffers: shared read=73530',), ('  ->  Sort  (cost=34371.09..34963.46 rows=19000000 width=25) (actual time=14328.221..22771.605 rows=189999991 loops=1)',), ('        Sort Key: temp.col1',), ('        Sort Method: quicksort  Memory: 2270808kB',), ('        Buffers: shared read=139706',), ('        ->  Seq Scan on temp  (cost=0.00..5724.76 rows=19000000 width=25) (actual time=6.942..7081.518 rows=19000000 loops=1)',), ('              Buffers: shared read=139706',), ('Planning Time: 119.166 ms',), ('Execution Time: 73484.047 ms',)]
[('Merge Join  (cost=53785.05..75150.60 rows=199941763 width=50) (actual time=21127.864..70585.231 rows=200000000 loops=1)',), ('  Merge Cond: (sort_del.col1 = temp.col1)',), ('  Buffers: shared hit=4 read=220589',), ('  ->  Sort  (cost=17512.66..17824.44 rows=10000000 width=25) (actual time=6150.529..6650.665 rows=10000000 loops=1)',), ('        Sort Key: sort_del.col1',), ('        Sort Method: quicksort  Memory: 1174467kB',), ('        Buffers: shared hit=4 read=73530',), ('        ->  Seq Scan on sort_del  (cost=0.00..3013.05 rows=10000000 width=25) (actual time=15.683..3920.801 rows=10000000 loops=1)',), ('              Buffers: shared read=73530',), ('  ->  Sort  (cost=36272.38..36895.93 rows=20000000 width=25) (actual time=14977.324..24095.585 rows=199999991 loops=1)',), ('        Sort Key: temp.col1',), ('        Sort Method: quicksort  Memory: 2348933kB',), ('        Buffers: shared read=147059',), ('        ->  Seq Scan on temp  (cost=0.00..6026.06 rows=20000000 width=25) (actual time=24.985..7250.253 rows=20000000 loops=1)',), ('              Buffers: shared read=147059',), ('Planning Time: 110.686 ms',), ('Execution Time: 79605.795 ms',)]
[('Merge Join  (cost=55690.84..78093.49 rows=209938847 width=50) (actual time=22634.578..75973.901 rows=210000000 loops=1)',), ('  Merge Cond: (sort_del.col1 = temp.col1)',), ('  Buffers: shared hit=4 read=227942',), ('  ->  Sort  (cost=17512.66..17824.44 rows=10000000 width=25) (actual time=5880.961..6400.089 rows=10000000 loops=1)',), ('        Sort Key: sort_del.col1',), ('        Sort Method: quicksort  Memory: 1174467kB',), ('        Buffers: shared hit=4 read=73530',), ('        ->  Seq Scan on sort_del  (cost=0.00..3013.05 rows=10000000 width=25) (actual time=15.673..3914.788 rows=10000000 loops=1)',), ('              Buffers: shared read=73530',), ('  ->  Sort  (cost=38178.18..38832.90 rows=21000000 width=25) (actual time=16753.604..26592.526 rows=209999991 loops=1)',), ('        Sort Key: temp.col1',), ('        Sort Method: quicksort  Memory: 2427058kB',), ('        Buffers: shared read=154412',), ('        ->  Seq Scan on temp  (cost=0.00..6327.37 rows=21000000 width=25) (actual time=61.225..9154.773 rows=21000000 loops=1)',), ('              Buffers: shared read=154412',), ('Planning Time: 127.357 ms',), ('Execution Time: 85475.304 ms',)]

