[('Index Scan using movie_info_idx_mid on movie_info  (cost=0.01..230820.61 rows=99061 width=73) (actual time=48.134..2234.825 rows=100016 loops=1)',), ('  Index Cond: ((movie_id >= 250392) AND (movie_id <= 286627))',), ('  Buffers: shared hit=68595 read=1648',), ('Planning Time: 246.653 ms',), ('Execution Time: 2255.754 ms',)]
[('Index Scan using movie_info_idx_mid on movie_info  (cost=0.01..375311.65 rows=198949 width=73) (actual time=48.177..3835.902 rows=200010 loops=1)',), ('  Index Cond: ((movie_id >= 250392) AND (movie_id <= 318576))',), ('  Buffers: shared hit=125270 read=3673',), ('Planning Time: 229.856 ms',), ('Execution Time: 3869.768 ms',)]
[('Index Scan using movie_info_idx_mid on movie_info  (cost=0.01..473286.11 rows=298322 width=73) (actual time=48.090..5235.804 rows=300014 loops=1)',), ('  Index Cond: ((movie_id >= 250392) AND (movie_id <= 359006))',), ('  Buffers: shared hit=182027 read=5377',), ('Planning Time: 230.076 ms',), ('Execution Time: 5280.517 ms',)]
[('Index Scan using movie_info_idx_mid on movie_info  (cost=0.01..494226.31 rows=398098 width=73) (actual time=48.152..6075.370 rows=400009 loops=1)',), ('  Index Cond: ((movie_id >= 250392) AND (movie_id <= 390899))',), ('  Buffers: shared hit=242580 read=7149',), ('Planning Time: 234.640 ms',), ('Execution Time: 6128.275 ms',)]
[('Index Scan using movie_info_idx_mid on movie_info  (cost=0.01..495081.10 rows=498165 width=73) (actual time=48.105..7074.098 rows=500010 loops=1)',), ('  Index Cond: ((movie_id >= 250392) AND (movie_id <= 437802))',), ('  Buffers: shared hit=298913 read=8489',), ('Planning Time: 201.183 ms',), ('Execution Time: 7138.677 ms',)]
[('Index Scan using movie_info_idx_mid on movie_info  (cost=0.01..495935.83 rows=597779 width=73) (actual time=48.062..8233.218 rows=600009 loops=1)',), ('  Index Cond: ((movie_id >= 250392) AND (movie_id <= 474930))',), ('  Buffers: shared hit=351997 read=10088',), ('Planning Time: 268.010 ms',), ('Execution Time: 8305.478 ms',)]
[('Index Scan using movie_info_idx_mid on movie_info  (cost=0.01..496796.84 rows=698419 width=73) (actual time=48.019..9093.086 rows=700013 loops=1)',), ('  Index Cond: ((movie_id >= 250392) AND (movie_id <= 506384))',), ('  Buffers: shared hit=410530 read=11756',), ('Planning Time: 396.883 ms',), ('Execution Time: 9175.459 ms',)]
[('Index Scan using movie_info_idx_mid on movie_info  (cost=0.01..497642.28 rows=797467 width=73) (actual time=48.030..10189.243 rows=800013 loops=1)',), ('  Index Cond: ((movie_id >= 250392) AND (movie_id <= 544379))',), ('  Buffers: shared hit=465650 read=13291',), ('Planning Time: 242.696 ms',), ('Execution Time: 10284.110 ms',)]
[('Index Scan using movie_info_idx_mid on movie_info  (cost=0.01..498497.04 rows=897317 width=73) (actual time=48.089..10825.119 rows=900013 loops=1)',), ('  Index Cond: ((movie_id >= 250392) AND (movie_id <= 573036))',), ('  Buffers: shared hit=530064 read=14831',), ('Planning Time: 230.171 ms',), ('Execution Time: 10929.735 ms',)]
[('Index Scan using movie_info_idx_mid on movie_info  (cost=0.01..499345.58 rows=996599 width=73) (actual time=48.033..12242.785 rows=1000011 loops=1)',), ('  Index Cond: ((movie_id >= 250392) AND (movie_id <= 603815))',), ('  Buffers: shared hit=600368 read=16343',), ('Planning Time: 234.492 ms',), ('Execution Time: 12367.668 ms',)]
[('Index Scan using movie_info_idx_mid on movie_info  (cost=0.01..500203.46 rows=1096773 width=73) (actual time=48.018..12901.488 rows=1100010 loops=1)',), ('  Index Cond: ((movie_id >= 250392) AND (movie_id <= 640117))',), ('  Buffers: shared hit=658035 read=17886',), ('Planning Time: 238.232 ms',), ('Execution Time: 13028.338 ms',)]
[('Index Scan using movie_info_idx_mid on movie_info  (cost=0.01..501055.14 rows=1196541 width=73) (actual time=48.146..13313.681 rows=1200011 loops=1)',), ('  Index Cond: ((movie_id >= 250392) AND (movie_id <= 678442))',), ('  Buffers: shared hit=721610 read=19236',), ('Planning Time: 234.672 ms',), ('Execution Time: 13442.259 ms',)]
[('Index Scan using movie_info_idx_mid on movie_info  (cost=0.01..501906.75 rows=1295836 width=73) (actual time=48.093..14336.588 rows=1300014 loops=1)',), ('  Index Cond: ((movie_id >= 250392) AND (movie_id <= 716417))',), ('  Buffers: shared hit=781243 read=20654',), ('Planning Time: 242.890 ms',), ('Execution Time: 14495.307 ms',)]
[('Index Scan using movie_info_idx_mid on movie_info  (cost=0.01..502777.12 rows=1397598 width=73) (actual time=47.817..14804.481 rows=1400009 loops=1)',), ('  Index Cond: ((movie_id >= 250392) AND (movie_id <= 759459))',), ('  Buffers: shared hit=839485 read=21866',), ('Planning Time: 259.679 ms',), ('Execution Time: 14968.855 ms',)]
[('Index Scan using movie_info_idx_mid on movie_info  (cost=0.01..503638.16 rows=1498443 width=73) (actual time=48.083..16219.369 rows=1500018 loops=1)',), ('  Index Cond: ((movie_id >= 250392) AND (movie_id <= 791714))',), ('  Buffers: shared hit=904734 read=23248',), ('Planning Time: 251.077 ms',), ('Execution Time: 16406.619 ms',)]
[('Index Scan using movie_info_idx_mid on movie_info  (cost=0.01..504486.66 rows=1597409 width=73) (actual time=48.139..16867.720 rows=1600023 loops=1)',), ('  Index Cond: ((movie_id >= 250392) AND (movie_id <= 824419))',), ('  Buffers: shared hit=970606 read=24701',), ('Planning Time: 286.653 ms',), ('Execution Time: 17063.642 ms',)]
[('Index Scan using movie_info_idx_mid on movie_info  (cost=0.01..505341.45 rows=1697458 width=73) (actual time=48.219..17797.800 rows=1700046 loops=1)',), ('  Index Cond: ((movie_id >= 250392) AND (movie_id <= 854647))',), ('  Buffers: shared hit=1033695 read=26129',), ('Planning Time: 228.535 ms',), ('Execution Time: 18013.734 ms',)]
[('Index Scan using movie_info_idx_mid on movie_info  (cost=0.01..506193.09 rows=1796929 width=73) (actual time=48.018..18049.660 rows=1800012 loops=1)',), ('  Index Cond: ((movie_id >= 250392) AND (movie_id <= 891172))',), ('  Buffers: shared hit=1089239 read=27760',), ('Planning Time: 220.274 ms',), ('Execution Time: 18282.370 ms',)]
[('Index Scan using movie_info_idx_mid on movie_info  (cost=0.01..507054.11 rows=1897651 width=73) (actual time=48.073..18531.201 rows=1900009 loops=1)',), ('  Index Cond: ((movie_id >= 250392) AND (movie_id <= 921156))',), ('  Buffers: shared hit=1149120 read=29345',), ('Planning Time: 228.444 ms',), ('Execution Time: 18770.204 ms',)]
[('Index Scan using movie_info_idx_mid on movie_info  (cost=0.01..507902.66 rows=1996987 width=73) (actual time=48.105..19278.422 rows=2000017 loops=1)',), ('  Index Cond: ((movie_id >= 250392) AND (movie_id <= 957975))',), ('  Buffers: shared hit=1213075 read=30704',), ('Planning Time: 253.527 ms',), ('Execution Time: 19537.527 ms',)]
[('Index Scan using movie_info_idx_mid on movie_info  (cost=0.01..508766.76 rows=2097764 width=73) (actual time=48.173..20742.038 rows=2100010 loops=1)',), ('  Index Cond: ((movie_id >= 250392) AND (movie_id <= 1000491))',), ('  Buffers: shared hit=1271632 read=32075',), ('Planning Time: 361.971 ms',), ('Execution Time: 21014.960 ms',)]
[('Index Scan using movie_info_idx_mid on movie_info  (cost=0.01..509618.40 rows=2197286 width=73) (actual time=48.120..22269.726 rows=2200009 loops=1)',), ('  Index Cond: ((movie_id >= 250392) AND (movie_id <= 1035672))',), ('  Buffers: shared hit=1338577 read=33470',), ('Planning Time: 236.791 ms',), ('Execution Time: 22567.246 ms',)]
[('Index Scan using movie_info_idx_mid on movie_info  (cost=0.01..510473.20 rows=2297417 width=73) (actual time=48.136..21436.620 rows=2300012 loops=1)',), ('  Index Cond: ((movie_id >= 250392) AND (movie_id <= 1072682))',), ('  Buffers: shared hit=1400003 read=34955',), ('Planning Time: 203.526 ms',), ('Execution Time: 21734.907 ms',)]
[('Index Scan using movie_info_idx_mid on movie_info  (cost=0.01..511331.07 rows=2397533 width=73) (actual time=48.099..22424.446 rows=2400009 loops=1)',), ('  Index Cond: ((movie_id >= 250392) AND (movie_id <= 1108885))',), ('  Buffers: shared hit=1459544 read=36456',), ('Planning Time: 228.567 ms',), ('Execution Time: 22741.921 ms',)]
[('Index Scan using movie_info_idx_mid on movie_info  (cost=0.01..512182.76 rows=2497419 width=73) (actual time=48.162..22646.407 rows=2500013 loops=1)',), ('  Index Cond: ((movie_id >= 250392) AND (movie_id <= 1145224))',), ('  Buffers: shared hit=1520244 read=37903',), ('Planning Time: 256.707 ms',), ('Execution Time: 22985.050 ms',)]
[('Index Scan using movie_info_idx_mid on movie_info  (cost=0.01..513046.88 rows=2598356 width=73) (actual time=48.199..23704.010 rows=2600011 loops=1)',), ('  Index Cond: ((movie_id >= 250392) AND (movie_id <= 1183131))',), ('  Buffers: shared hit=1578532 read=39349',), ('Planning Time: 236.640 ms',), ('Execution Time: 24052.500 ms',)]
[('Index Scan using movie_info_idx_mid on movie_info  (cost=0.01..513904.76 rows=2698525 width=73) (actual time=48.163..24132.066 rows=2700009 loops=1)',), ('  Index Cond: ((movie_id >= 250392) AND (movie_id <= 1205199))',), ('  Buffers: shared hit=1627239 read=41418',), ('Planning Time: 428.424 ms',), ('Execution Time: 24487.404 ms',)]
[('Index Scan using movie_info_idx_mid on movie_info  (cost=0.01..514753.30 rows=2797829 width=73) (actual time=48.115..24800.870 rows=2800010 loops=1)',), ('  Index Cond: ((movie_id >= 250392) AND (movie_id <= 1243886))',), ('  Buffers: shared hit=1684656 read=42756',), ('Planning Time: 245.200 ms',), ('Execution Time: 25152.158 ms',)]
[('Index Scan using movie_info_idx_mid on movie_info  (cost=0.01..515608.05 rows=2897585 width=73) (actual time=48.213..26151.181 rows=2900011 loops=1)',), ('  Index Cond: ((movie_id >= 250392) AND (movie_id <= 1276656))',), ('  Buffers: shared hit=1735624 read=44305',), ('Planning Time: 228.488 ms',), ('Execution Time: 26541.606 ms',)]
[('Index Scan using movie_info_idx_mid on movie_info  (cost=0.01..516475.31 rows=2999040 width=73) (actual time=48.139..26177.983 rows=3000010 loops=1)',), ('  Index Cond: ((movie_id >= 250392) AND (movie_id <= 1300229))',), ('  Buffers: shared hit=1808785 read=45751',), ('Planning Time: 245.095 ms',), ('Execution Time: 26566.084 ms',)]
[('Index Scan using movie_info_idx_mid on movie_info  (cost=0.01..517342.57 rows=3100501 width=73) (actual time=48.215..27229.703 rows=3100045 loops=1)',), ('  Index Cond: ((movie_id >= 250392) AND (movie_id <= 1326635))',), ('  Buffers: shared hit=1881779 read=47033',), ('Planning Time: 236.727 ms',), ('Execution Time: 27638.998 ms',)]
[('Index Scan using movie_info_idx_mid on movie_info  (cost=0.01..518194.22 rows=3200019 width=73) (actual time=48.106..27188.655 rows=3200009 loops=1)',), ('  Index Cond: ((movie_id >= 250392) AND (movie_id <= 1352691))',), ('  Buffers: shared hit=1945668 read=48501',), ('Planning Time: 228.308 ms',), ('Execution Time: 27616.818 ms',)]
[('Index Scan using movie_info_idx_mid on movie_info  (cost=0.01..519048.97 rows=3299824 width=73) (actual time=48.068..27824.266 rows=3300018 loops=1)',), ('  Index Cond: ((movie_id >= 250392) AND (movie_id <= 1379897))',), ('  Buffers: shared hit=2010711 read=49937',), ('Planning Time: 228.512 ms',), ('Execution Time: 28255.251 ms',)]
[('Index Scan using movie_info_idx_mid on movie_info  (cost=0.01..519903.77 rows=3399928 width=73) (actual time=48.092..28217.154 rows=3400014 loops=1)',), ('  Index Cond: ((movie_id >= 250392) AND (movie_id <= 1407096))',), ('  Buffers: shared hit=2080693 read=51304',), ('Planning Time: 320.204 ms',), ('Execution Time: 28688.297 ms',)]
[('Index Scan using movie_info_idx_mid on movie_info  (cost=0.01..520755.41 rows=3499436 width=73) (actual time=48.210..28769.700 rows=3500010 loops=1)',), ('  Index Cond: ((movie_id >= 250392) AND (movie_id <= 1432171))',), ('  Buffers: shared hit=2142630 read=52879',), ('Planning Time: 245.091 ms',), ('Execution Time: 29248.746 ms',)]
[('Index Scan using movie_info_idx_mid on movie_info  (cost=0.01..521597.69 rows=3597820 width=73) (actual time=48.173..29909.869 rows=3600009 loops=1)',), ('  Index Cond: ((movie_id >= 250392) AND (movie_id <= 1461315))',), ('  Buffers: shared hit=2204327 read=54439',), ('Planning Time: 245.161 ms',), ('Execution Time: 30408.245 ms',)]
[('Index Scan using movie_info_idx_mid on movie_info  (cost=0.01..522464.94 rows=3699202 width=73) (actual time=48.144..32089.448 rows=3700011 loops=1)',), ('  Index Cond: ((movie_id >= 250392) AND (movie_id <= 1500201))',), ('  Buffers: shared hit=2262273 read=55968',), ('Planning Time: 361.869 ms',), ('Execution Time: 32588.722 ms',)]
[('Index Scan using movie_info_idx_mid on movie_info  (cost=0.01..523322.84 rows=3799514 width=73) (actual time=47.979..31756.746 rows=3800010 loops=1)',), ('  Index Cond: ((movie_id >= 250392) AND (movie_id <= 1540988))',), ('  Buffers: shared hit=2322222 read=57323',), ('Planning Time: 220.307 ms',), ('Execution Time: 32274.087 ms',)]
[('Index Scan using movie_info_idx_mid on movie_info  (cost=0.01..524180.73 rows=3899848 width=73) (actual time=48.110..32803.053 rows=3900014 loops=1)',), ('  Index Cond: ((movie_id >= 250392) AND (movie_id <= 1578946))',), ('  Buffers: shared hit=2388158 read=58665',), ('Planning Time: 711.919 ms',), ('Execution Time: 33323.731 ms',)]
[('Index Scan using movie_info_idx_mid on movie_info  (cost=0.01..525032.40 rows=3999558 width=73) (actual time=47.864..32894.342 rows=4000012 loops=1)',), ('  Index Cond: ((movie_id >= 250392) AND (movie_id <= 1614821))',), ('  Buffers: shared hit=2449873 read=60174',), ('Planning Time: 203.562 ms',), ('Execution Time: 33422.773 ms',)]
[('Index Scan using movie_info_idx_mid on movie_info  (cost=0.01..525896.51 rows=4100417 width=73) (actual time=61.698..33144.188 rows=4100010 loops=1)',), ('  Index Cond: ((movie_id >= 250392) AND (movie_id <= 1639322))',), ('  Buffers: shared hit=2509831 read=61556',), ('Planning Time: 336.989 ms',), ('Execution Time: 33786.275 ms',)]
[('Index Scan using movie_info_idx_mid on movie_info  (cost=0.01..526751.27 rows=4200270 width=73) (actual time=104.175..35087.327 rows=4200011 loops=1)',), ('  Index Cond: ((movie_id >= 250392) AND (movie_id <= 1648025))',), ('  Buffers: shared hit=2571530 read=63090',), ('Planning Time: 289.851 ms',), ('Execution Time: 35785.319 ms',)]
[('Index Scan using movie_info_idx_mid on movie_info  (cost=0.01..527606.05 rows=4300217 width=73) (actual time=48.084..36785.963 rows=4300012 loops=1)',), ('  Index Cond: ((movie_id >= 250392) AND (movie_id <= 1656610))',), ('  Buffers: shared hit=2631982 read=64689',), ('Planning Time: 203.608 ms',), ('Execution Time: 37358.440 ms',)]
[('Index Scan using movie_info_idx_mid on movie_info  (cost=0.01..528470.17 rows=4401165 width=73) (actual time=48.094..36816.233 rows=4400015 loops=1)',), ('  Index Cond: ((movie_id >= 250392) AND (movie_id <= 1665689))',), ('  Buffers: shared hit=2694535 read=66159',), ('Planning Time: 270.182 ms',), ('Execution Time: 37395.875 ms',)]
[('Index Scan using movie_info_idx_mid on movie_info  (cost=0.01..529324.94 rows=4501106 width=73) (actual time=48.081..38325.803 rows=4500150 loops=1)',), ('  Index Cond: ((movie_id >= 250392) AND (movie_id <= 1674846))',), ('  Buffers: shared hit=2756075 read=67530',), ('Planning Time: 211.873 ms',), ('Execution Time: 38929.477 ms',)]
[('Index Scan using movie_info_idx_mid on movie_info  (cost=0.01..530173.50 rows=4600497 width=73) (actual time=48.071..39534.630 rows=4600015 loops=1)',), ('  Index Cond: ((movie_id >= 250392) AND (movie_id <= 1683538))',), ('  Buffers: shared hit=2816634 read=68907',), ('Planning Time: 298.147 ms',), ('Execution Time: 40131.182 ms',)]
[('Index Scan using movie_info_idx_mid on movie_info  (cost=0.01..531034.49 rows=4700986 width=73) (actual time=48.098..39666.973 rows=4700011 loops=1)',), ('  Index Cond: ((movie_id >= 250392) AND (movie_id <= 1692932))',), ('  Buffers: shared hit=2879626 read=70253',), ('Planning Time: 378.483 ms',), ('Execution Time: 40264.473 ms',)]
[('Index Scan using movie_info_idx_mid on movie_info  (cost=0.01..531892.37 rows=4801205 width=73) (actual time=48.085..40728.647 rows=4800018 loops=1)',), ('  Index Cond: ((movie_id >= 250392) AND (movie_id <= 1702852))',), ('  Buffers: shared hit=2945231 read=71523',), ('Planning Time: 270.202 ms',), ('Execution Time: 41360.644 ms',)]
[('Index Scan using movie_info_idx_mid on movie_info  (cost=0.01..532750.31 rows=4901836 width=73) (actual time=98.407..40666.849 rows=4900018 loops=1)',), ('  Index Cond: ((movie_id >= 250392) AND (movie_id <= 1712165))',), ('  Buffers: shared hit=3007004 read=72871',), ('Planning Time: 286.995 ms',), ('Execution Time: 41368.379 ms',)]
[('Index Scan using movie_info_idx_mid on movie_info  (cost=0.01..533608.15 rows=5001808 width=73) (actual time=48.104..42710.819 rows=5000015 loops=1)',), ('  Index Cond: ((movie_id >= 250392) AND (movie_id <= 1720744))',), ('  Buffers: shared hit=3066663 read=74257',), ('Planning Time: 236.847 ms',), ('Execution Time: 43380.441 ms',)]
[('Index Scan using movie_info_idx_mid on movie_info  (cost=0.01..534453.58 rows=5100760 width=73) (actual time=48.111..42920.903 rows=5100011 loops=1)',), ('  Index Cond: ((movie_id >= 250392) AND (movie_id <= 1730335))',), ('  Buffers: shared hit=3130239 read=75577',), ('Planning Time: 303.505 ms',), ('Execution Time: 43602.826 ms',)]
[('Index Scan using movie_info_idx_mid on movie_info  (cost=0.01..535311.47 rows=5201014 width=73) (actual time=48.085..42769.663 rows=5200033 loops=1)',), ('  Index Cond: ((movie_id >= 250392) AND (movie_id <= 1738915))',), ('  Buffers: shared hit=3191143 read=76929',), ('Planning Time: 345.114 ms',), ('Execution Time: 43476.892 ms',)]
[('Index Scan using movie_info_idx_mid on movie_info  (cost=0.01..536166.22 rows=5300834 width=73) (actual time=48.092..44957.289 rows=5300011 loops=1)',), ('  Index Cond: ((movie_id >= 250392) AND (movie_id <= 1747280))',), ('  Buffers: shared hit=3249870 read=78285',), ('Planning Time: 211.793 ms',), ('Execution Time: 45670.825 ms',)]
[('Index Scan using movie_info_idx_mid on movie_info  (cost=0.01..537021.02 rows=5400918 width=73) (actual time=48.088..44864.183 rows=5400049 loops=1)',), ('  Index Cond: ((movie_id >= 250392) AND (movie_id <= 1756116))',), ('  Buffers: shared hit=3311650 read=79589',), ('Planning Time: 286.815 ms',), ('Execution Time: 45579.692 ms',)]
[('Index Scan using movie_info_idx_mid on movie_info  (cost=0.01..537875.78 rows=5500767 width=73) (actual time=48.087..45630.828 rows=5500062 loops=1)',), ('  Index Cond: ((movie_id >= 250392) AND (movie_id <= 1764394))',), ('  Buffers: shared hit=3370557 read=80973',), ('Planning Time: 253.465 ms',), ('Execution Time: 46356.574 ms',)]
[('Index Scan using movie_info_idx_mid on movie_info  (cost=0.01..538727.46 rows=5600545 width=73) (actual time=48.084..46991.389 rows=5600014 loops=1)',), ('  Index Cond: ((movie_id >= 250392) AND (movie_id <= 1773707))',), ('  Buffers: shared hit=3433448 read=82281',), ('Planning Time: 270.051 ms',), ('Execution Time: 47779.382 ms',)]
[('Index Scan using movie_info_idx_mid on movie_info  (cost=0.01..539579.09 rows=5699976 width=73) (actual time=48.098..46847.775 rows=5700020 loops=1)',), ('  Index Cond: ((movie_id >= 250392) AND (movie_id <= 1782408))',), ('  Buffers: shared hit=3493819 read=83630',), ('Planning Time: 195.153 ms',), ('Execution Time: 47601.600 ms',)]
[('Index Scan using movie_info_idx_mid on movie_info  (cost=0.01..540430.76 rows=5799624 width=73) (actual time=48.051..47290.963 rows=5800019 loops=1)',), ('  Index Cond: ((movie_id >= 250392) AND (movie_id <= 1791400))',), ('  Buffers: shared hit=3556473 read=84953',), ('Planning Time: 236.835 ms',), ('Execution Time: 48103.642 ms',)]
[('Index Scan using movie_info_idx_mid on movie_info  (cost=0.01..541285.54 rows=5899620 width=73) (actual time=48.102..47450.892 rows=5900012 loops=1)',), ('  Index Cond: ((movie_id >= 250392) AND (movie_id <= 1800473))',), ('  Buffers: shared hit=3620116 read=86267',), ('Planning Time: 236.830 ms',), ('Execution Time: 48255.602 ms',)]
[('Index Scan using movie_info_idx_mid on movie_info  (cost=0.01..542155.87 rows=6001135 width=73) (actual time=48.091..48450.903 rows=6000014 loops=1)',), ('  Index Cond: ((movie_id >= 250392) AND (movie_id <= 1809853))',), ('  Buffers: shared hit=3684373 read=87583',), ('Planning Time: 203.477 ms',), ('Execution Time: 49275.678 ms',)]
[('Index Scan using movie_info_idx_mid on movie_info  (cost=0.01..543007.53 rows=6100700 width=73) (actual time=48.156..51723.283 rows=6100016 loops=1)',), ('  Index Cond: ((movie_id >= 250392) AND (movie_id <= 1818706))',), ('  Buffers: shared hit=3747310 read=88936',), ('Planning Time: 295.097 ms',), ('Execution Time: 52540.174 ms',)]
[('Index Scan using movie_info_idx_mid on movie_info  (cost=0.01..543862.32 rows=6200766 width=73) (actual time=48.108..49881.132 rows=6200014 loops=1)',), ('  Index Cond: ((movie_id >= 250392) AND (movie_id <= 1828605))',), ('  Buffers: shared hit=3812777 read=90236',), ('Planning Time: 244.986 ms',), ('Execution Time: 50718.920 ms',)]
[('Index Scan using movie_info_idx_mid on movie_info  (cost=0.01..544717.07 rows=6300549 width=73) (actual time=48.088..50625.253 rows=6300032 loops=1)',), ('  Index Cond: ((movie_id >= 250392) AND (movie_id <= 1838235))',), ('  Buffers: shared hit=3877138 read=91532',), ('Planning Time: 295.198 ms',), ('Execution Time: 51471.824 ms',)]
[('Index Scan using movie_info_idx_mid on movie_info  (cost=0.01..545568.72 rows=6400125 width=73) (actual time=48.089..52458.763 rows=6400049 loops=1)',), ('  Index Cond: ((movie_id >= 250392) AND (movie_id <= 1846885))',), ('  Buffers: shared hit=3937843 read=92853',), ('Planning Time: 253.515 ms',), ('Execution Time: 53304.374 ms',)]
[('Index Scan using movie_info_idx_mid on movie_info  (cost=0.01..546423.48 rows=6499938 width=73) (actual time=48.104..52677.412 rows=6500015 loops=1)',), ('  Index Cond: ((movie_id >= 250392) AND (movie_id <= 1856503))',), ('  Buffers: shared hit=4002700 read=94142',), ('Planning Time: 561.857 ms',), ('Execution Time: 53550.466 ms',)]
[('Index Scan using movie_info_idx_mid on movie_info  (cost=0.01..547265.80 rows=6598608 width=73) (actual time=48.102..52741.334 rows=6600020 loops=1)',), ('  Index Cond: ((movie_id >= 250392) AND (movie_id <= 1866793))',), ('  Buffers: shared hit=4071722 read=95371',), ('Planning Time: 295.109 ms',), ('Execution Time: 53624.249 ms',)]
[('Index Scan using movie_info_idx_mid on movie_info  (cost=0.01..548117.46 rows=6698259 width=73) (actual time=48.071..53088.932 rows=6700017 loops=1)',), ('  Index Cond: ((movie_id >= 250392) AND (movie_id <= 1876672))',), ('  Buffers: shared hit=4137275 read=96621',), ('Planning Time: 253.513 ms',), ('Execution Time: 54020.987 ms',)]
[('Index Scan using movie_info_idx_mid on movie_info  (cost=0.01..548978.47 rows=6798898 width=73) (actual time=48.116..54649.378 rows=6800013 loops=1)',), ('  Index Cond: ((movie_id >= 250392) AND (movie_id <= 1885208))',), ('  Buffers: shared hit=4197606 read=97991',), ('Planning Time: 245.146 ms',), ('Execution Time: 55603.076 ms',)]
[('Index Scan using movie_info_idx_mid on movie_info  (cost=0.01..549830.09 rows=6898222 width=73) (actual time=48.107..54664.189 rows=6900043 loops=1)',), ('  Index Cond: ((movie_id >= 250392) AND (movie_id <= 1894101))',), ('  Buffers: shared hit=4259013 read=99298',), ('Planning Time: 236.856 ms',), ('Execution Time: 55640.046 ms',)]
[('Index Scan using movie_info_idx_mid on movie_info  (cost=0.01..550684.89 rows=6998354 width=73) (actual time=48.104..56066.870 rows=7000014 loops=1)',), ('  Index Cond: ((movie_id >= 250392) AND (movie_id <= 1902441))',), ('  Buffers: shared hit=4318973 read=100661',), ('Planning Time: 286.847 ms',), ('Execution Time: 57026.446 ms',)]
[('Index Scan using movie_info_idx_mid on movie_info  (cost=0.01..551536.52 rows=7097768 width=73) (actual time=48.102..56266.733 rows=7100013 loops=1)',), ('  Index Cond: ((movie_id >= 250392) AND (movie_id <= 1911470))',), ('  Buffers: shared hit=4380239 read=101990',), ('Planning Time: 253.534 ms',), ('Execution Time: 57236.525 ms',)]
[('Index Scan using movie_info_idx_mid on movie_info  (cost=0.01..552385.07 rows=7197083 width=73) (actual time=48.088..57158.916 rows=7200011 loops=1)',), ('  Index Cond: ((movie_id >= 250392) AND (movie_id <= 1920722))',), ('  Buffers: shared hit=4442376 read=103347',), ('Planning Time: 378.465 ms',), ('Execution Time: 58149.309 ms',)]
[('Index Scan using movie_info_idx_mid on movie_info  (cost=0.01..553239.84 rows=7296978 width=73) (actual time=48.094..57607.769 rows=7300014 loops=1)',), ('  Index Cond: ((movie_id >= 250392) AND (movie_id <= 1928951))',), ('  Buffers: shared hit=4500739 read=104768',), ('Planning Time: 361.809 ms',), ('Execution Time: 58603.699 ms',)]
[('Index Scan using movie_info_idx_mid on movie_info  (cost=0.01..554100.85 rows=7397678 width=73) (actual time=56.424..57989.671 rows=7400012 loops=1)',), ('  Index Cond: ((movie_id >= 250392) AND (movie_id <= 1937884))',), ('  Buffers: shared hit=4561744 read=106127',), ('Planning Time: 253.501 ms',), ('Execution Time: 59029.945 ms',)]
[('Index Scan using movie_info_idx_mid on movie_info  (cost=0.01..554955.60 rows=7497440 width=73) (actual time=48.138..58298.960 rows=7500010 loops=1)',), ('  Index Cond: ((movie_id >= 250392) AND (movie_id <= 1945999))',), ('  Buffers: shared hit=4619704 read=107489',), ('Planning Time: 278.470 ms',), ('Execution Time: 59343.573 ms',)]
[('Index Scan using movie_info_idx_mid on movie_info  (cost=0.01..555819.74 rows=7598562 width=73) (actual time=48.102..58836.155 rows=7600017 loops=1)',), ('  Index Cond: ((movie_id >= 250392) AND (movie_id <= 1954865))',), ('  Buffers: shared hit=4681953 read=108757',), ('Planning Time: 245.135 ms',), ('Execution Time: 59879.140 ms',)]
[('Index Scan using movie_info_idx_mid on movie_info  (cost=0.01..556671.39 rows=7698110 width=73) (actual time=48.091..62865.780 rows=7700011 loops=1)',), ('  Index Cond: ((movie_id >= 250392) AND (movie_id <= 1963504))',), ('  Buffers: shared hit=4741813 read=110103',), ('Planning Time: 236.721 ms',), ('Execution Time: 63981.395 ms',)]
[('Index Scan using movie_info_idx_mid on movie_info  (cost=0.01..557523.07 rows=7797855 width=73) (actual time=48.159..60401.016 rows=7800012 loops=1)',), ('  Index Cond: ((movie_id >= 250392) AND (movie_id <= 1972564))',), ('  Buffers: shared hit=4804863 read=111396',), ('Planning Time: 286.913 ms',), ('Execution Time: 61516.540 ms',)]
[('Index Scan using movie_info_idx_mid on movie_info  (cost=0.01..558384.05 rows=7898260 width=73) (actual time=48.133..60714.614 rows=7900013 loops=1)',), ('  Index Cond: ((movie_id >= 250392) AND (movie_id <= 1981588))',), ('  Buffers: shared hit=4866811 read=112619',), ('Planning Time: 253.538 ms',), ('Execution Time: 61826.517 ms',)]
[('Index Scan using movie_info_idx_mid on movie_info  (cost=0.01..559245.08 rows=7999090 width=73) (actual time=48.213..61987.275 rows=8000180 loops=1)',), ('  Index Cond: ((movie_id >= 250392) AND (movie_id <= 1990545))',), ('  Buffers: shared hit=4928016 read=113939',), ('Planning Time: 261.895 ms',), ('Execution Time: 63125.587 ms',)]
[('Index Scan using movie_info_idx_mid on movie_info  (cost=0.01..560090.49 rows=8097911 width=73) (actual time=48.097..62452.449 rows=8100009 loops=1)',), ('  Index Cond: ((movie_id >= 250392) AND (movie_id <= 1999886))',), ('  Buffers: shared hit=4990931 read=115276',), ('Planning Time: 245.281 ms',), ('Execution Time: 63610.463 ms',)]
[('Index Scan using movie_info_idx_mid on movie_info  (cost=0.01..560942.11 rows=8197256 width=73) (actual time=48.080..62802.970 rows=8200020 loops=1)',), ('  Index Cond: ((movie_id >= 250392) AND (movie_id <= 2008650))',), ('  Buffers: shared hit=5051888 read=116580',), ('Planning Time: 245.168 ms',), ('Execution Time: 63997.486 ms',)]
[('Index Scan using movie_info_idx_mid on movie_info  (cost=0.01..561790.66 rows=8296519 width=73) (actual time=48.088..63543.730 rows=8300024 loops=1)',), ('  Index Cond: ((movie_id >= 250392) AND (movie_id <= 2019501))',), ('  Buffers: shared hit=5119752 read=117839',), ('Planning Time: 261.840 ms',), ('Execution Time: 64727.976 ms',)]
[('Index Scan using movie_info_idx_mid on movie_info  (cost=0.01..562651.69 rows=8397359 width=73) (actual time=48.255..65143.598 rows=8400013 loops=1)',), ('  Index Cond: ((movie_id >= 250392) AND (movie_id <= 2029145))',), ('  Buffers: shared hit=5182972 read=119120',), ('Planning Time: 203.496 ms',), ('Execution Time: 66349.742 ms',)]
[('Index Scan using movie_info_idx_mid on movie_info  (cost=0.01..563506.46 rows=8497269 width=73) (actual time=48.196..64392.158 rows=8500013 loops=1)',), ('  Index Cond: ((movie_id >= 250392) AND (movie_id <= 2038782))',), ('  Buffers: shared hit=5246952 read=120259',), ('Planning Time: 286.798 ms',), ('Execution Time: 65597.984 ms',)]
[('Index Scan using movie_info_idx_mid on movie_info  (cost=0.01..564358.11 rows=8596788 width=73) (actual time=48.109..64576.949 rows=8600025 loops=1)',), ('  Index Cond: ((movie_id >= 250392) AND (movie_id <= 2048317))',), ('  Buffers: shared hit=5311195 read=121413',), ('Planning Time: 286.773 ms',), ('Execution Time: 65774.214 ms',)]
[('Index Scan using movie_info_idx_mid on movie_info  (cost=0.01..565203.50 rows=8695461 width=73) (actual time=48.074..65737.902 rows=8700012 loops=1)',), ('  Index Cond: ((movie_id >= 250392) AND (movie_id <= 2057345))',), ('  Buffers: shared hit=5373476 read=122665',), ('Planning Time: 211.780 ms',), ('Execution Time: 66987.889 ms',)]
[('Index Scan using movie_info_idx_mid on movie_info  (cost=0.01..566061.41 rows=8795940 width=73) (actual time=48.079..67460.014 rows=8800043 loops=1)',), ('  Index Cond: ((movie_id >= 250392) AND (movie_id <= 2066397))',), ('  Buffers: shared hit=5434530 read=123874',), ('Planning Time: 286.904 ms',), ('Execution Time: 68777.967 ms',)]
[('Index Scan using movie_info_idx_mid on movie_info  (cost=0.01..566919.28 rows=8896093 width=73) (actual time=48.098..67146.020 rows=8900056 loops=1)',), ('  Index Cond: ((movie_id >= 250392) AND (movie_id <= 2075633))',), ('  Buffers: shared hit=5497562 read=125086',), ('Planning Time: 345.188 ms',), ('Execution Time: 68530.954 ms',)]
[('Index Scan using movie_info_idx_mid on movie_info  (cost=0.01..567780.30 rows=8996782 width=73) (actual time=48.004..66868.562 rows=9000016 loops=1)',), ('  Index Cond: ((movie_id >= 250392) AND (movie_id <= 2084557))',), ('  Buffers: shared hit=5560143 read=126369',), ('Planning Time: 211.910 ms',), ('Execution Time: 68170.102 ms',)]
[('Index Scan using movie_info_idx_mid on movie_info  (cost=0.01..568635.09 rows=9096858 width=73) (actual time=48.132..70083.439 rows=9100013 loops=1)',), ('  Index Cond: ((movie_id >= 250392) AND (movie_id <= 2093517))',), ('  Buffers: shared hit=5623166 read=127657',), ('Planning Time: 245.092 ms',), ('Execution Time: 71398.750 ms',)]
[('Index Scan using movie_info_idx_mid on movie_info  (cost=0.01..569477.38 rows=9195323 width=73) (actual time=48.155..68300.008 rows=9200018 loops=1)',), ('  Index Cond: ((movie_id >= 250392) AND (movie_id <= 2103021))',), ('  Buffers: shared hit=5686206 read=128942',), ('Planning Time: 256.847 ms',), ('Execution Time: 69650.384 ms',)]
[('Index Scan using movie_info_idx_mid on movie_info  (cost=0.01..570329.00 rows=9294642 width=73) (actual time=48.091..68537.396 rows=9300009 loops=1)',), ('  Index Cond: ((movie_id >= 250392) AND (movie_id <= 2112172))',), ('  Buffers: shared hit=5748156 read=130243',), ('Planning Time: 295.175 ms',), ('Execution Time: 69857.875 ms',)]
[('Index Scan using movie_info_idx_mid on movie_info  (cost=0.01..571190.03 rows=9395430 width=73) (actual time=48.140..70082.581 rows=9400083 loops=1)',), ('  Index Cond: ((movie_id >= 250392) AND (movie_id <= 2121146))',), ('  Buffers: shared hit=5810112 read=131603',), ('Planning Time: 236.951 ms',), ('Execution Time: 71411.827 ms',)]
[('Index Scan using movie_info_idx_mid on movie_info  (cost=0.01..572047.92 rows=9495737 width=73) (actual time=48.091..71070.406 rows=9500011 loops=1)',), ('  Index Cond: ((movie_id >= 250392) AND (movie_id <= 2130045))',), ('  Buffers: shared hit=5870884 read=132898',), ('Planning Time: 395.233 ms',), ('Execution Time: 72437.118 ms',)]
[('Index Scan using movie_info_idx_mid on movie_info  (cost=0.01..572896.47 rows=9595054 width=73) (actual time=48.080..71106.150 rows=9600023 loops=1)',), ('  Index Cond: ((movie_id >= 250392) AND (movie_id <= 2138695))',), ('  Buffers: shared hit=5931059 read=134253',), ('Planning Time: 270.340 ms',), ('Execution Time: 72467.723 ms',)]
[('Index Scan using movie_info_idx_mid on movie_info  (cost=0.01..573760.56 rows=9695783 width=73) (actual time=48.087..71904.271 rows=9700011 loops=1)',), ('  Index Cond: ((movie_id >= 250392) AND (movie_id <= 2149025))',), ('  Buffers: shared hit=5997759 read=135501',), ('Planning Time: 245.178 ms',), ('Execution Time: 73286.892 ms',)]
[('Index Scan using movie_info_idx_mid on movie_info  (cost=0.01..574612.26 rows=9795644 width=73) (actual time=48.111..72917.711 rows=9800010 loops=1)',), ('  Index Cond: ((movie_id >= 250392) AND (movie_id <= 2158171))',), ('  Buffers: shared hit=6060667 read=136790',), ('Planning Time: 228.445 ms',), ('Execution Time: 74296.215 ms',)]
[('Index Scan using movie_info_idx_mid on movie_info  (cost=0.01..575473.23 rows=9896005 width=73) (actual time=48.088..74548.687 rows=9900127 loops=1)',), ('  Index Cond: ((movie_id >= 250392) AND (movie_id <= 2168231))',), ('  Buffers: shared hit=6127686 read=138008',), ('Planning Time: 245.104 ms',), ('Execution Time: 76002.744 ms',)]
[('Index Scan using movie_info_idx_mid on movie_info  (cost=0.01..576321.77 rows=9995280 width=73) (actual time=48.121..73748.823 rows=10000011 loops=1)',), ('  Index Cond: ((movie_id >= 250392) AND (movie_id <= 2177133))',), ('  Buffers: shared hit=6190115 read=139259',), ('Planning Time: 270.197 ms',), ('Execution Time: 75177.414 ms',)]
[('Index Scan using movie_info_idx_mid on movie_info  (cost=0.01..577176.57 rows=10095418 width=73) (actual time=48.134..73864.181 rows=10100139 loops=1)',), ('  Index Cond: ((movie_id >= 250392) AND (movie_id <= 2186997))',), ('  Buffers: shared hit=6256310 read=140488',), ('Planning Time: 245.114 ms',), ('Execution Time: 75309.078 ms',)]
[('Index Scan using movie_info_idx_mid on movie_info  (cost=0.01..578028.21 rows=10194917 width=73) (actual time=48.165..75035.164 rows=10200010 loops=1)',), ('  Index Cond: ((movie_id >= 250392) AND (movie_id <= 2196490))',), ('  Buffers: shared hit=6320570 read=141715',), ('Planning Time: 245.146 ms',), ('Execution Time: 76642.190 ms',)]
[('Index Scan using movie_info_idx_mid on movie_info  (cost=0.01..578892.32 rows=10295782 width=73) (actual time=48.139..75510.239 rows=10300031 loops=1)',), ('  Index Cond: ((movie_id >= 250392) AND (movie_id <= 2205544))',), ('  Buffers: shared hit=6382580 read=143014',), ('Planning Time: 245.175 ms',), ('Execution Time: 76986.890 ms',)]
[('Index Scan using movie_info_idx_mid on movie_info  (cost=0.01..579750.22 rows=10396105 width=73) (actual time=48.110..75024.944 rows=10400012 loops=1)',), ('  Index Cond: ((movie_id >= 250392) AND (movie_id <= 2215146))',), ('  Buffers: shared hit=6447143 read=144252',), ('Planning Time: 245.158 ms',), ('Execution Time: 76522.560 ms',)]
[('Index Scan using movie_info_idx_mid on movie_info  (cost=0.01..580611.20 rows=10496606 width=73) (actual time=48.135..76686.282 rows=10500015 loops=1)',), ('  Index Cond: ((movie_id >= 250392) AND (movie_id <= 2225068))',), ('  Buffers: shared hit=6512688 read=145525',), ('Planning Time: 270.066 ms',), ('Execution Time: 78240.762 ms',)]
[('Index Scan using movie_info_idx_mid on movie_info  (cost=0.01..581462.89 rows=10596389 width=73) (actual time=48.230..75146.032 rows=10600011 loops=1)',), ('  Index Cond: ((movie_id >= 250392) AND (movie_id <= 2234484))',), ('  Buffers: shared hit=6575365 read=146847',), ('Planning Time: 903.305 ms',), ('Execution Time: 76672.372 ms',)]
[('Index Scan using movie_info_idx_mid on movie_info  (cost=0.01..582327.04 rows=10697541 width=73) (actual time=48.134..77514.710 rows=10700014 loops=1)',), ('  Index Cond: ((movie_id >= 250392) AND (movie_id <= 2243175))',), ('  Buffers: shared hit=6637055 read=148166',), ('Planning Time: 245.080 ms',), ('Execution Time: 79056.178 ms',)]
[('Index Scan using movie_info_idx_mid on movie_info  (cost=0.01..583188.01 rows=10797968 width=73) (actual time=48.068..78371.149 rows=10800010 loops=1)',), ('  Index Cond: ((movie_id >= 250392) AND (movie_id <= 2251207))',), ('  Buffers: shared hit=6694851 read=149528',), ('Planning Time: 336.936 ms',), ('Execution Time: 79967.597 ms',)]
[('Index Scan using movie_info_idx_mid on movie_info  (cost=0.01..584042.78 rows=10897837 width=73) (actual time=47.994..79268.570 rows=10900143 loops=1)',), ('  Index Cond: ((movie_id >= 250392) AND (movie_id <= 2260578))',), ('  Buffers: shared hit=6757834 read=150835',), ('Planning Time: 278.425 ms',), ('Execution Time: 80873.415 ms',)]
[('Index Scan using movie_info_idx_mid on movie_info  (cost=0.01..584894.43 rows=10997423 width=73) (actual time=48.084..78312.441 rows=11000133 loops=1)',), ('  Index Cond: ((movie_id >= 250392) AND (movie_id <= 2269349))',), ('  Buffers: shared hit=6818021 read=152161',), ('Planning Time: 245.201 ms',), ('Execution Time: 79917.001 ms',)]
[('Index Scan using movie_info_idx_mid on movie_info  (cost=0.01..585742.97 rows=11096661 width=73) (actual time=119.741..79872.370 rows=11100010 loops=1)',), ('  Index Cond: ((movie_id >= 250392) AND (movie_id <= 2279185))',), ('  Buffers: shared hit=6883942 read=153426',), ('Planning Time: 286.952 ms',), ('Execution Time: 81561.813 ms',)]
[('Index Scan using movie_info_idx_mid on movie_info  (cost=0.01..586594.61 rows=11196106 width=73) (actual time=48.131..79888.239 rows=11200010 loops=1)',), ('  Index Cond: ((movie_id >= 250392) AND (movie_id <= 2288099))',), ('  Buffers: shared hit=6944349 read=154743',), ('Planning Time: 245.187 ms',), ('Execution Time: 81528.349 ms',)]
[('Index Scan using movie_info_idx_mid on movie_info  (cost=0.01..587452.52 rows=11296589 width=73) (actual time=48.115..81306.138 rows=11300030 loops=1)',), ('  Index Cond: ((movie_id >= 250392) AND (movie_id <= 2296609))',), ('  Buffers: shared hit=7004465 read=156078',), ('Planning Time: 245.168 ms',), ('Execution Time: 82982.169 ms',)]
[('Index Scan using movie_info_idx_mid on movie_info  (cost=0.01..588313.54 rows=11397301 width=73) (actual time=48.042..80163.334 rows=11400017 loops=1)',), ('  Index Cond: ((movie_id >= 250392) AND (movie_id <= 2305261))',), ('  Buffers: shared hit=7065799 read=157371',), ('Planning Time: 278.453 ms',), ('Execution Time: 81801.419 ms',)]
[('Index Scan using movie_info_idx_mid on movie_info  (cost=0.01..589168.29 rows=11497076 width=73) (actual time=48.084..81514.549 rows=11500018 loops=1)',), ('  Index Cond: ((movie_id >= 250392) AND (movie_id <= 2312739))',), ('  Buffers: shared hit=7119066 read=158846',), ('Planning Time: 270.082 ms',), ('Execution Time: 83199.513 ms',)]
[('Index Scan using movie_info_idx_mid on movie_info  (cost=0.01..590029.32 rows=11597867 width=73) (actual time=48.086..81592.741 rows=11600047 loops=1)',), ('  Index Cond: ((movie_id >= 250392) AND (movie_id <= 2321727))',), ('  Buffers: shared hit=7182381 read=160158',), ('Planning Time: 245.199 ms',), ('Execution Time: 83294.310 ms',)]
[('Index Scan using movie_info_idx_mid on movie_info  (cost=0.01..590884.06 rows=11697586 width=73) (actual time=48.124..82641.018 rows=11700038 loops=1)',), ('  Index Cond: ((movie_id >= 250392) AND (movie_id <= 2330941))',), ('  Buffers: shared hit=7245117 read=161457',), ('Planning Time: 236.809 ms',), ('Execution Time: 84365.752 ms',)]
[('Index Scan using movie_info_idx_mid on movie_info  (cost=0.01..591738.84 rows=11797541 width=73) (actual time=48.092..81886.371 rows=11800013 loops=1)',), ('  Index Cond: ((movie_id >= 250392) AND (movie_id <= 2340316))',), ('  Buffers: shared hit=7308626 read=162728',), ('Planning Time: 245.134 ms',), ('Execution Time: 83637.566 ms',)]
[('Index Scan using movie_info_idx_mid on movie_info  (cost=0.01..592581.16 rows=11896239 width=73) (actual time=48.101..84337.702 rows=11900012 loops=1)',), ('  Index Cond: ((movie_id >= 250392) AND (movie_id <= 2348060))',), ('  Buffers: shared hit=7365004 read=164097',), ('Planning Time: 245.059 ms',), ('Execution Time: 86052.712 ms',)]
[('Index Scan using movie_info_idx_mid on movie_info  (cost=0.01..593432.81 rows=11995749 width=73) (actual time=48.111..85653.970 rows=12000015 loops=1)',), ('  Index Cond: ((movie_id >= 250392) AND (movie_id <= 2355043))',), ('  Buffers: shared hit=7418602 read=165484',), ('Planning Time: 236.870 ms',), ('Execution Time: 87439.199 ms',)]
[('Index Scan using movie_info_idx_mid on movie_info  (cost=0.01..594300.05 rows=12097045 width=73) (actual time=48.085..83153.581 rows=12100014 loops=1)',), ('  Index Cond: ((movie_id >= 250392) AND (movie_id <= 2361916))',), ('  Buffers: shared hit=7471850 read=166836',), ('Planning Time: 203.506 ms',), ('Execution Time: 84885.657 ms',)]
[('Index Scan using movie_info_idx_mid on movie_info  (cost=0.01..595161.04 rows=12197581 width=73) (actual time=48.121..84885.064 rows=12200010 loops=1)',), ('  Index Cond: ((movie_id >= 250392) AND (movie_id <= 2369075))',), ('  Buffers: shared hit=7526230 read=168151',), ('Planning Time: 253.389 ms',), ('Execution Time: 86660.663 ms',)]
[('Index Scan using movie_info_idx_mid on movie_info  (cost=0.01..596018.97 rows=12298161 width=73) (actual time=48.089..85433.630 rows=12300013 loops=1)',), ('  Index Cond: ((movie_id >= 250392) AND (movie_id <= 2375733))',), ('  Buffers: shared hit=7577846 read=169490',), ('Planning Time: 478.537 ms',), ('Execution Time: 87283.375 ms',)]
[('Index Scan using movie_info_idx_mid on movie_info  (cost=0.01..596870.59 rows=12397478 width=73) (actual time=48.113..85266.311 rows=12400051 loops=1)',), ('  Index Cond: ((movie_id >= 250392) AND (movie_id <= 2382186))',), ('  Buffers: shared hit=7628145 read=170847',), ('Planning Time: 236.795 ms',), ('Execution Time: 87074.514 ms',)]
[('Index Scan using movie_info_idx_mid on movie_info  (cost=0.01..597725.39 rows=12497624 width=73) (actual time=48.098..86468.397 rows=12500015 loops=1)',), ('  Index Cond: ((movie_id >= 250392) AND (movie_id <= 2388505))',), ('  Buffers: shared hit=7677715 read=172235',), ('Planning Time: 186.835 ms',), ('Execution Time: 88264.794 ms',)]
[('Index Scan using movie_info_idx_mid on movie_info  (cost=0.01..598577.01 rows=12596969 width=73) (actual time=48.080..88069.350 rows=12600044 loops=1)',), ('  Index Cond: ((movie_id >= 250392) AND (movie_id <= 2395698))',), ('  Buffers: shared hit=7732500 read=173566',), ('Planning Time: 286.979 ms',), ('Execution Time: 89940.450 ms',)]
[('Index Scan using movie_info_idx_mid on movie_info  (cost=0.01..599422.41 rows=12695742 width=73) (actual time=48.103..89795.567 rows=12700012 loops=1)',), ('  Index Cond: ((movie_id >= 250392) AND (movie_id <= 2402516))',), ('  Buffers: shared hit=7785250 read=174890',), ('Planning Time: 245.145 ms',), ('Execution Time: 91648.429 ms',)]
[('Index Scan using movie_info_idx_mid on movie_info  (cost=0.01..600274.06 rows=12795267 width=73) (actual time=48.090..87881.114 rows=12800011 loops=1)',), ('  Index Cond: ((movie_id >= 250392) AND (movie_id <= 2409462))',), ('  Buffers: shared hit=7838349 read=176199',), ('Planning Time: 203.453 ms',), ('Execution Time: 89721.921 ms',)]
[('Index Scan using movie_info_idx_mid on movie_info  (cost=0.01..601128.88 rows=12895526 width=73) (actual time=48.114..88444.526 rows=12900020 loops=1)',), ('  Index Cond: ((movie_id >= 250392) AND (movie_id <= 2416294))',), ('  Buffers: shared hit=7891433 read=177516',), ('Planning Time: 195.080 ms',), ('Execution Time: 90327.632 ms',)]
[('Index Scan using movie_info_idx_mid on movie_info  (cost=0.01..601986.77 rows=12995796 width=73) (actual time=48.110..90274.038 rows=13000018 loops=1)',), ('  Index Cond: ((movie_id >= 250392) AND (movie_id <= 2423276))',), ('  Buffers: shared hit=7944824 read=178864',), ('Planning Time: 228.494 ms',), ('Execution Time: 92210.171 ms',)]
[('Index Scan using movie_info_idx_mid on movie_info  (cost=0.01..602847.74 rows=13096184 width=73) (actual time=48.107..90533.256 rows=13100009 loops=1)',), ('  Index Cond: ((movie_id >= 250392) AND (movie_id <= 2430538))',), ('  Buffers: shared hit=7999695 read=180173',), ('Planning Time: 236.822 ms',), ('Execution Time: 92453.259 ms',)]
[('Index Scan using movie_info_idx_mid on movie_info  (cost=0.01..603711.91 rows=13197493 width=73) (actual time=48.182..90809.949 rows=13200013 loops=1)',), ('  Index Cond: ((movie_id >= 250392) AND (movie_id <= 2439028))',), ('  Buffers: shared hit=8060368 read=181438',), ('Planning Time: 245.123 ms',), ('Execution Time: 92739.683 ms',)]
[('Index Scan using movie_info_idx_mid on movie_info  (cost=0.01..604576.03 rows=13298410 width=73) (actual time=48.094..91699.052 rows=13300033 loops=1)',), ('  Index Cond: ((movie_id >= 250392) AND (movie_id <= 2447781))',), ('  Buffers: shared hit=8120334 read=182694',), ('Planning Time: 211.833 ms',), ('Execution Time: 93660.914 ms',)]
[('Index Scan using movie_info_idx_mid on movie_info  (cost=0.01..605433.89 rows=13398541 width=73) (actual time=64.933..91507.944 rows=13400017 loops=1)',), ('  Index Cond: ((movie_id >= 250392) AND (movie_id <= 2456735))',), ('  Buffers: shared hit=8182866 read=183920',), ('Planning Time: 228.818 ms',), ('Execution Time: 93512.204 ms',)]
[('Index Scan using movie_info_idx_mid on movie_info  (cost=0.01..606291.80 rows=13498950 width=73) (actual time=48.137..90956.589 rows=13500013 loops=1)',), ('  Index Cond: ((movie_id >= 250392) AND (movie_id <= 2466299))',), ('  Buffers: shared hit=8247878 read=185061',), ('Planning Time: 203.546 ms',), ('Execution Time: 92932.151 ms',)]
[('Index Scan using movie_info_idx_mid on movie_info  (cost=0.01..607149.67 rows=13599075 width=73) (actual time=48.077..94703.241 rows=13600009 loops=1)',), ('  Index Cond: ((movie_id >= 250392) AND (movie_id <= 2476058))',), ('  Buffers: shared hit=8311723 read=186267',), ('Planning Time: 253.498 ms',), ('Execution Time: 96693.394 ms',)]
[('Index Scan using movie_info_idx_mid on movie_info  (cost=0.01..608001.37 rows=13698963 width=73) (actual time=48.198..93201.925 rows=13700021 loops=1)',), ('  Index Cond: ((movie_id >= 250392) AND (movie_id <= 2486326))',), ('  Buffers: shared hit=8379905 read=187452',), ('Planning Time: 261.708 ms',), ('Execution Time: 95251.327 ms',)]
[('Index Scan using movie_info_idx_mid on movie_info  (cost=0.01..608856.12 rows=13798727 width=73) (actual time=48.099..93919.666 rows=13800009 loops=1)',), ('  Index Cond: ((movie_id >= 250392) AND (movie_id <= 2494962))',), ('  Buffers: shared hit=8440964 read=188698',), ('Planning Time: 286.915 ms',), ('Execution Time: 95963.822 ms',)]
[('Index Scan using movie_info_idx_mid on movie_info  (cost=0.01..609717.11 rows=13899242 width=73) (actual time=48.062..92952.036 rows=13900010 loops=1)',), ('  Index Cond: ((movie_id >= 250392) AND (movie_id <= 2503092))',), ('  Buffers: shared hit=8500082 read=189916',), ('Planning Time: 245.216 ms',), ('Execution Time: 95011.604 ms',)]
[('Index Scan using movie_info_idx_mid on movie_info  (cost=0.01..610578.13 rows=13999982 width=73) (actual time=48.132..95492.398 rows=14000009 loops=1)',), ('  Index Cond: ((movie_id >= 250392) AND (movie_id <= 2512265))',), ('  Buffers: shared hit=8562900 read=191151',), ('Planning Time: 203.361 ms',), ('Execution Time: 97548.861 ms',)]
[('Index Scan using movie_info_idx_mid on movie_info  (cost=0.01..611436.00 rows=14100139 width=73) (actual time=47.996..95165.600 rows=14100009 loops=1)',), ('  Index Cond: ((movie_id >= 250392) AND (movie_id <= 2522054))',), ('  Buffers: shared hit=8628249 read=192349',), ('Planning Time: 237.081 ms',), ('Execution Time: 97234.495 ms',)]