[('Index Scan using movie_info_idx_mid on movie_info  (cost=0.01..232997.71 rows=100284 width=73) (actual time=72.351..4122.182 rows=100133 loops=1)',), ('  Index Cond: ((movie_id >= 2066397) AND (movie_id <= 2075633))',), ('  Buffers: shared hit=61795 read=2465',), ('Planning Time: 335.162 ms',), ('Execution Time: 4157.197 ms',)]
[('Index Scan using movie_info_idx_mid on movie_info  (cost=0.01..377676.94 rows=200974 width=73) (actual time=60.067..6847.158 rows=200093 loops=1)',), ('  Index Cond: ((movie_id >= 2066397) AND (movie_id <= 2084557))',), ('  Buffers: shared hit=123711 read=4413',), ('Planning Time: 311.903 ms',), ('Execution Time: 6881.838 ms',)]
[('Index Scan using movie_info_idx_mid on movie_info  (cost=0.01..475539.35 rows=301049 width=73) (actual time=51.759..7966.717 rows=300090 loops=1)',), ('  Index Cond: ((movie_id >= 2066397) AND (movie_id <= 2093517))',), ('  Buffers: shared hit=186359 read=6076',), ('Planning Time: 594.339 ms',), ('Execution Time: 8023.022 ms',)]
[('Index Scan using movie_info_idx_mid on movie_info  (cost=0.01..494238.78 rows=399515 width=73) (actual time=51.588..9563.117 rows=400095 loops=1)',), ('  Index Cond: ((movie_id >= 2066397) AND (movie_id <= 2103021))',), ('  Buffers: shared hit=249171 read=7589',), ('Planning Time: 320.088 ms',), ('Execution Time: 9615.799 ms',)]
[('Index Scan using movie_info_idx_mid on movie_info  (cost=0.01..495087.33 rows=498833 width=73) (actual time=51.747..10181.927 rows=500086 loops=1)',), ('  Index Cond: ((movie_id >= 2066397) AND (movie_id <= 2112172))',), ('  Buffers: shared hit=310924 read=9087',), ('Planning Time: 336.940 ms',), ('Execution Time: 10251.835 ms',)]
[('Index Scan using movie_info_idx_mid on movie_info  (cost=0.01..495951.43 rows=599622 width=73) (actual time=51.540..11728.311 rows=600160 loops=1)',), ('  Index Cond: ((movie_id >= 2066397) AND (movie_id <= 2121146))',), ('  Buffers: shared hit=372711 read=10616',), ('Planning Time: 486.781 ms',), ('Execution Time: 11795.263 ms',)]
[('Index Scan using movie_info_idx_mid on movie_info  (cost=0.01..496809.32 rows=699929 width=73) (actual time=143.553..12398.765 rows=700088 loops=1)',), ('  Index Cond: ((movie_id >= 2066397) AND (movie_id <= 2130045))',), ('  Buffers: shared hit=433361 read=12033',), ('Planning Time: 186.596 ms',), ('Execution Time: 12485.221 ms',)]
[('Index Scan using movie_info_idx_mid on movie_info  (cost=0.01..497657.87 rows=799245 width=73) (actual time=51.743..13597.683 rows=800100 loops=1)',), ('  Index Cond: ((movie_id >= 2066397) AND (movie_id <= 2138695))',), ('  Buffers: shared hit=493438 read=13486',), ('Planning Time: 245.164 ms',), ('Execution Time: 13696.221 ms',)]
[('Index Scan using movie_info_idx_mid on movie_info  (cost=0.01..498518.89 rows=899975 width=73) (actual time=51.760..14936.748 rows=900088 loops=1)',), ('  Index Cond: ((movie_id >= 2066397) AND (movie_id <= 2149025))',), ('  Buffers: shared hit=560034 read=14838',), ('Planning Time: 228.484 ms',), ('Execution Time: 15048.996 ms',)]
[('Index Scan using movie_info_idx_mid on movie_info  (cost=0.01..499373.65 rows=999835 width=73) (actual time=51.736..15515.805 rows=1000087 loops=1)',), ('  Index Cond: ((movie_id >= 2066397) AND (movie_id <= 2158171))',), ('  Buffers: shared hit=622847 read=16222',), ('Planning Time: 236.919 ms',), ('Execution Time: 15640.854 ms',)]
[('Index Scan using movie_info_idx_mid on movie_info  (cost=0.01..500231.55 rows=1100196 width=73) (actual time=51.810..16192.924 rows=1100204 loops=1)',), ('  Index Cond: ((movie_id >= 2066397) AND (movie_id <= 2168231))',), ('  Buffers: shared hit=689766 read=17540',), ('Planning Time: 278.398 ms',), ('Execution Time: 16322.173 ms',)]
[('Index Scan using movie_info_idx_mid on movie_info  (cost=0.01..501080.10 rows=1199471 width=73) (actual time=51.745..18305.620 rows=1200088 loops=1)',), ('  Index Cond: ((movie_id >= 2066397) AND (movie_id <= 2177133))',), ('  Buffers: shared hit=752117 read=18869',), ('Planning Time: 270.166 ms',), ('Execution Time: 18456.165 ms',)]
[('Index Scan using movie_info_idx_mid on movie_info  (cost=0.01..501937.97 rows=1299610 width=73) (actual time=51.748..17917.927 rows=1300216 loops=1)',), ('  Index Cond: ((movie_id >= 2066397) AND (movie_id <= 2186997))',), ('  Buffers: shared hit=818249 read=20161',), ('Planning Time: 228.485 ms',), ('Execution Time: 18075.795 ms',)]
[('Index Scan using movie_info_idx_mid on movie_info  (cost=0.01..502789.61 rows=1399108 width=73) (actual time=51.770..19994.188 rows=1400087 loops=1)',), ('  Index Cond: ((movie_id >= 2066397) AND (movie_id <= 2196490))',), ('  Buffers: shared hit=882462 read=21435',), ('Planning Time: 186.849 ms',), ('Execution Time: 20159.610 ms',)]
[('Index Scan using movie_info_idx_mid on movie_info  (cost=0.01..503650.65 rows=1499973 width=73) (actual time=51.682..20032.351 rows=1500108 loops=1)',), ('  Index Cond: ((movie_id >= 2066397) AND (movie_id <= 2205544))',), ('  Buffers: shared hit=944428 read=22778',), ('Planning Time: 253.535 ms',), ('Execution Time: 20225.561 ms',)]
[('Index Scan using movie_info_idx_mid on movie_info  (cost=0.01..504511.61 rows=1600297 width=73) (actual time=51.859..20014.583 rows=1600089 loops=1)',), ('  Index Cond: ((movie_id >= 2066397) AND (movie_id <= 2215146))',), ('  Buffers: shared hit=1008924 read=24083',), ('Planning Time: 245.026 ms',), ('Execution Time: 20213.393 ms',)]
[('Index Scan using movie_info_idx_mid on movie_info  (cost=0.01..505369.53 rows=1700798 width=73) (actual time=133.222..21435.462 rows=1700092 loops=1)',), ('  Index Cond: ((movie_id >= 2066397) AND (movie_id <= 2225068))',), ('  Buffers: shared hit=1074431 read=25394',), ('Planning Time: 320.317 ms',), ('Execution Time: 21710.392 ms',)]
[('Index Scan using movie_info_idx_mid on movie_info  (cost=0.01..506224.29 rows=1800581 width=73) (actual time=51.801..22285.133 rows=1800088 loops=1)',), ('  Index Cond: ((movie_id >= 2066397) AND (movie_id <= 2234484))',), ('  Buffers: shared hit=1137056 read=26768',), ('Planning Time: 245.120 ms',), ('Execution Time: 22520.714 ms',)]
[('Index Scan using movie_info_idx_mid on movie_info  (cost=0.01..507088.43 rows=1901733 width=73) (actual time=51.759..22693.531 rows=1900091 loops=1)',), ('  Index Cond: ((movie_id >= 2066397) AND (movie_id <= 2243175))',), ('  Buffers: shared hit=1198703 read=28130',), ('Planning Time: 236.763 ms',), ('Execution Time: 22935.954 ms',)]
[('Index Scan using movie_info_idx_mid on movie_info  (cost=0.01..507946.34 rows=2002159 width=73) (actual time=51.832..22946.813 rows=2000087 loops=1)',), ('  Index Cond: ((movie_id >= 2066397) AND (movie_id <= 2251207))',), ('  Buffers: shared hit=1256457 read=29534',), ('Planning Time: 253.509 ms',), ('Execution Time: 23213.130 ms',)]
[('Index Scan using movie_info_idx_mid on movie_info  (cost=0.01..508801.11 rows=2102029 width=73) (actual time=51.743..24032.382 rows=2100220 loops=1)',), ('  Index Cond: ((movie_id >= 2066397) AND (movie_id <= 2260578))',), ('  Buffers: shared hit=1319404 read=30877',), ('Planning Time: 253.508 ms',), ('Execution Time: 24318.339 ms',)]
[('Index Scan using movie_info_idx_mid on movie_info  (cost=0.01..509652.76 rows=2201614 width=73) (actual time=51.753..25462.741 rows=2200210 loops=1)',), ('  Index Cond: ((movie_id >= 2066397) AND (movie_id <= 2269349))',), ('  Buffers: shared hit=1379540 read=32254',), ('Planning Time: 270.269 ms',), ('Execution Time: 25761.244 ms',)]
[('Index Scan using movie_info_idx_mid on movie_info  (cost=0.01..510504.37 rows=2300852 width=73) (actual time=52.121..26314.933 rows=2300087 loops=1)',), ('  Index Cond: ((movie_id >= 2066397) AND (movie_id <= 2279185))',), ('  Buffers: shared hit=1445423 read=33557',), ('Planning Time: 212.077 ms',), ('Execution Time: 26647.453 ms',)]
[('Index Scan using movie_info_idx_mid on movie_info  (cost=0.01..511352.93 rows=2400298 width=73) (actual time=51.733..26144.334 rows=2400087 loops=1)',), ('  Index Cond: ((movie_id >= 2066397) AND (movie_id <= 2288099))',), ('  Buffers: shared hit=1505781 read=34923',), ('Planning Time: 245.270 ms',), ('Execution Time: 26481.945 ms',)]
[('Index Scan using movie_info_idx_mid on movie_info  (cost=0.01..512213.92 rows=2500780 width=73) (actual time=51.758..27156.497 rows=2500107 loops=1)',), ('  Index Cond: ((movie_id >= 2066397) AND (movie_id <= 2296609))',), ('  Buffers: shared hit=1565837 read=36318',), ('Planning Time: 245.233 ms',), ('Execution Time: 27485.371 ms',)]
[('Index Scan using movie_info_idx_mid on movie_info  (cost=0.01..513074.94 rows=2601493 width=73) (actual time=51.858..28360.248 rows=2600094 loops=1)',), ('  Index Cond: ((movie_id >= 2066397) AND (movie_id <= 2305261))',), ('  Buffers: shared hit=1627125 read=37657',), ('Planning Time: 261.617 ms',), ('Execution Time: 28709.445 ms',)]
[('Index Scan using movie_info_idx_mid on movie_info  (cost=0.01..513926.62 rows=2701267 width=73) (actual time=51.736..28736.823 rows=2700095 loops=1)',), ('  Index Cond: ((movie_id >= 2066397) AND (movie_id <= 2312739))',), ('  Buffers: shared hit=1680335 read=39189',), ('Planning Time: 286.843 ms',), ('Execution Time: 29095.138 ms',)]
[('Index Scan using movie_info_idx_mid on movie_info  (cost=0.01..514790.72 rows=2802058 width=73) (actual time=51.753..30043.736 rows=2800124 loops=1)',), ('  Index Cond: ((movie_id >= 2066397) AND (movie_id <= 2321727))',), ('  Buffers: shared hit=1743591 read=40560',), ('Planning Time: 236.876 ms',), ('Execution Time: 30414.801 ms',)]
[('Index Scan using movie_info_idx_mid on movie_info  (cost=0.01..515642.39 rows=2901778 width=73) (actual time=93.433..30639.154 rows=2900115 loops=1)',), ('  Index Cond: ((movie_id >= 2066397) AND (movie_id <= 2330941))',), ('  Buffers: shared hit=1806267 read=41919',), ('Planning Time: 245.185 ms',), ('Execution Time: 31028.771 ms',)]
[('Index Scan using movie_info_idx_mid on movie_info  (cost=0.01..516497.17 rows=3001732 width=73) (actual time=51.764..30454.680 rows=3000090 loops=1)',), ('  Index Cond: ((movie_id >= 2066397) AND (movie_id <= 2340316))',), ('  Buffers: shared hit=1869731 read=43235',), ('Planning Time: 236.873 ms',), ('Execution Time: 30873.339 ms',)]
[('Index Scan using movie_info_idx_mid on movie_info  (cost=0.01..517342.56 rows=3100431 width=73) (actual time=51.750..31325.914 rows=3100089 loops=1)',), ('  Index Cond: ((movie_id >= 2066397) AND (movie_id <= 2348060))',), ('  Buffers: shared hit=1925922 read=44791',), ('Planning Time: 270.151 ms',), ('Execution Time: 31755.868 ms',)]
[('Index Scan using movie_info_idx_mid on movie_info  (cost=0.01..518194.21 rows=3199941 width=73) (actual time=51.832..32886.559 rows=3200092 loops=1)',), ('  Index Cond: ((movie_id >= 2066397) AND (movie_id <= 2355043))',), ('  Buffers: shared hit=1979361 read=46337',), ('Planning Time: 236.772 ms',), ('Execution Time: 33317.751 ms',)]
[('Index Scan using movie_info_idx_mid on movie_info  (cost=0.01..519061.44 rows=3301237 width=73) (actual time=51.804..33817.836 rows=3300091 loops=1)',), ('  Index Cond: ((movie_id >= 2066397) AND (movie_id <= 2361916))',), ('  Buffers: shared hit=2032442 read=47856',), ('Planning Time: 261.805 ms',), ('Execution Time: 34282.749 ms',)]
[('Index Scan using movie_info_idx_mid on movie_info  (cost=0.01..519919.37 rows=3401773 width=73) (actual time=51.666..33140.904 rows=3400087 loops=1)',), ('  Index Cond: ((movie_id >= 2066397) AND (movie_id <= 2369075))',), ('  Buffers: shared hit=2086666 read=49327',), ('Planning Time: 286.722 ms',), ('Execution Time: 33599.414 ms',)]
[('Index Scan using movie_info_idx_mid on movie_info  (cost=0.01..520780.37 rows=3502352 width=73) (actual time=51.430..34522.790 rows=3500090 loops=1)',), ('  Index Cond: ((movie_id >= 2066397) AND (movie_id <= 2375733))',), ('  Buffers: shared hit=2138117 read=50831',), ('Planning Time: 228.490 ms',), ('Execution Time: 34971.325 ms',)]
[('Index Scan using movie_info_idx_mid on movie_info  (cost=0.01..521628.92 rows=3601669 width=73) (actual time=51.639..35755.996 rows=3600128 loops=1)',), ('  Index Cond: ((movie_id >= 2066397) AND (movie_id <= 2382186))',), ('  Buffers: shared hit=2188266 read=52338',), ('Planning Time: 328.406 ms',), ('Execution Time: 36274.641 ms',)]
[('Index Scan using movie_info_idx_mid on movie_info  (cost=0.01..522486.79 rows=3701816 width=73) (actual time=51.622..35662.637 rows=3700092 loops=1)',), ('  Index Cond: ((movie_id >= 2066397) AND (movie_id <= 2388505))',), ('  Buffers: shared hit=2237765 read=53797',), ('Planning Time: 211.753 ms',), ('Execution Time: 36171.458 ms',)]
[('Index Scan using movie_info_idx_mid on movie_info  (cost=0.01..523335.34 rows=3801160 width=73) (actual time=51.620..36326.547 rows=3800121 loops=1)',), ('  Index Cond: ((movie_id >= 2066397) AND (movie_id <= 2395698))',), ('  Buffers: shared hit=2292521 read=55157',), ('Planning Time: 253.392 ms',), ('Execution Time: 36863.651 ms',)]
[('Index Scan using movie_info_idx_mid on movie_info  (cost=0.01..524180.74 rows=3899934 width=73) (actual time=51.695..39217.171 rows=3900089 loops=1)',), ('  Index Cond: ((movie_id >= 2066397) AND (movie_id <= 2402516))',), ('  Buffers: shared hit=2345239 read=56513',), ('Planning Time: 236.731 ms',), ('Execution Time: 39764.442 ms',)]
[('Index Scan using movie_info_idx_mid on movie_info  (cost=0.01..525032.39 rows=3999458 width=73) (actual time=51.628..39967.245 rows=4000088 loops=1)',), ('  Index Cond: ((movie_id >= 2066397) AND (movie_id <= 2409462))',), ('  Buffers: shared hit=2398304 read=57856',), ('Planning Time: 278.473 ms',), ('Execution Time: 40509.975 ms',)]
[('Index Scan using movie_info_idx_mid on movie_info  (cost=0.01..525890.28 rows=4099718 width=73) (actual time=51.639..39123.000 rows=4100097 loops=1)',), ('  Index Cond: ((movie_id >= 2066397) AND (movie_id <= 2416294))',), ('  Buffers: shared hit=2451326 read=59235',), ('Planning Time: 270.136 ms',), ('Execution Time: 39656.692 ms',)]
[('Index Scan using movie_info_idx_mid on movie_info  (cost=0.01..526748.17 rows=4199988 width=73) (actual time=76.639..39314.024 rows=4200095 loops=1)',), ('  Index Cond: ((movie_id >= 2066397) AND (movie_id <= 2423276))',), ('  Buffers: shared hit=2504648 read=60652',), ('Planning Time: 203.446 ms',), ('Execution Time: 39889.610 ms',)]
[('Index Scan using movie_info_idx_mid on movie_info  (cost=0.01..527606.07 rows=4300375 width=73) (actual time=51.641..39224.789 rows=4300086 loops=1)',), ('  Index Cond: ((movie_id >= 2066397) AND (movie_id <= 2430538))',), ('  Buffers: shared hit=2559457 read=62023',), ('Planning Time: 253.438 ms',), ('Execution Time: 39799.673 ms',)]
[('Index Scan using movie_info_idx_mid on movie_info  (cost=0.01..528473.31 rows=4401684 width=73) (actual time=51.760..40493.884 rows=4400090 loops=1)',), ('  Index Cond: ((movie_id >= 2066397) AND (movie_id <= 2439028))',), ('  Buffers: shared hit=2620084 read=63334',), ('Planning Time: 361.744 ms',), ('Execution Time: 41086.281 ms',)]
[('Index Scan using movie_info_idx_mid on movie_info  (cost=0.01..529337.42 rows=4502601 width=73) (actual time=51.754..41035.015 rows=4500110 loops=1)',), ('  Index Cond: ((movie_id >= 2066397) AND (movie_id <= 2447781))',), ('  Buffers: shared hit=2680004 read=64636',), ('Planning Time: 203.406 ms',), ('Execution Time: 41680.858 ms',)]
[('Index Scan using movie_info_idx_mid on movie_info  (cost=0.01..530192.22 rows=4602733 width=73) (actual time=51.755..40655.387 rows=4600094 loops=1)',), ('  Index Cond: ((movie_id >= 2066397) AND (movie_id <= 2456735))',), ('  Buffers: shared hit=2742495 read=65903',), ('Planning Time: 220.046 ms',), ('Execution Time: 41295.907 ms',)]
[('Index Scan using movie_info_idx_mid on movie_info  (cost=0.01..531053.20 rows=4703142 width=73) (actual time=51.745..41408.181 rows=4700090 loops=1)',), ('  Index Cond: ((movie_id >= 2066397) AND (movie_id <= 2466299))',), ('  Buffers: shared hit=2807490 read=67061',), ('Planning Time: 203.501 ms',), ('Execution Time: 42063.410 ms',)]
[('Index Scan using movie_info_idx_mid on movie_info  (cost=0.01..531908.00 rows=4803267 width=73) (actual time=51.754..42993.871 rows=4800086 loops=1)',), ('  Index Cond: ((movie_id >= 2066397) AND (movie_id <= 2476058))',), ('  Buffers: shared hit=2871306 read=68296',), ('Planning Time: 211.832 ms',), ('Execution Time: 43657.047 ms',)]
[('Index Scan using movie_info_idx_mid on movie_info  (cost=0.01..532762.77 rows=4903155 width=73) (actual time=51.742..42307.651 rows=4900098 loops=1)',), ('  Index Cond: ((movie_id >= 2066397) AND (movie_id <= 2486326))',), ('  Buffers: shared hit=2939458 read=69511',), ('Planning Time: 261.836 ms',), ('Execution Time: 42977.806 ms',)]
[('Index Scan using movie_info_idx_mid on movie_info  (cost=0.01..533617.51 rows=5002918 width=73) (actual time=55.004..42257.153 rows=5000086 loops=1)',), ('  Index Cond: ((movie_id >= 2066397) AND (movie_id <= 2494962))',), ('  Buffers: shared hit=3000450 read=70824',), ('Planning Time: 449.009 ms',), ('Execution Time: 43007.878 ms',)]
[('Index Scan using movie_info_idx_mid on movie_info  (cost=0.01..534475.44 rows=5103434 width=73) (actual time=51.754..42927.717 rows=5100087 loops=1)',), ('  Index Cond: ((movie_id >= 2066397) AND (movie_id <= 2503092))',), ('  Buffers: shared hit=3059518 read=72092',), ('Planning Time: 245.211 ms',), ('Execution Time: 43622.753 ms',)]
[('Index Scan using movie_info_idx_mid on movie_info  (cost=0.01..535339.53 rows=5204173 width=73) (actual time=51.751..44888.135 rows=5200086 loops=1)',), ('  Index Cond: ((movie_id >= 2066397) AND (movie_id <= 2512265))',), ('  Buffers: shared hit=3122301 read=73362',), ('Planning Time: 286.739 ms',), ('Execution Time: 45601.972 ms',)]
[('Index Scan using movie_info_idx_mid on movie_info  (cost=0.01..536194.33 rows=5304330 width=73) (actual time=76.738..45267.414 rows=5300086 loops=1)',), ('  Index Cond: ((movie_id >= 2066397) AND (movie_id <= 2522054))',), ('  Buffers: shared hit=3187632 read=74578',), ('Planning Time: 211.856 ms',), ('Execution Time: 46007.589 ms',)]
