[('Index Scan using movie_info_idx_mid on movie_info  (cost=0.01..231466.47 rows=99423 width=73) (actual time=45.095..4047.057 rows=100010 loops=1)',), ('  Index Cond: ((movie_id >= 1902441) AND (movie_id <= 1911470))',), ('  Buffers: shared hit=60141 read=2465',), ('Planning Time: 245.222 ms',), ('Execution Time: 4068.450 ms',)]
[('Index Scan using movie_info_idx_mid on movie_info  (cost=0.01..375059.95 rows=198737 width=73) (actual time=36.705..5941.123 rows=200008 loops=1)',), ('  Index Cond: ((movie_id >= 1902441) AND (movie_id <= 1920722))',), ('  Buffers: shared hit=121739 read=4361',), ('Planning Time: 328.422 ms',), ('Execution Time: 5973.823 ms',)]
[('Index Scan using movie_info_idx_mid on movie_info  (cost=0.01..473540.82 rows=298632 width=73) (actual time=45.178..7828.172 rows=300011 loops=1)',), ('  Index Cond: ((movie_id >= 1902441) AND (movie_id <= 1928951))',), ('  Buffers: shared hit=179731 read=6153',), ('Planning Time: 185.116 ms',), ('Execution Time: 7862.199 ms',)]
[('Index Scan using movie_info_idx_mid on movie_info  (cost=0.01..494235.69 rows=399332 width=73) (actual time=36.856..9883.336 rows=400009 loops=1)',), ('  Index Cond: ((movie_id >= 1902441) AND (movie_id <= 1937884))',), ('  Buffers: shared hit=240503 read=7745',), ('Planning Time: 236.859 ms',), ('Execution Time: 9938.316 ms',)]
[('Index Scan using movie_info_idx_mid on movie_info  (cost=0.01..495090.44 rows=499094 width=73) (actual time=36.821..10152.702 rows=500007 loops=1)',), ('  Index Cond: ((movie_id >= 1902441) AND (movie_id <= 1945999))',), ('  Buffers: shared hit=298318 read=9252',), ('Planning Time: 236.925 ms',), ('Execution Time: 10221.516 ms',)]
[('Index Scan using movie_info_idx_mid on movie_info  (cost=0.01..495954.58 rows=600217 width=73) (actual time=36.858..11502.025 rows=600014 loops=1)',), ('  Index Cond: ((movie_id >= 1902441) AND (movie_id <= 1954865))',), ('  Buffers: shared hit=360445 read=10642',), ('Planning Time: 253.331 ms',), ('Execution Time: 11576.288 ms',)]
[('Index Scan using movie_info_idx_mid on movie_info  (cost=0.01..496806.23 rows=699764 width=73) (actual time=36.782..12105.886 rows=700008 loops=1)',), ('  Index Cond: ((movie_id >= 1902441) AND (movie_id <= 1963504))',), ('  Buffers: shared hit=420203 read=12090',), ('Planning Time: 228.618 ms',), ('Execution Time: 12187.761 ms',)]
[('Index Scan using movie_info_idx_mid on movie_info  (cost=0.01..497660.98 rows=799510 width=73) (actual time=36.783..13599.344 rows=800009 loops=1)',), ('  Index Cond: ((movie_id >= 1902441) AND (movie_id <= 1972564))',), ('  Buffers: shared hit=483119 read=13517',), ('Planning Time: 236.674 ms',), ('Execution Time: 13709.423 ms',)]
[('Index Scan using movie_info_idx_mid on movie_info  (cost=0.01..498518.88 rows=899914 width=73) (actual time=45.193..14660.950 rows=900010 loops=1)',), ('  Index Cond: ((movie_id >= 1902441) AND (movie_id <= 1981588))',), ('  Buffers: shared hit=544936 read=14871',), ('Planning Time: 195.056 ms',), ('Execution Time: 14775.888 ms',)]
[('Index Scan using movie_info_idx_mid on movie_info  (cost=0.01..499382.99 rows=1000744 width=73) (actual time=36.766..15591.337 rows=1000177 loops=1)',), ('  Index Cond: ((movie_id >= 1902441) AND (movie_id <= 1990545))',), ('  Buffers: shared hit=606051 read=16281',), ('Planning Time: 220.212 ms',), ('Execution Time: 15720.016 ms',)]
[('Index Scan using movie_info_idx_mid on movie_info  (cost=0.01..500228.40 rows=1099565 width=73) (actual time=44.980..16493.666 rows=1100006 loops=1)',), ('  Index Cond: ((movie_id >= 1902441) AND (movie_id <= 1999886))',), ('  Buffers: shared hit=668908 read=17676',), ('Planning Time: 236.949 ms',), ('Execution Time: 16628.000 ms',)]
[('Index Scan using movie_info_idx_mid on movie_info  (cost=0.01..501076.95 rows=1198910 width=73) (actual time=36.770..17107.690 rows=1200017 loops=1)',), ('  Index Cond: ((movie_id >= 1902441) AND (movie_id <= 2008650))',), ('  Buffers: shared hit=729801 read=19044',), ('Planning Time: 203.605 ms',), ('Execution Time: 17252.823 ms',)]
[('Index Scan using movie_info_idx_mid on movie_info  (cost=0.01..501925.49 rows=1298173 width=73) (actual time=36.808..17714.494 rows=1300021 loops=1)',), ('  Index Cond: ((movie_id >= 1902441) AND (movie_id <= 2019501))',), ('  Buffers: shared hit=797617 read=20351',), ('Planning Time: 236.992 ms',), ('Execution Time: 17874.331 ms',)]
[('Index Scan using movie_info_idx_mid on movie_info  (cost=0.01..502789.60 rows=1399013 width=73) (actual time=36.779..18071.914 rows=1400010 loops=1)',), ('  Index Cond: ((movie_id >= 1902441) AND (movie_id <= 2029145))',), ('  Buffers: shared hit=860781 read=21688',), ('Planning Time: 220.182 ms',), ('Execution Time: 18242.158 ms',)]
[('Index Scan using movie_info_idx_mid on movie_info  (cost=0.01..503644.37 rows=1498923 width=73) (actual time=36.814..19694.863 rows=1500010 loops=1)',), ('  Index Cond: ((movie_id >= 1902441) AND (movie_id <= 2038782))',), ('  Buffers: shared hit=924601 read=22987',), ('Planning Time: 220.171 ms',), ('Execution Time: 19877.781 ms',)]
[('Index Scan using movie_info_idx_mid on movie_info  (cost=0.01..504492.94 rows=1598442 width=73) (actual time=36.753..20557.516 rows=1600022 loops=1)',), ('  Index Cond: ((movie_id >= 1902441) AND (movie_id <= 2048317))',), ('  Buffers: shared hit=988702 read=24283',), ('Planning Time: 220.190 ms',), ('Execution Time: 20758.072 ms',)]
[('Index Scan using movie_info_idx_mid on movie_info  (cost=0.01..505338.33 rows=1697115 width=73) (actual time=36.833..21813.232 rows=1700009 loops=1)',), ('  Index Cond: ((movie_id >= 1902441) AND (movie_id <= 2057345))',), ('  Buffers: shared hit=1050892 read=25626',), ('Planning Time: 245.179 ms',), ('Execution Time: 22022.964 ms',)]
[('Index Scan using movie_info_idx_mid on movie_info  (cost=0.01..506199.32 rows=1797595 width=73) (actual time=36.925..23634.963 rows=1800040 loops=1)',), ('  Index Cond: ((movie_id >= 1902441) AND (movie_id <= 2066397))',), ('  Buffers: shared hit=1111862 read=26919',), ('Planning Time: 245.137 ms',), ('Execution Time: 23860.507 ms',)]
[('Index Scan using movie_info_idx_mid on movie_info  (cost=0.01..507054.12 rows=1897747 width=73) (actual time=36.759..23525.200 rows=1900053 loops=1)',), ('  Index Cond: ((movie_id >= 1902441) AND (movie_id <= 2075633))',), ('  Buffers: shared hit=1174840 read=28185',), ('Planning Time: 228.621 ms',), ('Execution Time: 23754.272 ms',)]
[('Index Scan using movie_info_idx_mid on movie_info  (cost=0.01..507915.14 rows=1998436 width=73) (actual time=36.768..23726.106 rows=2000013 loops=1)',), ('  Index Cond: ((movie_id >= 1902441) AND (movie_id <= 2084557))',), ('  Buffers: shared hit=1237376 read=29513',), ('Planning Time: 195.147 ms',), ('Execution Time: 23978.824 ms',)]
[('Index Scan using movie_info_idx_mid on movie_info  (cost=0.01..508773.00 rows=2098512 width=73) (actual time=45.025..25323.884 rows=2100010 loops=1)',), ('  Index Cond: ((movie_id >= 1902441) AND (movie_id <= 2093517))',), ('  Buffers: shared hit=1300369 read=30831',), ('Planning Time: 362.574 ms',), ('Execution Time: 25613.189 ms',)]
[('Index Scan using movie_info_idx_mid on movie_info  (cost=0.01..509615.29 rows=2196978 width=73) (actual time=36.768..25515.665 rows=2200015 loops=1)',), ('  Index Cond: ((movie_id >= 1902441) AND (movie_id <= 2103021))',), ('  Buffers: shared hit=1363369 read=32156',), ('Planning Time: 245.185 ms',), ('Execution Time: 25789.698 ms',)]
[('Index Scan using movie_info_idx_mid on movie_info  (cost=0.01..510463.84 rows=2296296 width=73) (actual time=36.809..25780.356 rows=2300006 loops=1)',), ('  Index Cond: ((movie_id >= 1902441) AND (movie_id <= 2112172))',), ('  Buffers: shared hit=1425276 read=33500',), ('Planning Time: 236.737 ms',), ('Execution Time: 26070.815 ms',)]
[('Index Scan using movie_info_idx_mid on movie_info  (cost=0.01..511324.87 rows=2397085 width=73) (actual time=36.708..26725.407 rows=2400080 loops=1)',), ('  Index Cond: ((movie_id >= 1902441) AND (movie_id <= 2121146))',), ('  Buffers: shared hit=1487177 read=34915',), ('Planning Time: 245.199 ms',), ('Execution Time: 27022.075 ms',)]
[('Index Scan using movie_info_idx_mid on movie_info  (cost=0.01..512182.76 rows=2497392 width=73) (actual time=36.771..27194.642 rows=2500008 loops=1)',), ('  Index Cond: ((movie_id >= 1902441) AND (movie_id <= 2130045))',), ('  Buffers: shared hit=1547916 read=36243',), ('Planning Time: 411.848 ms',), ('Execution Time: 27517.118 ms',)]
[('Index Scan using movie_info_idx_mid on movie_info  (cost=0.01..513034.38 rows=2596708 width=73) (actual time=36.742..27689.193 rows=2600020 loops=1)',), ('  Index Cond: ((movie_id >= 1902441) AND (movie_id <= 2138695))',), ('  Buffers: shared hit=1608068 read=37621',), ('Planning Time: 203.387 ms',), ('Execution Time: 28020.285 ms',)]
[('Index Scan using movie_info_idx_mid on movie_info  (cost=0.01..513895.40 rows=2697437 width=73) (actual time=36.806..28599.539 rows=2700008 loops=1)',), ('  Index Cond: ((movie_id >= 1902441) AND (movie_id <= 2149025))',), ('  Buffers: shared hit=1674741 read=38896',), ('Planning Time: 237.009 ms',), ('Execution Time: 28943.156 ms',)]
[('Index Scan using movie_info_idx_mid on movie_info  (cost=0.01..514750.16 rows=2797298 width=73) (actual time=36.725..29712.974 rows=2800007 loops=1)',), ('  Index Cond: ((movie_id >= 1902441) AND (movie_id <= 2158171))',), ('  Buffers: shared hit=1737617 read=40217',), ('Planning Time: 261.775 ms',), ('Execution Time: 30072.862 ms',)]
[('Index Scan using movie_info_idx_mid on movie_info  (cost=0.01..515608.06 rows=2897659 width=73) (actual time=36.724..29517.216 rows=2900124 loops=1)',), ('  Index Cond: ((movie_id >= 1902441) AND (movie_id <= 2168231))',), ('  Buffers: shared hit=1804604 read=41467',), ('Planning Time: 220.225 ms',), ('Execution Time: 29889.324 ms',)]
[('Index Scan using movie_info_idx_mid on movie_info  (cost=0.01..516456.61 rows=2996934 width=73) (actual time=36.814..30432.597 rows=3000008 loops=1)',), ('  Index Cond: ((movie_id >= 1902441) AND (movie_id <= 2177133))',), ('  Buffers: shared hit=1867011 read=42740',), ('Planning Time: 245.058 ms',), ('Execution Time: 30821.001 ms',)]
[('Index Scan using movie_info_idx_mid on movie_info  (cost=0.01..517314.47 rows=3097073 width=73) (actual time=36.885..31374.387 rows=3100136 loops=1)',), ('  Index Cond: ((movie_id >= 1902441) AND (movie_id <= 2186997))',), ('  Buffers: shared hit=1933188 read=43987',), ('Planning Time: 303.372 ms',), ('Execution Time: 31786.830 ms',)]
[('Index Scan using movie_info_idx_mid on movie_info  (cost=0.01..518166.12 rows=3196571 width=73) (actual time=36.850..31768.330 rows=3200007 loops=1)',), ('  Index Cond: ((movie_id >= 1902441) AND (movie_id <= 2196490))',), ('  Buffers: shared hit=1997431 read=45231',), ('Planning Time: 228.284 ms',), ('Execution Time: 32206.271 ms',)]
[('Index Scan using movie_info_idx_mid on movie_info  (cost=0.01..519027.16 rows=3297436 width=73) (actual time=36.767..32822.817 rows=3300028 loops=1)',), ('  Index Cond: ((movie_id >= 1902441) AND (movie_id <= 2205544))',), ('  Buffers: shared hit=2059428 read=46543',), ('Planning Time: 253.511 ms',), ('Execution Time: 33270.114 ms',)]
[('Index Scan using movie_info_idx_mid on movie_info  (cost=0.01..519885.05 rows=3397759 width=73) (actual time=36.847..34050.778 rows=3400009 loops=1)',), ('  Index Cond: ((movie_id >= 1902441) AND (movie_id <= 2215146))',), ('  Buffers: shared hit=2123961 read=47811',), ('Planning Time: 248.626 ms',), ('Execution Time: 34517.486 ms',)]
[('Index Scan using movie_info_idx_mid on movie_info  (cost=0.01..520746.04 rows=3498260 width=73) (actual time=36.781..33159.418 rows=3500012 loops=1)',), ('  Index Cond: ((movie_id >= 1902441) AND (movie_id <= 2225068))',), ('  Buffers: shared hit=2189493 read=49097',), ('Planning Time: 245.061 ms',), ('Execution Time: 33621.919 ms',)]
[('Index Scan using movie_info_idx_mid on movie_info  (cost=0.01..521597.72 rows=3598044 width=73) (actual time=36.771..33566.801 rows=3600008 loops=1)',), ('  Index Cond: ((movie_id >= 1902441) AND (movie_id <= 2234484))',), ('  Buffers: shared hit=2252160 read=50429',), ('Planning Time: 228.606 ms',), ('Execution Time: 34043.742 ms',)]
[('Index Scan using movie_info_idx_mid on movie_info  (cost=0.01..522464.94 rows=3699196 width=73) (actual time=36.816..34231.816 rows=3700011 loops=1)',), ('  Index Cond: ((movie_id >= 1902441) AND (movie_id <= 2243175))',), ('  Buffers: shared hit=2313830 read=51768',), ('Planning Time: 253.482 ms',), ('Execution Time: 34767.577 ms',)]
[('Index Scan using movie_info_idx_mid on movie_info  (cost=0.01..523322.85 rows=3799622 width=73) (actual time=36.739..34763.187 rows=3800007 loops=1)',), ('  Index Cond: ((movie_id >= 1902441) AND (movie_id <= 2251207))',), ('  Buffers: shared hit=2371607 read=53149',), ('Planning Time: 253.605 ms',), ('Execution Time: 35287.597 ms',)]
[('Index Scan using movie_info_idx_mid on movie_info  (cost=0.01..524177.61 rows=3899492 width=73) (actual time=36.783..35127.036 rows=3900140 loops=1)',), ('  Index Cond: ((movie_id >= 1902441) AND (movie_id <= 2260578))',), ('  Buffers: shared hit=2434582 read=54464',), ('Planning Time: 236.850 ms',), ('Execution Time: 35666.218 ms',)]
[('Index Scan using movie_info_idx_mid on movie_info  (cost=0.01..525029.27 rows=3999077 width=73) (actual time=36.865..36534.359 rows=4000130 loops=1)',), ('  Index Cond: ((movie_id >= 1902441) AND (movie_id <= 2269349))',), ('  Buffers: shared hit=2494752 read=55807',), ('Planning Time: 270.087 ms',), ('Execution Time: 37092.772 ms',)]
[('Index Scan using movie_info_idx_mid on movie_info  (cost=0.01..525877.81 rows=4098315 width=73) (actual time=36.875..36921.782 rows=4100007 loops=1)',), ('  Index Cond: ((movie_id >= 1902441) AND (movie_id <= 2279185))',), ('  Buffers: shared hit=2560657 read=57088',), ('Planning Time: 236.870 ms',), ('Execution Time: 37508.552 ms',)]
[('Index Scan using movie_info_idx_mid on movie_info  (cost=0.01..526729.44 rows=4197761 width=73) (actual time=36.832..37312.542 rows=4200007 loops=1)',), ('  Index Cond: ((movie_id >= 1902441) AND (movie_id <= 2288099))',), ('  Buffers: shared hit=2621040 read=58429',), ('Planning Time: 311.884 ms',), ('Execution Time: 37914.420 ms',)]
[('Index Scan using movie_info_idx_mid on movie_info  (cost=0.01..527587.36 rows=4298243 width=73) (actual time=36.923..37737.528 rows=4300027 loops=1)',), ('  Index Cond: ((movie_id >= 1902441) AND (movie_id <= 2296609))',), ('  Buffers: shared hit=2681135 read=59785',), ('Planning Time: 270.235 ms',), ('Execution Time: 38337.087 ms',)]
[('Index Scan using movie_info_idx_mid on movie_info  (cost=0.01..528451.45 rows=4398955 width=73) (actual time=36.762..38279.187 rows=4400014 loops=1)',), ('  Index Cond: ((movie_id >= 1902441) AND (movie_id <= 2305261))',), ('  Buffers: shared hit=2742450 read=61097',), ('Planning Time: 261.882 ms',), ('Execution Time: 38903.687 ms',)]
[('Index Scan using movie_info_idx_mid on movie_info  (cost=0.01..529303.13 rows=4498730 width=73) (actual time=36.842..39388.277 rows=4500015 loops=1)',), ('  Index Cond: ((movie_id >= 1902441) AND (movie_id <= 2312739))',), ('  Buffers: shared hit=2795682 read=62607',), ('Planning Time: 245.208 ms',), ('Execution Time: 40014.407 ms',)]
[('Index Scan using movie_info_idx_mid on movie_info  (cost=0.01..530167.23 rows=4599521 width=73) (actual time=36.777..39183.899 rows=4600044 loops=1)',), ('  Index Cond: ((movie_id >= 1902441) AND (movie_id <= 2321727))',), ('  Buffers: shared hit=2858958 read=63958',), ('Planning Time: 253.473 ms',), ('Execution Time: 39819.666 ms',)]
[('Index Scan using movie_info_idx_mid on movie_info  (cost=0.01..531018.90 rows=4699241 width=73) (actual time=36.770..40201.088 rows=4700035 loops=1)',), ('  Index Cond: ((movie_id >= 1902441) AND (movie_id <= 2330941))',), ('  Buffers: shared hit=2921665 read=65286',), ('Planning Time: 236.747 ms',), ('Execution Time: 40853.988 ms',)]
[('Index Scan using movie_info_idx_mid on movie_info  (cost=0.01..531873.68 rows=4799195 width=73) (actual time=36.791..42445.128 rows=4800010 loops=1)',), ('  Index Cond: ((movie_id >= 1902441) AND (movie_id <= 2340316))',), ('  Buffers: shared hit=2985149 read=66582',), ('Planning Time: 336.948 ms',), ('Execution Time: 43107.210 ms',)]
[('Index Scan using movie_info_idx_mid on movie_info  (cost=0.01..532719.07 rows=4897893 width=73) (actual time=36.760..41350.136 rows=4900009 loops=1)',), ('  Index Cond: ((movie_id >= 1902441) AND (movie_id <= 2348060))',), ('  Buffers: shared hit=3041417 read=68061',), ('Planning Time: 236.838 ms',), ('Execution Time: 42030.369 ms',)]
[('Index Scan using movie_info_idx_mid on movie_info  (cost=0.01..533570.71 rows=4997404 width=73) (actual time=36.958..41726.474 rows=5000012 loops=1)',), ('  Index Cond: ((movie_id >= 1902441) AND (movie_id <= 2355043))',), ('  Buffers: shared hit=3094909 read=69554',), ('Planning Time: 270.071 ms',), ('Execution Time: 42416.997 ms',)]
[('Index Scan using movie_info_idx_mid on movie_info  (cost=0.01..534434.88 rows=5098700 width=73) (actual time=36.816..42465.952 rows=5100011 loops=1)',), ('  Index Cond: ((movie_id >= 1902441) AND (movie_id <= 2361916))',), ('  Buffers: shared hit=3148059 read=71004',), ('Planning Time: 245.255 ms',), ('Execution Time: 43172.076 ms',)]
[('Index Scan using movie_info_idx_mid on movie_info  (cost=0.01..535295.88 rows=5199236 width=73) (actual time=36.719..42297.180 rows=5200007 loops=1)',), ('  Index Cond: ((movie_id >= 1902441) AND (movie_id <= 2369075))',), ('  Buffers: shared hit=3202339 read=72419',), ('Planning Time: 295.143 ms',), ('Execution Time: 43029.694 ms',)]
[('Index Scan using movie_info_idx_mid on movie_info  (cost=0.01..536156.88 rows=5299815 width=73) (actual time=36.774..44520.550 rows=5300010 loops=1)',), ('  Index Cond: ((movie_id >= 1902441) AND (movie_id <= 2375733))',), ('  Buffers: shared hit=3253915 read=73798',), ('Planning Time: 270.026 ms',), ('Execution Time: 45265.768 ms',)]
[('Index Scan using movie_info_idx_mid on movie_info  (cost=0.01..537005.42 rows=5399132 width=73) (actual time=36.727..44943.013 rows=5400048 loops=1)',), ('  Index Cond: ((movie_id >= 1902441) AND (movie_id <= 2382186))',), ('  Buffers: shared hit=3304190 read=75179',), ('Planning Time: 245.135 ms',), ('Execution Time: 45698.786 ms',)]
[('Index Scan using movie_info_idx_mid on movie_info  (cost=0.01..537863.29 rows=5499279 width=73) (actual time=36.757..46231.356 rows=5500012 loops=1)',), ('  Index Cond: ((movie_id >= 1902441) AND (movie_id <= 2388505))',), ('  Buffers: shared hit=3353750 read=76577',), ('Planning Time: 195.202 ms',), ('Execution Time: 47007.578 ms',)]
[('Index Scan using movie_info_idx_mid on movie_info  (cost=0.01..538711.85 rows=5598623 width=73) (actual time=45.074..45510.497 rows=5600041 loops=1)',), ('  Index Cond: ((movie_id >= 1902441) AND (movie_id <= 2395698))',), ('  Buffers: shared hit=3408514 read=77929',), ('Planning Time: 245.084 ms',), ('Execution Time: 46291.271 ms',)]
[('Index Scan using movie_info_idx_mid on movie_info  (cost=0.01..539557.25 rows=5697396 width=73) (actual time=36.771..45785.668 rows=5700009 loops=1)',), ('  Index Cond: ((movie_id >= 1902441) AND (movie_id <= 2402516))',), ('  Buffers: shared hit=3461242 read=79275',), ('Planning Time: 236.698 ms',), ('Execution Time: 46574.591 ms',)]
[('Index Scan using movie_info_idx_mid on movie_info  (cost=0.01..540408.90 rows=5796921 width=73) (actual time=36.764..46320.892 rows=5800008 loops=1)',), ('  Index Cond: ((movie_id >= 1902441) AND (movie_id <= 2409462))',), ('  Buffers: shared hit=3514314 read=80611',), ('Planning Time: 261.877 ms',), ('Execution Time: 47136.273 ms',)]
[('Index Scan using movie_info_idx_mid on movie_info  (cost=0.01..541266.78 rows=5897180 width=73) (actual time=36.922..48219.689 rows=5900017 loops=1)',), ('  Index Cond: ((movie_id >= 1902441) AND (movie_id <= 2416294))',), ('  Buffers: shared hit=3567353 read=81973',), ('Planning Time: 195.062 ms',), ('Execution Time: 49059.595 ms',)]
[('Index Scan using movie_info_idx_mid on movie_info  (cost=0.01..542124.67 rows=5997451 width=73) (actual time=36.722..47662.531 rows=6000015 loops=1)',), ('  Index Cond: ((movie_id >= 1902441) AND (movie_id <= 2423276))',), ('  Buffers: shared hit=3620688 read=83377',), ('Planning Time: 278.496 ms',), ('Execution Time: 48505.389 ms',)]
[('Index Scan using movie_info_idx_mid on movie_info  (cost=0.01..542982.58 rows=6097838 width=73) (actual time=36.886..49493.164 rows=6100006 loops=1)',), ('  Index Cond: ((movie_id >= 1902441) AND (movie_id <= 2430538))',), ('  Buffers: shared hit=3675518 read=84727',), ('Planning Time: 236.647 ms',), ('Execution Time: 50360.491 ms',)]
[('Index Scan using movie_info_idx_mid on movie_info  (cost=0.01..543849.82 rows=6199147 width=73) (actual time=36.728..48057.689 rows=6200010 loops=1)',), ('  Index Cond: ((movie_id >= 1902441) AND (movie_id <= 2439028))',), ('  Buffers: shared hit=3736164 read=86019',), ('Planning Time: 278.570 ms',), ('Execution Time: 48933.819 ms',)]
[('Index Scan using movie_info_idx_mid on movie_info  (cost=0.01..544710.86 rows=6300064 width=73) (actual time=46.505..49027.399 rows=6300030 loops=1)',), ('  Index Cond: ((movie_id >= 1902441) AND (movie_id <= 2447781))',), ('  Buffers: shared hit=3796093 read=87312',), ('Planning Time: 325.041 ms',), ('Execution Time: 49982.836 ms',)]
[('Index Scan using movie_info_idx_mid on movie_info  (cost=0.01..545568.73 rows=6400196 width=73) (actual time=36.740..49935.913 rows=6400014 loops=1)',), ('  Index Cond: ((movie_id >= 1902441) AND (movie_id <= 2456735))',), ('  Buffers: shared hit=3858597 read=88566',), ('Planning Time: 236.849 ms',), ('Execution Time: 50829.881 ms',)]
[('Index Scan using movie_info_idx_mid on movie_info  (cost=0.01..546426.64 rows=6500605 width=73) (actual time=36.795..49847.733 rows=6500010 loops=1)',), ('  Index Cond: ((movie_id >= 1902441) AND (movie_id <= 2466299))',), ('  Buffers: shared hit=3923595 read=89721',), ('Planning Time: 245.096 ms',), ('Execution Time: 50804.466 ms',)]
[('Index Scan using movie_info_idx_mid on movie_info  (cost=0.01..547284.51 rows=6600729 width=73) (actual time=36.765..50822.748 rows=6600006 loops=1)',), ('  Index Cond: ((movie_id >= 1902441) AND (movie_id <= 2476058))',), ('  Buffers: shared hit=3987427 read=90940',), ('Planning Time: 228.527 ms',), ('Execution Time: 51745.270 ms',)]
[('Index Scan using movie_info_idx_mid on movie_info  (cost=0.01..548139.27 rows=6700617 width=73) (actual time=36.771..52091.628 rows=6700018 loops=1)',), ('  Index Cond: ((movie_id >= 1902441) AND (movie_id <= 2486326))',), ('  Buffers: shared hit=4055593 read=92141',), ('Planning Time: 228.468 ms',), ('Execution Time: 53071.374 ms',)]
[('Index Scan using movie_info_idx_mid on movie_info  (cost=0.01..548990.95 rows=6800381 width=73) (actual time=36.778..52558.039 rows=6800006 loops=1)',), ('  Index Cond: ((movie_id >= 1902441) AND (movie_id <= 2494962))',), ('  Buffers: shared hit=4116619 read=93420',), ('Planning Time: 228.457 ms',), ('Execution Time: 53519.066 ms',)]
[('Index Scan using movie_info_idx_mid on movie_info  (cost=0.01..549851.94 rows=6900897 width=73) (actual time=36.805..52540.111 rows=6900007 loops=1)',), ('  Index Cond: ((movie_id >= 1902441) AND (movie_id <= 2503092))',), ('  Buffers: shared hit=4175700 read=94675',), ('Planning Time: 228.315 ms',), ('Execution Time: 53533.211 ms',)]
[('Index Scan using movie_info_idx_mid on movie_info  (cost=0.01..550712.97 rows=7001636 width=73) (actual time=36.769..53201.567 rows=7000006 loops=1)',), ('  Index Cond: ((movie_id >= 1902441) AND (movie_id <= 2512265))',), ('  Buffers: shared hit=4238491 read=95937',), ('Planning Time: 245.462 ms',), ('Execution Time: 54193.002 ms',)]
[('Index Scan using movie_info_idx_mid on movie_info  (cost=0.01..551570.84 rows=7101793 width=73) (actual time=64.855..51801.239 rows=7100006 loops=1)',), ('  Index Cond: ((movie_id >= 1902441) AND (movie_id <= 2522054))',), ('  Buffers: shared hit=4303829 read=97146',), ('Planning Time: 386.800 ms',), ('Execution Time: 52856.887 ms',)]
