[('Index Scan using movie_info_idx_mid on movie_info  (cost=0.01..232582.32 rows=100049 width=73) (actual time=0.081..2331.667 rows=100002 loops=1)',), ('  Index Cond: ((movie_id >= 0) AND (movie_id <= 40838))',), ('  Buffers: shared hit=55581 read=2315',), ('Planning Time: 280.017 ms',), ('Execution Time: 2343.792 ms',)]
[('Index Scan using movie_info_idx_mid on movie_info  (cost=0.01..376691.39 rows=200130 width=73) (actual time=0.032..3564.697 rows=200008 loops=1)',), ('  Index Cond: ((movie_id >= 0) AND (movie_id <= 74525))',), ('  Buffers: shared hit=117430 read=4410',), ('Planning Time: 279.889 ms',), ('Execution Time: 3587.870 ms',)]
[('Index Scan using movie_info_idx_mid on movie_info  (cost=0.01..474068.51 rows=299265 width=73) (actual time=0.034..5487.464 rows=300003 loops=1)',), ('  Index Cond: ((movie_id >= 0) AND (movie_id <= 113746))',), ('  Buffers: shared hit=177141 read=6571',), ('Planning Time: 293.145 ms',), ('Execution Time: 5523.679 ms',)]
[('Index Scan using movie_info_idx_mid on movie_info  (cost=0.01..494241.92 rows=399973 width=73) (actual time=0.092..6441.939 rows=400007 loops=1)',), ('  Index Cond: ((movie_id >= 0) AND (movie_id <= 148529))',), ('  Buffers: shared hit=234432 read=8681',), ('Planning Time: 303.333 ms',), ('Execution Time: 6510.277 ms',)]
[('Index Scan using movie_info_idx_mid on movie_info  (cost=0.01..495096.66 rows=499715 width=73) (actual time=0.036..8168.487 rows=500008 loops=1)',), ('  Index Cond: ((movie_id >= 0) AND (movie_id <= 181196))',), ('  Buffers: shared hit=293487 read=10366',), ('Planning Time: 301.362 ms',), ('Execution Time: 8224.177 ms',)]
[('Index Scan using movie_info_idx_mid on movie_info  (cost=0.01..495945.23 rows=599149 width=73) (actual time=0.089..8701.925 rows=600000 loops=1)',), ('  Index Cond: ((movie_id >= 0) AND (movie_id <= 219655))',), ('  Buffers: shared hit=348990 read=11994',), ('Planning Time: 284.437 ms',), ('Execution Time: 8781.681 ms',)]
[('Index Scan using movie_info_idx_mid on movie_info  (cost=0.01..496803.08 rows=699138 width=73) (actual time=0.089..10024.301 rows=700001 loops=1)',), ('  Index Cond: ((movie_id >= 0) AND (movie_id <= 250392))',), ('  Buffers: shared hit=416506 read=13493',), ('Planning Time: 271.739 ms',), ('Execution Time: 10116.286 ms',)]
[('Index Scan using movie_info_idx_mid on movie_info  (cost=0.01..497648.52 rows=798191 width=73) (actual time=0.085..11346.126 rows=800007 loops=1)',), ('  Index Cond: ((movie_id >= 0) AND (movie_id <= 286627))',), ('  Buffers: shared hit=485390 read=14841',), ('Planning Time: 301.160 ms',), ('Execution Time: 11440.533 ms',)]
[('Index Scan using movie_info_idx_mid on movie_info  (cost=0.01..498503.28 rows=898079 width=73) (actual time=0.049..11747.513 rows=900001 loops=1)',), ('  Index Cond: ((movie_id >= 0) AND (movie_id <= 318576))',), ('  Buffers: shared hit=542402 read=16529',), ('Planning Time: 276.250 ms',), ('Execution Time: 11860.951 ms',)]
[('Index Scan using movie_info_idx_mid on movie_info  (cost=0.01..499354.91 rows=997452 width=73) (actual time=0.082..12482.427 rows=1000005 loops=1)',), ('  Index Cond: ((movie_id >= 0) AND (movie_id <= 359006))',), ('  Buffers: shared hit=599350 read=18042',), ('Planning Time: 292.777 ms',), ('Execution Time: 12596.802 ms',)]
[('Index Scan using movie_info_idx_mid on movie_info  (cost=0.01..500206.59 rows=1097228 width=73) (actual time=0.088..13356.182 rows=1100000 loops=1)',), ('  Index Cond: ((movie_id >= 0) AND (movie_id <= 390899))',), ('  Buffers: shared hit=660060 read=19657',), ('Planning Time: 321.935 ms',), ('Execution Time: 13502.613 ms',)]
[('Index Scan using movie_info_idx_mid on movie_info  (cost=0.01..501064.45 rows=1197295 width=73) (actual time=0.089..14360.974 rows=1200001 loops=1)',), ('  Index Cond: ((movie_id >= 0) AND (movie_id <= 437802))',), ('  Buffers: shared hit=716483 read=20907',), ('Planning Time: 313.426 ms',), ('Execution Time: 14513.169 ms',)]
[('Index Scan using movie_info_idx_mid on movie_info  (cost=0.01..501916.11 rows=1296909 width=73) (actual time=0.092..14790.947 rows=1300000 loops=1)',), ('  Index Cond: ((movie_id >= 0) AND (movie_id <= 474930))',), ('  Buffers: shared hit=769637 read=22436',), ('Planning Time: 345.157 ms',), ('Execution Time: 14964.265 ms',)]
[('Index Scan using movie_info_idx_mid on movie_info  (cost=0.01..502777.12 rows=1397549 width=73) (actual time=0.072..16557.000 rows=1400004 loops=1)',), ('  Index Cond: ((movie_id >= 0) AND (movie_id <= 506384))',), ('  Buffers: shared hit=828254 read=24020',), ('Planning Time: 353.505 ms',), ('Execution Time: 16734.234 ms',)]
[('Index Scan using movie_info_idx_mid on movie_info  (cost=0.01..503622.56 rows=1496597 width=73) (actual time=0.089..16556.359 rows=1500004 loops=1)',), ('  Index Cond: ((movie_id >= 0) AND (movie_id <= 544379))',), ('  Buffers: shared hit=883418 read=25511',), ('Planning Time: 320.302 ms',), ('Execution Time: 16752.962 ms',)]
[('Index Scan using movie_info_idx_mid on movie_info  (cost=0.01..504477.32 rows=1596447 width=73) (actual time=0.085..17661.160 rows=1600004 loops=1)',), ('  Index Cond: ((movie_id >= 0) AND (movie_id <= 573036))',), ('  Buffers: shared hit=947880 read=27003',), ('Planning Time: 370.246 ms',), ('Execution Time: 17851.229 ms',)]
[('Index Scan using movie_info_idx_mid on movie_info  (cost=0.01..505325.86 rows=1695729 width=73) (actual time=0.040..18702.375 rows=1700002 loops=1)',), ('  Index Cond: ((movie_id >= 0) AND (movie_id <= 603815))',), ('  Buffers: shared hit=1018221 read=28478',), ('Planning Time: 328.489 ms',), ('Execution Time: 18930.629 ms',)]
[('Index Scan using movie_info_idx_mid on movie_info  (cost=0.01..506183.74 rows=1795903 width=73) (actual time=0.094..19228.507 rows=1800001 loops=1)',), ('  Index Cond: ((movie_id >= 0) AND (movie_id <= 640117))',), ('  Buffers: shared hit=1075923 read=29986',), ('Planning Time: 303.468 ms',), ('Execution Time: 19461.239 ms',)]
[('Index Scan using movie_info_idx_mid on movie_info  (cost=0.01..507035.42 rows=1895671 width=73) (actual time=0.088..20083.645 rows=1900002 loops=1)',), ('  Index Cond: ((movie_id >= 0) AND (movie_id <= 678442))',), ('  Buffers: shared hit=1139516 read=31318',), ('Planning Time: 320.159 ms',), ('Execution Time: 20322.529 ms',)]
[('Index Scan using movie_info_idx_mid on movie_info  (cost=0.01..507887.03 rows=1994966 width=73) (actual time=0.092..19935.922 rows=2000005 loops=1)',), ('  Index Cond: ((movie_id >= 0) AND (movie_id <= 716417))',), ('  Buffers: shared hit=1199176 read=32709',), ('Planning Time: 286.818 ms',), ('Execution Time: 20192.782 ms',)]
[('Index Scan using movie_info_idx_mid on movie_info  (cost=0.01..508757.41 rows=2096728 width=73) (actual time=0.086..20925.660 rows=2100000 loops=1)',), ('  Index Cond: ((movie_id >= 0) AND (movie_id <= 759459))',), ('  Buffers: shared hit=1257438 read=33901',), ('Planning Time: 320.272 ms',), ('Execution Time: 21203.419 ms',)]
[('Index Scan using movie_info_idx_mid on movie_info  (cost=0.01..509618.44 rows=2197573 width=73) (actual time=0.087..21844.417 rows=2200009 loops=1)',), ('  Index Cond: ((movie_id >= 0) AND (movie_id <= 791714))',), ('  Buffers: shared hit=1322707 read=35263',), ('Planning Time: 311.756 ms',), ('Execution Time: 22135.057 ms',)]
[('Index Scan using movie_info_idx_mid on movie_info  (cost=0.01..510466.94 rows=2296539 width=73) (actual time=0.091..21528.778 rows=2300014 loops=1)',), ('  Index Cond: ((movie_id >= 0) AND (movie_id <= 824419))',), ('  Buffers: shared hit=1388592 read=36703',), ('Planning Time: 311.853 ms',), ('Execution Time: 21829.151 ms',)]
[('Index Scan using movie_info_idx_mid on movie_info  (cost=0.01..511321.73 rows=2396588 width=73) (actual time=0.088..23380.176 rows=2400037 loops=1)',), ('  Index Cond: ((movie_id >= 0) AND (movie_id <= 854647))',), ('  Buffers: shared hit=1451693 read=38119',), ('Planning Time: 303.610 ms',), ('Execution Time: 23700.352 ms',)]
[('Index Scan using movie_info_idx_mid on movie_info  (cost=0.01..512173.37 rows=2496060 width=73) (actual time=0.087..24620.821 rows=2500003 loops=1)',), ('  Index Cond: ((movie_id >= 0) AND (movie_id <= 891172))',), ('  Buffers: shared hit=1507252 read=39735',), ('Planning Time: 295.293 ms',), ('Execution Time: 24955.658 ms',)]
[('Index Scan using movie_info_idx_mid on movie_info  (cost=0.01..513034.39 rows=2596781 width=73) (actual time=0.078..24894.098 rows=2600000 loops=1)',), ('  Index Cond: ((movie_id >= 0) AND (movie_id <= 921156))',), ('  Buffers: shared hit=1567143 read=41310',), ('Planning Time: 303.470 ms',), ('Execution Time: 25224.822 ms',)]
[('Index Scan using movie_info_idx_mid on movie_info  (cost=0.01..513882.94 rows=2696117 width=73) (actual time=0.090..24282.519 rows=2700008 loops=1)',), ('  Index Cond: ((movie_id >= 0) AND (movie_id <= 957975))',), ('  Buffers: shared hit=1631112 read=42655',), ('Planning Time: 295.253 ms',), ('Execution Time: 24635.494 ms',)]
[('Index Scan using movie_info_idx_mid on movie_info  (cost=0.01..514747.04 rows=2796894 width=73) (actual time=0.087..25027.903 rows=2800001 loops=1)',), ('  Index Cond: ((movie_id >= 0) AND (movie_id <= 1000491))',), ('  Buffers: shared hit=1689681 read=44014',), ('Planning Time: 311.981 ms',), ('Execution Time: 25390.232 ms',)]
[('Index Scan using movie_info_idx_mid on movie_info  (cost=0.01..515598.68 rows=2896416 width=73) (actual time=0.076..26064.150 rows=2900000 loops=1)',), ('  Index Cond: ((movie_id >= 0) AND (movie_id <= 1035672))',), ('  Buffers: shared hit=1756637 read=45398',), ('Planning Time: 311.860 ms',), ('Execution Time: 26465.351 ms',)]
[('Index Scan using movie_info_idx_mid on movie_info  (cost=0.01..516453.48 rows=2996547 width=73) (actual time=0.092..27146.798 rows=3000003 loops=1)',), ('  Index Cond: ((movie_id >= 0) AND (movie_id <= 1072682))',), ('  Buffers: shared hit=1818074 read=46872',), ('Planning Time: 320.202 ms',), ('Execution Time: 27564.619 ms',)]
[('Index Scan using movie_info_idx_mid on movie_info  (cost=0.01..517311.35 rows=3096663 width=73) (actual time=0.079..27617.070 rows=3100000 loops=1)',), ('  Index Cond: ((movie_id >= 0) AND (movie_id <= 1108885))',), ('  Buffers: shared hit=1877625 read=48363',), ('Planning Time: 311.884 ms',), ('Execution Time: 28042.556 ms',)]
[('Index Scan using movie_info_idx_mid on movie_info  (cost=0.01..518166.11 rows=3196549 width=73) (actual time=0.086..28307.062 rows=3200004 loops=1)',), ('  Index Cond: ((movie_id >= 0) AND (movie_id <= 1145224))',), ('  Buffers: shared hit=1938329 read=49806',), ('Planning Time: 225.556 ms',), ('Execution Time: 28731.696 ms',)]
[('Index Scan using movie_info_idx_mid on movie_info  (cost=0.01..519027.16 rows=3297486 width=73) (actual time=0.039..28416.347 rows=3300002 loops=1)',), ('  Index Cond: ((movie_id >= 0) AND (movie_id <= 1183131))',), ('  Buffers: shared hit=1996622 read=51247',), ('Planning Time: 261.681 ms',), ('Execution Time: 28868.962 ms',)]
[('Index Scan using movie_info_idx_mid on movie_info  (cost=0.01..519885.04 rows=3397655 width=73) (actual time=0.041..29848.147 rows=3400000 loops=1)',), ('  Index Cond: ((movie_id >= 0) AND (movie_id <= 1205199))',), ('  Buffers: shared hit=2045333 read=53312',), ('Planning Time: 328.481 ms',), ('Execution Time: 30303.631 ms',)]
[('Index Scan using movie_info_idx_mid on movie_info  (cost=0.01..520733.58 rows=3496959 width=73) (actual time=0.037..29876.302 rows=3500001 loops=1)',), ('  Index Cond: ((movie_id >= 0) AND (movie_id <= 1243886))',), ('  Buffers: shared hit=2102758 read=54642',), ('Planning Time: 295.094 ms',), ('Execution Time: 30374.259 ms',)]
[('Index Scan using movie_info_idx_mid on movie_info  (cost=0.01..521588.33 rows=3596715 width=73) (actual time=0.085..31671.226 rows=3600002 loops=1)',), ('  Index Cond: ((movie_id >= 0) AND (movie_id <= 1276656))',), ('  Buffers: shared hit=2153734 read=56183',), ('Planning Time: 303.537 ms',), ('Execution Time: 32187.571 ms',)]
[('Index Scan using movie_info_idx_mid on movie_info  (cost=0.01..522455.59 rows=3698170 width=73) (actual time=0.091..32628.572 rows=3700001 loops=1)',), ('  Index Cond: ((movie_id >= 0) AND (movie_id <= 1300229))',), ('  Buffers: shared hit=2226907 read=57617',), ('Planning Time: 303.571 ms',), ('Execution Time: 33123.284 ms',)]
[('Index Scan using movie_info_idx_mid on movie_info  (cost=0.01..523322.85 rows=3799632 width=73) (actual time=0.051..32202.243 rows=3800036 loops=1)',), ('  Index Cond: ((movie_id >= 0) AND (movie_id <= 1326635))',), ('  Buffers: shared hit=2299905 read=58895',), ('Planning Time: 299.211 ms',), ('Execution Time: 32748.632 ms',)]
[('Index Scan using movie_info_idx_mid on movie_info  (cost=0.01..524174.50 rows=3899149 width=73) (actual time=0.082..33634.055 rows=3900000 loops=1)',), ('  Index Cond: ((movie_id >= 0) AND (movie_id <= 1352691))',), ('  Buffers: shared hit=2363800 read=60357',), ('Planning Time: 361.835 ms',), ('Execution Time: 34149.880 ms',)]
[('Index Scan using movie_info_idx_mid on movie_info  (cost=0.01..525029.25 rows=3998954 width=73) (actual time=0.083..33267.990 rows=4000009 loops=1)',), ('  Index Cond: ((movie_id >= 0) AND (movie_id <= 1379897))',), ('  Buffers: shared hit=2428848 read=61788',), ('Planning Time: 345.079 ms',), ('Execution Time: 33833.096 ms',)]
[('Index Scan using movie_info_idx_mid on movie_info  (cost=0.01..525884.05 rows=4099058 width=73) (actual time=0.091..33956.359 rows=4100005 loops=1)',), ('  Index Cond: ((movie_id >= 0) AND (movie_id <= 1407096))',), ('  Buffers: shared hit=2498834 read=63151',), ('Planning Time: 261.829 ms',), ('Execution Time: 34519.021 ms',)]
[('Index Scan using movie_info_idx_mid on movie_info  (cost=0.01..526735.69 rows=4198567 width=73) (actual time=0.039..34144.299 rows=4200001 loops=1)',), ('  Index Cond: ((movie_id >= 0) AND (movie_id <= 1432171))',), ('  Buffers: shared hit=2560772 read=64725',), ('Planning Time: 253.452 ms',), ('Execution Time: 34720.549 ms',)]
[('Index Scan using movie_info_idx_mid on movie_info  (cost=0.01..527577.97 rows=4296950 width=73) (actual time=0.052..35637.321 rows=4300000 loops=1)',), ('  Index Cond: ((movie_id >= 0) AND (movie_id <= 1461315))',), ('  Buffers: shared hit=2622471 read=66283',), ('Planning Time: 336.758 ms',), ('Execution Time: 36258.198 ms',)]
[('Index Scan using movie_info_idx_mid on movie_info  (cost=0.01..528445.22 rows=4398332 width=73) (actual time=0.079..35121.897 rows=4400002 loops=1)',), ('  Index Cond: ((movie_id >= 0) AND (movie_id <= 1500201))',), ('  Buffers: shared hit=2680419 read=67810',), ('Planning Time: 261.834 ms',), ('Execution Time: 35719.418 ms',)]
[('Index Scan using movie_info_idx_mid on movie_info  (cost=0.01..529303.12 rows=4498645 width=73) (actual time=0.081..36984.074 rows=4500001 loops=1)',), ('  Index Cond: ((movie_id >= 0) AND (movie_id <= 1540988))',), ('  Buffers: shared hit=2740373 read=69160',), ('Planning Time: 295.075 ms',), ('Execution Time: 37573.311 ms',)]
[('Index Scan using movie_info_idx_mid on movie_info  (cost=0.01..530161.01 rows=4598978 width=73) (actual time=0.086..36298.274 rows=4600005 loops=1)',), ('  Index Cond: ((movie_id >= 0) AND (movie_id <= 1578946))',), ('  Buffers: shared hit=2806309 read=70502',), ('Planning Time: 311.834 ms',), ('Execution Time: 36918.984 ms',)]
[('Index Scan using movie_info_idx_mid on movie_info  (cost=0.01..531012.69 rows=4698688 width=73) (actual time=0.084..37196.988 rows=4700003 loops=1)',), ('  Index Cond: ((movie_id >= 0) AND (movie_id <= 1614821))',), ('  Buffers: shared hit=2868026 read=72009',), ('Planning Time: 320.072 ms',), ('Execution Time: 37855.934 ms',)]
[('Index Scan using movie_info_idx_mid on movie_info  (cost=0.01..531876.79 rows=4799547 width=73) (actual time=0.086..37945.110 rows=4800001 loops=1)',), ('  Index Cond: ((movie_id >= 0) AND (movie_id <= 1639322))',), ('  Buffers: shared hit=2928000 read=73375',), ('Planning Time: 345.104 ms',), ('Execution Time: 38619.097 ms',)]
[('Index Scan using movie_info_idx_mid on movie_info  (cost=0.01..532731.55 rows=4899400 width=73) (actual time=0.087..39690.119 rows=4900002 loops=1)',), ('  Index Cond: ((movie_id >= 0) AND (movie_id <= 1648025))',), ('  Buffers: shared hit=2989718 read=74890',), ('Planning Time: 320.147 ms',), ('Execution Time: 40371.881 ms',)]
[('Index Scan using movie_info_idx_mid on movie_info  (cost=0.01..533586.33 rows=4999347 width=73) (actual time=0.086..41213.184 rows=5000003 loops=1)',), ('  Index Cond: ((movie_id >= 0) AND (movie_id <= 1656610))',), ('  Buffers: shared hit=3050181 read=76478',), ('Planning Time: 270.191 ms',), ('Execution Time: 41882.217 ms',)]
[('Index Scan using movie_info_idx_mid on movie_info  (cost=0.01..534450.45 rows=5100295 width=73) (actual time=0.086..41795.041 rows=5100006 loops=1)',), ('  Index Cond: ((movie_id >= 0) AND (movie_id <= 1665689))',), ('  Buffers: shared hit=3112745 read=77937',), ('Planning Time: 636.702 ms',), ('Execution Time: 42495.926 ms',)]
[('Index Scan using movie_info_idx_mid on movie_info  (cost=0.01..535305.22 rows=5200236 width=73) (actual time=0.080..43819.622 rows=5200141 loops=1)',), ('  Index Cond: ((movie_id >= 0) AND (movie_id <= 1674846))',), ('  Buffers: shared hit=3174296 read=79297',), ('Planning Time: 261.833 ms',), ('Execution Time: 44504.197 ms',)]
[('Index Scan using movie_info_idx_mid on movie_info  (cost=0.01..536153.78 rows=5299627 width=73) (actual time=0.109..43980.111 rows=5300006 loops=1)',), ('  Index Cond: ((movie_id >= 0) AND (movie_id <= 1683538))',), ('  Buffers: shared hit=3234859 read=80670',), ('Planning Time: 286.877 ms',), ('Execution Time: 44698.052 ms',)]
[('Index Scan using movie_info_idx_mid on movie_info  (cost=0.01..537014.77 rows=5400116 width=73) (actual time=0.086..44146.475 rows=5400002 loops=1)',), ('  Index Cond: ((movie_id >= 0) AND (movie_id <= 1692932))',), ('  Buffers: shared hit=3297857 read=82010',), ('Planning Time: 320.112 ms',), ('Execution Time: 44886.891 ms',)]
[('Index Scan using movie_info_idx_mid on movie_info  (cost=0.01..537872.65 rows=5500336 width=73) (actual time=0.088..45138.624 rows=5500009 loops=1)',), ('  Index Cond: ((movie_id >= 0) AND (movie_id <= 1702852))',), ('  Buffers: shared hit=3363462 read=83280',), ('Planning Time: 420.124 ms',), ('Execution Time: 45891.053 ms',)]
[('Index Scan using movie_info_idx_mid on movie_info  (cost=0.01..538733.66 rows=5600967 width=73) (actual time=0.086..46393.251 rows=5600009 loops=1)',), ('  Index Cond: ((movie_id >= 0) AND (movie_id <= 1712165))',), ('  Buffers: shared hit=3425237 read=84626',), ('Planning Time: 303.457 ms',), ('Execution Time: 47193.494 ms',)]
[('Index Scan using movie_info_idx_mid on movie_info  (cost=0.01..539588.43 rows=5700938 width=73) (actual time=0.087..47853.185 rows=5700006 loops=1)',), ('  Index Cond: ((movie_id >= 0) AND (movie_id <= 1720744))',), ('  Buffers: shared hit=3484902 read=86006',), ('Planning Time: 403.499 ms',), ('Execution Time: 48695.163 ms',)]
[('Index Scan using movie_info_idx_mid on movie_info  (cost=0.01..540433.86 rows=5799890 width=73) (actual time=0.087..47817.267 rows=5800002 loops=1)',), ('  Index Cond: ((movie_id >= 0) AND (movie_id <= 1730335))',), ('  Buffers: shared hit=3548480 read=87324',), ('Planning Time: 328.505 ms',), ('Execution Time: 48583.050 ms',)]
[('Index Scan using movie_info_idx_mid on movie_info  (cost=0.01..541291.75 rows=5900145 width=73) (actual time=0.089..48508.358 rows=5900024 loops=1)',), ('  Index Cond: ((movie_id >= 0) AND (movie_id <= 1738915))',), ('  Buffers: shared hit=3609387 read=88673',), ('Planning Time: 303.525 ms',), ('Execution Time: 49310.705 ms',)]
[('Index Scan using movie_info_idx_mid on movie_info  (cost=0.01..542146.50 rows=5999964 width=73) (actual time=0.084..49682.426 rows=6000002 loops=1)',), ('  Index Cond: ((movie_id >= 0) AND (movie_id <= 1747280))',), ('  Buffers: shared hit=3668119 read=90024',), ('Planning Time: 586.897 ms',), ('Execution Time: 50499.363 ms',)]
[('Index Scan using movie_info_idx_mid on movie_info  (cost=0.01..543001.30 rows=6100049 width=73) (actual time=0.080..49353.084 rows=6100040 loops=1)',), ('  Index Cond: ((movie_id >= 0) AND (movie_id <= 1756116))',), ('  Buffers: shared hit=3729900 read=91327',), ('Planning Time: 311.808 ms',), ('Execution Time: 50168.672 ms',)]
[('Index Scan using movie_info_idx_mid on movie_info  (cost=0.01..543856.06 rows=6199897 width=73) (actual time=0.089..50348.066 rows=6200053 loops=1)',), ('  Index Cond: ((movie_id >= 0) AND (movie_id <= 1764394))',), ('  Buffers: shared hit=3788813 read=92705',), ('Planning Time: 295.175 ms',), ('Execution Time: 51205.626 ms',)]
[('Index Scan using movie_info_idx_mid on movie_info  (cost=0.01..544707.74 rows=6299675 width=73) (actual time=0.097..51506.271 rows=6300005 loops=1)',), ('  Index Cond: ((movie_id >= 0) AND (movie_id <= 1773707))',), ('  Buffers: shared hit=3851706 read=94011',), ('Planning Time: 311.791 ms',), ('Execution Time: 52346.184 ms',)]
[('Index Scan using movie_info_idx_mid on movie_info  (cost=0.01..545559.37 rows=6399107 width=73) (actual time=0.089..50902.794 rows=6400011 loops=1)',), ('  Index Cond: ((movie_id >= 0) AND (movie_id <= 1782408))',), ('  Buffers: shared hit=3912079 read=95358',), ('Planning Time: 328.494 ms',), ('Execution Time: 51756.441 ms',)]
[('Index Scan using movie_info_idx_mid on movie_info  (cost=0.01..546411.04 rows=6498754 width=73) (actual time=0.090..51334.113 rows=6500010 loops=1)',), ('  Index Cond: ((movie_id >= 0) AND (movie_id <= 1791400))',), ('  Buffers: shared hit=3974734 read=96680',), ('Planning Time: 303.447 ms',), ('Execution Time: 52213.799 ms',)]
[('Index Scan using movie_info_idx_mid on movie_info  (cost=0.01..547265.82 rows=6598750 width=73) (actual time=0.088..53199.560 rows=6600003 loops=1)',), ('  Index Cond: ((movie_id >= 0) AND (movie_id <= 1800473))',), ('  Buffers: shared hit=4038380 read=97991',), ('Planning Time: 286.820 ms',), ('Execution Time: 54105.131 ms',)]
[('Index Scan using movie_info_idx_mid on movie_info  (cost=0.01..548136.15 rows=6700265 width=73) (actual time=0.085..53156.349 rows=6700005 loops=1)',), ('  Index Cond: ((movie_id >= 0) AND (movie_id <= 1809853))',), ('  Buffers: shared hit=4102638 read=99306',), ('Planning Time: 353.494 ms',), ('Execution Time: 54068.282 ms',)]
[('Index Scan using movie_info_idx_mid on movie_info  (cost=0.01..548987.81 rows=6799830 width=73) (actual time=0.091..54733.120 rows=6800007 loops=1)',), ('  Index Cond: ((movie_id >= 0) AND (movie_id <= 1818706))',), ('  Buffers: shared hit=4165579 read=100655',), ('Planning Time: 270.177 ms',), ('Execution Time: 55653.873 ms',)]
[('Index Scan using movie_info_idx_mid on movie_info  (cost=0.01..549842.60 rows=6899896 width=73) (actual time=0.092..54236.836 rows=6900005 loops=1)',), ('  Index Cond: ((movie_id >= 0) AND (movie_id <= 1828605))',), ('  Buffers: shared hit=4231050 read=101951',), ('Planning Time: 336.906 ms',), ('Execution Time: 55183.557 ms',)]
[('Index Scan using movie_info_idx_mid on movie_info  (cost=0.01..550697.35 rows=6999679 width=73) (actual time=0.094..56637.614 rows=7000023 loops=1)',), ('  Index Cond: ((movie_id >= 0) AND (movie_id <= 1838235))',), ('  Buffers: shared hit=4295413 read=103245',), ('Planning Time: 378.556 ms',), ('Execution Time: 57588.095 ms',)]
[('Index Scan using movie_info_idx_mid on movie_info  (cost=0.01..551549.00 rows=7099255 width=73) (actual time=0.038..56036.082 rows=7100040 loops=1)',), ('  Index Cond: ((movie_id >= 0) AND (movie_id <= 1846885))',), ('  Buffers: shared hit=4356121 read=104563',), ('Planning Time: 311.832 ms',), ('Execution Time: 57004.282 ms',)]
[('Index Scan using movie_info_idx_mid on movie_info  (cost=0.01..552403.76 rows=7199069 width=73) (actual time=0.042..59117.891 rows=7200006 loops=1)',), ('  Index Cond: ((movie_id >= 0) AND (movie_id <= 1856503))',), ('  Buffers: shared hit=4420978 read=105852',), ('Planning Time: 353.479 ms',), ('Execution Time: 60144.866 ms',)]
[('Index Scan using movie_info_idx_mid on movie_info  (cost=0.01..553246.08 rows=7297738 width=73) (actual time=0.087..59234.418 rows=7300011 loops=1)',), ('  Index Cond: ((movie_id >= 0) AND (movie_id <= 1866793))',), ('  Buffers: shared hit=4490002 read=107079',), ('Planning Time: 320.242 ms',), ('Execution Time: 60255.733 ms',)]
[('Index Scan using movie_info_idx_mid on movie_info  (cost=0.01..554097.74 rows=7397389 width=73) (actual time=0.086..58927.737 rows=7400008 loops=1)',), ('  Index Cond: ((movie_id >= 0) AND (movie_id <= 1876672))',), ('  Buffers: shared hit=4555556 read=108328',), ('Planning Time: 295.238 ms',), ('Execution Time: 60003.536 ms',)]
[('Index Scan using movie_info_idx_mid on movie_info  (cost=0.01..554958.75 rows=7498028 width=73) (actual time=0.086..58719.758 rows=7500004 loops=1)',), ('  Index Cond: ((movie_id >= 0) AND (movie_id <= 1885208))',), ('  Buffers: shared hit=4615888 read=109697',), ('Planning Time: 370.427 ms',), ('Execution Time: 59739.190 ms',)]
[('Index Scan using movie_info_idx_mid on movie_info  (cost=0.01..555810.37 rows=7597352 width=73) (actual time=0.047..59499.438 rows=7600034 loops=1)',), ('  Index Cond: ((movie_id >= 0) AND (movie_id <= 1894101))',), ('  Buffers: shared hit=4677296 read=111003',), ('Planning Time: 478.346 ms',), ('Execution Time: 60584.276 ms',)]
[('Index Scan using movie_info_idx_mid on movie_info  (cost=0.01..556665.17 rows=7697484 width=73) (actual time=0.035..60914.364 rows=7700005 loops=1)',), ('  Index Cond: ((movie_id >= 0) AND (movie_id <= 1902441))',), ('  Buffers: shared hit=4737256 read=112366',), ('Planning Time: 303.426 ms',), ('Execution Time: 61982.521 ms',)]
[('Index Scan using movie_info_idx_mid on movie_info  (cost=0.01..557516.80 rows=7796898 width=73) (actual time=0.087..62615.708 rows=7800004 loops=1)',), ('  Index Cond: ((movie_id >= 0) AND (movie_id <= 1911470))',), ('  Buffers: shared hit=4798528 read=113689',), ('Planning Time: 286.750 ms',), ('Execution Time: 63726.585 ms',)]
[('Index Scan using movie_info_idx_mid on movie_info  (cost=0.01..558365.35 rows=7896213 width=73) (actual time=0.091..61567.153 rows=7900002 loops=1)',), ('  Index Cond: ((movie_id >= 0) AND (movie_id <= 1920722))',), ('  Buffers: shared hit=4860666 read=115045',), ('Planning Time: 295.305 ms',), ('Execution Time: 62674.706 ms',)]
[('Index Scan using movie_info_idx_mid on movie_info  (cost=0.01..559220.12 rows=7996108 width=73) (actual time=0.092..63049.805 rows=8000005 loops=1)',), ('  Index Cond: ((movie_id >= 0) AND (movie_id <= 1928951))',), ('  Buffers: shared hit=4919031 read=116464',), ('Planning Time: 328.552 ms',), ('Execution Time: 64198.799 ms',)]
[('Index Scan using movie_info_idx_mid on movie_info  (cost=0.01..560081.13 rows=8096808 width=73) (actual time=0.040..63419.068 rows=8100003 loops=1)',), ('  Index Cond: ((movie_id >= 0) AND (movie_id <= 1937884))',), ('  Buffers: shared hit=4980040 read=117819',), ('Planning Time: 303.674 ms',), ('Execution Time: 64580.924 ms',)]
[('Index Scan using movie_info_idx_mid on movie_info  (cost=0.01..560935.88 rows=8196570 width=73) (actual time=0.083..64269.585 rows=8200001 loops=1)',), ('  Index Cond: ((movie_id >= 0) AND (movie_id <= 1945999))',), ('  Buffers: shared hit=5038002 read=119179',), ('Planning Time: 295.348 ms',), ('Execution Time: 65434.795 ms',)]
[('Index Scan using movie_info_idx_mid on movie_info  (cost=0.01..561800.03 rows=8297692 width=73) (actual time=0.038..64525.634 rows=8300008 loops=1)',), ('  Index Cond: ((movie_id >= 0) AND (movie_id <= 1954865))',), ('  Buffers: shared hit=5100251 read=120447',), ('Planning Time: 270.134 ms',), ('Execution Time: 65736.685 ms',)]
[('Index Scan using movie_info_idx_mid on movie_info  (cost=0.01..562651.67 rows=8397240 width=73) (actual time=0.056..64907.868 rows=8400002 loops=1)',), ('  Index Cond: ((movie_id >= 0) AND (movie_id <= 1963504))',), ('  Buffers: shared hit=5160112 read=121792',), ('Planning Time: 436.932 ms',), ('Execution Time: 66107.861 ms',)]
[('Index Scan using movie_info_idx_mid on movie_info  (cost=0.01..563503.35 rows=8496985 width=73) (actual time=0.045..63545.989 rows=8500003 loops=1)',), ('  Index Cond: ((movie_id >= 0) AND (movie_id <= 1972564))',), ('  Buffers: shared hit=5223163 read=123084',), ('Planning Time: 303.413 ms',), ('Execution Time: 64756.967 ms',)]
[('Index Scan using movie_info_idx_mid on movie_info  (cost=0.01..564364.33 rows=8597390 width=73) (actual time=0.080..80410.734 rows=8600004 loops=1)',), ('  Index Cond: ((movie_id >= 0) AND (movie_id <= 1981588))',), ('  Buffers: shared hit=5285113 read=124305',), ('Planning Time: 311.851 ms',), ('Execution Time: 81650.375 ms',)]
[('Index Scan using movie_info_idx_mid on movie_info  (cost=0.01..565225.36 rows=8698220 width=73) (actual time=0.091..66846.056 rows=8700171 loops=1)',), ('  Index Cond: ((movie_id >= 0) AND (movie_id <= 1990545))',), ('  Buffers: shared hit=5346322 read=125621',), ('Planning Time: 303.529 ms',), ('Execution Time: 68096.050 ms',)]
[('Index Scan using movie_info_idx_mid on movie_info  (cost=0.01..566070.77 rows=8797041 width=73) (actual time=0.089..65852.701 rows=8800000 loops=1)',), ('  Index Cond: ((movie_id >= 0) AND (movie_id <= 1999886))',), ('  Buffers: shared hit=5409240 read=126955',), ('Planning Time: 303.389 ms',), ('Execution Time: 67102.161 ms',)]
[('Index Scan using movie_info_idx_mid on movie_info  (cost=0.01..566922.39 rows=8896386 width=73) (actual time=0.055..68557.075 rows=8900011 loops=1)',), ('  Index Cond: ((movie_id >= 0) AND (movie_id <= 2008650))',), ('  Buffers: shared hit=5470197 read=128259',), ('Planning Time: 328.552 ms',), ('Execution Time: 69829.137 ms',)]
[('Index Scan using movie_info_idx_mid on movie_info  (cost=0.01..567770.94 rows=8995649 width=73) (actual time=0.088..67496.522 rows=9000015 loops=1)',), ('  Index Cond: ((movie_id >= 0) AND (movie_id <= 2019501))',), ('  Buffers: shared hit=5538061 read=129518',), ('Planning Time: 295.283 ms',), ('Execution Time: 68785.261 ms',)]
[('Index Scan using movie_info_idx_mid on movie_info  (cost=0.01..568631.97 rows=9096489 width=73) (actual time=0.091..69770.888 rows=9100004 loops=1)',), ('  Index Cond: ((movie_id >= 0) AND (movie_id <= 2029145))',), ('  Buffers: shared hit=5601283 read=130797',), ('Planning Time: 295.134 ms',), ('Execution Time: 71066.205 ms',)]
[('Index Scan using movie_info_idx_mid on movie_info  (cost=0.01..569486.74 rows=9196399 width=73) (actual time=0.087..69642.487 rows=9200004 loops=1)',), ('  Index Cond: ((movie_id >= 0) AND (movie_id <= 2038782))',), ('  Buffers: shared hit=5665264 read=131935',), ('Planning Time: 303.522 ms',), ('Execution Time: 70985.128 ms',)]
[('Index Scan using movie_info_idx_mid on movie_info  (cost=0.01..570338.39 rows=9295918 width=73) (actual time=0.049..70378.380 rows=9300016 loops=1)',), ('  Index Cond: ((movie_id >= 0) AND (movie_id <= 2048317))',), ('  Buffers: shared hit=5729509 read=133087',), ('Planning Time: 344.956 ms',), ('Execution Time: 71715.828 ms',)]
[('Index Scan using movie_info_idx_mid on movie_info  (cost=0.01..571183.78 rows=9394591 width=73) (actual time=0.092..71521.253 rows=9400003 loops=1)',), ('  Index Cond: ((movie_id >= 0) AND (movie_id <= 2057345))',), ('  Buffers: shared hit=5791791 read=134338',), ('Planning Time: 289.614 ms',), ('Execution Time: 72877.494 ms',)]
[('Index Scan using movie_info_idx_mid on movie_info  (cost=0.01..572041.69 rows=9495070 width=73) (actual time=0.085..70908.069 rows=9500034 loops=1)',), ('  Index Cond: ((movie_id >= 0) AND (movie_id <= 2066397))',), ('  Buffers: shared hit=5852846 read=135546',), ('Planning Time: 311.918 ms',), ('Execution Time: 72273.393 ms',)]
[('Index Scan using movie_info_idx_mid on movie_info  (cost=0.01..572899.57 rows=9595223 width=73) (actual time=0.089..73000.927 rows=9600047 loops=1)',), ('  Index Cond: ((movie_id >= 0) AND (movie_id <= 2075633))',), ('  Buffers: shared hit=5915878 read=136758',), ('Planning Time: 303.682 ms',), ('Execution Time: 74380.515 ms',)]
[('Index Scan using movie_info_idx_mid on movie_info  (cost=0.01..573760.58 rows=9695912 width=73) (actual time=0.081..72338.894 rows=9700007 loops=1)',), ('  Index Cond: ((movie_id >= 0) AND (movie_id <= 2084557))',), ('  Buffers: shared hit=5978461 read=138039',), ('Planning Time: 353.459 ms',), ('Execution Time: 73699.121 ms',)]
[('Index Scan using movie_info_idx_mid on movie_info  (cost=0.01..574615.37 rows=9795988 width=73) (actual time=0.079..72335.154 rows=9800004 loops=1)',), ('  Index Cond: ((movie_id >= 0) AND (movie_id <= 2093517))',), ('  Buffers: shared hit=6041484 read=139327',), ('Planning Time: 320.149 ms',), ('Execution Time: 73757.119 ms',)]
[('Index Scan using movie_info_idx_mid on movie_info  (cost=0.01..575457.67 rows=9894453 width=73) (actual time=0.082..73181.967 rows=9900009 loops=1)',), ('  Index Cond: ((movie_id >= 0) AND (movie_id <= 2103021))',), ('  Buffers: shared hit=6104524 read=140612',), ('Planning Time: 295.125 ms',), ('Execution Time: 74603.461 ms',)]
[('Index Scan using movie_info_idx_mid on movie_info  (cost=0.01..576309.28 rows=9993772 width=73) (actual time=0.038..74789.389 rows=10000000 loops=1)',), ('  Index Cond: ((movie_id >= 0) AND (movie_id <= 2112172))',), ('  Buffers: shared hit=6166476 read=141911',), ('Planning Time: 303.494 ms',), ('Execution Time: 76207.895 ms',)]
[('Index Scan using movie_info_idx_mid on movie_info  (cost=0.01..577170.31 rows=10094561 width=73) (actual time=0.089..75063.970 rows=10100074 loops=1)',), ('  Index Cond: ((movie_id >= 0) AND (movie_id <= 2121146))',), ('  Buffers: shared hit=6228432 read=143271',), ('Planning Time: 311.966 ms',), ('Execution Time: 76526.914 ms',)]
[('Index Scan using movie_info_idx_mid on movie_info  (cost=0.01..578028.21 rows=10194868 width=73) (actual time=0.089..76809.803 rows=10200002 loops=1)',), ('  Index Cond: ((movie_id >= 0) AND (movie_id <= 2130045))',), ('  Buffers: shared hit=6289204 read=144566',), ('Planning Time: 411.840 ms',), ('Execution Time: 78280.066 ms',)]
[('Index Scan using movie_info_idx_mid on movie_info  (cost=0.01..578876.75 rows=10294184 width=73) (actual time=0.068..76225.124 rows=10300014 loops=1)',), ('  Index Cond: ((movie_id >= 0) AND (movie_id <= 2138695))',), ('  Buffers: shared hit=6349379 read=145921',), ('Planning Time: 311.994 ms',), ('Execution Time: 77684.104 ms',)]
[('Index Scan using movie_info_idx_mid on movie_info  (cost=0.01..579740.84 rows=10394913 width=73) (actual time=0.086..75894.479 rows=10400002 loops=1)',), ('  Index Cond: ((movie_id >= 0) AND (movie_id <= 2149025))',), ('  Buffers: shared hit=6416079 read=147169',), ('Planning Time: 286.895 ms',), ('Execution Time: 77395.137 ms',)]
[('Index Scan using movie_info_idx_mid on movie_info  (cost=0.01..580592.54 rows=10494774 width=73) (actual time=0.090..76270.073 rows=10500001 loops=1)',), ('  Index Cond: ((movie_id >= 0) AND (movie_id <= 2158171))',), ('  Buffers: shared hit=6478988 read=148457',), ('Planning Time: 320.214 ms',), ('Execution Time: 77787.628 ms',)]
[('Index Scan using movie_info_idx_mid on movie_info  (cost=0.01..581453.51 rows=10595135 width=73) (actual time=0.088..76921.918 rows=10600118 loops=1)',), ('  Index Cond: ((movie_id >= 0) AND (movie_id <= 2168231))',), ('  Buffers: shared hit=6546007 read=149675',), ('Planning Time: 320.177 ms',), ('Execution Time: 78469.841 ms',)]
[('Index Scan using movie_info_idx_mid on movie_info  (cost=0.01..582302.05 rows=10694410 width=73) (actual time=0.084..77513.948 rows=10700002 loops=1)',), ('  Index Cond: ((movie_id >= 0) AND (movie_id <= 2177133))',), ('  Buffers: shared hit=6608436 read=150926',), ('Planning Time: 303.648 ms',), ('Execution Time: 79035.196 ms',)]
[('Index Scan using movie_info_idx_mid on movie_info  (cost=0.01..583156.85 rows=10794549 width=73) (actual time=0.087..76936.705 rows=10800130 loops=1)',), ('  Index Cond: ((movie_id >= 0) AND (movie_id <= 2186997))',), ('  Buffers: shared hit=6674631 read=152155',), ('Planning Time: 295.114 ms',), ('Execution Time: 78525.590 ms',)]
[('Index Scan using movie_info_idx_mid on movie_info  (cost=0.01..584008.49 rows=10894047 width=73) (actual time=0.087..79094.638 rows=10900001 loops=1)',), ('  Index Cond: ((movie_id >= 0) AND (movie_id <= 2196490))',), ('  Buffers: shared hit=6738891 read=153382',), ('Planning Time: 811.711 ms',), ('Execution Time: 80643.044 ms',)]
[('Index Scan using movie_info_idx_mid on movie_info  (cost=0.01..584872.60 rows=10994912 width=73) (actual time=0.079..78217.104 rows=11000022 loops=1)',), ('  Index Cond: ((movie_id >= 0) AND (movie_id <= 2205544))',), ('  Buffers: shared hit=6800909 read=154673',), ('Planning Time: 361.881 ms',), ('Execution Time: 79794.104 ms',)]
[('Index Scan using movie_info_idx_mid on movie_info  (cost=0.01..585730.50 rows=11095235 width=73) (actual time=0.087..77696.110 rows=11100003 loops=1)',), ('  Index Cond: ((movie_id >= 0) AND (movie_id <= 2215146))',), ('  Buffers: shared hit=6865477 read=155906',), ('Planning Time: 278.520 ms',), ('Execution Time: 79272.386 ms',)]
[('Index Scan using movie_info_idx_mid on movie_info  (cost=0.01..586591.49 rows=11195736 width=73) (actual time=0.089..80127.453 rows=11200006 loops=1)',), ('  Index Cond: ((movie_id >= 0) AND (movie_id <= 2225068))',), ('  Buffers: shared hit=6931028 read=157173',), ('Planning Time: 311.800 ms',), ('Execution Time: 81713.934 ms',)]
[('Index Scan using movie_info_idx_mid on movie_info  (cost=0.01..587443.17 rows=11295519 width=73) (actual time=0.086..82396.228 rows=11300002 loops=1)',), ('  Index Cond: ((movie_id >= 0) AND (movie_id <= 2234484))',), ('  Buffers: shared hit=6993710 read=158490',), ('Planning Time: 328.428 ms',), ('Execution Time: 84072.656 ms',)]
[('Index Scan using movie_info_idx_mid on movie_info  (cost=0.01..588310.39 rows=11396672 width=73) (actual time=0.088..81070.271 rows=11400005 loops=1)',), ('  Index Cond: ((movie_id >= 0) AND (movie_id <= 2243175))',), ('  Buffers: shared hit=7055404 read=159805',), ('Planning Time: 361.909 ms',), ('Execution Time: 82721.371 ms',)]
[('Index Scan using movie_info_idx_mid on movie_info  (cost=0.01..589168.29 rows=11497098 width=73) (actual time=0.089..79816.215 rows=11500001 loops=1)',), ('  Index Cond: ((movie_id >= 0) AND (movie_id <= 2251207))',), ('  Buffers: shared hit=7113204 read=161163',), ('Planning Time: 303.491 ms',), ('Execution Time: 81451.021 ms',)]
[('Index Scan using movie_info_idx_mid on movie_info  (cost=0.01..590023.06 rows=11596967 width=73) (actual time=0.089..80855.242 rows=11600134 loops=1)',), ('  Index Cond: ((movie_id >= 0) AND (movie_id <= 2260578))',), ('  Buffers: shared hit=7176192 read=162465',), ('Planning Time: 261.831 ms',), ('Execution Time: 82539.636 ms',)]
[('Index Scan using movie_info_idx_mid on movie_info  (cost=0.01..590874.71 rows=11696553 width=73) (actual time=0.085..80122.864 rows=11700124 loops=1)',), ('  Index Cond: ((movie_id >= 0) AND (movie_id <= 2269349))',), ('  Buffers: shared hit=7236382 read=163788',), ('Planning Time: 295.198 ms',), ('Execution Time: 81803.930 ms',)]
[('Index Scan using movie_info_idx_mid on movie_info  (cost=0.01..591723.25 rows=11795791 width=73) (actual time=0.090..83998.828 rows=11800001 loops=1)',), ('  Index Cond: ((movie_id >= 0) AND (movie_id <= 2279185))',), ('  Buffers: shared hit=7302305 read=165051',), ('Planning Time: 311.863 ms',), ('Execution Time: 85728.500 ms',)]
[('Index Scan using movie_info_idx_mid on movie_info  (cost=0.01..592574.89 rows=11895236 width=73) (actual time=0.090..87070.414 rows=11900001 loops=1)',), ('  Index Cond: ((movie_id >= 0) AND (movie_id <= 2288099))',), ('  Buffers: shared hit=7362717 read=166363',), ('Planning Time: 303.442 ms',), ('Execution Time: 88861.338 ms',)]
[('Index Scan using movie_info_idx_mid on movie_info  (cost=0.01..593432.80 rows=11995719 width=73) (actual time=0.107..84602.062 rows=12000021 loops=1)',), ('  Index Cond: ((movie_id >= 0) AND (movie_id <= 2296609))',), ('  Buffers: shared hit=7422841 read=167690',), ('Planning Time: 328.625 ms',), ('Execution Time: 86419.955 ms',)]
[('Index Scan using movie_info_idx_mid on movie_info  (cost=0.01..594293.82 rows=12096431 width=73) (actual time=0.091..83466.467 rows=12100008 loops=1)',), ('  Index Cond: ((movie_id >= 0) AND (movie_id <= 2305261))',), ('  Buffers: shared hit=7484182 read=168976',), ('Planning Time: 286.984 ms',), ('Execution Time: 85233.929 ms',)]
[('Index Scan using movie_info_idx_mid on movie_info  (cost=0.01..595148.57 rows=12196206 width=73) (actual time=0.034..86214.197 rows=12200009 loops=1)',), ('  Index Cond: ((movie_id >= 0) AND (movie_id <= 2312739))',), ('  Buffers: shared hit=7537471 read=170429',), ('Planning Time: 295.149 ms',), ('Execution Time: 87974.606 ms',)]
[('Index Scan using movie_info_idx_mid on movie_info  (cost=0.01..596009.60 rows=12296997 width=73) (actual time=0.082..87270.651 rows=12300038 loops=1)',), ('  Index Cond: ((movie_id >= 0) AND (movie_id <= 2321727))',), ('  Buffers: shared hit=7600786 read=171741',), ('Planning Time: 453.710 ms',), ('Execution Time: 89093.647 ms',)]
[('Index Scan using movie_info_idx_mid on movie_info  (cost=0.01..596864.34 rows=12396716 width=73) (actual time=0.083..86043.681 rows=12400029 loops=1)',), ('  Index Cond: ((movie_id >= 0) AND (movie_id <= 2330941))',), ('  Buffers: shared hit=7663522 read=173040',), ('Planning Time: 303.444 ms',), ('Execution Time: 87849.024 ms',)]
[('Index Scan using movie_info_idx_mid on movie_info  (cost=0.01..597719.12 rows=12496671 width=73) (actual time=0.036..86492.534 rows=12500004 loops=1)',), ('  Index Cond: ((movie_id >= 0) AND (movie_id <= 2340316))',), ('  Buffers: shared hit=7727032 read=174310',), ('Planning Time: 320.014 ms',), ('Execution Time: 88320.158 ms',)]
[('Index Scan using movie_info_idx_mid on movie_info  (cost=0.01..598561.44 rows=12595369 width=73) (actual time=0.084..87619.486 rows=12600003 loops=1)',), ('  Index Cond: ((movie_id >= 0) AND (movie_id <= 2348060))',), ('  Buffers: shared hit=7783410 read=175679',), ('Planning Time: 278.411 ms',), ('Execution Time: 89460.910 ms',)]
[('Index Scan using movie_info_idx_mid on movie_info  (cost=0.01..599413.09 rows=12694880 width=73) (actual time=0.041..88577.568 rows=12700006 loops=1)',), ('  Index Cond: ((movie_id >= 0) AND (movie_id <= 2355043))',), ('  Buffers: shared hit=7837011 read=177063',), ('Planning Time: 320.034 ms',), ('Execution Time: 90447.528 ms',)]
[('Index Scan using movie_info_idx_mid on movie_info  (cost=0.01..600280.33 rows=12796176 width=73) (actual time=0.086..86953.073 rows=12800005 loops=1)',), ('  Index Cond: ((movie_id >= 0) AND (movie_id <= 2361916))',), ('  Buffers: shared hit=7890272 read=178402',), ('Planning Time: 287.056 ms',), ('Execution Time: 88786.442 ms',)]
[('Index Scan using movie_info_idx_mid on movie_info  (cost=0.01..601141.32 rows=12896711 width=73) (actual time=0.037..90027.494 rows=12900001 loops=1)',), ('  Index Cond: ((movie_id >= 0) AND (movie_id <= 2369075))',), ('  Buffers: shared hit=7944665 read=179704',), ('Planning Time: 320.245 ms',), ('Execution Time: 91923.388 ms',)]
[('Index Scan using movie_info_idx_mid on movie_info  (cost=0.01..601999.25 rows=12997291 width=73) (actual time=0.086..89747.864 rows=13000004 loops=1)',), ('  Index Cond: ((movie_id >= 0) AND (movie_id <= 2375733))',), ('  Buffers: shared hit=7996285 read=181039',), ('Planning Time: 303.414 ms',), ('Execution Time: 91640.336 ms',)]
[('Index Scan using movie_info_idx_mid on movie_info  (cost=0.01..602850.87 rows=13096608 width=73) (actual time=0.037..89335.973 rows=13100042 loops=1)',), ('  Index Cond: ((movie_id >= 0) AND (movie_id <= 2382186))',), ('  Buffers: shared hit=8046585 read=182395',), ('Planning Time: 286.708 ms',), ('Execution Time: 91217.452 ms',)]
[('Index Scan using movie_info_idx_mid on movie_info  (cost=0.01..603705.67 rows=13196754 width=73) (actual time=0.059..91499.413 rows=13200006 loops=1)',), ('  Index Cond: ((movie_id >= 0) AND (movie_id <= 2388505))',), ('  Buffers: shared hit=8096228 read=183710',), ('Planning Time: 286.763 ms',), ('Execution Time: 93619.723 ms',)]
[('Index Scan using movie_info_idx_mid on movie_info  (cost=0.01..604557.29 rows=13296099 width=73) (actual time=0.050..91472.222 rows=13300035 loops=1)',), ('  Index Cond: ((movie_id >= 0) AND (movie_id <= 2395698))',), ('  Buffers: shared hit=8151110 read=184944',), ('Planning Time: 328.689 ms',), ('Execution Time: 93432.049 ms',)]
[('Index Scan using movie_info_idx_mid on movie_info  (cost=0.01..605402.70 rows=13394872 width=73) (actual time=0.040..90856.478 rows=13400003 loops=1)',), ('  Index Cond: ((movie_id >= 0) AND (movie_id <= 2402516))',), ('  Buffers: shared hit=8203976 read=186152',), ('Planning Time: 261.763 ms',), ('Execution Time: 92843.725 ms',)]
[('Index Scan using movie_info_idx_mid on movie_info  (cost=0.01..606254.34 rows=13494397 width=73) (actual time=0.087..93519.125 rows=13500002 loops=1)',), ('  Index Cond: ((movie_id >= 0) AND (movie_id <= 2409462))',), ('  Buffers: shared hit=8257187 read=187349',), ('Planning Time: 311.844 ms',), ('Execution Time: 95512.707 ms',)]
[('Index Scan using movie_info_idx_mid on movie_info  (cost=0.01..607109.16 rows=13594656 width=73) (actual time=0.047..93754.609 rows=13600011 loops=1)',), ('  Index Cond: ((movie_id >= 0) AND (movie_id <= 2416294))',), ('  Buffers: shared hit=8310365 read=188572',), ('Planning Time: 278.584 ms',), ('Execution Time: 95762.150 ms',)]
[('Index Scan using movie_info_idx_mid on movie_info  (cost=0.01..607967.05 rows=13694926 width=73) (actual time=0.081..95288.003 rows=13700009 loops=1)',), ('  Index Cond: ((movie_id >= 0) AND (movie_id <= 2423276))',), ('  Buffers: shared hit=8363865 read=189811',), ('Planning Time: 303.679 ms',), ('Execution Time: 97304.016 ms',)]
[('Index Scan using movie_info_idx_mid on movie_info  (cost=0.01..608828.02 rows=13795314 width=73) (actual time=0.093..91952.849 rows=13800000 loops=1)',), ('  Index Cond: ((movie_id >= 0) AND (movie_id <= 2430538))',), ('  Buffers: shared hit=8418843 read=191013',), ('Planning Time: 311.837 ms',), ('Execution Time: 93969.038 ms',)]
[('Index Scan using movie_info_idx_mid on movie_info  (cost=0.01..609692.19 rows=13896623 width=73) (actual time=0.034..93921.367 rows=13900004 loops=1)',), ('  Index Cond: ((movie_id >= 0) AND (movie_id <= 2439028))',), ('  Buffers: shared hit=8479621 read=192173',), ('Planning Time: 295.231 ms',), ('Execution Time: 95948.446 ms',)]
[('Index Scan using movie_info_idx_mid on movie_info  (cost=0.01..610556.31 rows=13997540 width=73) (actual time=0.039..95182.530 rows=14000024 loops=1)',), ('  Index Cond: ((movie_id >= 0) AND (movie_id <= 2447781))',), ('  Buffers: shared hit=8539675 read=193341',), ('Planning Time: 286.706 ms',), ('Execution Time: 97235.784 ms',)]
[('Index Scan using movie_info_idx_mid on movie_info  (cost=0.01..611414.18 rows=14097671 width=73) (actual time=0.195..97001.190 rows=14100008 loops=1)',), ('  Index Cond: ((movie_id >= 0) AND (movie_id <= 2456735))',), ('  Buffers: shared hit=8602299 read=194475',), ('Planning Time: 303.464 ms',), ('Execution Time: 99018.949 ms',)]
[('Index Scan using movie_info_idx_mid on movie_info  (cost=0.01..612272.08 rows=14198080 width=73) (actual time=0.081..95647.283 rows=14200004 loops=1)',), ('  Index Cond: ((movie_id >= 0) AND (movie_id <= 2466299))',), ('  Buffers: shared hit=8667401 read=195526',), ('Planning Time: 328.510 ms',), ('Execution Time: 97709.015 ms',)]
[('Index Scan using movie_info_idx_mid on movie_info  (cost=0.01..613129.95 rows=14298205 width=73) (actual time=0.081..96368.647 rows=14300000 loops=1)',), ('  Index Cond: ((movie_id >= 0) AND (movie_id <= 2476058))',), ('  Buffers: shared hit=8731351 read=196627',), ('Planning Time: 345.159 ms',), ('Execution Time: 98453.808 ms',)]
[('Index Scan using movie_info_idx_mid on movie_info  (cost=0.01..613984.72 rows=14398093 width=73) (actual time=0.089..96136.104 rows=14400012 loops=1)',), ('  Index Cond: ((movie_id >= 0) AND (movie_id <= 2486326))',), ('  Buffers: shared hit=8799634 read=197711',), ('Planning Time: 328.424 ms',), ('Execution Time: 98233.631 ms',)]
[('Index Scan using movie_info_idx_mid on movie_info  (cost=0.01..614836.40 rows=14497857 width=73) (actual time=0.091..98265.034 rows=14500000 loops=1)',), ('  Index Cond: ((movie_id >= 0) AND (movie_id <= 2494962))',), ('  Buffers: shared hit=8860809 read=198841',), ('Planning Time: 311.841 ms',), ('Execution Time: 100405.424 ms',)]
[('Index Scan using movie_info_idx_mid on movie_info  (cost=0.01..615697.39 rows=14598373 width=73) (actual time=0.091..95792.731 rows=14600001 loops=1)',), ('  Index Cond: ((movie_id >= 0) AND (movie_id <= 2503092))',), ('  Buffers: shared hit=8920039 read=199947',), ('Planning Time: 261.835 ms',), ('Execution Time: 97902.727 ms',)]
[('Index Scan using movie_info_idx_mid on movie_info  (cost=0.01..616558.41 rows=14699112 width=73) (actual time=0.085..98572.050 rows=14700000 loops=1)',), ('  Index Cond: ((movie_id >= 0) AND (movie_id <= 2512265))',), ('  Buffers: shared hit=8982996 read=201043',), ('Planning Time: 295.214 ms',), ('Execution Time: 100722.583 ms',)]
[('Index Scan using movie_info_idx_mid on movie_info  (cost=0.01..617416.28 rows=14799269 width=73) (actual time=0.080..98142.011 rows=14800000 loops=1)',), ('  Index Cond: ((movie_id >= 0) AND (movie_id <= 2522054))',), ('  Buffers: shared hit=9048477 read=202109',), ('Planning Time: 336.789 ms',), ('Execution Time: 100306.174 ms',)]