[('Index Scan using cast_info_idx_mid on cast_info  (cost=0.01..30694.45 rows=10174 width=42) (actual time=268.345..10624.695 rows=10011 loops=1)',), ('  Index Cond: ((movie_id >= 17937) AND (movie_id <= 18474))',), ('  Buffers: shared hit=7787 read=1664',), ('Planning Time: 244.316 ms',), ('Execution Time: 10721.646 ms',)]
[('Index Scan using cast_info_idx_mid on cast_info  (cost=0.01..60087.76 rows=20308 width=42) (actual time=47.837..25859.289 rows=20021 loops=1)',), ('  Index Cond: ((movie_id >= 17937) AND (movie_id <= 18890))',), ('  Buffers: shared hit=15220 read=4124',), ('Planning Time: 246.639 ms',), ('Execution Time: 25869.054 ms',)]
[('Index Scan using cast_info_idx_mid on cast_info  (cost=0.01..88198.34 rows=30378 width=42) (actual time=47.907..35678.470 rows=30026 loops=1)',), ('  Index Cond: ((movie_id >= 17937) AND (movie_id <= 19343))',), ('  Buffers: shared hit=23539 read=5784',), ('Planning Time: 346.606 ms',), ('Execution Time: 35692.145 ms',)]
[('Index Scan using cast_info_idx_mid on cast_info  (cost=0.01..113685.12 rows=39847 width=42) (actual time=56.265..52565.833 rows=40036 loops=1)',), ('  Index Cond: ((movie_id >= 17937) AND (movie_id <= 19696))',), ('  Buffers: shared hit=30650 read=8569',), ('Planning Time: 353.328 ms',), ('Execution Time: 52592.622 ms',)]
[('Index Scan using cast_info_idx_mid on cast_info  (cost=0.01..143253.51 rows=51259 width=42) (actual time=56.330..74900.778 rows=50012 loops=1)',), ('  Index Cond: ((movie_id >= 17937) AND (movie_id <= 21075))',), ('  Buffers: shared hit=36873 read=12166',), ('Planning Time: 256.455 ms',), ('Execution Time: 74934.812 ms',)]
[('Index Scan using cast_info_idx_mid on cast_info  (cost=0.01..167816.66 rows=61108 width=42) (actual time=56.311..79575.704 rows=60013 loops=1)',), ('  Index Cond: ((movie_id >= 17937) AND (movie_id <= 21634))',), ('  Buffers: shared hit=46047 read=13010',), ('Planning Time: 272.617 ms',), ('Execution Time: 79612.565 ms',)]
[('Index Scan using cast_info_idx_mid on cast_info  (cost=0.01..192996.70 rows=71571 width=42) (actual time=56.272..89393.526 rows=70015 loops=1)',), ('  Index Cond: ((movie_id >= 17937) AND (movie_id <= 22352))',), ('  Buffers: shared hit=54166 read=14803',), ('Planning Time: 295.235 ms',), ('Execution Time: 89433.620 ms',)]
[('Index Scan using cast_info_idx_mid on cast_info  (cost=0.01..214150.43 rows=80664 width=42) (actual time=56.332..103446.932 rows=80009 loops=1)',), ('  Index Cond: ((movie_id >= 17937) AND (movie_id <= 22864))',), ('  Buffers: shared hit=61710 read=17169',), ('Planning Time: 261.933 ms',), ('Execution Time: 103491.283 ms',)]
[('Index Scan using cast_info_idx_mid on cast_info  (cost=0.01..237259.07 rows=90929 width=42) (actual time=47.750..109260.709 rows=90015 loops=1)',), ('  Index Cond: ((movie_id >= 17937) AND (movie_id <= 23413))',), ('  Buffers: shared hit=70712 read=18123',), ('Planning Time: 220.131 ms',), ('Execution Time: 109299.405 ms',)]
[('Index Scan using cast_info_idx_mid on cast_info  (cost=0.01..260027.12 rows=101398 width=42) (actual time=47.950..120016.385 rows=100045 loops=1)',), ('  Index Cond: ((movie_id >= 17937) AND (movie_id <= 23780))',), ('  Buffers: shared hit=78933 read=19798',), ('Planning Time: 353.377 ms',), ('Execution Time: 120060.846 ms',)]
[('Index Scan using cast_info_idx_mid on cast_info  (cost=0.01..281067.43 rows=111405 width=42) (actual time=47.975..122836.221 rows=110022 loops=1)',), ('  Index Cond: ((movie_id >= 17937) AND (movie_id <= 24289))',), ('  Buffers: shared hit=88266 read=20374',), ('Planning Time: 270.071 ms',), ('Execution Time: 122882.041 ms',)]
[('Index Scan using cast_info_idx_mid on cast_info  (cost=0.01..303240.21 rows=122312 width=42) (actual time=64.646..135659.194 rows=120025 loops=1)',), ('  Index Cond: ((movie_id >= 17937) AND (movie_id <= 25059))',), ('  Buffers: shared hit=95807 read=22603',), ('Planning Time: 261.721 ms',), ('Execution Time: 135718.871 ms',)]
[('Index Scan using cast_info_idx_mid on cast_info  (cost=0.01..319115.64 rows=130360 width=42) (actual time=56.321..136853.992 rows=130021 loops=1)',), ('  Index Cond: ((movie_id >= 17937) AND (movie_id <= 25191))',), ('  Buffers: shared hit=105551 read=22755',), ('Planning Time: 295.256 ms',), ('Execution Time: 136912.802 ms',)]
[('Index Scan using cast_info_idx_mid on cast_info  (cost=0.01..341865.47 rows=142258 width=42) (actual time=56.297..147631.073 rows=140008 loops=1)',), ('  Index Cond: ((movie_id >= 17937) AND (movie_id <= 25917))',), ('  Buffers: shared hit=113696 read=24535',), ('Planning Time: 419.382 ms',), ('Execution Time: 147705.801 ms',)]
[('Index Scan using cast_info_idx_mid on cast_info  (cost=0.01..359152.68 rows=151601 width=42) (actual time=56.297..155508.634 rows=150021 loops=1)',), ('  Index Cond: ((movie_id >= 17937) AND (movie_id <= 26509))',), ('  Buffers: shared hit=122287 read=25894',), ('Planning Time: 228.474 ms',), ('Execution Time: 155574.835 ms',)]
[('Index Scan using cast_info_idx_mid on cast_info  (cost=0.01..376854.23 rows=161448 width=42) (actual time=56.305..156732.474 rows=160012 loops=1)',), ('  Index Cond: ((movie_id >= 17937) AND (movie_id <= 26688))',), ('  Buffers: shared hit=132205 read=25994',), ('Planning Time: 303.465 ms',), ('Execution Time: 156801.420 ms',)]
[('Index Scan using cast_info_idx_mid on cast_info  (cost=0.01..392594.77 rows=170455 width=42) (actual time=56.313..167778.365 rows=170021 loops=1)',), ('  Index Cond: ((movie_id >= 17937) AND (movie_id <= 27492))',), ('  Buffers: shared hit=139892 read=28232',), ('Planning Time: 286.831 ms',), ('Execution Time: 167849.764 ms',)]
[('Index Scan using cast_info_idx_mid on cast_info  (cost=0.01..412914.20 rows=182447 width=42) (actual time=47.779..185789.408 rows=180072 loops=1)',), ('  Index Cond: ((movie_id >= 17937) AND (movie_id <= 28994))',), ('  Buffers: shared hit=146740 read=30829',), ('Planning Time: 320.132 ms',), ('Execution Time: 185858.837 ms',)]
[('Index Scan using cast_info_idx_mid on cast_info  (cost=0.01..427240.04 rows=191159 width=42) (actual time=56.293..196639.994 rows=190046 loops=1)',), ('  Index Cond: ((movie_id >= 17937) AND (movie_id <= 30400))',), ('  Buffers: shared hit=154714 read=32568',), ('Planning Time: 253.471 ms',), ('Execution Time: 196721.148 ms',)]
[('Index Scan using cast_info_idx_mid on cast_info  (cost=0.01..442277.90 rows=200544 width=42) (actual time=56.309..203860.682 rows=200006 loops=1)',), ('  Index Cond: ((movie_id >= 17937) AND (movie_id <= 31135))',), ('  Buffers: shared hit=162745 read=34326',), ('Planning Time: 228.345 ms',), ('Execution Time: 203951.723 ms',)]
[('Index Scan using cast_info_idx_mid on cast_info  (cost=0.01..458417.56 rows=210899 width=42) (actual time=56.315..217063.867 rows=210011 loops=1)',), ('  Index Cond: ((movie_id >= 17937) AND (movie_id <= 31941))',), ('  Buffers: shared hit=170290 read=36381',), ('Planning Time: 245.096 ms',), ('Execution Time: 217155.374 ms',)]
[('Index Scan using cast_info_idx_mid on cast_info  (cost=0.01..474139.87 rows=221284 width=42) (actual time=56.245..240041.311 rows=220015 loops=1)',), ('  Index Cond: ((movie_id >= 17937) AND (movie_id <= 34008))',), ('  Buffers: shared hit=176073 read=40203',), ('Planning Time: 334.255 ms',), ('Execution Time: 240145.224 ms',)]
[('Index Scan using cast_info_idx_mid on cast_info  (cost=0.01..489352.78 rows=231618 width=42) (actual time=56.349..249911.401 rows=230024 loops=1)',), ('  Index Cond: ((movie_id >= 17937) AND (movie_id <= 34625))',), ('  Buffers: shared hit=184361 read=41762',), ('Planning Time: 236.871 ms',), ('Execution Time: 250010.567 ms',)]
[('Index Scan using cast_info_idx_mid on cast_info  (cost=0.01..503694.13 rows=241634 width=42) (actual time=56.301..264400.068 rows=240013 loops=1)',), ('  Index Cond: ((movie_id >= 17937) AND (movie_id <= 35313))',), ('  Buffers: shared hit=191943 read=44052',), ('Planning Time: 211.772 ms',), ('Execution Time: 264504.627 ms',)]
[('Index Scan using cast_info_idx_mid on cast_info  (cost=0.01..518594.08 rows=252329 width=42) (actual time=72.971..276157.936 rows=250025 loops=1)',), ('  Index Cond: ((movie_id >= 17937) AND (movie_id <= 37169))',), ('  Buffers: shared hit=199838 read=45611',), ('Planning Time: 270.131 ms',), ('Execution Time: 276266.771 ms',)]
[('Index Scan using cast_info_idx_mid on cast_info  (cost=0.01..530250.13 rows=260910 width=42) (actual time=47.755..279643.673 rows=260011 loops=1)',), ('  Index Cond: ((movie_id >= 17937) AND (movie_id <= 37418))',), ('  Buffers: shared hit=208927 read=46468',), ('Planning Time: 361.811 ms',), ('Execution Time: 279749.763 ms',)]
[('Index Scan using cast_info_idx_mid on cast_info  (cost=0.01..544343.01 rows=271547 width=42) (actual time=56.296..287294.078 rows=270005 loops=1)',), ('  Index Cond: ((movie_id >= 17937) AND (movie_id <= 38373))',), ('  Buffers: shared hit=217522 read=47848',), ('Planning Time: 336.817 ms',), ('Execution Time: 287410.733 ms',)]
[('Index Scan using cast_info_idx_mid on cast_info  (cost=0.01..557404.73 rows=281671 width=42) (actual time=47.807..300014.882 rows=280001 loops=1)',), ('  Index Cond: ((movie_id >= 17937) AND (movie_id <= 39657))',), ('  Buffers: shared hit=225742 read=49568',), ('Planning Time: 286.846 ms',), ('Execution Time: 300122.570 ms',)]
[('Index Scan using cast_info_idx_mid on cast_info  (cost=0.01..569941.69 rows=291637 width=42) (actual time=56.305..304278.623 rows=290035 loops=1)',), ('  Index Cond: ((movie_id >= 17937) AND (movie_id <= 40395))',), ('  Buffers: shared hit=234584 read=50381',), ('Planning Time: 536.225 ms',), ('Execution Time: 304399.681 ms',)]
[('Index Scan using cast_info_idx_mid on cast_info  (cost=0.01..582635.20 rows=301987 width=42) (actual time=47.785..314700.443 rows=300004 loops=1)',), ('  Index Cond: ((movie_id >= 17937) AND (movie_id <= 40854))',), ('  Buffers: shared hit=242617 read=52076',), ('Planning Time: 361.095 ms',), ('Execution Time: 314817.708 ms',)]
[('Index Scan using cast_info_idx_mid on cast_info  (cost=0.01..595423.89 rows=312689 width=42) (actual time=56.358..328983.434 rows=310014 loops=1)',), ('  Index Cond: ((movie_id >= 17937) AND (movie_id <= 41711))',), ('  Buffers: shared hit=249953 read=54512',), ('Planning Time: 261.811 ms',), ('Execution Time: 329118.082 ms',)]
[('Index Scan using cast_info_idx_mid on cast_info  (cost=0.01..607472.97 rows=323032 width=42) (actual time=56.310..338103.875 rows=320033 loops=1)',), ('  Index Cond: ((movie_id >= 17937) AND (movie_id <= 42341))',), ('  Buffers: shared hit=258200 read=55645',), ('Planning Time: 228.455 ms',), ('Execution Time: 338237.267 ms',)]
[('Index Scan using cast_info_idx_mid on cast_info  (cost=0.01..618306.74 rows=332556 width=42) (actual time=56.296..339857.458 rows=330015 loops=1)',), ('  Index Cond: ((movie_id >= 17937) AND (movie_id <= 42804))',), ('  Buffers: shared hit=266765 read=56477',), ('Planning Time: 286.813 ms',), ('Execution Time: 339994.498 ms',)]
[('Index Scan using cast_info_idx_mid on cast_info  (cost=0.01..629281.72 rows=342430 width=42) (actual time=56.310..354095.639 rows=340020 loops=1)',), ('  Index Cond: ((movie_id >= 17937) AND (movie_id <= 44058))',), ('  Buffers: shared hit=274290 read=58870',), ('Planning Time: 426.093 ms',), ('Execution Time: 354237.132 ms',)]
[('Index Scan using cast_info_idx_mid on cast_info  (cost=0.01..639471.05 rows=351802 width=42) (actual time=56.298..372322.000 rows=350007 loops=1)',), ('  Index Cond: ((movie_id >= 17937) AND (movie_id <= 44641))',), ('  Buffers: shared hit=281888 read=61135',), ('Planning Time: 242.820 ms',), ('Execution Time: 372468.213 ms',)]
[('Index Scan using cast_info_idx_mid on cast_info  (cost=0.01..650489.05 rows=362173 width=42) (actual time=56.309..379806.175 rows=360008 loops=1)',), ('  Index Cond: ((movie_id >= 17937) AND (movie_id <= 45838))',), ('  Buffers: shared hit=289776 read=62886',), ('Planning Time: 234.466 ms',), ('Execution Time: 379956.686 ms',)]
[('Index Scan using cast_info_idx_mid on cast_info  (cost=0.01..661559.27 rows=372846 width=42) (actual time=56.298..386984.539 rows=370012 loops=1)',), ('  Index Cond: ((movie_id >= 17937) AND (movie_id <= 47271))',), ('  Buffers: shared hit=297429 read=64447',), ('Planning Time: 396.740 ms',), ('Execution Time: 387140.404 ms',)]
[('Index Scan using cast_info_idx_mid on cast_info  (cost=0.01..671417.22 rows=382572 width=42) (actual time=56.307..397974.264 rows=380002 loops=1)',), ('  Index Cond: ((movie_id >= 17937) AND (movie_id <= 47860))',), ('  Buffers: shared hit=305709 read=65998',), ('Planning Time: 242.771 ms',), ('Execution Time: 398134.453 ms',)]
[('Index Scan using cast_info_idx_mid on cast_info  (cost=0.01..680768.80 rows=392002 width=42) (actual time=56.327..399364.423 rows=390068 loops=1)',), ('  Index Cond: ((movie_id >= 17937) AND (movie_id <= 48342))',), ('  Buffers: shared hit=315187 read=66600',), ('Planning Time: 457.968 ms',), ('Execution Time: 399522.960 ms',)]
[('Index Scan using cast_info_idx_mid on cast_info  (cost=0.01..690814.03 rows=402349 width=42) (actual time=56.297..410511.375 rows=400019 loops=1)',), ('  Index Cond: ((movie_id >= 17937) AND (movie_id <= 49776))',), ('  Buffers: shared hit=322977 read=68241',), ('Planning Time: 417.756 ms',), ('Execution Time: 410673.837 ms',)]
[('Index Scan using cast_info_idx_mid on cast_info  (cost=0.01..700015.28 rows=412042 width=42) (actual time=56.318..414065.905 rows=410015 loops=1)',), ('  Index Cond: ((movie_id >= 17937) AND (movie_id <= 50299))',), ('  Buffers: shared hit=332435 read=68685',), ('Planning Time: 330.889 ms',), ('Execution Time: 414231.007 ms',)]
[('Index Scan using cast_info_idx_mid on cast_info  (cost=0.01..709462.09 rows=422203 width=42) (actual time=56.315..415171.098 rows=420002 loops=1)',), ('  Index Cond: ((movie_id >= 17937) AND (movie_id <= 50646))',), ('  Buffers: shared hit=342281 read=68809',), ('Planning Time: 276.066 ms',), ('Execution Time: 415339.225 ms',)]
[('Index Scan using cast_info_idx_mid on cast_info  (cost=0.01..718635.78 rows=432290 width=42) (actual time=56.299..415026.573 rows=430019 loops=1)',), ('  Index Cond: ((movie_id >= 17937) AND (movie_id <= 50981))',), ('  Buffers: shared hit=352179 read=68919',), ('Planning Time: 255.027 ms',), ('Execution Time: 415194.772 ms',)]
[('Index Scan using cast_info_idx_mid on cast_info  (cost=0.01..727075.96 rows=441762 width=42) (actual time=56.288..420493.570 rows=440020 loops=1)',), ('  Index Cond: ((movie_id >= 17937) AND (movie_id <= 51420))',), ('  Buffers: shared hit=361428 read=69588',), ('Planning Time: 309.404 ms',), ('Execution Time: 420665.217 ms',)]
[('Index Scan using cast_info_idx_mid on cast_info  (cost=0.01..735166.28 rows=451023 width=42) (actual time=56.309..428010.134 rows=450011 loops=1)',), ('  Index Cond: ((movie_id >= 17937) AND (movie_id <= 51944))',), ('  Buffers: shared hit=369819 read=71135',), ('Planning Time: 313.348 ms',), ('Execution Time: 428178.872 ms',)]
[('Index Scan using cast_info_idx_mid on cast_info  (cost=0.01..744984.58 rows=462505 width=42) (actual time=56.304..439938.514 rows=460007 loops=1)',), ('  Index Cond: ((movie_id >= 17937) AND (movie_id <= 52872))',), ('  Buffers: shared hit=377383 read=73242',), ('Planning Time: 356.447 ms',), ('Execution Time: 440118.240 ms',)]
[('Index Scan using cast_info_idx_mid on cast_info  (cost=0.01..752703.59 rows=471725 width=42) (actual time=56.288..446060.721 rows=470009 loops=1)',), ('  Index Cond: ((movie_id >= 17937) AND (movie_id <= 53370))',), ('  Buffers: shared hit=386140 read=74308',), ('Planning Time: 246.671 ms',), ('Execution Time: 446244.222 ms',)]
[('Index Scan using cast_info_idx_mid on cast_info  (cost=0.01..760177.08 rows=480820 width=42) (actual time=56.283..452970.277 rows=480025 loops=1)',), ('  Index Cond: ((movie_id >= 17937) AND (movie_id <= 54297))',), ('  Buffers: shared hit=394506 read=75795',), ('Planning Time: 417.828 ms',), ('Execution Time: 453154.459 ms',)]
[('Index Scan using cast_info_idx_mid on cast_info  (cost=0.01..768362.66 rows=490972 width=42) (actual time=56.288..459801.618 rows=490010 loops=1)',), ('  Index Cond: ((movie_id >= 17937) AND (movie_id <= 54643))',), ('  Buffers: shared hit=403356 read=76830',), ('Planning Time: 382.030 ms',), ('Execution Time: 459997.627 ms',)]
[('Index Scan using cast_info_idx_mid on cast_info  (cost=0.01..776425.49 rows=501178 width=42) (actual time=56.296..471979.889 rows=500024 loops=1)',), ('  Index Cond: ((movie_id >= 17937) AND (movie_id <= 55249))',), ('  Buffers: shared hit=411351 read=78734',), ('Planning Time: 305.038 ms',), ('Execution Time: 472171.649 ms',)]
[('Index Scan using cast_info_idx_mid on cast_info  (cost=0.01..779682.63 rows=510480 width=42) (actual time=56.300..474846.435 rows=510006 loops=1)',), ('  Index Cond: ((movie_id >= 17937) AND (movie_id <= 55708))',), ('  Buffers: shared hit=420434 read=79417',), ('Planning Time: 230.018 ms',), ('Execution Time: 475044.348 ms',)]
[('Index Scan using cast_info_idx_mid on cast_info  (cost=0.01..779776.16 rows=521346 width=42) (actual time=56.334..481790.143 rows=520027 loops=1)',), ('  Index Cond: ((movie_id >= 17937) AND (movie_id <= 56095))',), ('  Buffers: shared hit=429689 read=80091',), ('Planning Time: 276.130 ms',), ('Execution Time: 481995.040 ms',)]
[('Index Scan using cast_info_idx_mid on cast_info  (cost=0.01..779857.23 rows=530841 width=42) (actual time=56.304..486423.722 rows=530007 loops=1)',), ('  Index Cond: ((movie_id >= 17937) AND (movie_id <= 56527))',), ('  Buffers: shared hit=439353 read=80349',), ('Planning Time: 246.760 ms',), ('Execution Time: 486610.086 ms',)]
[('Index Scan using cast_info_idx_mid on cast_info  (cost=0.01..779947.65 rows=541426 width=42) (actual time=56.495..482287.857 rows=540004 loops=1)',), ('  Index Cond: ((movie_id >= 17937) AND (movie_id <= 57453))',), ('  Buffers: shared hit=448854 read=80738',), ('Planning Time: 284.285 ms',), ('Execution Time: 482471.943 ms',)]
[('Index Scan using cast_info_idx_mid on cast_info  (cost=0.01..780038.05 rows=551915 width=42) (actual time=56.313..481902.588 rows=550029 loops=1)',), ('  Index Cond: ((movie_id >= 17937) AND (movie_id <= 57966))',), ('  Buffers: shared hit=458569 read=80939',), ('Planning Time: 454.939 ms',), ('Execution Time: 482085.852 ms',)]
[('Index Scan using cast_info_idx_mid on cast_info  (cost=0.01..780122.26 rows=561914 width=42) (actual time=56.365..494476.685 rows=560027 loops=1)',), ('  Index Cond: ((movie_id >= 17937) AND (movie_id <= 58676))',), ('  Buffers: shared hit=467764 read=81549',), ('Planning Time: 234.567 ms',), ('Execution Time: 494670.693 ms',)]
[('Index Scan using cast_info_idx_mid on cast_info  (cost=0.01..780212.65 rows=572282 width=42) (actual time=56.293..501227.729 rows=570015 loops=1)',), ('  Index Cond: ((movie_id >= 17937) AND (movie_id <= 59054))',), ('  Buffers: shared hit=476499 read=82726',), ('Planning Time: 234.487 ms',), ('Execution Time: 501430.288 ms',)]
[('Index Scan using cast_info_idx_mid on cast_info  (cost=0.01..780296.85 rows=582293 width=42) (actual time=72.993..503469.411 rows=580007 loops=1)',), ('  Index Cond: ((movie_id >= 17937) AND (movie_id <= 59591))',), ('  Buffers: shared hit=485329 read=83821',), ('Planning Time: 234.548 ms',), ('Execution Time: 503679.671 ms',)]
[('Index Scan using cast_info_idx_mid on cast_info  (cost=0.01..780387.27 rows=592840 width=42) (actual time=56.304..511181.548 rows=590030 loops=1)',), ('  Index Cond: ((movie_id >= 17937) AND (movie_id <= 60307))',), ('  Buffers: shared hit=493769 read=85211',), ('Planning Time: 371.616 ms',), ('Execution Time: 511394.153 ms',)]
[('Index Scan using cast_info_idx_mid on cast_info  (cost=0.01..780477.67 rows=603243 width=42) (actual time=56.312..523741.710 rows=600018 loops=1)',), ('  Index Cond: ((movie_id >= 17937) AND (movie_id <= 61236))',), ('  Buffers: shared hit=501958 read=86851',), ('Planning Time: 229.996 ms',), ('Execution Time: 523960.480 ms',)]
[('Index Scan using cast_info_idx_mid on cast_info  (cost=0.01..780561.86 rows=613168 width=42) (actual time=56.248..527018.745 rows=610004 loops=1)',), ('  Index Cond: ((movie_id >= 17937) AND (movie_id <= 62287))',), ('  Buffers: shared hit=510136 read=87895',), ('Planning Time: 284.533 ms',), ('Execution Time: 527240.783 ms',)]
[('Index Scan using cast_info_idx_mid on cast_info  (cost=0.01..780652.31 rows=623991 width=42) (actual time=56.321..538014.739 rows=620005 loops=1)',), ('  Index Cond: ((movie_id >= 17937) AND (movie_id <= 63081))',), ('  Buffers: shared hit=518266 read=89498',), ('Planning Time: 276.211 ms',), ('Execution Time: 538233.006 ms',)]
[('Index Scan using cast_info_idx_mid on cast_info  (cost=0.01..780739.57 rows=633879 width=42) (actual time=56.398..539851.973 rows=630026 loops=1)',), ('  Index Cond: ((movie_id >= 17937) AND (movie_id <= 64228))',), ('  Buffers: shared hit=526720 read=90068',), ('Planning Time: 238.329 ms',), ('Execution Time: 540078.994 ms',)]
[('Index Scan using cast_info_idx_mid on cast_info  (cost=0.01..780820.68 rows=643665 width=42) (actual time=56.303..542309.101 rows=640008 loops=1)',), ('  Index Cond: ((movie_id >= 17937) AND (movie_id <= 64619))',), ('  Buffers: shared hit=535982 read=90735',), ('Planning Time: 242.866 ms',), ('Execution Time: 542574.549 ms',)]
[('Index Scan using cast_info_idx_mid on cast_info  (cost=0.01..780907.98 rows=653868 width=42) (actual time=56.324..542924.402 rows=650015 loops=1)',), ('  Index Cond: ((movie_id >= 17937) AND (movie_id <= 65335))',), ('  Buffers: shared hit=545476 read=91203',), ('Planning Time: 253.551 ms',), ('Execution Time: 543146.981 ms',)]
[('Index Scan using cast_info_idx_mid on cast_info  (cost=0.01..780992.16 rows=663701 width=42) (actual time=56.294..550379.140 rows=660014 loops=1)',), ('  Index Cond: ((movie_id >= 17937) AND (movie_id <= 65641))',), ('  Buffers: shared hit=555138 read=91508',), ('Planning Time: 261.752 ms',), ('Execution Time: 550596.300 ms',)]
[('Index Scan using cast_info_idx_mid on cast_info  (cost=0.01..781076.31 rows=673294 width=42) (actual time=56.341..545875.577 rows=670025 loops=1)',), ('  Index Cond: ((movie_id >= 17937) AND (movie_id <= 65903))',), ('  Buffers: shared hit=564901 read=91642',), ('Planning Time: 345.106 ms',), ('Execution Time: 546078.903 ms',)]
[('Index Scan using cast_info_idx_mid on cast_info  (cost=0.01..781163.64 rows=683704 width=42) (actual time=56.335..546933.998 rows=680008 loops=1)',), ('  Index Cond: ((movie_id >= 17937) AND (movie_id <= 66136))',), ('  Buffers: shared hit=574580 read=91781',), ('Planning Time: 295.162 ms',), ('Execution Time: 547141.969 ms',)]
[('Index Scan using cast_info_idx_mid on cast_info  (cost=0.01..781244.70 rows=693193 width=42) (actual time=56.313..548557.460 rows=690002 loops=1)',), ('  Index Cond: ((movie_id >= 17937) AND (movie_id <= 66542))',), ('  Buffers: shared hit=584459 read=91909',), ('Planning Time: 228.487 ms',), ('Execution Time: 548770.418 ms',)]
