[('Index Scan using cast_info_idx_mid on cast_info  (cost=0.01..29433.16 rows=9748 width=42) (actual time=62.301..14876.949 rows=10013 loops=1)',), ('  Index Cond: ((movie_id >= 47271) AND (movie_id <= 47860))',), ('  Buffers: shared hit=7358 read=2500',), ('Planning Time: 323.845 ms',), ('Execution Time: 14890.792 ms',)]
[('Index Scan using cast_info_idx_mid on cast_info  (cost=0.01..56865.48 rows=19178 width=42) (actual time=54.020..21048.707 rows=20079 loops=1)',), ('  Index Cond: ((movie_id >= 47271) AND (movie_id <= 48342))',), ('  Buffers: shared hit=16290 read=3648',), ('Planning Time: 261.881 ms',), ('Execution Time: 21064.433 ms',)]
[('Index Scan using cast_info_idx_mid on cast_info  (cost=0.01..85856.82 rows=29526 width=42) (actual time=62.407..37734.102 rows=30030 loops=1)',), ('  Index Cond: ((movie_id >= 47271) AND (movie_id <= 49776))',), ('  Buffers: shared hit=23134 read=6235',), ('Planning Time: 228.550 ms',), ('Execution Time: 37754.725 ms',)]
[('Index Scan using cast_info_idx_mid on cast_info  (cost=0.01..112018.73 rows=39218 width=42) (actual time=62.316..41511.660 rows=40026 loops=1)',), ('  Index Cond: ((movie_id >= 47271) AND (movie_id <= 50299))',), ('  Buffers: shared hit=32262 read=7009',), ('Planning Time: 220.174 ms',), ('Execution Time: 41536.714 ms',)]
[('Index Scan using cast_info_idx_mid on cast_info  (cost=0.01..138466.10 rows=49379 width=42) (actual time=54.189..41560.236 rows=50013 loops=1)',), ('  Index Cond: ((movie_id >= 47271) AND (movie_id <= 50646))',), ('  Buffers: shared hit=42077 read=7164',), ('Planning Time: 294.934 ms',), ('Execution Time: 41586.791 ms',)]
[('Index Scan using cast_info_idx_mid on cast_info  (cost=0.01..163781.11 rows=59466 width=42) (actual time=70.579..42989.231 rows=60030 loops=1)',), ('  Index Cond: ((movie_id >= 47271) AND (movie_id <= 50981))',), ('  Buffers: shared hit=51945 read=7304',), ('Planning Time: 236.684 ms',), ('Execution Time: 43008.622 ms',)]
[('Index Scan using cast_info_idx_mid on cast_info  (cost=0.01..186748.49 rows=68939 width=42) (actual time=45.552..48826.096 rows=70031 loops=1)',), ('  Index Cond: ((movie_id >= 47271) AND (movie_id <= 51420))',), ('  Buffers: shared hit=60717 read=8450',), ('Planning Time: 261.846 ms',), ('Execution Time: 48847.945 ms',)]
[('Index Scan using cast_info_idx_mid on cast_info  (cost=0.01..208482.22 rows=78199 width=42) (actual time=70.863..65038.729 rows=80022 loops=1)',), ('  Index Cond: ((movie_id >= 47271) AND (movie_id <= 51944))',), ('  Buffers: shared hit=68123 read=10982',), ('Planning Time: 236.872 ms',), ('Execution Time: 65073.736 ms',)]
[('Index Scan using cast_info_idx_mid on cast_info  (cost=0.01..234490.94 rows=89681 width=42) (actual time=54.071..89055.482 rows=90018 loops=1)',), ('  Index Cond: ((movie_id >= 47271) AND (movie_id <= 52872))',), ('  Buffers: shared hit=73800 read=14976',), ('Planning Time: 228.516 ms',), ('Execution Time: 89097.671 ms',)]
[('Index Scan using cast_info_idx_mid on cast_info  (cost=0.01..254668.84 rows=98902 width=42) (actual time=54.124..101111.150 rows=100020 loops=1)',), ('  Index Cond: ((movie_id >= 47271) AND (movie_id <= 53370))',), ('  Buffers: shared hit=81696 read=16903',), ('Planning Time: 228.448 ms',), ('Execution Time: 101156.700 ms',)]
[('Index Scan using cast_info_idx_mid on cast_info  (cost=0.01..273978.29 rows=107996 width=42) (actual time=54.072..116747.698 rows=110036 loops=1)',), ('  Index Cond: ((movie_id >= 47271) AND (movie_id <= 54297))',), ('  Buffers: shared hit=88856 read=19596',), ('Planning Time: 453.544 ms',), ('Execution Time: 116799.755 ms',)]
[('Index Scan using cast_info_idx_mid on cast_info  (cost=0.01..294865.18 rows=118148 width=42) (actual time=54.071..126630.774 rows=120021 loops=1)',), ('  Index Cond: ((movie_id >= 47271) AND (movie_id <= 54643))',), ('  Buffers: shared hit=97066 read=21271',), ('Planning Time: 320.113 ms',), ('Execution Time: 126686.424 ms',)]
[('Index Scan using cast_info_idx_mid on cast_info  (cost=0.01..315193.58 rows=128354 width=42) (actual time=54.164..147906.245 rows=130035 loops=1)',), ('  Index Cond: ((movie_id >= 47271) AND (movie_id <= 55249))',), ('  Buffers: shared hit=103805 read=24431',), ('Planning Time: 253.357 ms',), ('Execution Time: 147966.303 ms',)]
[('Index Scan using cast_info_idx_mid on cast_info  (cost=0.01..333165.10 rows=137656 width=42) (actual time=187.403..156976.659 rows=140017 loops=1)',), ('  Index Cond: ((movie_id >= 47271) AND (movie_id <= 55708))',), ('  Buffers: shared hit=112314 read=25688',), ('Planning Time: 236.811 ms',), ('Execution Time: 157038.491 ms',)]
[('Index Scan using cast_info_idx_mid on cast_info  (cost=0.01..353512.00 rows=148522 width=42) (actual time=54.079..161379.274 rows=150038 loops=1)',), ('  Index Cond: ((movie_id >= 47271) AND (movie_id <= 56095))',), ('  Buffers: shared hit=121213 read=26718',), ('Planning Time: 395.141 ms',), ('Execution Time: 161444.127 ms',)]
[('Index Scan using cast_info_idx_mid on cast_info  (cost=0.01..370747.07 rows=158017 width=42) (actual time=54.094..163018.666 rows=160018 loops=1)',), ('  Index Cond: ((movie_id >= 47271) AND (movie_id <= 56527))',), ('  Buffers: shared hit=130747 read=27106',), ('Planning Time: 361.724 ms',), ('Execution Time: 163088.160 ms',)]
[('Index Scan using cast_info_idx_mid on cast_info  (cost=0.01..389390.80 rows=168603 width=42) (actual time=54.093..168236.457 rows=170015 loops=1)',), ('  Index Cond: ((movie_id >= 47271) AND (movie_id <= 57453))',), ('  Buffers: shared hit=140058 read=27685',), ('Planning Time: 245.131 ms',), ('Execution Time: 168307.332 ms',)]
[('Index Scan using cast_info_idx_mid on cast_info  (cost=0.01..407301.11 rows=179091 width=42) (actual time=54.065..171278.008 rows=180040 loops=1)',), ('  Index Cond: ((movie_id >= 47271) AND (movie_id <= 57966))',), ('  Buffers: shared hit=149703 read=27956',), ('Planning Time: 386.873 ms',), ('Execution Time: 171348.737 ms',)]
[('Index Scan using cast_info_idx_mid on cast_info  (cost=0.01..423870.34 rows=189091 width=42) (actual time=54.079..173563.552 rows=190038 loops=1)',), ('  Index Cond: ((movie_id >= 47271) AND (movie_id <= 58676))',), ('  Buffers: shared hit=158577 read=28887',), ('Planning Time: 336.769 ms',), ('Execution Time: 173640.054 ms',)]
[('Index Scan using cast_info_idx_mid on cast_info  (cost=0.01..440556.22 rows=199458 width=42) (actual time=54.084..189304.128 rows=200026 loops=1)',), ('  Index Cond: ((movie_id >= 47271) AND (movie_id <= 59054))',), ('  Buffers: shared hit=166383 read=30993',), ('Planning Time: 278.491 ms',), ('Execution Time: 189382.160 ms',)]
[('Index Scan using cast_info_idx_mid on cast_info  (cost=0.01..456217.11 rows=209469 width=42) (actual time=54.173..199603.718 rows=210018 loops=1)',), ('  Index Cond: ((movie_id >= 47271) AND (movie_id <= 59591))',), ('  Buffers: shared hit=174490 read=32811',), ('Planning Time: 370.074 ms',), ('Execution Time: 199689.734 ms',)]
[('Index Scan using cast_info_idx_mid on cast_info  (cost=0.01..472246.32 rows=220016 width=42) (actual time=54.093..211097.199 rows=220041 loops=1)',), ('  Index Cond: ((movie_id >= 47271) AND (movie_id <= 60307))',), ('  Buffers: shared hit=182112 read=35019',), ('Planning Time: 336.853 ms',), ('Execution Time: 211185.235 ms',)]
[('Index Scan using cast_info_idx_mid on cast_info  (cost=0.01..487609.60 rows=230420 width=42) (actual time=54.078..224550.595 rows=230029 loops=1)',), ('  Index Cond: ((movie_id >= 47271) AND (movie_id <= 61236))',), ('  Buffers: shared hit=189540 read=37420',), ('Planning Time: 303.486 ms',), ('Execution Time: 224653.447 ms',)]
[('Index Scan using cast_info_idx_mid on cast_info  (cost=0.01..501871.15 rows=240344 width=42) (actual time=54.084..236900.882 rows=240015 loops=1)',), ('  Index Cond: ((movie_id >= 47271) AND (movie_id <= 62287))',), ('  Buffers: shared hit=196859 read=39323',), ('Planning Time: 261.840 ms',), ('Execution Time: 236999.906 ms',)]
[('Index Scan using cast_info_idx_mid on cast_info  (cost=0.01..516995.13 rows=251167 width=42) (actual time=137.409..250576.940 rows=250016 loops=1)',), ('  Index Cond: ((movie_id >= 47271) AND (movie_id <= 63081))',), ('  Buffers: shared hit=204123 read=41792',), ('Planning Time: 712.434 ms',), ('Execution Time: 250731.023 ms',)]
[('Index Scan using cast_info_idx_mid on cast_info  (cost=0.01..530446.55 rows=261056 width=42) (actual time=62.413..257493.469 rows=260037 loops=1)',), ('  Index Cond: ((movie_id >= 47271) AND (movie_id <= 64228))',), ('  Buffers: shared hit=212198 read=42741',), ('Planning Time: 686.867 ms',), ('Execution Time: 257600.900 ms',)]
[('Index Scan using cast_info_idx_mid on cast_info  (cost=0.01..543419.23 rows=270841 width=42) (actual time=70.753..262092.228 rows=270019 loops=1)',), ('  Index Cond: ((movie_id >= 47271) AND (movie_id <= 64619))',), ('  Buffers: shared hit=221067 read=43801',), ('Planning Time: 278.468 ms',), ('Execution Time: 262199.538 ms',)]
[('Index Scan using cast_info_idx_mid on cast_info  (cost=0.01..556606.79 rows=281045 width=42) (actual time=62.421..267717.823 rows=280026 loops=1)',), ('  Index Cond: ((movie_id >= 47271) AND (movie_id <= 65335))',), ('  Buffers: shared hit=230296 read=44534',), ('Planning Time: 244.983 ms',), ('Execution Time: 267829.309 ms',)]
[('Index Scan using cast_info_idx_mid on cast_info  (cost=0.01..568996.43 rows=290877 width=42) (actual time=54.033..270961.206 rows=290025 loops=1)',), ('  Index Cond: ((movie_id >= 47271) AND (movie_id <= 65641))',), ('  Buffers: shared hit=239762 read=45035',), ('Planning Time: 353.551 ms',), ('Execution Time: 271071.755 ms',)]
[('Index Scan using cast_info_idx_mid on cast_info  (cost=0.01..580793.78 rows=300471 width=42) (actual time=54.092..273310.050 rows=300036 loops=1)',), ('  Index Cond: ((movie_id >= 47271) AND (movie_id <= 65903))',), ('  Buffers: shared hit=249462 read=45232',), ('Planning Time: 436.856 ms',), ('Execution Time: 273420.326 ms',)]
[('Index Scan using cast_info_idx_mid on cast_info  (cost=0.01..593287.83 rows=310880 width=42) (actual time=54.077..272265.735 rows=310019 loops=1)',), ('  Index Cond: ((movie_id >= 47271) AND (movie_id <= 66136))',), ('  Buffers: shared hit=259081 read=45431',), ('Planning Time: 336.893 ms',), ('Execution Time: 272383.473 ms',)]
[('Index Scan using cast_info_idx_mid on cast_info  (cost=0.01..604400.85 rows=320369 width=42) (actual time=54.079..273446.564 rows=320013 loops=1)',), ('  Index Cond: ((movie_id >= 47271) AND (movie_id <= 66542))',), ('  Buffers: shared hit=268901 read=45618',), ('Planning Time: 253.470 ms',), ('Execution Time: 273564.011 ms',)]
[('Index Scan using cast_info_idx_mid on cast_info  (cost=0.01..615559.93 rows=330118 width=42) (actual time=54.082..273451.781 rows=330035 loops=1)',), ('  Index Cond: ((movie_id >= 47271) AND (movie_id <= 66948))',), ('  Buffers: shared hit=278798 read=45758',), ('Planning Time: 345.108 ms',), ('Execution Time: 273570.653 ms',)]
[('Index Scan using cast_info_idx_mid on cast_info  (cost=0.01..626596.28 rows=339991 width=42) (actual time=54.087..276426.206 rows=340041 loops=1)',), ('  Index Cond: ((movie_id >= 47271) AND (movie_id <= 67290))',), ('  Buffers: shared hit=288304 read=46236',), ('Planning Time: 228.534 ms',), ('Execution Time: 276543.946 ms',)]
[('Index Scan using cast_info_idx_mid on cast_info  (cost=0.01..637457.73 rows=349933 width=42) (actual time=54.069..287525.940 rows=350032 loops=1)',), ('  Index Cond: ((movie_id >= 47271) AND (movie_id <= 67974))',), ('  Buffers: shared hit=296501 read=47847',), ('Planning Time: 370.120 ms',), ('Execution Time: 287651.546 ms',)]
[('Index Scan using cast_info_idx_mid on cast_info  (cost=0.01..647984.68 rows=359795 width=42) (actual time=54.080..298315.028 rows=360014 loops=1)',), ('  Index Cond: ((movie_id >= 47271) AND (movie_id <= 69046))',), ('  Buffers: shared hit=304893 read=49379',), ('Planning Time: 236.818 ms',), ('Execution Time: 298440.097 ms',)]
[('Index Scan using cast_info_idx_mid on cast_info  (cost=0.01..658045.16 rows=369432 width=42) (actual time=70.805..301455.006 rows=370020 loops=1)',), ('  Index Cond: ((movie_id >= 47271) AND (movie_id <= 69449))',), ('  Buffers: shared hit=314236 read=50018',), ('Planning Time: 236.907 ms',), ('Execution Time: 301580.898 ms',)]
[('Index Scan using cast_info_idx_mid on cast_info  (cost=0.01..668872.94 rows=380042 width=42) (actual time=54.109..305467.743 rows=380049 loops=1)',), ('  Index Cond: ((movie_id >= 47271) AND (movie_id <= 69966))',), ('  Buffers: shared hit=323198 read=50796',), ('Planning Time: 445.098 ms',), ('Execution Time: 305599.755 ms',)]
[('Index Scan using cast_info_idx_mid on cast_info  (cost=0.01..679056.24 rows=390257 width=42) (actual time=54.069..312235.181 rows=390019 loops=1)',), ('  Index Cond: ((movie_id >= 47271) AND (movie_id <= 70683))',), ('  Buffers: shared hit=331439 read=52156',), ('Planning Time: 386.814 ms',), ('Execution Time: 312371.387 ms',)]
[('Index Scan using cast_info_idx_mid on cast_info  (cost=0.01..688972.56 rows=400435 width=42) (actual time=54.099..320146.016 rows=400094 loops=1)',), ('  Index Cond: ((movie_id >= 47271) AND (movie_id <= 71477))',), ('  Buffers: shared hit=339959 read=53592',), ('Planning Time: 520.181 ms',), ('Execution Time: 320289.912 ms',)]
[('Index Scan using cast_info_idx_mid on cast_info  (cost=0.01..698818.32 rows=410767 width=42) (actual time=54.067..324114.272 rows=410060 loops=1)',), ('  Index Cond: ((movie_id >= 47271) AND (movie_id <= 71592))',), ('  Buffers: shared hit=349032 read=54350',), ('Planning Time: 245.152 ms',), ('Execution Time: 324258.987 ms',)]
[('Index Scan using cast_info_idx_mid on cast_info  (cost=0.01..707998.11 rows=420614 width=42) (actual time=54.072..331878.623 rows=420016 loops=1)',), ('  Index Cond: ((movie_id >= 47271) AND (movie_id <= 72234))',), ('  Buffers: shared hit=357892 read=55308',), ('Planning Time: 322.379 ms',), ('Execution Time: 332028.506 ms',)]
[('Index Scan using cast_info_idx_mid on cast_info  (cost=0.01..717561.57 rows=431097 width=42) (actual time=45.535..337193.176 rows=430016 loops=1)',), ('  Index Cond: ((movie_id >= 47271) AND (movie_id <= 72858))',), ('  Buffers: shared hit=366120 read=56310',), ('Planning Time: 213.453 ms',), ('Execution Time: 337329.627 ms',)]
[('Index Scan using cast_info_idx_mid on cast_info  (cost=0.01..725967.99 rows=440509 width=42) (actual time=54.100..348491.724 rows=440023 loops=1)',), ('  Index Cond: ((movie_id >= 47271) AND (movie_id <= 73256))',), ('  Buffers: shared hit=374542 read=57776',), ('Planning Time: 401.075 ms',), ('Execution Time: 348649.048 ms',)]
[('Index Scan using cast_info_idx_mid on cast_info  (cost=0.01..735479.34 rows=451384 width=42) (actual time=54.062..356847.942 rows=450042 loops=1)',), ('  Index Cond: ((movie_id >= 47271) AND (movie_id <= 73807))',), ('  Buffers: shared hit=383348 read=58934',), ('Planning Time: 217.762 ms',), ('Execution Time: 357001.762 ms',)]
[('Index Scan using cast_info_idx_mid on cast_info  (cost=0.01..743449.99 rows=460690 width=42) (actual time=54.083..358621.822 rows=460051 loops=1)',), ('  Index Cond: ((movie_id >= 47271) AND (movie_id <= 74022))',), ('  Buffers: shared hit=392362 read=59911',), ('Planning Time: 387.600 ms',), ('Execution Time: 358779.926 ms',)]
[('Index Scan using cast_info_idx_mid on cast_info  (cost=0.01..751466.71 rows=470235 width=42) (actual time=54.074..366683.273 rows=470019 loops=1)',), ('  Index Cond: ((movie_id >= 47271) AND (movie_id <= 74528))',), ('  Buffers: shared hit=401091 read=61042',), ('Planning Time: 357.566 ms',), ('Execution Time: 366838.309 ms',)]
[('Index Scan using cast_info_idx_mid on cast_info  (cost=0.01..759790.36 rows=480342 width=42) (actual time=70.740..391161.005 rows=480035 loops=1)',), ('  Index Cond: ((movie_id >= 47271) AND (movie_id <= 75269))',), ('  Buffers: shared hit=406894 read=65011',), ('Planning Time: 334.464 ms',), ('Execution Time: 391330.301 ms',)]
[('Index Scan using cast_info_idx_mid on cast_info  (cost=0.01..768236.82 rows=490817 width=42) (actual time=54.077..397515.471 rows=490014 loops=1)',), ('  Index Cond: ((movie_id >= 47271) AND (movie_id <= 76259))',), ('  Buffers: shared hit=415544 read=66230',), ('Planning Time: 351.127 ms',), ('Execution Time: 397690.987 ms',)]
[('Index Scan using cast_info_idx_mid on cast_info  (cost=0.01..776250.55 rows=500958 width=42) (actual time=54.177..399545.647 rows=500047 loops=1)',), ('  Index Cond: ((movie_id >= 47271) AND (movie_id <= 76546))',), ('  Buffers: shared hit=424972 read=66781',), ('Planning Time: 236.780 ms',), ('Execution Time: 399720.335 ms',)]
[('Index Scan using cast_info_idx_mid on cast_info  (cost=0.01..779685.72 rows=510621 width=42) (actual time=54.088..406719.709 rows=510027 loops=1)',), ('  Index Cond: ((movie_id >= 47271) AND (movie_id <= 77277))',), ('  Buffers: shared hit=434233 read=67407',), ('Planning Time: 253.491 ms',), ('Execution Time: 406898.201 ms',)]
[('Index Scan using cast_info_idx_mid on cast_info  (cost=0.01..779763.68 rows=519812 width=42) (actual time=54.077..407398.753 rows=520031 loops=1)',), ('  Index Cond: ((movie_id >= 47271) AND (movie_id <= 77775))',), ('  Buffers: shared hit=443484 read=68097',), ('Planning Time: 228.507 ms',), ('Execution Time: 407574.486 ms',)]
[('Index Scan using cast_info_idx_mid on cast_info  (cost=0.01..779847.88 rows=529812 width=42) (actual time=70.751..414769.166 rows=530031 loops=1)',), ('  Index Cond: ((movie_id >= 47271) AND (movie_id <= 78357))',), ('  Buffers: shared hit=452229 read=69154',), ('Planning Time: 278.488 ms',), ('Execution Time: 414947.585 ms',)]
[('Index Scan using cast_info_idx_mid on cast_info  (cost=0.01..779932.06 rows=539636 width=42) (actual time=54.071..428268.949 rows=540013 loops=1)',), ('  Index Cond: ((movie_id >= 47271) AND (movie_id <= 79612))',), ('  Buffers: shared hit=459720 read=71037',), ('Planning Time: 286.794 ms',), ('Execution Time: 428454.140 ms',)]
[('Index Scan using cast_info_idx_mid on cast_info  (cost=0.01..780016.24 rows=549445 width=42) (actual time=54.084..434695.879 rows=550034 loops=1)',), ('  Index Cond: ((movie_id >= 47271) AND (movie_id <= 81149))',), ('  Buffers: shared hit=467826 read=72399',), ('Planning Time: 253.446 ms',), ('Execution Time: 434881.550 ms',)]
[('Index Scan using cast_info_idx_mid on cast_info  (cost=0.01..780094.17 rows=558419 width=42) (actual time=54.092..441723.696 rows=560025 loops=1)',), ('  Index Cond: ((movie_id >= 47271) AND (movie_id <= 81520))',), ('  Buffers: shared hit=476530 read=73562',), ('Planning Time: 245.163 ms',), ('Execution Time: 441916.977 ms',)]
[('Index Scan using cast_info_idx_mid on cast_info  (cost=0.01..780187.71 rows=569366 width=42) (actual time=54.127..445035.963 rows=570051 loops=1)',), ('  Index Cond: ((movie_id >= 47271) AND (movie_id <= 81999))',), ('  Buffers: shared hit=485870 read=74171',), ('Planning Time: 411.815 ms',), ('Execution Time: 445231.094 ms',)]
[('Index Scan using cast_info_idx_mid on cast_info  (cost=0.01..780271.91 rows=579372 width=42) (actual time=54.099..448388.510 rows=580024 loops=1)',), ('  Index Cond: ((movie_id >= 47271) AND (movie_id <= 82311))',), ('  Buffers: shared hit=495295 read=74681',), ('Planning Time: 395.120 ms',), ('Execution Time: 448582.709 ms',)]
[('Index Scan using cast_info_idx_mid on cast_info  (cost=0.01..780371.66 rows=590868 width=42) (actual time=54.085..457444.182 rows=590030 loops=1)',), ('  Index Cond: ((movie_id >= 47271) AND (movie_id <= 83432))',), ('  Buffers: shared hit=503437 read=76313',), ('Planning Time: 245.163 ms',), ('Execution Time: 457638.127 ms',)]
[('Index Scan using cast_info_idx_mid on cast_info  (cost=0.01..780440.29 rows=599180 width=42) (actual time=54.068..460856.563 rows=600039 loops=1)',), ('  Index Cond: ((movie_id >= 47271) AND (movie_id <= 84158))',), ('  Buffers: shared hit=511593 read=77210',), ('Planning Time: 420.143 ms',), ('Execution Time: 461068.517 ms',)]
[('Index Scan using cast_info_idx_mid on cast_info  (cost=0.01..780536.90 rows=610160 width=42) (actual time=54.084..469485.856 rows=610024 loops=1)',), ('  Index Cond: ((movie_id >= 47271) AND (movie_id <= 84677))',), ('  Buffers: shared hit=520488 read=77974',), ('Planning Time: 236.824 ms',), ('Execution Time: 469690.834 ms',)]
[('Index Scan using cast_info_idx_mid on cast_info  (cost=0.01..780618.01 rows=619914 width=42) (actual time=54.082..469354.825 rows=620012 loops=1)',), ('  Index Cond: ((movie_id >= 47271) AND (movie_id <= 84888))',), ('  Buffers: shared hit=530353 read=78080',), ('Planning Time: 245.172 ms',), ('Execution Time: 469556.087 ms',)]
[('Index Scan using cast_info_idx_mid on cast_info  (cost=0.01..780702.16 rows=629503 width=42) (actual time=70.754..466946.075 rows=630023 loops=1)',), ('  Index Cond: ((movie_id >= 47271) AND (movie_id <= 85101))',), ('  Buffers: shared hit=540259 read=78211',), ('Planning Time: 245.064 ms',), ('Execution Time: 467150.773 ms',)]
[('Index Scan using cast_info_idx_mid on cast_info  (cost=0.01..780773.90 rows=638134 width=42) (actual time=54.080..469581.959 rows=640038 loops=1)',), ('  Index Cond: ((movie_id >= 47271) AND (movie_id <= 85322))',), ('  Buffers: shared hit=550194 read=78319',), ('Planning Time: 270.032 ms',), ('Execution Time: 469787.979 ms',)]
[('Index Scan using cast_info_idx_mid on cast_info  (cost=0.01..780882.99 rows=650654 width=42) (actual time=54.064..481262.690 rows=650016 loops=1)',), ('  Index Cond: ((movie_id >= 47271) AND (movie_id <= 86248))',), ('  Buffers: shared hit=558083 read=80264',), ('Planning Time: 361.808 ms',), ('Execution Time: 481472.932 ms',)]
[('Index Scan using cast_info_idx_mid on cast_info  (cost=0.01..780957.86 rows=659667 width=42) (actual time=54.076..489530.179 rows=660043 loops=1)',), ('  Index Cond: ((movie_id >= 47271) AND (movie_id <= 87022))',), ('  Buffers: shared hit=566221 read=81997',), ('Planning Time: 320.159 ms',), ('Execution Time: 489744.074 ms',)]
[('Index Scan using cast_info_idx_mid on cast_info  (cost=0.01..781042.03 rows=669401 width=42) (actual time=54.006..491603.071 rows=670013 loops=1)',), ('  Index Cond: ((movie_id >= 47271) AND (movie_id <= 89130))',), ('  Buffers: shared hit=575855 read=82197',), ('Planning Time: 328.500 ms',), ('Execution Time: 491816.440 ms',)]
[('Index Scan using cast_info_idx_mid on cast_info  (cost=0.01..781132.43 rows=679823 width=42) (actual time=54.086..490924.339 rows=680019 loops=1)',), ('  Index Cond: ((movie_id >= 47271) AND (movie_id <= 90726))',), ('  Buffers: shared hit=585778 read=82296',), ('Planning Time: 229.966 ms',), ('Execution Time: 491142.567 ms',)]
[('Index Scan using cast_info_idx_mid on cast_info  (cost=0.01..781213.50 rows=689349 width=42) (actual time=62.439..508597.446 rows=690012 loops=1)',), ('  Index Cond: ((movie_id >= 47271) AND (movie_id <= 92245))',), ('  Buffers: shared hit=593575 read=84032',), ('Planning Time: 271.741 ms',), ('Execution Time: 508817.864 ms',)]
[('Index Scan using cast_info_idx_mid on cast_info  (cost=0.01..781307.05 rows=700391 width=42) (actual time=166.844..512349.782 rows=700012 loops=1)',), ('  Index Cond: ((movie_id >= 47271) AND (movie_id <= 93573))',), ('  Buffers: shared hit=601423 read=86013',), ('Planning Time: 904.297 ms',), ('Execution Time: 512679.151 ms',)]
[('Index Scan using cast_info_idx_mid on cast_info  (cost=0.01..781400.61 rows=711480 width=42) (actual time=54.055..516383.100 rows=710012 loops=1)',), ('  Index Cond: ((movie_id >= 47271) AND (movie_id <= 95615))',), ('  Buffers: shared hit=610266 read=86679',), ('Planning Time: 313.420 ms',), ('Execution Time: 516604.501 ms',)]
[('Index Scan using cast_info_idx_mid on cast_info  (cost=0.01..781475.39 rows=719921 width=42) (actual time=54.080..523946.092 rows=720034 loops=1)',), ('  Index Cond: ((movie_id >= 47271) AND (movie_id <= 96305))',), ('  Buffers: shared hit=618522 read=87683',), ('Planning Time: 326.050 ms',), ('Execution Time: 524176.285 ms',)]
[('Index Scan using cast_info_idx_mid on cast_info  (cost=0.01..781565.86 rows=730822 width=42) (actual time=54.098..527264.061 rows=730015 loops=1)',), ('  Index Cond: ((movie_id >= 47271) AND (movie_id <= 96950))',), ('  Buffers: shared hit=627041 read=88690',), ('Planning Time: 526.065 ms',), ('Execution Time: 527494.864 ms',)]
[('Index Scan using cast_info_idx_mid on cast_info  (cost=0.01..781656.24 rows=741132 width=42) (actual time=54.111..538566.052 rows=740016 loops=1)',), ('  Index Cond: ((movie_id >= 47271) AND (movie_id <= 97595))',), ('  Buffers: shared hit=635234 read=90255',), ('Planning Time: 305.005 ms',), ('Execution Time: 538799.394 ms',)]
[('Index Scan using cast_info_idx_mid on cast_info  (cost=0.01..781734.20 rows=750316 width=42) (actual time=54.079..543789.580 rows=750015 loops=1)',), ('  Index Cond: ((movie_id >= 47271) AND (movie_id <= 98298))',), ('  Buffers: shared hit=643867 read=91433',), ('Planning Time: 246.599 ms',), ('Execution Time: 544030.104 ms',)]
[('Index Scan using cast_info_idx_mid on cast_info  (cost=0.01..781824.64 rows=761033 width=42) (actual time=54.077..563960.667 rows=760055 loops=1)',), ('  Index Cond: ((movie_id >= 47271) AND (movie_id <= 99319))',), ('  Buffers: shared hit=651943 read=93358',), ('Planning Time: 230.071 ms',), ('Execution Time: 564206.316 ms',)]
[('Index Scan using cast_info_idx_mid on cast_info  (cost=0.01..781905.70 rows=770529 width=42) (actual time=54.079..568599.750 rows=770023 loops=1)',), ('  Index Cond: ((movie_id >= 47271) AND (movie_id <= 99666))',), ('  Buffers: shared hit=660829 read=94375',), ('Planning Time: 238.423 ms',), ('Execution Time: 568846.650 ms',)]
[('Index Scan using cast_info_idx_mid on cast_info  (cost=0.01..781993.01 rows=780804 width=42) (actual time=54.070..567166.487 rows=780056 loops=1)',), ('  Index Cond: ((movie_id >= 47271) AND (movie_id <= 100307))',), ('  Buffers: shared hit=670211 read=94982',), ('Planning Time: 392.760 ms',), ('Execution Time: 567420.330 ms',)]
[('Index Scan using cast_info_idx_mid on cast_info  (cost=0.01..782086.51 rows=791461 width=42) (actual time=54.087..601750.541 rows=790014 loops=1)',), ('  Index Cond: ((movie_id >= 47271) AND (movie_id <= 101732))',), ('  Buffers: shared hit=678507 read=96295',), ('Planning Time: 457.956 ms',), ('Execution Time: 602004.038 ms',)]
[('Index Scan using cast_info_idx_mid on cast_info  (cost=0.01..782167.60 rows=801106 width=42) (actual time=54.080..577813.744 rows=800012 loops=1)',), ('  Index Cond: ((movie_id >= 47271) AND (movie_id <= 102524))',), ('  Buffers: shared hit=687541 read=97088',), ('Planning Time: 317.787 ms',), ('Execution Time: 578064.170 ms',)]
[('Index Scan using cast_info_idx_mid on cast_info  (cost=0.01..782251.76 rows=810799 width=42) (actual time=45.376..578334.437 rows=810072 loops=1)',), ('  Index Cond: ((movie_id >= 47271) AND (movie_id <= 102710))',), ('  Buffers: shared hit=697437 read=97278',), ('Planning Time: 330.206 ms',), ('Execution Time: 578589.803 ms',)]
[('Index Scan using cast_info_idx_mid on cast_info  (cost=0.01..782335.94 rows=820572 width=42) (actual time=54.049..585400.151 rows=820014 loops=1)',), ('  Index Cond: ((movie_id >= 47271) AND (movie_id <= 103468))',), ('  Buffers: shared hit=706416 read=98158',), ('Planning Time: 475.751 ms',), ('Execution Time: 585664.845 ms',)]
[('Index Scan using cast_info_idx_mid on cast_info  (cost=0.01..782417.04 rows=830327 width=42) (actual time=54.088..581464.020 rows=830042 loops=1)',), ('  Index Cond: ((movie_id >= 47271) AND (movie_id <= 103986))',), ('  Buffers: shared hit=716091 read=98453',), ('Planning Time: 354.990 ms',), ('Execution Time: 581715.262 ms',)]
[('Index Scan using cast_info_idx_mid on cast_info  (cost=0.01..782504.33 rows=840473 width=42) (actual time=54.107..582880.246 rows=840028 loops=1)',), ('  Index Cond: ((movie_id >= 47271) AND (movie_id <= 104448))',), ('  Buffers: shared hit=725879 read=98646',), ('Planning Time: 280.013 ms',), ('Execution Time: 583139.232 ms',)]
[('Index Scan using cast_info_idx_mid on cast_info  (cost=0.01..782591.61 rows=850501 width=42) (actual time=54.074..585649.707 rows=850015 loops=1)',), ('  Index Cond: ((movie_id >= 47271) AND (movie_id <= 105597))',), ('  Buffers: shared hit=735119 read=98914',), ('Planning Time: 342.702 ms',), ('Execution Time: 585913.394 ms',)]
[('Index Scan using cast_info_idx_mid on cast_info  (cost=0.01..782675.83 rows=860626 width=42) (actual time=54.039..587579.748 rows=860012 loops=1)',), ('  Index Cond: ((movie_id >= 47271) AND (movie_id <= 106142))',), ('  Buffers: shared hit=744618 read=99265',), ('Planning Time: 467.721 ms',), ('Execution Time: 587843.432 ms',)]
[('Index Scan using cast_info_idx_mid on cast_info  (cost=0.01..782769.35 rows=871417 width=42) (actual time=54.057..594480.130 rows=870023 loops=1)',), ('  Index Cond: ((movie_id >= 47271) AND (movie_id <= 107485))',), ('  Buffers: shared hit=753250 read=100524',), ('Planning Time: 234.432 ms',), ('Execution Time: 594747.532 ms',)]
[('Index Scan using cast_info_idx_mid on cast_info  (cost=0.01..782847.30 rows=880605 width=42) (actual time=54.126..605119.995 rows=880016 loops=1)',), ('  Index Cond: ((movie_id >= 47271) AND (movie_id <= 108657))',), ('  Buffers: shared hit=761486 read=102034',), ('Planning Time: 317.801 ms',), ('Execution Time: 605385.674 ms',)]
[('Index Scan using cast_info_idx_mid on cast_info  (cost=0.01..782937.70 rows=891022 width=42) (actual time=70.798..607816.952 rows=890044 loops=1)',), ('  Index Cond: ((movie_id >= 47271) AND (movie_id <= 110433))',), ('  Buffers: shared hit=770054 read=103021',), ('Planning Time: 255.036 ms',), ('Execution Time: 608098.090 ms',)]
[('Index Scan using cast_info_idx_mid on cast_info  (cost=0.01..783028.12 rows=901589 width=42) (actual time=54.094..612063.981 rows=900020 loops=1)',), ('  Index Cond: ((movie_id >= 47271) AND (movie_id <= 111235))',), ('  Buffers: shared hit=778739 read=103981',), ('Planning Time: 271.704 ms',), ('Execution Time: 612344.131 ms',)]
[('Index Scan using cast_info_idx_mid on cast_info  (cost=0.01..783115.42 rows=911811 width=42) (actual time=54.056..615383.673 rows=910015 loops=1)',), ('  Index Cond: ((movie_id >= 47271) AND (movie_id <= 111852))',), ('  Buffers: shared hit=788453 read=104222',), ('Planning Time: 401.153 ms',), ('Execution Time: 615662.990 ms',)]
[('Index Scan using cast_info_idx_mid on cast_info  (cost=0.01..783196.49 rows=921306 width=42) (actual time=70.745..623875.746 rows=920021 loops=1)',), ('  Index Cond: ((movie_id >= 47271) AND (movie_id <= 112554))',), ('  Buffers: shared hit=796733 read=105763',), ('Planning Time: 234.207 ms',), ('Execution Time: 624155.170 ms',)]
[('Index Scan using cast_info_idx_mid on cast_info  (cost=0.01..783290.02 rows=932180 width=42) (actual time=54.075..629374.545 rows=930026 loops=1)',), ('  Index Cond: ((movie_id >= 47271) AND (movie_id <= 113475))',), ('  Buffers: shared hit=805514 read=106784',), ('Planning Time: 254.966 ms',), ('Execution Time: 629659.897 ms',)]
[('Index Scan using cast_info_idx_mid on cast_info  (cost=0.01..783374.21 rows=942101 width=42) (actual time=54.080..637820.580 rows=940028 loops=1)',), ('  Index Cond: ((movie_id >= 47271) AND (movie_id <= 114455))',), ('  Buffers: shared hit=814012 read=108178',), ('Planning Time: 221.619 ms',), ('Execution Time: 638109.202 ms',)]
[('Index Scan using cast_info_idx_mid on cast_info  (cost=0.01..783464.63 rows=952636 width=42) (actual time=54.081..641466.284 rows=950039 loops=1)',), ('  Index Cond: ((movie_id >= 47271) AND (movie_id <= 115399))',), ('  Buffers: shared hit=823138 read=109030',), ('Planning Time: 196.750 ms',), ('Execution Time: 641752.965 ms',)]
[('Index Scan using cast_info_idx_mid on cast_info  (cost=0.01..783536.33 rows=960989 width=42) (actual time=54.077..645615.781 rows=960025 loops=1)',), ('  Index Cond: ((movie_id >= 47271) AND (movie_id <= 116158))',), ('  Buffers: shared hit=831940 read=109998',), ('Planning Time: 267.932 ms',), ('Execution Time: 645912.146 ms',)]
[('Index Scan using cast_info_idx_mid on cast_info  (cost=0.01..783620.54 rows=971015 width=42) (actual time=54.074..647750.342 rows=970037 loops=1)',), ('  Index Cond: ((movie_id >= 47271) AND (movie_id <= 116474))',), ('  Buffers: shared hit=840923 read=110325',), ('Planning Time: 253.363 ms',), ('Execution Time: 648046.844 ms',)]
[('Index Scan using cast_info_idx_mid on cast_info  (cost=0.01..783704.75 rows=981022 width=42) (actual time=54.075..654947.156 rows=980014 loops=1)',), ('  Index Cond: ((movie_id >= 47271) AND (movie_id <= 116963))',), ('  Buffers: shared hit=849740 read=111368',), ('Planning Time: 236.851 ms',), ('Execution Time: 655251.636 ms',)]
[('Index Scan using cast_info_idx_mid on cast_info  (cost=0.01..783782.66 rows=989876 width=42) (actual time=54.088..661158.777 rows=990100 loops=1)',), ('  Index Cond: ((movie_id >= 47271) AND (movie_id <= 117391))',), ('  Buffers: shared hit=858861 read=111982',), ('Planning Time: 286.825 ms',), ('Execution Time: 661455.207 ms',)]
[('Index Scan using cast_info_idx_mid on cast_info  (cost=0.01..783876.21 rows=1000895 width=42) (actual time=54.072..663352.691 rows=1000031 loops=1)',), ('  Index Cond: ((movie_id >= 47271) AND (movie_id <= 119400))',), ('  Buffers: shared hit=867661 read=112797',), ('Planning Time: 228.898 ms',), ('Execution Time: 663650.546 ms',)]
[('Index Scan using cast_info_idx_mid on cast_info  (cost=0.01..783963.51 rows=1011154 width=42) (actual time=54.085..668913.402 rows=1010036 loops=1)',), ('  Index Cond: ((movie_id >= 47271) AND (movie_id <= 120197))',), ('  Buffers: shared hit=876441 read=113879',), ('Planning Time: 220.550 ms',), ('Execution Time: 669223.631 ms',)]
[('Index Scan using cast_info_idx_mid on cast_info  (cost=0.01..784050.79 rows=1021170 width=42) (actual time=54.063..673054.333 rows=1020017 loops=1)',), ('  Index Cond: ((movie_id >= 47271) AND (movie_id <= 120699))',), ('  Buffers: shared hit=885826 read=114400',), ('Planning Time: 345.149 ms',), ('Execution Time: 673369.557 ms',)]
