[('Index Scan using cast_info_idx_mid on cast_info  (cost=0.01..32550.76 rows=10803 width=42) (actual time=46.263..13335.610 rows=10026 loops=1)',), ('  Index Cond: (movie_id <= 616)',), ('  Buffers: shared hit=7644 read=2142',), ('Planning Time: 232.192 ms',), ('Execution Time: 13349.089 ms',)]
[('Index Scan using cast_info_idx_mid on cast_info  (cost=0.01..60102.47 rows=20314 width=42) (actual time=46.267..25379.869 rows=20002 loops=1)',), ('  Index Cond: (movie_id <= 1255)',), ('  Buffers: shared hit=15186 read=4296',), ('Planning Time: 231.328 ms',), ('Execution Time: 25397.568 ms',)]
[('Index Scan using cast_info_idx_mid on cast_info  (cost=0.01..87359.61 rows=30073 width=42) (actual time=37.837..41406.195 rows=30021 loops=1)',), ('  Index Cond: (movie_id <= 1889)',), ('  Buffers: shared hit=22406 read=6945',), ('Planning Time: 221.649 ms',), ('Execution Time: 41421.740 ms',)]
[('Index Scan using cast_info_idx_mid on cast_info  (cost=0.01..115555.85 rows=40556 width=42) (actual time=37.913..52566.406 rows=40024 loops=1)',), ('  Index Cond: (movie_id <= 2492)',), ('  Buffers: shared hit=30436 read=8843',), ('Planning Time: 246.808 ms',), ('Execution Time: 52585.479 ms',)]
[('Index Scan using cast_info_idx_mid on cast_info  (cost=0.01..141993.70 rows=50764 width=42) (actual time=46.372..66320.461 rows=50005 loops=1)',), ('  Index Cond: (movie_id <= 3086)',), ('  Buffers: shared hit=37993 read=11153',), ('Planning Time: 372.593 ms',), ('Execution Time: 66351.523 ms',)]
[('Index Scan using cast_info_idx_mid on cast_info  (cost=0.01..166547.33 rows=60591 width=42) (actual time=46.265..76484.307 rows=60019 loops=1)',), ('  Index Cond: (movie_id <= 3942)',), ('  Buffers: shared hit=45435 read=12979',), ('Planning Time: 250.090 ms',), ('Execution Time: 76517.176 ms',)]
[('Index Scan using cast_info_idx_mid on cast_info  (cost=0.01..193178.60 rows=71649 width=42) (actual time=46.271..95671.005 rows=70001 loops=1)',), ('  Index Cond: (movie_id <= 4816)',), ('  Buffers: shared hit=51936 read=16288',), ('Planning Time: 255.903 ms',), ('Execution Time: 95712.771 ms',)]
[('Index Scan using cast_info_idx_mid on cast_info  (cost=0.01..215421.48 rows=81221 width=42) (actual time=37.947..105319.463 rows=80018 loops=1)',), ('  Index Cond: (movie_id <= 5395)',), ('  Buffers: shared hit=59848 read=18025',), ('Planning Time: 213.316 ms',), ('Execution Time: 105355.555 ms',)]
[('Index Scan using cast_info_idx_mid on cast_info  (cost=0.01..238422.40 rows=91456 width=42) (actual time=46.296..113175.161 rows=90025 loops=1)',), ('  Index Cond: (movie_id <= 5844)',), ('  Buffers: shared hit=68190 read=19402',), ('Planning Time: 264.224 ms',), ('Execution Time: 113224.982 ms',)]
[('Index Scan using cast_info_idx_mid on cast_info  (cost=0.01..260867.89 rows=101794 width=42) (actual time=37.676..124972.405 rows=100034 loops=1)',), ('  Index Cond: (movie_id <= 6600)',), ('  Buffers: shared hit=75589 read=21624',), ('Planning Time: 271.784 ms',), ('Execution Time: 125010.325 ms',)]
[('Index Scan using cast_info_idx_mid on cast_info  (cost=0.01..283337.97 rows=112506 width=42) (actual time=46.190..143952.001 rows=110023 loops=1)',), ('  Index Cond: (movie_id <= 7689)',), ('  Buffers: shared hit=82241 read=24800',), ('Planning Time: 248.203 ms',), ('Execution Time: 144003.371 ms',)]
[('Index Scan using cast_info_idx_mid on cast_info  (cost=0.01..302822.10 rows=122105 width=42) (actual time=41.161..161864.555 rows=120022 loops=1)',), ('  Index Cond: (movie_id <= 8395)',), ('  Buffers: shared hit=88951 read=27940',), ('Planning Time: 295.243 ms',), ('Execution Time: 161924.230 ms',)]
[('Index Scan using cast_info_idx_mid on cast_info  (cost=0.01..322591.66 rows=132152 width=42) (actual time=46.381..173294.626 rows=130014 loops=1)',), ('  Index Cond: (movie_id <= 8865)',), ('  Buffers: shared hit=96966 read=29799',), ('Planning Time: 245.139 ms',), ('Execution Time: 173355.055 ms',)]
[('Index Scan using cast_info_idx_mid on cast_info  (cost=0.01..341241.12 rows=141928 width=42) (actual time=46.390..176946.349 rows=140038 loops=1)',), ('  Index Cond: (movie_id <= 8997)',), ('  Buffers: shared hit=105946 read=30690',), ('Planning Time: 286.795 ms',), ('Execution Time: 177007.768 ms',)]
[('Index Scan using cast_info_idx_mid on cast_info  (cost=0.01..360102.37 rows=152123 width=42) (actual time=46.274..189630.615 rows=150006 loops=1)',), ('  Index Cond: (movie_id <= 9618)',), ('  Buffers: shared hit=113278 read=32236',), ('Planning Time: 328.561 ms',), ('Execution Time: 189699.352 ms',)]
[('Index Scan using cast_info_idx_mid on cast_info  (cost=0.01..375615.51 rows=160753 width=42) (actual time=46.266..206264.725 rows=160089 loops=1)',), ('  Index Cond: (movie_id <= 10573)',), ('  Buffers: shared hit=120040 read=35405',), ('Planning Time: 303.397 ms',), ('Execution Time: 206346.520 ms',)]
[('Index Scan using cast_info_idx_mid on cast_info  (cost=0.01..395244.04 rows=171998 width=42) (actual time=37.791..217241.035 rows=170061 loops=1)',), ('  Index Cond: (movie_id <= 11205)',), ('  Buffers: shared hit=127709 read=37442',), ('Planning Time: 245.157 ms',), ('Execution Time: 217320.191 ms',)]
[('Index Scan using cast_info_idx_mid on cast_info  (cost=0.01..413457.85 rows=182777 width=42) (actual time=46.254..229526.195 rows=180027 loops=1)',), ('  Index Cond: (movie_id <= 12145)',), ('  Buffers: shared hit=135610 read=39397',), ('Planning Time: 278.491 ms',), ('Execution Time: 229619.270 ms',)]
[('Index Scan using cast_info_idx_mid on cast_info  (cost=0.01..428612.01 rows=192009 width=42) (actual time=37.848..237955.457 rows=190008 loops=1)',), ('  Index Cond: (movie_id <= 12769)',), ('  Buffers: shared hit=143897 read=41040',), ('Planning Time: 228.630 ms',), ('Execution Time: 238043.707 ms',)]
[('Index Scan using cast_info_idx_mid on cast_info  (cost=0.01..444674.59 rows=202065 width=42) (actual time=37.879..249870.424 rows=200002 loops=1)',), ('  Index Cond: (movie_id <= 13933)',), ('  Buffers: shared hit=151637 read=42959',), ('Planning Time: 320.108 ms',), ('Execution Time: 249959.802 ms',)]
[('Index Scan using cast_info_idx_mid on cast_info  (cost=0.01..460681.97 rows=212381 width=42) (actual time=37.827..262507.003 rows=210003 loops=1)',), ('  Index Cond: (movie_id <= 15285)',), ('  Buffers: shared hit=159346 read=45186',), ('Planning Time: 236.786 ms',), ('Execution Time: 262599.539 ms',)]
[('Index Scan using cast_info_idx_mid on cast_info  (cost=0.01..475857.70 rows=222441 width=42) (actual time=37.898..280056.746 rows=220009 loops=1)',), ('  Index Cond: (movie_id <= 16474)',), ('  Buffers: shared hit=166280 read=48141',), ('Planning Time: 278.417 ms',), ('Execution Time: 280143.492 ms',)]
[('Index Scan using cast_info_idx_mid on cast_info  (cost=0.01..491493.79 rows=233100 width=42) (actual time=37.872..288070.228 rows=230002 loops=1)',), ('  Index Cond: (movie_id <= 17937)',), ('  Buffers: shared hit=174409 read=49769',), ('Planning Time: 294.933 ms',), ('Execution Time: 288164.284 ms',)]
[('Index Scan using cast_info_idx_mid on cast_info  (cost=0.01..505966.80 rows=243252 width=42) (actual time=38.067..294450.685 rows=240010 loops=1)',), ('  Index Cond: (movie_id <= 18474)',), ('  Buffers: shared hit=182808 read=50814',), ('Planning Time: 228.308 ms',), ('Execution Time: 294541.970 ms',)]
[('Index Scan using cast_info_idx_mid on cast_info  (cost=0.01..520037.81 rows=253386 width=42) (actual time=46.357..309421.793 rows=250020 loops=1)',), ('  Index Cond: (movie_id <= 18890)',), ('  Buffers: shared hit=191023 read=52492',), ('Planning Time: 244.965 ms',), ('Execution Time: 309530.015 ms',)]
[('Index Scan using cast_info_idx_mid on cast_info  (cost=0.01..533651.58 rows=263456 width=42) (actual time=46.248..315337.223 rows=260025 loops=1)',), ('  Index Cond: (movie_id <= 19343)',), ('  Buffers: shared hit=199968 read=53526',), ('Planning Time: 270.146 ms',), ('Execution Time: 315459.024 ms',)]
[('Index Scan using cast_info_idx_mid on cast_info  (cost=0.01..546132.94 rows=272925 width=42) (actual time=46.261..323532.028 rows=270035 loops=1)',), ('  Index Cond: (movie_id <= 19696)',), ('  Buffers: shared hit=208046 read=55344',), ('Planning Time: 253.851 ms',), ('Execution Time: 323659.897 ms',)]
[('Index Scan using cast_info_idx_mid on cast_info  (cost=0.01..560780.99 rows=284337 width=42) (actual time=46.257..338988.075 rows=280011 loops=1)',), ('  Index Cond: (movie_id <= 21075)',), ('  Buffers: shared hit=215339 read=57871',), ('Planning Time: 270.512 ms',), ('Execution Time: 339119.020 ms',)]
[('Index Scan using cast_info_idx_mid on cast_info  (cost=0.01..573087.47 rows=294186 width=42) (actual time=46.250..340927.172 rows=290012 loops=1)',), ('  Index Cond: (movie_id <= 21634)',), ('  Buffers: shared hit=224746 read=58482',), ('Planning Time: 428.920 ms',), ('Execution Time: 341062.369 ms',)]
[('Index Scan using cast_info_idx_mid on cast_info  (cost=0.01..585838.98 rows=304650 width=42) (actual time=46.380..355546.189 rows=300014 loops=1)',), ('  Index Cond: (movie_id <= 22352)',), ('  Buffers: shared hit=233372 read=59768',), ('Planning Time: 637.212 ms',), ('Execution Time: 355680.946 ms',)]
[('Index Scan using cast_info_idx_mid on cast_info  (cost=0.01..596657.07 rows=313742 width=42) (actual time=46.290..356342.827 rows=310008 loops=1)',), ('  Index Cond: (movie_id <= 22864)',), ('  Buffers: shared hit=241786 read=61264',), ('Planning Time: 237.209 ms',), ('Execution Time: 356468.896 ms',)]
[('Index Scan using cast_info_idx_mid on cast_info  (cost=0.01..608583.07 rows=324007 width=42) (actual time=46.256..359231.842 rows=320014 loops=1)',), ('  Index Cond: (movie_id <= 23413)',), ('  Buffers: shared hit=251035 read=61971',), ('Planning Time: 278.936 ms',), ('Execution Time: 359358.457 ms',)]
[('Index Scan using cast_info_idx_mid on cast_info  (cost=0.01..620453.86 rows=334476 width=42) (actual time=54.661..369861.485 rows=330044 loops=1)',), ('  Index Cond: (movie_id <= 23780)',), ('  Buffers: shared hit=259722 read=63180',), ('Planning Time: 245.465 ms',), ('Execution Time: 369987.452 ms',)]
[('Index Scan using cast_info_idx_mid on cast_info  (cost=0.01..631523.68 rows=344483 width=42) (actual time=46.400..368641.069 rows=340021 loops=1)',), ('  Index Cond: (movie_id <= 24289)',), ('  Buffers: shared hit=269157 read=63654',), ('Planning Time: 237.161 ms',), ('Execution Time: 368770.244 ms',)]
[('Index Scan using cast_info_idx_mid on cast_info  (cost=0.01..643302.45 rows=355390 width=42) (actual time=46.315..384688.463 rows=350024 loops=1)',), ('  Index Cond: (movie_id <= 25059)',), ('  Buffers: shared hit=277321 read=65260',), ('Planning Time: 237.103 ms',), ('Execution Time: 384840.632 ms',)]
[('Index Scan using cast_info_idx_mid on cast_info  (cost=0.01..651803.57 rows=363438 width=42) (actual time=46.263..381977.629 rows=360020 loops=1)',), ('  Index Cond: (movie_id <= 25191)',), ('  Buffers: shared hit=287082 read=65395',), ('Planning Time: 243.104 ms',), ('Execution Time: 382133.678 ms',)]
[('Index Scan using cast_info_idx_mid on cast_info  (cost=0.01..664091.85 rows=375336 width=42) (actual time=46.304..392461.533 rows=370007 loops=1)',), ('  Index Cond: (movie_id <= 25917)',), ('  Buffers: shared hit=295705 read=66697',), ('Planning Time: 701.141 ms',), ('Execution Time: 392604.586 ms',)]
[('Index Scan using cast_info_idx_mid on cast_info  (cost=0.01..673510.64 rows=384679 width=42) (actual time=46.369..392759.471 rows=380020 loops=1)',), ('  Index Cond: (movie_id <= 26509)',), ('  Buffers: shared hit=304684 read=67668',), ('Planning Time: 438.149 ms',), ('Execution Time: 392902.765 ms',)]
[('Index Scan using cast_info_idx_mid on cast_info  (cost=0.01..683230.21 rows=394527 width=42) (actual time=46.267..391261.738 rows=390011 loops=1)',), ('  Index Cond: (movie_id <= 26688)',), ('  Buffers: shared hit=314607 read=67763',), ('Planning Time: 259.754 ms',), ('Execution Time: 391403.339 ms',)]
[('Index Scan using cast_info_idx_mid on cast_info  (cost=0.01..691933.96 rows=403533 width=42) (actual time=46.527..400607.509 rows=400020 loops=1)',), ('  Index Cond: (movie_id <= 27492)',), ('  Buffers: shared hit=322993 read=69302',), ('Planning Time: 270.097 ms',), ('Execution Time: 400752.582 ms',)]
[('Index Scan using cast_info_idx_mid on cast_info  (cost=0.01..703264.82 rows=415525 width=42) (actual time=63.146..415888.958 rows=410071 loops=1)',), ('  Index Cond: (movie_id <= 28994)',), ('  Buffers: shared hit=330590 read=71150',), ('Planning Time: 236.677 ms',), ('Execution Time: 416047.232 ms',)]
[('Index Scan using cast_info_idx_mid on cast_info  (cost=0.01..711314.90 rows=424238 width=42) (actual time=46.373..422199.465 rows=420045 loops=1)',), ('  Index Cond: (movie_id <= 30400)',), ('  Buffers: shared hit=339043 read=72410',), ('Planning Time: 470.099 ms',), ('Execution Time: 422374.251 ms',)]
[('Index Scan using cast_info_idx_mid on cast_info  (cost=0.01..719819.23 rows=433622 width=42) (actual time=46.365..429008.702 rows=430005 loops=1)',), ('  Index Cond: (movie_id <= 31135)',), ('  Buffers: shared hit=347578 read=73664',), ('Planning Time: 253.521 ms',), ('Execution Time: 429182.456 ms',)]
[('Index Scan using cast_info_idx_mid on cast_info  (cost=0.01..729011.04 rows=443977 width=42) (actual time=46.376..437585.811 rows=440010 loops=1)',), ('  Index Cond: (movie_id <= 31941)',), ('  Buffers: shared hit=355698 read=75144',), ('Planning Time: 287.122 ms',), ('Execution Time: 437775.324 ms',)]
[('Index Scan using cast_info_idx_mid on cast_info  (cost=0.01..738031.00 rows=454362 width=42) (actual time=46.367..452357.852 rows=450014 loops=1)',), ('  Index Cond: (movie_id <= 34008)',), ('  Buffers: shared hit=362696 read=77751',), ('Planning Time: 303.870 ms',), ('Execution Time: 452540.881 ms',)]
[('Index Scan using cast_info_idx_mid on cast_info  (cost=0.01..746817.74 rows=464696 width=42) (actual time=46.380..459510.809 rows=460023 loops=1)',), ('  Index Cond: (movie_id <= 34625)',), ('  Buffers: shared hit=371416 read=78878',), ('Planning Time: 238.204 ms',), ('Execution Time: 459698.631 ms',)]
[('Index Scan using cast_info_idx_mid on cast_info  (cost=0.01..755159.49 rows=474712 width=42) (actual time=46.364..468796.680 rows=470012 loops=1)',), ('  Index Cond: (movie_id <= 35313)',), ('  Buffers: shared hit=379554 read=80612',), ('Planning Time: 445.166 ms',), ('Execution Time: 468983.924 ms',)]
[('Index Scan using cast_info_idx_mid on cast_info  (cost=0.01..763878.76 rows=485407 width=42) (actual time=46.384..476383.830 rows=480024 loops=1)',), ('  Index Cond: (movie_id <= 37169)',), ('  Buffers: shared hit=387940 read=81680',), ('Planning Time: 236.824 ms',), ('Execution Time: 476554.731 ms',)]
[('Index Scan using cast_info_idx_mid on cast_info  (cost=0.01..770744.31 rows=493988 width=42) (actual time=46.432..475725.197 rows=490010 loops=1)',), ('  Index Cond: (movie_id <= 37418)',), ('  Buffers: shared hit=397260 read=82306',), ('Planning Time: 411.845 ms',), ('Execution Time: 475904.806 ms',)]
[('Index Scan using cast_info_idx_mid on cast_info  (cost=0.01..779095.33 rows=504625 width=42) (actual time=46.379..486635.856 rows=500004 loops=1)',), ('  Index Cond: (movie_id <= 38373)',), ('  Buffers: shared hit=406281 read=83260',), ('Planning Time: 228.589 ms',), ('Execution Time: 486818.794 ms',)]
[('Index Scan using cast_info_idx_mid on cast_info  (cost=0.01..779703.98 rows=514749 width=42) (actual time=63.092..489999.918 rows=510000 loops=1)',), ('  Index Cond: (movie_id <= 39657)',), ('  Buffers: shared hit=415029 read=84452',), ('Planning Time: 311.685 ms',), ('Execution Time: 490208.062 ms',)]
[('Index Scan using cast_info_idx_mid on cast_info  (cost=0.01..779787.87 rows=524715 width=42) (actual time=46.375..494556.763 rows=520034 loops=1)',), ('  Index Cond: (movie_id <= 40395)',), ('  Buffers: shared hit=424074 read=85062',), ('Planning Time: 211.861 ms',), ('Execution Time: 494763.182 ms',)]
[('Index Scan using cast_info_idx_mid on cast_info  (cost=0.01..779877.94 rows=535065 width=42) (actual time=37.852..500338.026 rows=530003 loops=1)',), ('  Index Cond: (movie_id <= 40854)',), ('  Buffers: shared hit=432616 read=86248',), ('Planning Time: 261.797 ms',), ('Execution Time: 500539.868 ms',)]
[('Index Scan using cast_info_idx_mid on cast_info  (cost=0.01..779968.04 rows=545767 width=42) (actual time=46.362..515706.189 rows=540013 loops=1)',), ('  Index Cond: (movie_id <= 41711)',), ('  Buffers: shared hit=440578 read=88058',), ('Planning Time: 328.525 ms',), ('Execution Time: 515914.998 ms',)]
[('Index Scan using cast_info_idx_mid on cast_info  (cost=0.01..780055.04 rows=556110 width=42) (actual time=46.393..513833.483 rows=550032 loops=1)',), ('  Index Cond: (movie_id <= 42341)',), ('  Buffers: shared hit=449069 read=88947',), ('Planning Time: 703.427 ms',), ('Execution Time: 514026.709 ms',)]
[('Index Scan using cast_info_idx_mid on cast_info  (cost=0.01..780135.81 rows=565634 width=42) (actual time=46.428..521004.718 rows=560014 loops=1)',), ('  Index Cond: (movie_id <= 42804)',), ('  Buffers: shared hit=457827 read=89586',), ('Planning Time: 228.331 ms',), ('Execution Time: 521196.376 ms',)]
[('Index Scan using cast_info_idx_mid on cast_info  (cost=0.01..780222.76 rows=575508 width=42) (actual time=46.379..530392.982 rows=570019 loops=1)',), ('  Index Cond: (movie_id <= 44058)',), ('  Buffers: shared hit=466056 read=91275',), ('Planning Time: 386.840 ms',), ('Execution Time: 530618.220 ms',)]
[('Index Scan using cast_info_idx_mid on cast_info  (cost=0.01..780300.45 rows=584881 width=42) (actual time=46.362..539440.066 rows=580006 loops=1)',), ('  Index Cond: (movie_id <= 44641)',), ('  Buffers: shared hit=474254 read=92940',), ('Planning Time: 220.067 ms',), ('Execution Time: 539666.493 ms',)]
[('Index Scan using cast_info_idx_mid on cast_info  (cost=0.01..780390.52 rows=595251 width=42) (actual time=46.364..546576.207 rows=590007 loops=1)',), ('  Index Cond: (movie_id <= 45838)',), ('  Buffers: shared hit=482598 read=94235',), ('Planning Time: 345.061 ms',), ('Execution Time: 546804.990 ms',)]
[('Index Scan using cast_info_idx_mid on cast_info  (cost=0.01..780480.62 rows=605924 width=42) (actual time=46.377..553589.942 rows=600011 loops=1)',), ('  Index Cond: (movie_id <= 47271)',), ('  Buffers: shared hit=490644 read=95403',), ('Planning Time: 395.109 ms',), ('Execution Time: 553822.023 ms',)]
[('Index Scan using cast_info_idx_mid on cast_info  (cost=0.01..780564.48 rows=615650 width=42) (actual time=37.894..558415.089 rows=610001 loops=1)',), ('  Index Cond: (movie_id <= 47860)',), ('  Buffers: shared hit=499377 read=96501',), ('Planning Time: 386.745 ms',), ('Execution Time: 558641.520 ms',)]
[('Index Scan using cast_info_idx_mid on cast_info  (cost=0.01..780642.18 rows=625080 width=42) (actual time=46.385..560577.898 rows=620067 loops=1)',), ('  Index Cond: (movie_id <= 48342)',), ('  Buffers: shared hit=508999 read=96959',), ('Planning Time: 250.984 ms',), ('Execution Time: 560811.150 ms',)]
[('Index Scan using cast_info_idx_mid on cast_info  (cost=0.01..780732.24 rows=635427 width=42) (actual time=46.385..565960.951 rows=630018 loops=1)',), ('  Index Cond: (movie_id <= 49776)',), ('  Buffers: shared hit=517233 read=98156',), ('Planning Time: 296.686 ms',), ('Execution Time: 566201.530 ms',)]
[('Index Scan using cast_info_idx_mid on cast_info  (cost=0.01..780813.04 rows=645120 width=42) (actual time=46.374..568705.508 rows=640014 loops=1)',), ('  Index Cond: (movie_id <= 50299)',), ('  Buffers: shared hit=526789 read=98502',), ('Planning Time: 230.073 ms',), ('Execution Time: 568948.058 ms',)]
[('Index Scan using cast_info_idx_mid on cast_info  (cost=0.01..780900.01 rows=655281 width=42) (actual time=37.916..569494.071 rows=650001 loops=1)',), ('  Index Cond: (movie_id <= 50646)',), ('  Buffers: shared hit=536645 read=98616',), ('Planning Time: 352.909 ms',), ('Execution Time: 569739.063 ms',)]
[('Index Scan using cast_info_idx_mid on cast_info  (cost=0.01..780986.98 rows=665368 width=42) (actual time=46.389..605913.316 rows=660018 loops=1)',), ('  Index Cond: (movie_id <= 50981)',), ('  Buffers: shared hit=546553 read=98716',), ('Planning Time: 304.620 ms',), ('Execution Time: 606133.157 ms',)]
[('Index Scan using cast_info_idx_mid on cast_info  (cost=0.01..781067.75 rows=674841 width=42) (actual time=46.364..569801.493 rows=670019 loops=1)',), ('  Index Cond: (movie_id <= 51420)',), ('  Buffers: shared hit=555974 read=99213',), ('Planning Time: 338.506 ms',), ('Execution Time: 570014.544 ms',)]
[('Index Scan using cast_info_idx_mid on cast_info  (cost=0.01..781145.43 rows=684101 width=42) (actual time=46.330..580096.575 rows=680010 loops=1)',), ('  Index Cond: (movie_id <= 51944)',), ('  Buffers: shared hit=564788 read=100337',), ('Planning Time: 242.890 ms',), ('Execution Time: 580353.220 ms',)]
[('Index Scan using cast_info_idx_mid on cast_info  (cost=0.01..781244.82 rows=695583 width=42) (actual time=37.777..588055.287 rows=690006 loops=1)',), ('  Index Cond: (movie_id <= 52872)',), ('  Buffers: shared hit=572898 read=101898',), ('Planning Time: 395.120 ms',), ('Execution Time: 588301.013 ms',)]
[('Index Scan using cast_info_idx_mid on cast_info  (cost=0.01..781322.49 rows=704804 width=42) (actual time=79.754..592192.813 rows=700008 loops=1)',), ('  Index Cond: (movie_id <= 53370)',), ('  Buffers: shared hit=581892 read=102727',), ('Planning Time: 755.383 ms',), ('Execution Time: 592452.235 ms',)]
[('Index Scan using cast_info_idx_mid on cast_info  (cost=0.01..781400.16 rows=713898 width=42) (actual time=46.376..597696.458 rows=710024 loops=1)',), ('  Index Cond: (movie_id <= 54297)',), ('  Buffers: shared hit=590668 read=103804',), ('Planning Time: 359.371 ms',), ('Execution Time: 597962.470 ms',)]
[('Index Scan using cast_info_idx_mid on cast_info  (cost=0.01..781487.13 rows=724050 width=42) (actual time=46.365..602260.338 rows=720009 loops=1)',), ('  Index Cond: (movie_id <= 54643)',), ('  Buffers: shared hit=599817 read=104540',), ('Planning Time: 251.178 ms',), ('Execution Time: 602512.386 ms',)]
[('Index Scan using cast_info_idx_mid on cast_info  (cost=0.01..781574.12 rows=734256 width=42) (actual time=46.369..609768.226 rows=730023 loops=1)',), ('  Index Cond: (movie_id <= 55249)',), ('  Buffers: shared hit=608314 read=105942',), ('Planning Time: 238.383 ms',), ('Execution Time: 610038.355 ms',)]
[('Index Scan using cast_info_idx_mid on cast_info  (cost=0.01..781651.80 rows=743558 width=42) (actual time=46.373..610459.732 rows=740005 loops=1)',), ('  Index Cond: (movie_id <= 55708)',), ('  Buffers: shared hit=617537 read=106485',), ('Planning Time: 295.172 ms',), ('Execution Time: 610727.821 ms',)]
[('Index Scan using cast_info_idx_mid on cast_info  (cost=0.01..781744.99 rows=754424 width=42) (actual time=46.384..614197.359 rows=750026 loops=1)',), ('  Index Cond: (movie_id <= 56095)',), ('  Buffers: shared hit=626984 read=106967',), ('Planning Time: 911.807 ms',), ('Execution Time: 614478.705 ms',)]
[('Index Scan using cast_info_idx_mid on cast_info  (cost=0.01..781825.76 rows=763919 width=42) (actual time=45.249..615257.506 rows=760006 loops=1)',), ('  Index Cond: (movie_id <= 56527)',), ('  Buffers: shared hit=636712 read=107161',), ('Planning Time: 238.111 ms',), ('Execution Time: 615563.289 ms',)]
[('Index Scan using cast_info_idx_mid on cast_info  (cost=0.01..781915.85 rows=774505 width=42) (actual time=46.356..617379.534 rows=770003 loops=1)',), ('  Index Cond: (movie_id <= 57453)',), ('  Buffers: shared hit=646327 read=107436',), ('Planning Time: 280.029 ms',), ('Execution Time: 617647.104 ms',)]
[('Index Scan using cast_info_idx_mid on cast_info  (cost=0.01..782005.93 rows=784993 width=42) (actual time=46.368..617610.772 rows=780028 loops=1)',), ('  Index Cond: (movie_id <= 57966)',), ('  Buffers: shared hit=656084 read=107595',), ('Planning Time: 227.459 ms',), ('Execution Time: 617884.081 ms',)]
[('Index Scan using cast_info_idx_mid on cast_info  (cost=0.01..782089.82 rows=794993 width=42) (actual time=46.370..621197.012 rows=790026 loops=1)',), ('  Index Cond: (movie_id <= 58676)',), ('  Buffers: shared hit=665432 read=108052',), ('Planning Time: 304.979 ms',), ('Execution Time: 621479.748 ms',)]
[('Index Scan using cast_info_idx_mid on cast_info  (cost=0.01..782179.89 rows=805360 width=42) (actual time=46.379..625422.610 rows=800014 loops=1)',), ('  Index Cond: (movie_id <= 59054)',), ('  Buffers: shared hit=674429 read=108967',), ('Planning Time: 217.851 ms',), ('Execution Time: 625701.373 ms',)]
[('Index Scan using cast_info_idx_mid on cast_info  (cost=0.01..782263.78 rows=815371 width=42) (actual time=46.391..628055.430 rows=810006 loops=1)',), ('  Index Cond: (movie_id <= 59591)',), ('  Buffers: shared hit=683574 read=109747',), ('Planning Time: 238.330 ms',), ('Execution Time: 628334.283 ms',)]
[('Index Scan using cast_info_idx_mid on cast_info  (cost=0.01..782353.87 rows=825918 width=42) (actual time=46.364..633443.842 rows=820029 loops=1)',), ('  Index Cond: (movie_id <= 60307)',), ('  Buffers: shared hit=692383 read=110768',), ('Planning Time: 288.385 ms',), ('Execution Time: 633728.389 ms',)]
[('Index Scan using cast_info_idx_mid on cast_info  (cost=0.01..782443.94 rows=836321 width=42) (actual time=37.938..641114.000 rows=830017 loops=1)',), ('  Index Cond: (movie_id <= 61236)',), ('  Buffers: shared hit=700982 read=111998',), ('Planning Time: 306.530 ms',), ('Execution Time: 641386.776 ms',)]
[('Index Scan using cast_info_idx_mid on cast_info  (cost=0.01..782527.83 rows=846246 width=42) (actual time=46.373..644468.775 rows=840003 loops=1)',), ('  Index Cond: (movie_id <= 62287)',), ('  Buffers: shared hit=709436 read=112766',), ('Planning Time: 342.692 ms',), ('Execution Time: 644758.707 ms',)]
[('Index Scan using cast_info_idx_mid on cast_info  (cost=0.01..782621.01 rows=857069 width=42) (actual time=46.397..650113.299 rows=850004 loops=1)',), ('  Index Cond: (movie_id <= 63081)',), ('  Buffers: shared hit=717960 read=113975',), ('Planning Time: 383.456 ms',), ('Execution Time: 650401.164 ms',)]
[('Index Scan using cast_info_idx_mid on cast_info  (cost=0.01..782704.89 rows=866958 width=42) (actual time=46.371..652612.955 rows=860025 loops=1)',), ('  Index Cond: (movie_id <= 64228)',), ('  Buffers: shared hit=726543 read=114416',), ('Planning Time: 229.982 ms',), ('Execution Time: 652905.521 ms',)]
[('Index Scan using cast_info_idx_mid on cast_info  (cost=0.01..782788.76 rows=876743 width=42) (actual time=46.360..655066.884 rows=870007 loops=1)',), ('  Index Cond: (movie_id <= 64619)',), ('  Buffers: shared hit=735972 read=114916',), ('Planning Time: 238.347 ms',), ('Execution Time: 655367.733 ms',)]
[('Index Scan using cast_info_idx_mid on cast_info  (cost=0.01..782875.74 rows=886946 width=42) (actual time=46.373..656738.090 rows=880014 loops=1)',), ('  Index Cond: (movie_id <= 65335)',), ('  Buffers: shared hit=745554 read=115296',), ('Planning Time: 263.372 ms',), ('Execution Time: 657031.331 ms',)]
[('Index Scan using cast_info_idx_mid on cast_info  (cost=0.01..782956.55 rows=896779 width=42) (actual time=63.038..659029.536 rows=890013 loops=1)',), ('  Index Cond: (movie_id <= 65641)',), ('  Buffers: shared hit=755273 read=115544',), ('Planning Time: 275.249 ms',), ('Execution Time: 659322.926 ms',)]
[('Index Scan using cast_info_idx_mid on cast_info  (cost=0.01..783040.40 rows=906372 width=42) (actual time=46.371..658579.422 rows=900024 loops=1)',), ('  Index Cond: (movie_id <= 65903)',), ('  Buffers: shared hit=765043 read=115671',), ('Planning Time: 263.313 ms',), ('Execution Time: 658892.859 ms',)]
[('Index Scan using cast_info_idx_mid on cast_info  (cost=0.01..783127.40 rows=916782 width=42) (actual time=46.379..658423.632 rows=910007 loops=1)',), ('  Index Cond: (movie_id <= 66136)',), ('  Buffers: shared hit=774742 read=115790',), ('Planning Time: 328.544 ms',), ('Execution Time: 658735.335 ms',)]
[('Index Scan using cast_info_idx_mid on cast_info  (cost=0.01..783208.17 rows=926271 width=42) (actual time=46.362..660522.276 rows=920001 loops=1)',), ('  Index Cond: (movie_id <= 66542)',), ('  Buffers: shared hit=784636 read=115903',), ('Planning Time: 245.099 ms',), ('Execution Time: 660830.045 ms',)]
[('Index Scan using cast_info_idx_mid on cast_info  (cost=0.01..783292.04 rows=936020 width=42) (actual time=46.379..659074.828 rows=930023 loops=1)',), ('  Index Cond: (movie_id <= 66948)',), ('  Buffers: shared hit=794568 read=116008',), ('Planning Time: 253.481 ms',), ('Execution Time: 659377.729 ms',)]
[('Index Scan using cast_info_idx_mid on cast_info  (cost=0.01..783375.92 rows=945893 width=42) (actual time=46.374..660943.527 rows=940029 loops=1)',), ('  Index Cond: (movie_id <= 67290)',), ('  Buffers: shared hit=804286 read=116274',), ('Planning Time: 221.683 ms',), ('Execution Time: 661253.755 ms',)]
[('Index Scan using cast_info_idx_mid on cast_info  (cost=0.01..783459.81 rows=955835 width=42) (actual time=46.377..667290.740 rows=950020 loops=1)',), ('  Index Cond: (movie_id <= 67974)',), ('  Buffers: shared hit=813324 read=117044',), ('Planning Time: 459.436 ms',), ('Execution Time: 667603.600 ms',)]
[('Index Scan using cast_info_idx_mid on cast_info  (cost=0.01..783543.68 rows=965696 width=42) (actual time=54.698..668556.781 rows=960002 loops=1)',), ('  Index Cond: (movie_id <= 69046)',), ('  Buffers: shared hit=822513 read=117779',), ('Planning Time: 288.225 ms',), ('Execution Time: 668884.477 ms',)]
[('Index Scan using cast_info_idx_mid on cast_info  (cost=0.01..783627.54 rows=975334 width=42) (actual time=46.406..700196.312 rows=970008 loops=1)',), ('  Index Cond: (movie_id <= 69449)',), ('  Buffers: shared hit=832018 read=118256',), ('Planning Time: 320.151 ms',), ('Execution Time: 700506.596 ms',)]
[('Index Scan using cast_info_idx_mid on cast_info  (cost=0.01..783717.63 rows=985944 width=42) (actual time=37.694..673791.010 rows=980037 loops=1)',), ('  Index Cond: (movie_id <= 69966)',), ('  Buffers: shared hit=841267 read=118747',), ('Planning Time: 503.625 ms',), ('Execution Time: 674094.136 ms',)]
[('Index Scan using cast_info_idx_mid on cast_info  (cost=0.01..783804.62 rows=996159 width=42) (actual time=37.962..684149.833 rows=990007 loops=1)',), ('  Index Cond: (movie_id <= 70683)',), ('  Buffers: shared hit=850045 read=119570',), ('Planning Time: 237.172 ms',), ('Execution Time: 684462.407 ms',)]
[('Index Scan using cast_info_idx_mid on cast_info  (cost=0.01..783891.60 rows=1006337 width=42) (actual time=46.375..682798.867 rows=1000082 loops=1)',), ('  Index Cond: (movie_id <= 71477)',), ('  Buffers: shared hit=859205 read=120366',), ('Planning Time: 287.174 ms',), ('Execution Time: 683134.804 ms',)]
[('Index Scan using cast_info_idx_mid on cast_info  (cost=0.01..783978.59 rows=1016669 width=42) (actual time=46.373..693412.156 rows=1010048 loops=1)',), ('  Index Cond: (movie_id <= 71592)',), ('  Buffers: shared hit=868584 read=120818',), ('Planning Time: 345.117 ms',), ('Execution Time: 693728.416 ms',)]
[('Index Scan using cast_info_idx_mid on cast_info  (cost=0.01..784062.47 rows=1026516 width=42) (actual time=37.756..688247.314 rows=1020004 loops=1)',), ('  Index Cond: (movie_id <= 72234)',), ('  Buffers: shared hit=877836 read=121384',), ('Planning Time: 420.177 ms',), ('Execution Time: 688570.457 ms',)]
[('Index Scan using cast_info_idx_mid on cast_info  (cost=0.01..784152.55 rows=1036999 width=42) (actual time=46.391..690480.665 rows=1030004 loops=1)',), ('  Index Cond: (movie_id <= 72858)',), ('  Buffers: shared hit=886518 read=121932',), ('Planning Time: 228.524 ms',), ('Execution Time: 690816.695 ms',)]
[('Index Scan using cast_info_idx_mid on cast_info  (cost=0.01..784233.31 rows=1046411 width=42) (actual time=46.327..696155.372 rows=1040011 loops=1)',), ('  Index Cond: (movie_id <= 73256)',), ('  Buffers: shared hit=895641 read=122697',), ('Planning Time: 303.573 ms',), ('Execution Time: 696486.310 ms',)]
[('Index Scan using cast_info_idx_mid on cast_info  (cost=0.01..784326.50 rows=1057286 width=42) (actual time=37.581..698728.560 rows=1050030 loops=1)',), ('  Index Cond: (movie_id <= 73807)',), ('  Buffers: shared hit=904932 read=123370',), ('Planning Time: 487.827 ms',), ('Execution Time: 699080.453 ms',)]
[('Index Scan using cast_info_idx_mid on cast_info  (cost=0.01..784404.18 rows=1066592 width=42) (actual time=46.413..700302.162 rows=1060039 loops=1)',), ('  Index Cond: (movie_id <= 74022)',), ('  Buffers: shared hit=914363 read=123930',), ('Planning Time: 457.946 ms',), ('Execution Time: 700642.606 ms',)]
[('Index Scan using cast_info_idx_mid on cast_info  (cost=0.01..784484.96 rows=1076137 width=42) (actual time=46.375..705171.839 rows=1070007 loops=1)',), ('  Index Cond: (movie_id <= 74528)',), ('  Buffers: shared hit=923593 read=124560',), ('Planning Time: 413.414 ms',), ('Execution Time: 705510.607 ms',)]
[('Index Scan using cast_info_idx_mid on cast_info  (cost=0.01..784571.93 rows=1086244 width=42) (actual time=46.368..714458.721 rows=1080023 loops=1)',), ('  Index Cond: (movie_id <= 75269)',), ('  Buffers: shared hit=931331 read=126594',), ('Planning Time: 261.869 ms',), ('Execution Time: 714802.382 ms',)]
[('Index Scan using cast_info_idx_mid on cast_info  (cost=0.01..784662.01 rows=1096719 width=42) (actual time=46.390..718963.400 rows=1090002 loops=1)',), ('  Index Cond: (movie_id <= 76259)',), ('  Buffers: shared hit=940559 read=127235',), ('Planning Time: 236.814 ms',), ('Execution Time: 719308.501 ms',)]
[('Index Scan using cast_info_idx_mid on cast_info  (cost=0.01..784748.99 rows=1106860 width=42) (actual time=46.360..720654.302 rows=1100035 loops=1)',), ('  Index Cond: (movie_id <= 76546)',), ('  Buffers: shared hit=950269 read=127504',), ('Planning Time: 261.765 ms',), ('Execution Time: 721009.398 ms',)]
[('Index Scan using cast_info_idx_mid on cast_info  (cost=0.01..784829.77 rows=1116523 width=42) (actual time=46.385..722613.498 rows=1110015 loops=1)',), ('  Index Cond: (movie_id <= 77277)',), ('  Buffers: shared hit=959881 read=127779',), ('Planning Time: 236.820 ms',), ('Execution Time: 722954.030 ms',)]
[('Index Scan using cast_info_idx_mid on cast_info  (cost=0.01..784907.45 rows=1125714 width=42) (actual time=46.380..721260.680 rows=1120019 loops=1)',), ('  Index Cond: (movie_id <= 77775)',), ('  Buffers: shared hit=969466 read=128135',), ('Planning Time: 228.889 ms',), ('Execution Time: 721611.928 ms',)]
[('Index Scan using cast_info_idx_mid on cast_info  (cost=0.01..784994.41 rows=1135714 width=42) (actual time=46.379..725043.874 rows=1130019 loops=1)',), ('  Index Cond: (movie_id <= 78357)',), ('  Buffers: shared hit=978776 read=128627',), ('Planning Time: 236.808 ms',), ('Execution Time: 725395.517 ms',)]
[('Index Scan using cast_info_idx_mid on cast_info  (cost=0.01..785078.28 rows=1145537 width=42) (actual time=46.381..730282.296 rows=1140001 loops=1)',), ('  Index Cond: (movie_id <= 79612)',), ('  Buffers: shared hit=987217 read=129560',), ('Planning Time: 205.109 ms',), ('Execution Time: 730654.952 ms',)]
[('Index Scan using cast_info_idx_mid on cast_info  (cost=0.01..785159.09 rows=1155347 width=42) (actual time=46.456..733260.295 rows=1150022 loops=1)',), ('  Index Cond: (movie_id <= 81149)',), ('  Buffers: shared hit=995983 read=130262',), ('Planning Time: 238.288 ms',), ('Execution Time: 733613.579 ms',)]
[('Index Scan using cast_info_idx_mid on cast_info  (cost=0.01..785236.73 rows=1164321 width=42) (actual time=46.397..736908.460 rows=1160013 loops=1)',), ('  Index Cond: (movie_id <= 81520)',), ('  Buffers: shared hit=1005265 read=130847',), ('Planning Time: 633.081 ms',), ('Execution Time: 737266.002 ms',)]
[('Index Scan using cast_info_idx_mid on cast_info  (cost=0.01..785329.93 rows=1175268 width=42) (actual time=46.378..736349.030 rows=1170039 loops=1)',), ('  Index Cond: (movie_id <= 81999)',), ('  Buffers: shared hit=1014834 read=131227',), ('Planning Time: 329.974 ms',), ('Execution Time: 736705.166 ms',)]
[('Index Scan using cast_info_idx_mid on cast_info  (cost=0.01..785416.89 rows=1185274 width=42) (actual time=46.369..740226.233 rows=1180012 loops=1)',), ('  Index Cond: (movie_id <= 82311)',), ('  Buffers: shared hit=1024470 read=131526',), ('Planning Time: 246.562 ms',), ('Execution Time: 740595.101 ms',)]
[('Index Scan using cast_info_idx_mid on cast_info  (cost=0.01..785513.21 rows=1196770 width=42) (actual time=46.367..743077.794 rows=1190018 loops=1)',), ('  Index Cond: (movie_id <= 83432)',), ('  Buffers: shared hit=1033503 read=132267',), ('Planning Time: 296.731 ms',), ('Execution Time: 743445.810 ms',)]
[('Index Scan using cast_info_idx_mid on cast_info  (cost=0.01..785584.66 rows=1205082 width=42) (actual time=46.377..744471.662 rows=1200027 loops=1)',), ('  Index Cond: (movie_id <= 84158)',), ('  Buffers: shared hit=1041996 read=132827',), ('Planning Time: 230.021 ms',), ('Execution Time: 744842.231 ms',)]
[('Index Scan using cast_info_idx_mid on cast_info  (cost=0.01..785677.86 rows=1216062 width=42) (actual time=46.380..747966.894 rows=1210012 loops=1)',), ('  Index Cond: (movie_id <= 84677)',), ('  Buffers: shared hit=1051233 read=133249',), ('Planning Time: 447.339 ms',), ('Execution Time: 748327.634 ms',)]
[('Index Scan using cast_info_idx_mid on cast_info  (cost=0.01..785761.72 rows=1225815 width=42) (actual time=46.379..747097.161 rows=1220000 loops=1)',), ('  Index Cond: (movie_id <= 84888)',), ('  Buffers: shared hit=1061110 read=133343',), ('Planning Time: 267.793 ms',), ('Execution Time: 747470.064 ms',)]
[('Index Scan using cast_info_idx_mid on cast_info  (cost=0.01..785842.51 rows=1235405 width=42) (actual time=46.376..746557.225 rows=1230011 loops=1)',), ('  Index Cond: (movie_id <= 85101)',), ('  Buffers: shared hit=1071046 read=133444',), ('Planning Time: 221.703 ms',), ('Execution Time: 746930.966 ms',)]
[('Index Scan using cast_info_idx_mid on cast_info  (cost=0.01..785917.05 rows=1244036 width=42) (actual time=46.389..748572.956 rows=1240026 loops=1)',), ('  Index Cond: (movie_id <= 85322)',), ('  Buffers: shared hit=1080998 read=133535',), ('Planning Time: 234.451 ms',), ('Execution Time: 748940.774 ms',)]
[('Index Scan using cast_info_idx_mid on cast_info  (cost=0.01..786022.68 rows=1256555 width=42) (actual time=46.367..752645.226 rows=1250004 loops=1)',), ('  Index Cond: (movie_id <= 86248)',), ('  Buffers: shared hit=1089883 read=134484',), ('Planning Time: 255.345 ms',), ('Execution Time: 753014.964 ms',)]
[('Index Scan using cast_info_idx_mid on cast_info  (cost=0.01..786100.34 rows=1265569 width=42) (actual time=46.386..756698.095 rows=1260031 loops=1)',), ('  Index Cond: (movie_id <= 87022)',), ('  Buffers: shared hit=1098943 read=135295',), ('Planning Time: 301.140 ms',), ('Execution Time: 757075.931 ms',)]
[('Index Scan using cast_info_idx_mid on cast_info  (cost=0.01..786181.13 rows=1275303 width=42) (actual time=46.376..756895.971 rows=1270001 loops=1)',), ('  Index Cond: (movie_id <= 89130)',), ('  Buffers: shared hit=1108635 read=135437',), ('Planning Time: 242.834 ms',), ('Execution Time: 757274.126 ms',)]
[('Index Scan using cast_info_idx_mid on cast_info  (cost=0.01..786271.21 rows=1285725 width=42) (actual time=46.378..755589.454 rows=1280007 loops=1)',), ('  Index Cond: (movie_id <= 90726)',), ('  Buffers: shared hit=1118569 read=135525',), ('Planning Time: 255.054 ms',), ('Execution Time: 755968.520 ms',)]
[('Index Scan using cast_info_idx_mid on cast_info  (cost=0.01..786351.98 rows=1295251 width=42) (actual time=46.374..765678.174 rows=1290000 loops=1)',), ('  Index Cond: (movie_id <= 92245)',), ('  Buffers: shared hit=1127222 read=136405',), ('Planning Time: 267.830 ms',), ('Execution Time: 766065.680 ms',)]
[('Index Scan using cast_info_idx_mid on cast_info  (cost=0.01..786445.19 rows=1306292 width=42) (actual time=46.369..767300.035 rows=1300000 loops=1)',), ('  Index Cond: (movie_id <= 93573)',), ('  Buffers: shared hit=1136073 read=137383',), ('Planning Time: 248.353 ms',), ('Execution Time: 767698.469 ms',)]
