[('Index Scan using cast_info_idx_mid on cast_info  (cost=0.01..31860.60 rows=10569 width=42) (actual time=56.348..18274.443 rows=10035 loops=1)',), ('  Index Cond: ((movie_id >= 59591) AND (movie_id <= 60307))',), ('  Buffers: shared hit=6925 read=2921',), ('Planning Time: 204.940 ms',), ('Execution Time: 18280.366 ms',)]
[('Index Scan using cast_info_idx_mid on cast_info  (cost=0.01..61978.16 rows=20973 width=42) (actual time=56.179..35928.263 rows=20023 loops=1)',), ('  Index Cond: ((movie_id >= 59591) AND (movie_id <= 61236))',), ('  Buffers: shared hit=13687 read=5988',), ('Planning Time: 213.326 ms',), ('Execution Time: 35939.759 ms',)]
[('Index Scan using cast_info_idx_mid on cast_info  (cost=0.01..89616.15 rows=30897 width=42) (actual time=56.132..50021.589 rows=30009 loops=1)',), ('  Index Cond: ((movie_id >= 59591) AND (movie_id <= 62287))',), ('  Buffers: shared hit=20532 read=8365',), ('Planning Time: 262.602 ms',), ('Execution Time: 50037.621 ms',)]
[('Index Scan using cast_info_idx_mid on cast_info  (cost=0.01..118622.90 rows=41720 width=42) (actual time=47.895..69604.657 rows=40010 loops=1)',), ('  Index Cond: ((movie_id >= 59591) AND (movie_id <= 63081))',), ('  Buffers: shared hit=27160 read=11470',), ('Planning Time: 270.209 ms',), ('Execution Time: 69625.951 ms',)]
[('Index Scan using cast_info_idx_mid on cast_info  (cost=0.01..144140.41 rows=51609 width=42) (actual time=56.438..75835.939 rows=50031 loops=1)',), ('  Index Cond: ((movie_id >= 59591) AND (movie_id <= 64228))',), ('  Buffers: shared hit=35031 read=12623',), ('Planning Time: 311.881 ms',), ('Execution Time: 75870.138 ms',)]
[('Index Scan using cast_info_idx_mid on cast_info  (cost=0.01..168516.36 rows=61394 width=42) (actual time=47.986..84382.484 rows=60013 loops=1)',), ('  Index Cond: ((movie_id >= 59591) AND (movie_id <= 64619))',), ('  Buffers: shared hit=43532 read=14051',), ('Planning Time: 253.486 ms',), ('Execution Time: 84410.230 ms',)]
[('Index Scan using cast_info_idx_mid on cast_info  (cost=0.01..193061.15 rows=71598 width=42) (actual time=47.818..89181.234 rows=70020 loops=1)',), ('  Index Cond: ((movie_id >= 59591) AND (movie_id <= 65335))',), ('  Buffers: shared hit=52555 read=14990',), ('Planning Time: 203.471 ms',), ('Execution Time: 89210.674 ms',)]
[('Index Scan using cast_info_idx_mid on cast_info  (cost=0.01..215902.76 rows=81430 width=42) (actual time=56.272..94490.470 rows=80019 loops=1)',), ('  Index Cond: ((movie_id >= 59591) AND (movie_id <= 65641))',), ('  Buffers: shared hit=61879 read=15633',), ('Planning Time: 253.459 ms',), ('Execution Time: 94531.879 ms',)]
[('Index Scan using cast_info_idx_mid on cast_info  (cost=0.01..237470.82 rows=91024 width=42) (actual time=47.783..94056.739 rows=90030 loops=1)',), ('  Index Cond: ((movie_id >= 59591) AND (movie_id <= 65903))',), ('  Buffers: shared hit=71550 read=15859',), ('Planning Time: 228.483 ms',), ('Execution Time: 94089.431 ms',)]
[('Index Scan using cast_info_idx_mid on cast_info  (cost=0.01..260100.77 rows=101433 width=42) (actual time=47.832..95401.273 rows=100013 loops=1)',), ('  Index Cond: ((movie_id >= 59591) AND (movie_id <= 66136))',), ('  Buffers: shared hit=81123 read=16104',), ('Planning Time: 245.192 ms',), ('Execution Time: 95435.857 ms',)]
[('Index Scan using cast_info_idx_mid on cast_info  (cost=0.01..280066.97 rows=110922 width=42) (actual time=56.365..98772.332 rows=110007 loops=1)',), ('  Index Cond: ((movie_id >= 59591) AND (movie_id <= 66542))',), ('  Buffers: shared hit=90903 read=16331',), ('Planning Time: 278.538 ms',), ('Execution Time: 98817.830 ms',)]
[('Index Scan using cast_info_idx_mid on cast_info  (cost=0.01..299953.42 rows=120671 width=42) (actual time=47.888..100008.870 rows=120029 loops=1)',), ('  Index Cond: ((movie_id >= 59591) AND (movie_id <= 66948))',), ('  Buffers: shared hit=100781 read=16490',), ('Planning Time: 286.818 ms',), ('Execution Time: 100048.583 ms',)]
[('Index Scan using cast_info_idx_mid on cast_info  (cost=0.01..319471.64 rows=130544 width=42) (actual time=56.355..100830.923 rows=130035 loops=1)',), ('  Index Cond: ((movie_id >= 59591) AND (movie_id <= 67290))',), ('  Buffers: shared hit=110134 read=17121',), ('Planning Time: 295.177 ms',), ('Execution Time: 100879.655 ms',)]
[('Index Scan using cast_info_idx_mid on cast_info  (cost=0.01..338529.56 rows=140486 width=42) (actual time=56.335..111883.887 rows=140026 loops=1)',), ('  Index Cond: ((movie_id >= 59591) AND (movie_id <= 67974))',), ('  Buffers: shared hit=117888 read=19175',), ('Planning Time: 328.459 ms',), ('Execution Time: 111937.074 ms',)]
[('Index Scan using cast_info_idx_mid on cast_info  (cost=0.01..356863.26 rows=150348 width=42) (actual time=65.015..124390.615 rows=150008 loops=1)',), ('  Index Cond: ((movie_id >= 59591) AND (movie_id <= 69046))',), ('  Buffers: shared hit=125933 read=21054',), ('Planning Time: 673.768 ms',), ('Execution Time: 124463.580 ms',)]
[('Index Scan using cast_info_idx_mid on cast_info  (cost=0.01..374254.85 rows=159985 width=42) (actual time=56.347..128472.710 rows=160014 loops=1)',), ('  Index Cond: ((movie_id >= 59591) AND (movie_id <= 69449))',), ('  Buffers: shared hit=135232 read=21737',), ('Planning Time: 420.173 ms',), ('Execution Time: 128532.735 ms',)]
[('Index Scan using cast_info_idx_mid on cast_info  (cost=0.01..392834.15 rows=170595 width=42) (actual time=56.336..132927.266 rows=170043 loops=1)',), ('  Index Cond: ((movie_id >= 59591) AND (movie_id <= 69966))',), ('  Buffers: shared hit=144101 read=22608',), ('Planning Time: 311.822 ms',), ('Execution Time: 132993.449 ms',)]
[('Index Scan using cast_info_idx_mid on cast_info  (cost=0.01..410179.78 rows=180810 width=42) (actual time=56.343..144948.156 rows=180013 loops=1)',), ('  Index Cond: ((movie_id >= 59591) AND (movie_id <= 70683))',), ('  Buffers: shared hit=152142 read=24168',), ('Planning Time: 345.140 ms',), ('Execution Time: 145039.711 ms',)]
[('Index Scan using cast_info_idx_mid on cast_info  (cost=0.01..426960.77 rows=190988 width=42) (actual time=56.344..154285.847 rows=190088 loops=1)',), ('  Index Cond: ((movie_id >= 59591) AND (movie_id <= 71477))',), ('  Buffers: shared hit=160388 read=25878',), ('Planning Time: 411.762 ms',), ('Execution Time: 154355.146 ms',)]
[('Index Scan using cast_info_idx_mid on cast_info  (cost=0.01..443505.48 rows=201320 width=42) (actual time=56.330..158819.876 rows=200054 loops=1)',), ('  Index Cond: ((movie_id >= 59591) AND (movie_id <= 71592))',), ('  Buffers: shared hit=169361 read=26736',), ('Planning Time: 245.150 ms',), ('Execution Time: 158893.808 ms',)]
[('Index Scan using cast_info_idx_mid on cast_info  (cost=0.01..458828.80 rows=211167 width=42) (actual time=56.351..166889.937 rows=210010 loops=1)',), ('  Index Cond: ((movie_id >= 59591) AND (movie_id <= 72234))',), ('  Buffers: shared hit=178092 read=27823',), ('Planning Time: 336.804 ms',), ('Execution Time: 166965.833 ms',)]
[('Index Scan using cast_info_idx_mid on cast_info  (cost=0.01..474689.22 rows=221651 width=42) (actual time=56.342..172118.030 rows=220010 loops=1)',), ('  Index Cond: ((movie_id >= 59591) AND (movie_id <= 72858))',), ('  Buffers: shared hit=186156 read=28989',), ('Planning Time: 278.378 ms',), ('Execution Time: 172197.973 ms',)]
[('Index Scan using cast_info_idx_mid on cast_info  (cost=0.01..488545.64 rows=231063 width=42) (actual time=56.345..182069.048 rows=230017 loops=1)',), ('  Index Cond: ((movie_id >= 59591) AND (movie_id <= 73256))',), ('  Buffers: shared hit=194253 read=30780',), ('Planning Time: 303.418 ms',), ('Execution Time: 182150.741 ms',)]
[('Index Scan using cast_info_idx_mid on cast_info  (cost=0.01..504123.79 rows=241937 width=42) (actual time=56.355..192767.873 rows=240036 loops=1)',), ('  Index Cond: ((movie_id >= 59591) AND (movie_id <= 73807))',), ('  Buffers: shared hit=202861 read=32136',), ('Planning Time: 245.122 ms',), ('Execution Time: 192853.137 ms',)]
[('Index Scan using cast_info_idx_mid on cast_info  (cost=0.01..517099.48 rows=251243 width=42) (actual time=56.337..199667.334 rows=250045 loops=1)',), ('  Index Cond: ((movie_id >= 59591) AND (movie_id <= 74022))',), ('  Buffers: shared hit=211720 read=33268',), ('Planning Time: 303.435 ms',), ('Execution Time: 199756.161 ms',)]
[('Index Scan using cast_info_idx_mid on cast_info  (cost=0.01..530090.54 rows=260789 width=42) (actual time=56.349..206094.478 rows=260013 loops=1)',), ('  Index Cond: ((movie_id >= 59591) AND (movie_id <= 74528))',), ('  Buffers: shared hit=220236 read=34612',), ('Planning Time: 278.502 ms',), ('Execution Time: 206189.565 ms',)]
[('Index Scan using cast_info_idx_mid on cast_info  (cost=0.01..543489.82 rows=270895 width=42) (actual time=56.346..234347.572 rows=270029 loops=1)',), ('  Index Cond: ((movie_id >= 59591) AND (movie_id <= 75269))',), ('  Buffers: shared hit=225166 read=39454',), ('Planning Time: 295.134 ms',), ('Execution Time: 234447.924 ms',)]
[('Index Scan using cast_info_idx_mid on cast_info  (cost=0.01..557021.10 rows=281370 width=42) (actual time=56.432..243595.374 rows=280008 loops=1)',), ('  Index Cond: ((movie_id >= 59591) AND (movie_id <= 76259))',), ('  Buffers: shared hit=233511 read=40978',), ('Planning Time: 361.849 ms',), ('Execution Time: 243700.222 ms',)]
[('Index Scan using cast_info_idx_mid on cast_info  (cost=0.01..569785.17 rows=291511 width=42) (actual time=56.330..246361.014 rows=290041 loops=1)',), ('  Index Cond: ((movie_id >= 59591) AND (movie_id <= 76546))',), ('  Buffers: shared hit=242812 read=41656',), ('Planning Time: 270.109 ms',), ('Execution Time: 246470.141 ms',)]
[('Index Scan using cast_info_idx_mid on cast_info  (cost=0.01..581650.04 rows=301174 width=42) (actual time=56.319..252484.115 rows=300021 loops=1)',), ('  Index Cond: ((movie_id >= 59591) AND (movie_id <= 77277))',), ('  Buffers: shared hit=251881 read=42474',), ('Planning Time: 403.495 ms',), ('Execution Time: 252590.742 ms',)]
[('Index Scan using cast_info_idx_mid on cast_info  (cost=0.01..592677.09 rows=310365 width=42) (actual time=64.678..258151.962 rows=310025 loops=1)',), ('  Index Cond: ((movie_id >= 59591) AND (movie_id <= 77775))',), ('  Buffers: shared hit=260955 read=43341',), ('Planning Time: 228.440 ms',), ('Execution Time: 258266.402 ms',)]
[('Index Scan using cast_info_idx_mid on cast_info  (cost=0.01..604394.71 rows=320365 width=42) (actual time=56.348..265448.091 rows=320025 loops=1)',), ('  Index Cond: ((movie_id >= 59591) AND (movie_id <= 78357))',), ('  Buffers: shared hit=269432 read=44666',), ('Planning Time: 428.420 ms',), ('Execution Time: 265564.828 ms',)]
[('Index Scan using cast_info_idx_mid on cast_info  (cost=0.01..615639.73 rows=330189 width=42) (actual time=47.860..279818.153 rows=330007 loops=1)',), ('  Index Cond: ((movie_id >= 59591) AND (movie_id <= 79612))',), ('  Buffers: shared hit=276500 read=46972',), ('Planning Time: 303.482 ms',), ('Execution Time: 279929.711 ms',)]
[('Index Scan using cast_info_idx_mid on cast_info  (cost=0.01..626605.49 rows=339998 width=42) (actual time=56.363..292009.387 rows=340028 loops=1)',), ('  Index Cond: ((movie_id >= 59591) AND (movie_id <= 81149))',), ('  Buffers: shared hit=284268 read=48672',), ('Planning Time: 236.822 ms',), ('Execution Time: 292131.729 ms',)]
[('Index Scan using cast_info_idx_mid on cast_info  (cost=0.01..636417.31 rows=348972 width=42) (actual time=56.344..300817.611 rows=350019 loops=1)',), ('  Index Cond: ((movie_id >= 59591) AND (movie_id <= 81520))',), ('  Buffers: shared hit=292650 read=50157',), ('Planning Time: 228.400 ms',), ('Execution Time: 300942.172 ms',)]
[('Index Scan using cast_info_idx_mid on cast_info  (cost=0.01..648116.65 rows=359919 width=42) (actual time=56.357..304184.025 rows=360045 loops=1)',), ('  Index Cond: ((movie_id >= 59591) AND (movie_id <= 81999))',), ('  Buffers: shared hit=301822 read=50934',), ('Planning Time: 303.484 ms',), ('Execution Time: 304314.409 ms',)]
[('Index Scan using cast_info_idx_mid on cast_info  (cost=0.01..658554.62 rows=369925 width=42) (actual time=56.335..304995.066 rows=370018 loops=1)',), ('  Index Cond: ((movie_id >= 59591) AND (movie_id <= 82311))',), ('  Buffers: shared hit=311164 read=51527',), ('Planning Time: 303.455 ms',), ('Execution Time: 305124.602 ms',)]
[('Index Scan using cast_info_idx_mid on cast_info  (cost=0.01..670260.17 rows=381421 width=42) (actual time=56.338..322517.059 rows=380024 loops=1)',), ('  Index Cond: ((movie_id >= 59591) AND (movie_id <= 83432))',), ('  Buffers: shared hit=318895 read=53570',), ('Planning Time: 306.466 ms',), ('Execution Time: 322649.697 ms',)]
[('Index Scan using cast_info_idx_mid on cast_info  (cost=0.01..678537.56 rows=389733 width=42) (actual time=56.343..326075.299 rows=390033 loops=1)',), ('  Index Cond: ((movie_id >= 59591) AND (movie_id <= 84158))',), ('  Buffers: shared hit=326909 read=54609',), ('Planning Time: 616.234 ms',), ('Execution Time: 326209.859 ms',)]
[('Index Scan using cast_info_idx_mid on cast_info  (cost=0.01..689239.57 rows=400713 width=42) (actual time=56.429..333469.059 rows=400018 loops=1)',), ('  Index Cond: ((movie_id >= 59591) AND (movie_id <= 84677))',), ('  Buffers: shared hit=335691 read=55486',), ('Planning Time: 371.562 ms',), ('Execution Time: 333607.491 ms',)]
[('Index Scan using cast_info_idx_mid on cast_info  (cost=0.01..698535.96 rows=410467 width=42) (actual time=56.335..330550.468 rows=410006 loops=1)',), ('  Index Cond: ((movie_id >= 59591) AND (movie_id <= 84888))',), ('  Buffers: shared hit=345556 read=55592',), ('Planning Time: 330.141 ms',), ('Execution Time: 330691.272 ms',)]
[('Index Scan using cast_info_idx_mid on cast_info  (cost=0.01..707482.49 rows=420056 width=42) (actual time=56.381..335920.362 rows=420017 loops=1)',), ('  Index Cond: ((movie_id >= 59591) AND (movie_id <= 85101))',), ('  Buffers: shared hit=355455 read=55730',), ('Planning Time: 359.359 ms',), ('Execution Time: 336058.623 ms',)]
[('Index Scan using cast_info_idx_mid on cast_info  (cost=0.01..715382.47 rows=428687 width=42) (actual time=47.885..332888.696 rows=430032 loops=1)',), ('  Index Cond: ((movie_id >= 59591) AND (movie_id <= 85322))',), ('  Buffers: shared hit=365386 read=55842',), ('Planning Time: 348.303 ms',), ('Execution Time: 333029.491 ms',)]
[('Index Scan using cast_info_idx_mid on cast_info  (cost=0.01..726584.89 rows=441207 width=42) (actual time=56.400..344491.663 rows=440010 loops=1)',), ('  Index Cond: ((movie_id >= 59591) AND (movie_id <= 86248))',), ('  Buffers: shared hit=372776 read=58286',), ('Planning Time: 388.548 ms',), ('Execution Time: 344637.614 ms',)]
[('Index Scan using cast_info_idx_mid on cast_info  (cost=0.01..734472.65 rows=450220 width=42) (actual time=56.329..359957.989 rows=450037 loops=1)',), ('  Index Cond: ((movie_id >= 59591) AND (movie_id <= 87022))',), ('  Buffers: shared hit=380285 read=60648',), ('Planning Time: 255.068 ms',), ('Execution Time: 360105.805 ms',)]
[('Index Scan using cast_info_idx_mid on cast_info  (cost=0.01..742823.88 rows=459954 width=42) (actual time=56.309..358291.146 rows=460007 loops=1)',), ('  Index Cond: ((movie_id >= 59591) AND (movie_id <= 89130))',), ('  Buffers: shared hit=389892 read=60875',), ('Planning Time: 346.690 ms',), ('Execution Time: 358432.365 ms',)]
[('Index Scan using cast_info_idx_mid on cast_info  (cost=0.01..751583.33 rows=470376 width=42) (actual time=56.389..365308.478 rows=470013 loops=1)',), ('  Index Cond: ((movie_id >= 59591) AND (movie_id <= 90726))',), ('  Buffers: shared hit=399811 read=60978',), ('Planning Time: 388.487 ms',), ('Execution Time: 365458.134 ms',)]