[('Nested Loop  (cost=0.00..1598.57 rows=76581 width=480) (actual time=12.684..14519.034 rows=1490 loops=1)',), ('  Join Filter: (aka_name_temp.person_id = name_temp.id)',), ('  Rows Removed by Join Filter: 99998510',), ('  Buffers: shared read=261 dirtied=261',), ('  ->  Seq Scan on name_temp  (cost=0.00..4.90 rows=4020 width=244) (actual time=0.058..3.602 rows=10000 loops=1)',), ('        Buffers: shared read=134 dirtied=134',), ('  ->  Materialize  (cost=0.00..4.88 rows=3810 width=236) (actual time=0.000..0.443 rows=10000 loops=10000)',), ('        Buffers: shared read=127 dirtied=127',), ('        ->  Seq Scan on aka_name_temp  (cost=0.00..4.65 rows=3810 width=236) (actual time=0.019..2.651 rows=10000 loops=1)',), ('              Buffers: shared read=127 dirtied=127',), ('Planning Time: 37.485 ms',), ('Execution Time: 14528.252 ms',)]
[('Nested Loop  (cost=0.00..3180.49 rows=152590 width=480) (actual time=13.719..29215.421 rows=2979 loops=1)',), ('  Join Filter: (aka_name_temp.person_id = name_temp.id)',), ('  Rows Removed by Join Filter: 199997021',), ('  Buffers: shared read=394 dirtied=394',), ('  ->  Seq Scan on name_temp  (cost=0.00..9.77 rows=8010 width=244) (actual time=0.068..6.815 rows=20000 loops=1)',), ('        Buffers: shared read=267 dirtied=267',), ('  ->  Materialize  (cost=0.00..4.88 rows=3810 width=236) (actual time=0.000..0.443 rows=10000 loops=20000)',), ('        Buffers: shared read=127 dirtied=127',), ('        ->  Seq Scan on aka_name_temp  (cost=0.00..4.65 rows=3810 width=236) (actual time=0.038..2.768 rows=10000 loops=1)',), ('              Buffers: shared read=127 dirtied=127',), ('Planning Time: 54.232 ms',), ('Execution Time: 29224.480 ms',)]
[('Nested Loop  (cost=0.00..4774.30 rows=229172 width=480) (actual time=13.673..43440.092 rows=4152 loops=1)',), ('  Join Filter: (aka_name_temp.person_id = name_temp.id)',), ('  Rows Removed by Join Filter: 299995848',), ('  Buffers: shared read=528 dirtied=528',), ('  ->  Seq Scan on name_temp  (cost=0.00..14.67 rows=12030 width=244) (actual time=0.070..9.655 rows=30000 loops=1)',), ('        Buffers: shared read=401 dirtied=401',), ('  ->  Materialize  (cost=0.00..4.88 rows=3810 width=236) (actual time=0.000..0.442 rows=10000 loops=30000)',), ('        Buffers: shared read=127 dirtied=127',), ('        ->  Seq Scan on aka_name_temp  (cost=0.00..4.65 rows=3810 width=236) (actual time=0.038..2.487 rows=10000 loops=1)',), ('              Buffers: shared read=127 dirtied=127',), ('Planning Time: 54.228 ms',), ('Execution Time: 43449.058 ms',)]
[('Nested Loop  (cost=0.00..6356.21 rows=305181 width=480) (actual time=12.443..57791.288 rows=4152 loops=1)',), ('  Join Filter: (aka_name_temp.person_id = name_temp.id)',), ('  Rows Removed by Join Filter: 399995848',), ('  Buffers: shared read=661 dirtied=661',), ('  ->  Seq Scan on name_temp  (cost=0.00..19.54 rows=16020 width=244) (actual time=0.069..14.222 rows=40000 loops=1)',), ('        Buffers: shared read=534 dirtied=534',), ('  ->  Materialize  (cost=0.00..4.88 rows=3810 width=236) (actual time=0.000..0.440 rows=10000 loops=40000)',), ('        Buffers: shared read=127 dirtied=127',), ('        ->  Seq Scan on aka_name_temp  (cost=0.00..4.65 rows=3810 width=236) (actual time=0.048..2.706 rows=10000 loops=1)',), ('              Buffers: shared read=127 dirtied=127',), ('Planning Time: 54.284 ms',), ('Execution Time: 57800.380 ms',)]
[('Nested Loop  (cost=0.00..7950.02 rows=381762 width=480) (actual time=17.498..71448.848 rows=4152 loops=1)',), ('  Join Filter: (aka_name_temp.person_id = name_temp.id)',), ('  Rows Removed by Join Filter: 499995848',), ('  Buffers: shared hit=33 read=762 dirtied=692',), ('  ->  Seq Scan on name_temp  (cost=0.00..24.44 rows=20040 width=244) (actual time=0.082..13.110 rows=50000 loops=1)',), ('        Buffers: shared hit=33 read=635 dirtied=565',), ('  ->  Materialize  (cost=0.00..4.88 rows=3810 width=236) (actual time=0.000..0.436 rows=10000 loops=50000)',), ('        Buffers: shared read=127 dirtied=127',), ('        ->  Seq Scan on aka_name_temp  (cost=0.00..4.65 rows=3810 width=236) (actual time=0.045..2.673 rows=10000 loops=1)',), ('              Buffers: shared read=127 dirtied=127',), ('Planning Time: 32.595 ms',), ('Execution Time: 71449.931 ms',)]
[('Nested Loop  (cost=0.00..9531.94 rows=457772 width=480) (actual time=11.288..85896.391 rows=4152 loops=1)',), ('  Join Filter: (aka_name_temp.person_id = name_temp.id)',), ('  Rows Removed by Join Filter: 599995848',), ('  Buffers: shared hit=33 read=895 dirtied=690',), ('  ->  Seq Scan on name_temp  (cost=0.00..29.31 rows=24030 width=244) (actual time=0.075..19.203 rows=60000 loops=1)',), ('        Buffers: shared hit=33 read=768 dirtied=563',), ('  ->  Materialize  (cost=0.00..4.88 rows=3810 width=236) (actual time=0.000..0.438 rows=10000 loops=60000)',), ('        Buffers: shared read=127 dirtied=127',), ('        ->  Seq Scan on aka_name_temp  (cost=0.00..4.65 rows=3810 width=236) (actual time=0.048..2.487 rows=10000 loops=1)',), ('              Buffers: shared read=127 dirtied=127',), ('Planning Time: 49.409 ms',), ('Execution Time: 85905.577 ms',)]
[('Nested Loop  (cost=0.00..11125.75 rows=534352 width=480) (actual time=18.636..100815.743 rows=4152 loops=1)',), ('  Join Filter: (aka_name_temp.person_id = name_temp.id)',), ('  Rows Removed by Join Filter: 699995848',), ('  Buffers: shared hit=33 read=1029 dirtied=685',), ('  ->  Seq Scan on name_temp  (cost=0.00..34.21 rows=28050 width=244) (actual time=0.071..20.976 rows=70000 loops=1)',), ('        Buffers: shared hit=33 read=902 dirtied=558',), ('  ->  Materialize  (cost=0.00..4.88 rows=3810 width=236) (actual time=0.000..0.438 rows=10000 loops=70000)',), ('        Buffers: shared read=127 dirtied=127',), ('        ->  Seq Scan on aka_name_temp  (cost=0.00..4.65 rows=3810 width=236) (actual time=0.037..3.005 rows=10000 loops=1)',), ('              Buffers: shared read=127 dirtied=127',), ('Planning Time: 47.465 ms',), ('Execution Time: 100817.601 ms',)]
[('Nested Loop  (cost=0.00..12695.77 rows=609790 width=480) (actual time=11.991..117062.752 rows=4152 loops=1)',), ('  Join Filter: (aka_name_temp.person_id = name_temp.id)',), ('  Rows Removed by Join Filter: 799995848',), ('  Buffers: shared hit=1 read=1193 dirtied=674',), ('  ->  Seq Scan on name_temp  (cost=0.00..39.04 rows=32010 width=244) (actual time=0.073..23.882 rows=80000 loops=1)',), ('        Buffers: shared hit=1 read=1066 dirtied=547',), ('  ->  Materialize  (cost=0.00..4.88 rows=3810 width=236) (actual time=0.000..0.435 rows=10000 loops=80000)',), ('        Buffers: shared read=127 dirtied=127',), ('        ->  Seq Scan on aka_name_temp  (cost=0.00..4.65 rows=3810 width=236) (actual time=0.039..2.600 rows=10000 loops=1)',), ('              Buffers: shared read=127 dirtied=127',), ('Planning Time: 47.511 ms',), ('Execution Time: 117064.711 ms',)]
[('Nested Loop  (cost=0.00..14289.58 rows=686372 width=480) (actual time=21.497..129707.830 rows=4152 loops=1)',), ('  Join Filter: (aka_name_temp.person_id = name_temp.id)',), ('  Rows Removed by Join Filter: 899995848',), ('  Buffers: shared hit=33 read=1295 dirtied=687',), ('  ->  Seq Scan on name_temp  (cost=0.00..43.94 rows=36030 width=244) (actual time=0.075..24.134 rows=90000 loops=1)',), ('        Buffers: shared hit=33 read=1168 dirtied=560',), ('  ->  Materialize  (cost=0.00..4.88 rows=3810 width=236) (actual time=0.000..0.431 rows=10000 loops=90000)',), ('        Buffers: shared read=127 dirtied=127',), ('        ->  Seq Scan on aka_name_temp  (cost=0.00..4.65 rows=3810 width=236) (actual time=0.039..4.056 rows=10000 loops=1)',), ('              Buffers: shared read=127 dirtied=127',), ('Planning Time: 55.853 ms',), ('Execution Time: 129709.720 ms',)]
[('Nested Loop  (cost=0.00..15907.17 rows=764096 width=480) (actual time=17.405..142517.115 rows=4152 loops=1)',), ('  Join Filter: (aka_name_temp.person_id = name_temp.id)',), ('  Rows Removed by Join Filter: 999995848',), ('  Buffers: shared hit=1 read=1463 dirtied=690',), ('  ->  Seq Scan on name_temp  (cost=0.00..48.92 rows=40110 width=244) (actual time=0.078..30.940 rows=100000 loops=1)',), ('        Buffers: shared hit=1 read=1336 dirtied=563',), ('  ->  Materialize  (cost=0.00..4.88 rows=3810 width=236) (actual time=0.000..0.429 rows=10000 loops=100000)',), ('        Buffers: shared read=127 dirtied=127',), ('        ->  Seq Scan on aka_name_temp  (cost=0.00..4.65 rows=3810 width=236) (actual time=0.048..3.174 rows=10000 loops=1)',), ('              Buffers: shared read=127 dirtied=127',), ('Planning Time: 57.940 ms',), ('Execution Time: 142519.185 ms',)]
[('Nested Loop  (cost=0.00..1598.57 rows=76581 width=480) (actual time=11.254..14356.757 rows=1490 loops=1)',), ('  Join Filter: (aka_name_temp.person_id = name_temp.id)',), ('  Rows Removed by Join Filter: 99998510',), ('  Buffers: shared read=261 dirtied=261',), ('  ->  Seq Scan on name_temp  (cost=0.00..4.90 rows=4020 width=244) (actual time=0.066..3.560 rows=10000 loops=1)',), ('        Buffers: shared read=134 dirtied=134',), ('  ->  Materialize  (cost=0.00..4.88 rows=3810 width=236) (actual time=0.000..0.438 rows=10000 loops=10000)',), ('        Buffers: shared read=127 dirtied=127',), ('        ->  Seq Scan on aka_name_temp  (cost=0.00..4.65 rows=3810 width=236) (actual time=0.033..2.368 rows=10000 loops=1)',), ('              Buffers: shared read=127 dirtied=127',), ('Planning Time: 47.763 ms',), ('Execution Time: 14358.143 ms',)]
[('Nested Loop  (cost=0.00..3180.49 rows=152590 width=480) (actual time=16.847..28787.825 rows=2979 loops=1)',), ('  Join Filter: (aka_name_temp.person_id = name_temp.id)',), ('  Rows Removed by Join Filter: 199997021',), ('  Buffers: shared read=394 dirtied=394',), ('  ->  Seq Scan on name_temp  (cost=0.00..9.77 rows=8010 width=244) (actual time=0.076..7.352 rows=20000 loops=1)',), ('        Buffers: shared read=267 dirtied=267',), ('  ->  Materialize  (cost=0.00..4.88 rows=3810 width=236) (actual time=0.000..0.439 rows=10000 loops=20000)',), ('        Buffers: shared read=127 dirtied=127',), ('        ->  Seq Scan on aka_name_temp  (cost=0.00..4.65 rows=3810 width=236) (actual time=0.047..2.487 rows=10000 loops=1)',), ('              Buffers: shared read=127 dirtied=127',), ('Planning Time: 47.912 ms',), ('Execution Time: 28789.463 ms',)]
[('Nested Loop  (cost=0.00..4774.30 rows=229172 width=480) (actual time=24.988..43011.139 rows=4152 loops=1)',), ('  Join Filter: (aka_name_temp.person_id = name_temp.id)',), ('  Rows Removed by Join Filter: 299995848',), ('  Buffers: shared read=528 dirtied=528',), ('  ->  Seq Scan on name_temp  (cost=0.00..14.67 rows=12030 width=244) (actual time=0.084..9.940 rows=30000 loops=1)',), ('        Buffers: shared read=401 dirtied=401',), ('  ->  Materialize  (cost=0.00..4.88 rows=3810 width=236) (actual time=0.000..0.439 rows=10000 loops=30000)',), ('        Buffers: shared read=127 dirtied=127',), ('        ->  Seq Scan on aka_name_temp  (cost=0.00..4.65 rows=3810 width=236) (actual time=0.039..5.915 rows=10000 loops=1)',), ('              Buffers: shared read=127 dirtied=127',), ('Planning Time: 47.920 ms',), ('Execution Time: 43012.777 ms',)]
[('Nested Loop  (cost=0.00..6356.21 rows=305181 width=480) (actual time=11.865..57710.957 rows=4152 loops=1)',), ('  Join Filter: (aka_name_temp.person_id = name_temp.id)',), ('  Rows Removed by Join Filter: 399995848',), ('  Buffers: shared read=661 dirtied=661',), ('  ->  Seq Scan on name_temp  (cost=0.00..19.54 rows=16020 width=244) (actual time=0.075..12.433 rows=40000 loops=1)',), ('        Buffers: shared read=534 dirtied=534',), ('  ->  Materialize  (cost=0.00..4.88 rows=3810 width=236) (actual time=0.000..0.438 rows=10000 loops=40000)',), ('        Buffers: shared read=127 dirtied=127',), ('        ->  Seq Scan on aka_name_temp  (cost=0.00..4.65 rows=3810 width=236) (actual time=0.047..2.638 rows=10000 loops=1)',), ('              Buffers: shared read=127 dirtied=127',), ('Planning Time: 49.702 ms',), ('Execution Time: 57712.542 ms',)]
[('Nested Loop  (cost=0.00..7950.02 rows=381762 width=480) (actual time=15.594..71615.279 rows=4152 loops=1)',), ('  Join Filter: (aka_name_temp.person_id = name_temp.id)',), ('  Rows Removed by Join Filter: 499995848',), ('  Buffers: shared hit=33 read=762 dirtied=693',), ('  ->  Seq Scan on name_temp  (cost=0.00..24.44 rows=20040 width=244) (actual time=0.078..16.679 rows=50000 loops=1)',), ('        Buffers: shared hit=33 read=635 dirtied=566',), ('  ->  Materialize  (cost=0.00..4.88 rows=3810 width=236) (actual time=0.000..0.438 rows=10000 loops=50000)',), ('        Buffers: shared read=127 dirtied=127',), ('        ->  Seq Scan on aka_name_temp  (cost=0.00..4.65 rows=3810 width=236) (actual time=0.048..2.442 rows=10000 loops=1)',), ('              Buffers: shared read=127 dirtied=127',), ('Planning Time: 49.443 ms',), ('Execution Time: 71624.677 ms',)]
[('Nested Loop  (cost=0.00..9531.94 rows=457772 width=480) (actual time=11.501..86495.483 rows=4152 loops=1)',), ('  Join Filter: (aka_name_temp.person_id = name_temp.id)',), ('  Rows Removed by Join Filter: 599995848',), ('  Buffers: shared hit=1 read=927 dirtied=688',), ('  ->  Seq Scan on name_temp  (cost=0.00..29.31 rows=24030 width=244) (actual time=0.065..22.710 rows=60000 loops=1)',), ('        Buffers: shared hit=1 read=800 dirtied=561',), ('  ->  Materialize  (cost=0.00..4.88 rows=3810 width=236) (actual time=0.000..0.442 rows=10000 loops=60000)',), ('        Buffers: shared read=127 dirtied=127',), ('        ->  Seq Scan on aka_name_temp  (cost=0.00..4.65 rows=3810 width=236) (actual time=0.038..2.584 rows=10000 loops=1)',), ('              Buffers: shared read=127 dirtied=127',), ('Planning Time: 57.552 ms',), ('Execution Time: 86504.917 ms',)]
[('Nested Loop  (cost=0.00..11125.75 rows=534352 width=480) (actual time=10.848..100573.084 rows=4152 loops=1)',), ('  Join Filter: (aka_name_temp.person_id = name_temp.id)',), ('  Rows Removed by Join Filter: 699995848',), ('  Buffers: shared hit=33 read=1029 dirtied=687',), ('  ->  Seq Scan on name_temp  (cost=0.00..34.21 rows=28050 width=244) (actual time=0.076..19.234 rows=70000 loops=1)',), ('        Buffers: shared hit=33 read=902 dirtied=560',), ('  ->  Materialize  (cost=0.00..4.88 rows=3810 width=236) (actual time=0.000..0.437 rows=10000 loops=70000)',), ('        Buffers: shared read=127 dirtied=127',), ('        ->  Seq Scan on aka_name_temp  (cost=0.00..4.65 rows=3810 width=236) (actual time=0.055..2.414 rows=10000 loops=1)',), ('              Buffers: shared read=127 dirtied=127',), ('Planning Time: 47.763 ms',), ('Execution Time: 100575.057 ms',)]
[('Nested Loop  (cost=0.00..12695.77 rows=609790 width=480) (actual time=20.628..114320.685 rows=4152 loops=1)',), ('  Join Filter: (aka_name_temp.person_id = name_temp.id)',), ('  Rows Removed by Join Filter: 799995848',), ('  Buffers: shared hit=1 read=1193 dirtied=690',), ('  ->  Seq Scan on name_temp  (cost=0.00..39.04 rows=32010 width=244) (actual time=0.084..26.168 rows=80000 loops=1)',), ('        Buffers: shared hit=1 read=1066 dirtied=563',), ('  ->  Materialize  (cost=0.00..4.88 rows=3810 width=236) (actual time=0.000..0.436 rows=10000 loops=80000)',), ('        Buffers: shared read=127 dirtied=127',), ('        ->  Seq Scan on aka_name_temp  (cost=0.00..4.65 rows=3810 width=236) (actual time=0.048..3.141 rows=10000 loops=1)',), ('              Buffers: shared read=127 dirtied=127',), ('Planning Time: 65.491 ms',), ('Execution Time: 114330.175 ms',)]
[('Nested Loop  (cost=0.00..14289.58 rows=686372 width=480) (actual time=10.023..129951.437 rows=4152 loops=1)',), ('  Join Filter: (aka_name_temp.person_id = name_temp.id)',), ('  Rows Removed by Join Filter: 899995848',), ('  Buffers: shared hit=33 read=1295 dirtied=685',), ('  ->  Seq Scan on name_temp  (cost=0.00..43.94 rows=36030 width=244) (actual time=0.044..27.403 rows=90000 loops=1)',), ('        Buffers: shared hit=33 read=1168 dirtied=558',), ('  ->  Materialize  (cost=0.00..4.88 rows=3810 width=236) (actual time=0.000..0.439 rows=10000 loops=90000)',), ('        Buffers: shared read=127 dirtied=127',), ('        ->  Seq Scan on aka_name_temp  (cost=0.00..4.65 rows=3810 width=236) (actual time=0.024..2.371 rows=10000 loops=1)',), ('              Buffers: shared read=127 dirtied=127',), ('Planning Time: 47.761 ms',), ('Execution Time: 129953.601 ms',)]
[('Nested Loop  (cost=0.00..15907.17 rows=764096 width=480) (actual time=26.497..143963.723 rows=4152 loops=1)',), ('  Join Filter: (aka_name_temp.person_id = name_temp.id)',), ('  Rows Removed by Join Filter: 999995848',), ('  Buffers: shared hit=1 read=1463 dirtied=689',), ('  ->  Seq Scan on name_temp  (cost=0.00..48.92 rows=40110 width=244) (actual time=0.079..29.640 rows=100000 loops=1)',), ('        Buffers: shared hit=1 read=1336 dirtied=562',), ('  ->  Materialize  (cost=0.00..4.88 rows=3810 width=236) (actual time=0.000..0.444 rows=10000 loops=100000)',), ('        Buffers: shared read=127 dirtied=127',), ('        ->  Seq Scan on aka_name_temp  (cost=0.00..4.65 rows=3810 width=236) (actual time=0.040..6.306 rows=10000 loops=1)',), ('              Buffers: shared read=127 dirtied=127',), ('Planning Time: 47.856 ms',), ('Execution Time: 143992.390 ms',)]
