[('Nested Loop  (cost=0.00..15907.17 rows=764096 width=480) (actual time=26.188..145194.405 rows=4152 loops=1)',), ('  Join Filter: (aka_name_temp.person_id = name_temp.id)',), ('  Rows Removed by Join Filter: 999995848',), ('  Buffers: shared hit=33 read=1431 dirtied=679',), ('  ->  Seq Scan on name_temp  (cost=0.00..48.92 rows=40110 width=244) (actual time=0.069..27.037 rows=100000 loops=1)',), ('        Buffers: shared hit=33 read=1304 dirtied=552',), ('  ->  Materialize  (cost=0.00..4.88 rows=3810 width=236) (actual time=0.000..0.448 rows=10000 loops=100000)',), ('        Buffers: shared read=127 dirtied=127',), ('        ->  Seq Scan on aka_name_temp  (cost=0.00..4.65 rows=3810 width=236) (actual time=0.048..6.226 rows=10000 loops=1)',), ('              Buffers: shared read=127 dirtied=127',), ('Planning Time: 40.780 ms',), ('Execution Time: 145196.371 ms',)]
[('Nested Loop  (cost=0.00..31869.05 rows=1531048 width=480) (actual time=35.276..286583.659 rows=4152 loops=1)',), ('  Join Filter: (aka_name_temp.person_id = name_temp.id)',), ('  Rows Removed by Join Filter: 1999995848',), ('  Buffers: shared hit=1 read=2805 dirtied=682',), ('  ->  Seq Scan on name_temp  (cost=0.00..98.03 rows=80370 width=244) (actual time=8.256..66.118 rows=200000 loops=1)',), ('        Buffers: shared hit=1 read=2678 dirtied=555',), ('  ->  Materialize  (cost=0.00..4.88 rows=3810 width=236) (actual time=0.000..0.437 rows=10000 loops=200000)',), ('        Buffers: shared read=127 dirtied=127',), ('        ->  Seq Scan on aka_name_temp  (cost=0.00..4.65 rows=3810 width=236) (actual time=0.051..6.431 rows=10000 loops=1)',), ('              Buffers: shared read=127 dirtied=127',), ('Planning Time: 47.809 ms',), ('Execution Time: 286585.906 ms',)]
[('Nested Loop  (cost=0.00..47866.62 rows=2299716 width=480) (actual time=27.922..429919.279 rows=4152 loops=1)',), ('  Join Filter: (aka_name_temp.person_id = name_temp.id)',), ('  Rows Removed by Join Filter: 2999995848',), ('  Buffers: shared hit=33 read=4118 dirtied=686',), ('  ->  Seq Scan on name_temp  (cost=0.00..147.24 rows=120720 width=244) (actual time=9.317..92.810 rows=300000 loops=1)',), ('        Buffers: shared hit=33 read=3991 dirtied=559',), ('  ->  Materialize  (cost=0.00..4.88 rows=3810 width=236) (actual time=0.000..0.436 rows=10000 loops=300000)',), ('        Buffers: shared read=127 dirtied=127',), ('        ->  Seq Scan on aka_name_temp  (cost=0.00..4.65 rows=3810 width=236) (actual time=0.060..2.959 rows=10000 loops=1)',), ('              Buffers: shared read=127 dirtied=127',), ('Planning Time: 52.400 ms',), ('Execution Time: 429928.697 ms',)]
[('Nested Loop  (cost=0.00..63876.07 rows=3068955 width=480) (actual time=25.538..571680.134 rows=4152 loops=1)',), ('  Join Filter: (aka_name_temp.person_id = name_temp.id)',), ('  Rows Removed by Join Filter: 3999995848',), ('  Buffers: shared hit=1 read=5496 dirtied=690',), ('  ->  Seq Scan on name_temp  (cost=0.00..196.49 rows=161100 width=244) (actual time=9.413..125.511 rows=400000 loops=1)',), ('        Buffers: shared hit=1 read=5369 dirtied=563',), ('  ->  Materialize  (cost=0.00..4.88 rows=3810 width=236) (actual time=0.000..0.437 rows=10000 loops=400000)',), ('        Buffers: shared read=127 dirtied=127',), ('        ->  Seq Scan on aka_name_temp  (cost=0.00..4.65 rows=3810 width=236) (actual time=0.024..3.587 rows=10000 loops=1)',), ('              Buffers: shared read=127 dirtied=127',), ('Planning Time: 52.383 ms',), ('Execution Time: 571689.422 ms',)]
[('Nested Loop  (cost=0.00..79814.16 rows=3834765 width=480) (actual time=17.068..781050.675 rows=4152 loops=1)',), ('  Join Filter: (aka_name_temp.person_id = name_temp.id)',), ('  Rows Removed by Join Filter: 4999995848',), ('  Buffers: shared hit=33 read=6804 dirtied=640',), ('  ->  Seq Scan on name_temp  (cost=0.00..245.52 rows=201300 width=244) (actual time=5.310..155.284 rows=500000 loops=1)',), ('        Buffers: shared hit=33 read=6677 dirtied=513',), ('  ->  Materialize  (cost=0.00..4.88 rows=3810 width=236) (actual time=0.000..0.510 rows=10000 loops=500000)',), ('        Buffers: shared read=127 dirtied=127',), ('        ->  Seq Scan on aka_name_temp  (cost=0.00..4.65 rows=3810 width=236) (actual time=0.058..2.432 rows=10000 loops=1)',), ('              Buffers: shared read=127 dirtied=127',), ('Planning Time: 189.383 ms',), ('Execution Time: 781059.697 ms',)]
[('Nested Loop  (cost=0.00..95835.51 rows=4604576 width=480) (actual time=28.294..855176.118 rows=4152 loops=1)',), ('  Join Filter: (aka_name_temp.person_id = name_temp.id)',), ('  Rows Removed by Join Filter: 5999995848',), ('  Buffers: shared hit=1 read=8183 dirtied=690',), ('  ->  Seq Scan on name_temp  (cost=0.00..294.81 rows=241710 width=244) (actual time=5.398..156.964 rows=600000 loops=1)',), ('        Buffers: shared hit=1 read=8056 dirtied=563',), ('  ->  Materialize  (cost=0.00..4.88 rows=3810 width=236) (actual time=0.000..0.436 rows=10000 loops=600000)',), ('        Buffers: shared read=127 dirtied=127',), ('        ->  Seq Scan on aka_name_temp  (cost=0.00..4.65 rows=3810 width=236) (actual time=0.059..3.995 rows=10000 loops=1)',), ('              Buffers: shared read=127 dirtied=127',), ('Planning Time: 56.099 ms',), ('Execution Time: 855184.952 ms',)]
[('Nested Loop  (cost=0.00..111773.61 rows=5370386 width=480) (actual time=23.482..1004045.438 rows=4152 loops=1)',), ('  Join Filter: (aka_name_temp.person_id = name_temp.id)',), ('  Rows Removed by Join Filter: 6999995848',), ('  Buffers: shared hit=33 read=9491 dirtied=690',), ('  ->  Seq Scan on name_temp  (cost=0.00..343.84 rows=281910 width=244) (actual time=5.315..221.532 rows=700000 loops=1)',), ('        Buffers: shared hit=33 read=9364 dirtied=563',), ('  ->  Materialize  (cost=0.00..4.88 rows=3810 width=236) (actual time=0.000..0.437 rows=10000 loops=700000)',), ('        Buffers: shared read=127 dirtied=127',), ('        ->  Seq Scan on aka_name_temp  (cost=0.00..4.65 rows=3810 width=236) (actual time=0.060..2.535 rows=10000 loops=1)',), ('              Buffers: shared read=127 dirtied=127',), ('Planning Time: 37.897 ms',), ('Execution Time: 1004054.420 ms',)]
[('Nested Loop  (cost=0.00..830339.53 rows=10000 width=188) (actual time=17.168..1141499.374 rows=4152 loops=1)',), ('  Join Filter: (aka_name_temp.person_id = name_temp.id)',), ('  Rows Removed by Join Filter: 7999995848',), ('  Buffers: shared read=10860',), ('  ->  Seq Scan on name_temp  (cost=0.00..412.51 rows=800000 width=75) (actual time=5.311..240.169 rows=800000 loops=1)',), ('        Buffers: shared read=10733',), ('  ->  Materialize  (cost=0.00..5.53 rows=10000 width=113) (actual time=0.000..0.436 rows=10000 loops=800000)',), ('        Buffers: shared read=127',), ('        ->  Seq Scan on aka_name_temp  (cost=0.00..4.90 rows=10000 width=113) (actual time=0.039..2.227 rows=10000 loops=1)',), ('              Buffers: shared read=127',), ('Planning Time: 56.386 ms',), ('Execution Time: 1141508.037 ms',)]
[('Nested Loop  (cost=0.00..934131.12 rows=10000 width=188) (actual time=33.717..1287660.329 rows=4152 loops=1)',), ('  Join Filter: (aka_name_temp.person_id = name_temp.id)',), ('  Rows Removed by Join Filter: 8999995848',), ('  Buffers: shared read=12196',), ('  ->  Seq Scan on name_temp  (cost=0.00..463.87 rows=900000 width=75) (actual time=5.339..243.998 rows=900000 loops=1)',), ('        Buffers: shared read=12069',), ('  ->  Materialize  (cost=0.00..5.53 rows=10000 width=113) (actual time=0.000..0.437 rows=10000 loops=900000)',), ('        Buffers: shared read=127',), ('        ->  Seq Scan on aka_name_temp  (cost=0.00..4.90 rows=10000 width=113) (actual time=13.755..17.886 rows=10000 loops=1)',), ('              Buffers: shared read=127',), ('Planning Time: 62.267 ms',), ('Execution Time: 1287662.956 ms',)]
