[('Nested Loop  (cost=0.00..15907.17 rows=764096 width=480)',), ('  Join Filter: (aka_name_temp.person_id = name_temp.id)',), ('  ->  Seq Scan on name_temp  (cost=0.00..48.92 rows=40110 width=244)',), ('  ->  Materialize  (cost=0.00..4.88 rows=3810 width=236)',), ('        ->  Seq Scan on aka_name_temp  (cost=0.00..4.65 rows=3810 width=236)',)]
[('Nested Loop  (cost=0.00..31869.05 rows=1531048 width=480)',), ('  Join Filter: (aka_name_temp.person_id = name_temp.id)',), ('  ->  Seq Scan on name_temp  (cost=0.00..98.03 rows=80370 width=244)',), ('  ->  Materialize  (cost=0.00..4.88 rows=3810 width=236)',), ('        ->  Seq Scan on aka_name_temp  (cost=0.00..4.65 rows=3810 width=236)',)]
[('Nested Loop  (cost=0.00..47866.62 rows=2299716 width=480)',), ('  Join Filter: (aka_name_temp.person_id = name_temp.id)',), ('  ->  Seq Scan on name_temp  (cost=0.00..147.24 rows=120720 width=244)',), ('  ->  Materialize  (cost=0.00..4.88 rows=3810 width=236)',), ('        ->  Seq Scan on aka_name_temp  (cost=0.00..4.65 rows=3810 width=236)',)]
[('Nested Loop  (cost=0.00..63876.07 rows=3068955 width=480)',), ('  Join Filter: (aka_name_temp.person_id = name_temp.id)',), ('  ->  Seq Scan on name_temp  (cost=0.00..196.49 rows=161100 width=244)',), ('  ->  Materialize  (cost=0.00..4.88 rows=3810 width=236)',), ('        ->  Seq Scan on aka_name_temp  (cost=0.00..4.65 rows=3810 width=236)',)]
[('Nested Loop  (cost=0.00..79814.16 rows=3834765 width=480)',), ('  Join Filter: (aka_name_temp.person_id = name_temp.id)',), ('  ->  Seq Scan on name_temp  (cost=0.00..245.52 rows=201300 width=244)',), ('  ->  Materialize  (cost=0.00..4.88 rows=3810 width=236)',), ('        ->  Seq Scan on aka_name_temp  (cost=0.00..4.65 rows=3810 width=236)',)]
[('Nested Loop  (cost=0.00..103796.84 rows=10000 width=188)',), ('  Join Filter: (aka_name_temp.person_id = name_temp.id)',), ('  ->  Seq Scan on name_temp  (cost=0.00..51.40 rows=100000 width=75)',), ('  ->  Materialize  (cost=0.00..5.53 rows=10000 width=113)',), ('        ->  Seq Scan on aka_name_temp  (cost=0.00..4.90 rows=10000 width=113)',)]
[('Nested Loop  (cost=0.00..207588.64 rows=10000 width=188)',), ('  Join Filter: (aka_name_temp.person_id = name_temp.id)',), ('  ->  Seq Scan on name_temp  (cost=0.00..102.98 rows=200000 width=75)',), ('  ->  Materialize  (cost=0.00..5.53 rows=10000 width=113)',), ('        ->  Seq Scan on aka_name_temp  (cost=0.00..4.90 rows=10000 width=113)',)]
[('Nested Loop  (cost=0.00..311380.55 rows=10000 width=188)',), ('  Join Filter: (aka_name_temp.person_id = name_temp.id)',), ('  ->  Seq Scan on name_temp  (cost=0.00..154.66 rows=300000 width=75)',), ('  ->  Materialize  (cost=0.00..5.53 rows=10000 width=113)',), ('        ->  Seq Scan on aka_name_temp  (cost=0.00..4.90 rows=10000 width=113)',)]
[('Nested Loop  (cost=0.00..415172.50 rows=10000 width=187)',), ('  Join Filter: (aka_name_temp.person_id = name_temp.id)',), ('  ->  Seq Scan on name_temp  (cost=0.00..206.38 rows=400000 width=74)',), ('  ->  Materialize  (cost=0.00..5.53 rows=10000 width=113)',), ('        ->  Seq Scan on aka_name_temp  (cost=0.00..4.90 rows=10000 width=113)',)]
[('Nested Loop  (cost=0.00..518964.23 rows=10000 width=187)',), ('  Join Filter: (aka_name_temp.person_id = name_temp.id)',), ('  ->  Seq Scan on name_temp  (cost=0.00..257.88 rows=500000 width=74)',), ('  ->  Materialize  (cost=0.00..5.53 rows=10000 width=113)',), ('        ->  Seq Scan on aka_name_temp  (cost=0.00..4.90 rows=10000 width=113)',)]
[('Nested Loop  (cost=0.00..622756.21 rows=10000 width=187)',), ('  Join Filter: (aka_name_temp.person_id = name_temp.id)',), ('  ->  Seq Scan on name_temp  (cost=0.00..309.64 rows=600000 width=74)',), ('  ->  Materialize  (cost=0.00..5.53 rows=10000 width=113)',), ('        ->  Seq Scan on aka_name_temp  (cost=0.00..4.90 rows=10000 width=113)',)]
[('Nested Loop  (cost=0.00..726547.94 rows=10000 width=187)',), ('  Join Filter: (aka_name_temp.person_id = name_temp.id)',), ('  ->  Seq Scan on name_temp  (cost=0.00..361.14 rows=700000 width=74)',), ('  ->  Materialize  (cost=0.00..5.53 rows=10000 width=113)',), ('        ->  Seq Scan on aka_name_temp  (cost=0.00..4.90 rows=10000 width=113)',)]
[('Nested Loop  (cost=0.00..830339.53 rows=10000 width=188)',), ('  Join Filter: (aka_name_temp.person_id = name_temp.id)',), ('  ->  Seq Scan on name_temp  (cost=0.00..412.51 rows=800000 width=75)',), ('  ->  Materialize  (cost=0.00..5.53 rows=10000 width=113)',), ('        ->  Seq Scan on aka_name_temp  (cost=0.00..4.90 rows=10000 width=113)',)]
[('Nested Loop  (cost=0.00..934131.12 rows=10000 width=188)',), ('  Join Filter: (aka_name_temp.person_id = name_temp.id)',), ('  ->  Seq Scan on name_temp  (cost=0.00..463.87 rows=900000 width=75)',), ('  ->  Materialize  (cost=0.00..5.53 rows=10000 width=113)',), ('        ->  Seq Scan on aka_name_temp  (cost=0.00..4.90 rows=10000 width=113)',)]
[('Nested Loop  (cost=0.00..1037922.78 rows=10000 width=188)',), ('  Join Filter: (aka_name_temp.person_id = name_temp.id)',), ('  ->  Seq Scan on name_temp  (cost=0.00..515.31 rows=1000000 width=75)',), ('  ->  Materialize  (cost=0.00..5.53 rows=10000 width=113)',), ('        ->  Seq Scan on aka_name_temp  (cost=0.00..4.90 rows=10000 width=113)',)]
[('Nested Loop  (cost=0.00..1141714.69 rows=10000 width=188)',), ('  Join Filter: (aka_name_temp.person_id = name_temp.id)',), ('  ->  Seq Scan on name_temp  (cost=0.00..566.99 rows=1100000 width=75)',), ('  ->  Materialize  (cost=0.00..5.53 rows=10000 width=113)',), ('        ->  Seq Scan on aka_name_temp  (cost=0.00..4.90 rows=10000 width=113)',)]
[('Nested Loop  (cost=0.00..1245506.46 rows=10000 width=188)',), ('  Join Filter: (aka_name_temp.person_id = name_temp.id)',), ('  ->  Seq Scan on name_temp  (cost=0.00..618.53 rows=1200000 width=75)',), ('  ->  Materialize  (cost=0.00..5.53 rows=10000 width=113)',), ('        ->  Seq Scan on aka_name_temp  (cost=0.00..4.90 rows=10000 width=113)',)]
[('Nested Loop  (cost=0.00..1349298.15 rows=10000 width=187)',), ('  Join Filter: (aka_name_temp.person_id = name_temp.id)',), ('  ->  Seq Scan on name_temp  (cost=0.00..670.00 rows=1300000 width=74)',), ('  ->  Materialize  (cost=0.00..5.53 rows=10000 width=113)',), ('        ->  Seq Scan on aka_name_temp  (cost=0.00..4.90 rows=10000 width=113)',)]
[('Nested Loop  (cost=0.00..1453089.92 rows=10000 width=187)',), ('  Join Filter: (aka_name_temp.person_id = name_temp.id)',), ('  ->  Seq Scan on name_temp  (cost=0.00..721.54 rows=1400000 width=74)',), ('  ->  Materialize  (cost=0.00..5.53 rows=10000 width=113)',), ('        ->  Seq Scan on aka_name_temp  (cost=0.00..4.90 rows=10000 width=113)',)]
[('Nested Loop  (cost=0.00..1556881.69 rows=10000 width=188)',), ('  Join Filter: (aka_name_temp.person_id = name_temp.id)',), ('  ->  Seq Scan on name_temp  (cost=0.00..773.08 rows=1500000 width=75)',), ('  ->  Materialize  (cost=0.00..5.53 rows=10000 width=113)',), ('        ->  Seq Scan on aka_name_temp  (cost=0.00..4.90 rows=10000 width=113)',)]
[('Nested Loop  (cost=0.00..1660673.35 rows=10000 width=188)',), ('  Join Filter: (aka_name_temp.person_id = name_temp.id)',), ('  ->  Seq Scan on name_temp  (cost=0.00..824.52 rows=1600000 width=75)',), ('  ->  Materialize  (cost=0.00..5.53 rows=10000 width=113)',), ('        ->  Seq Scan on aka_name_temp  (cost=0.00..4.90 rows=10000 width=113)',)]
[('Nested Loop  (cost=0.00..1764465.36 rows=10000 width=188)',), ('  Join Filter: (aka_name_temp.person_id = name_temp.id)',), ('  ->  Seq Scan on name_temp  (cost=0.00..876.31 rows=1700000 width=75)',), ('  ->  Materialize  (cost=0.00..5.53 rows=10000 width=113)',), ('        ->  Seq Scan on aka_name_temp  (cost=0.00..4.90 rows=10000 width=113)',)]
[('Nested Loop  (cost=0.00..1868256.81 rows=10000 width=188)',), ('  Join Filter: (aka_name_temp.person_id = name_temp.id)',), ('  ->  Seq Scan on name_temp  (cost=0.00..927.53 rows=1800000 width=75)',), ('  ->  Materialize  (cost=0.00..5.53 rows=10000 width=113)',), ('        ->  Seq Scan on aka_name_temp  (cost=0.00..4.90 rows=10000 width=113)',)]
[('Nested Loop  (cost=0.00..1972048.72 rows=10000 width=188)',), ('  Join Filter: (aka_name_temp.person_id = name_temp.id)',), ('  ->  Seq Scan on name_temp  (cost=0.00..979.21 rows=1900000 width=75)',), ('  ->  Materialize  (cost=0.00..5.53 rows=10000 width=113)',), ('        ->  Seq Scan on aka_name_temp  (cost=0.00..4.90 rows=10000 width=113)',)]
[('Nested Loop  (cost=0.00..2075840.56 rows=10000 width=188)',), ('  Join Filter: (aka_name_temp.person_id = name_temp.id)',), ('  ->  Seq Scan on name_temp  (cost=0.00..1030.82 rows=2000000 width=75)',), ('  ->  Materialize  (cost=0.00..5.53 rows=10000 width=113)',), ('        ->  Seq Scan on aka_name_temp  (cost=0.00..4.90 rows=10000 width=113)',)]
[('Nested Loop  (cost=0.00..2179632.47 rows=10000 width=187)',), ('  Join Filter: (aka_name_temp.person_id = name_temp.id)',), ('  ->  Seq Scan on name_temp  (cost=0.00..1082.51 rows=2100000 width=74)',), ('  ->  Materialize  (cost=0.00..5.53 rows=10000 width=113)',), ('        ->  Seq Scan on aka_name_temp  (cost=0.00..4.90 rows=10000 width=113)',)]
[('Nested Loop  (cost=0.00..2283424.02 rows=10000 width=187)',), ('  Join Filter: (aka_name_temp.person_id = name_temp.id)',), ('  ->  Seq Scan on name_temp  (cost=0.00..1133.84 rows=2200000 width=74)',), ('  ->  Materialize  (cost=0.00..5.53 rows=10000 width=113)',), ('        ->  Seq Scan on aka_name_temp  (cost=0.00..4.90 rows=10000 width=113)',)]
[('Nested Loop  (cost=0.00..2387215.51 rows=10000 width=187)',), ('  Join Filter: (aka_name_temp.person_id = name_temp.id)',), ('  ->  Seq Scan on name_temp  (cost=0.00..1185.09 rows=2300000 width=74)',), ('  ->  Materialize  (cost=0.00..5.53 rows=10000 width=113)',), ('        ->  Seq Scan on aka_name_temp  (cost=0.00..4.90 rows=10000 width=113)',)]
[('Nested Loop  (cost=0.00..2491007.24 rows=10000 width=187)',), ('  Join Filter: (aka_name_temp.person_id = name_temp.id)',), ('  ->  Seq Scan on name_temp  (cost=0.00..1236.60 rows=2400000 width=74)',), ('  ->  Materialize  (cost=0.00..5.53 rows=10000 width=113)',), ('        ->  Seq Scan on aka_name_temp  (cost=0.00..4.90 rows=10000 width=113)',)]
[('Nested Loop  (cost=0.00..2594799.01 rows=10000 width=187)',), ('  Join Filter: (aka_name_temp.person_id = name_temp.id)',), ('  ->  Seq Scan on name_temp  (cost=0.00..1288.14 rows=2500000 width=74)',), ('  ->  Materialize  (cost=0.00..5.53 rows=10000 width=113)',), ('        ->  Seq Scan on aka_name_temp  (cost=0.00..4.90 rows=10000 width=113)',)]
[('Nested Loop  (cost=0.00..2698590.74 rows=10000 width=187)',), ('  Join Filter: (aka_name_temp.person_id = name_temp.id)',), ('  ->  Seq Scan on name_temp  (cost=0.00..1339.65 rows=2600000 width=74)',), ('  ->  Materialize  (cost=0.00..5.53 rows=10000 width=113)',), ('        ->  Seq Scan on aka_name_temp  (cost=0.00..4.90 rows=10000 width=113)',)]
[('Nested Loop  (cost=0.00..2802382.51 rows=10000 width=187)',), ('  Join Filter: (aka_name_temp.person_id = name_temp.id)',), ('  ->  Seq Scan on name_temp  (cost=0.00..1391.19 rows=2700000 width=74)',), ('  ->  Materialize  (cost=0.00..5.53 rows=10000 width=113)',), ('        ->  Seq Scan on aka_name_temp  (cost=0.00..4.90 rows=10000 width=113)',)]
[('Nested Loop  (cost=0.00..2906173.78 rows=10000 width=187)',), ('  Join Filter: (aka_name_temp.person_id = name_temp.id)',), ('  ->  Seq Scan on name_temp  (cost=0.00..1442.24 rows=2800000 width=74)',), ('  ->  Materialize  (cost=0.00..5.53 rows=10000 width=113)',), ('        ->  Seq Scan on aka_name_temp  (cost=0.00..4.90 rows=10000 width=113)',)]
[('Nested Loop  (cost=0.00..3009964.87 rows=10000 width=187)',), ('  Join Filter: (aka_name_temp.person_id = name_temp.id)',), ('  ->  Seq Scan on name_temp  (cost=0.00..1493.10 rows=2900000 width=74)',), ('  ->  Materialize  (cost=0.00..5.53 rows=10000 width=113)',), ('        ->  Seq Scan on aka_name_temp  (cost=0.00..4.90 rows=10000 width=113)',)]
[('Nested Loop  (cost=0.00..3113756.15 rows=10000 width=187)',), ('  Join Filter: (aka_name_temp.person_id = name_temp.id)',), ('  ->  Seq Scan on name_temp  (cost=0.00..1544.15 rows=3000000 width=74)',), ('  ->  Materialize  (cost=0.00..5.53 rows=10000 width=113)',), ('        ->  Seq Scan on aka_name_temp  (cost=0.00..4.90 rows=10000 width=113)',)]
[('Nested Loop  (cost=0.00..3217547.42 rows=10000 width=187)',), ('  Join Filter: (aka_name_temp.person_id = name_temp.id)',), ('  ->  Seq Scan on name_temp  (cost=0.00..1595.20 rows=3100000 width=74)',), ('  ->  Materialize  (cost=0.00..5.53 rows=10000 width=113)',), ('        ->  Seq Scan on aka_name_temp  (cost=0.00..4.90 rows=10000 width=113)',)]
[('Nested Loop  (cost=0.00..3321338.58 rows=10000 width=187)',), ('  Join Filter: (aka_name_temp.person_id = name_temp.id)',), ('  ->  Seq Scan on name_temp  (cost=0.00..1646.14 rows=3200000 width=74)',), ('  ->  Materialize  (cost=0.00..5.53 rows=10000 width=113)',), ('        ->  Seq Scan on aka_name_temp  (cost=0.00..4.90 rows=10000 width=113)',)]
[('Nested Loop  (cost=0.00..3425129.75 rows=10000 width=187)',), ('  Join Filter: (aka_name_temp.person_id = name_temp.id)',), ('  ->  Seq Scan on name_temp  (cost=0.00..1697.08 rows=3300000 width=74)',), ('  ->  Materialize  (cost=0.00..5.53 rows=10000 width=113)',), ('        ->  Seq Scan on aka_name_temp  (cost=0.00..4.90 rows=10000 width=113)',)]
[('Nested Loop  (cost=0.00..3528920.60 rows=10000 width=187)',), ('  Join Filter: (aka_name_temp.person_id = name_temp.id)',), ('  ->  Seq Scan on name_temp  (cost=0.00..1747.70 rows=3400000 width=74)',), ('  ->  Materialize  (cost=0.00..5.53 rows=10000 width=113)',), ('        ->  Seq Scan on aka_name_temp  (cost=0.00..4.90 rows=10000 width=113)',)]
[('Nested Loop  (cost=0.00..3632711.62 rows=10000 width=187)',), ('  Join Filter: (aka_name_temp.person_id = name_temp.id)',), ('  ->  Seq Scan on name_temp  (cost=0.00..1798.50 rows=3500000 width=74)',), ('  ->  Materialize  (cost=0.00..5.53 rows=10000 width=113)',), ('        ->  Seq Scan on aka_name_temp  (cost=0.00..4.90 rows=10000 width=113)',)]
[('Nested Loop  (cost=0.00..3736502.72 rows=10000 width=187)',), ('  Join Filter: (aka_name_temp.person_id = name_temp.id)',), ('  ->  Seq Scan on name_temp  (cost=0.00..1849.37 rows=3600000 width=74)',), ('  ->  Materialize  (cost=0.00..5.53 rows=10000 width=113)',), ('        ->  Seq Scan on aka_name_temp  (cost=0.00..4.90 rows=10000 width=113)',)]
[('Nested Loop  (cost=0.00..3840293.96 rows=10000 width=187)',), ('  Join Filter: (aka_name_temp.person_id = name_temp.id)',), ('  ->  Seq Scan on name_temp  (cost=0.00..1900.38 rows=3700000 width=74)',), ('  ->  Materialize  (cost=0.00..5.53 rows=10000 width=113)',), ('        ->  Seq Scan on aka_name_temp  (cost=0.00..4.90 rows=10000 width=113)',)]
[('Nested Loop  (cost=0.00..3944085.02 rows=10000 width=187)',), ('  Join Filter: (aka_name_temp.person_id = name_temp.id)',), ('  ->  Seq Scan on name_temp  (cost=0.00..1951.21 rows=3800000 width=74)',), ('  ->  Materialize  (cost=0.00..5.53 rows=10000 width=113)',), ('        ->  Seq Scan on aka_name_temp  (cost=0.00..4.90 rows=10000 width=113)',)]
[('Nested Loop  (cost=0.00..4047876.11 rows=10000 width=187)',), ('  Join Filter: (aka_name_temp.person_id = name_temp.id)',), ('  ->  Seq Scan on name_temp  (cost=0.00..2002.08 rows=3900000 width=74)',), ('  ->  Materialize  (cost=0.00..5.53 rows=10000 width=113)',), ('        ->  Seq Scan on aka_name_temp  (cost=0.00..4.90 rows=10000 width=113)',)]
[('Nested Loop  (cost=0.00..4151667.21 rows=10000 width=187)',), ('  Join Filter: (aka_name_temp.person_id = name_temp.id)',), ('  ->  Seq Scan on name_temp  (cost=0.00..2052.95 rows=4000000 width=74)',), ('  ->  Materialize  (cost=0.00..5.53 rows=10000 width=113)',), ('        ->  Seq Scan on aka_name_temp  (cost=0.00..4.90 rows=10000 width=113)',)]
[('Nested Loop  (cost=0.00..103796.84 rows=10000 width=188)',), ('  Join Filter: (aka_name_temp.person_id = name_temp.id)',), ('  ->  Seq Scan on name_temp  (cost=0.00..51.40 rows=100000 width=75)',), ('  ->  Materialize  (cost=0.00..5.53 rows=10000 width=113)',), ('        ->  Seq Scan on aka_name_temp  (cost=0.00..4.90 rows=10000 width=113)',)]
[('Nested Loop  (cost=0.00..207588.64 rows=10000 width=188)',), ('  Join Filter: (aka_name_temp.person_id = name_temp.id)',), ('  ->  Seq Scan on name_temp  (cost=0.00..102.98 rows=200000 width=75)',), ('  ->  Materialize  (cost=0.00..5.53 rows=10000 width=113)',), ('        ->  Seq Scan on aka_name_temp  (cost=0.00..4.90 rows=10000 width=113)',)]
[('Nested Loop  (cost=0.00..311380.55 rows=10000 width=188)',), ('  Join Filter: (aka_name_temp.person_id = name_temp.id)',), ('  ->  Seq Scan on name_temp  (cost=0.00..154.66 rows=300000 width=75)',), ('  ->  Materialize  (cost=0.00..5.53 rows=10000 width=113)',), ('        ->  Seq Scan on aka_name_temp  (cost=0.00..4.90 rows=10000 width=113)',)]
[('Nested Loop  (cost=0.00..415172.50 rows=10000 width=187)',), ('  Join Filter: (aka_name_temp.person_id = name_temp.id)',), ('  ->  Seq Scan on name_temp  (cost=0.00..206.38 rows=400000 width=74)',), ('  ->  Materialize  (cost=0.00..5.53 rows=10000 width=113)',), ('        ->  Seq Scan on aka_name_temp  (cost=0.00..4.90 rows=10000 width=113)',)]
[('Nested Loop  (cost=0.00..518964.23 rows=10000 width=187)',), ('  Join Filter: (aka_name_temp.person_id = name_temp.id)',), ('  ->  Seq Scan on name_temp  (cost=0.00..257.88 rows=500000 width=74)',), ('  ->  Materialize  (cost=0.00..5.53 rows=10000 width=113)',), ('        ->  Seq Scan on aka_name_temp  (cost=0.00..4.90 rows=10000 width=113)',)]
[('Nested Loop  (cost=0.00..622756.21 rows=10000 width=187)',), ('  Join Filter: (aka_name_temp.person_id = name_temp.id)',), ('  ->  Seq Scan on name_temp  (cost=0.00..309.64 rows=600000 width=74)',), ('  ->  Materialize  (cost=0.00..5.53 rows=10000 width=113)',), ('        ->  Seq Scan on aka_name_temp  (cost=0.00..4.90 rows=10000 width=113)',)]
[('Nested Loop  (cost=0.00..726547.94 rows=10000 width=187)',), ('  Join Filter: (aka_name_temp.person_id = name_temp.id)',), ('  ->  Seq Scan on name_temp  (cost=0.00..361.14 rows=700000 width=74)',), ('  ->  Materialize  (cost=0.00..5.53 rows=10000 width=113)',), ('        ->  Seq Scan on aka_name_temp  (cost=0.00..4.90 rows=10000 width=113)',)]
[('Nested Loop  (cost=0.00..830339.53 rows=10000 width=188)',), ('  Join Filter: (aka_name_temp.person_id = name_temp.id)',), ('  ->  Seq Scan on name_temp  (cost=0.00..412.51 rows=800000 width=75)',), ('  ->  Materialize  (cost=0.00..5.53 rows=10000 width=113)',), ('        ->  Seq Scan on aka_name_temp  (cost=0.00..4.90 rows=10000 width=113)',)]
[('Nested Loop  (cost=0.00..934131.12 rows=10000 width=188)',), ('  Join Filter: (aka_name_temp.person_id = name_temp.id)',), ('  ->  Seq Scan on name_temp  (cost=0.00..463.87 rows=900000 width=75)',), ('  ->  Materialize  (cost=0.00..5.53 rows=10000 width=113)',), ('        ->  Seq Scan on aka_name_temp  (cost=0.00..4.90 rows=10000 width=113)',)]
[('Nested Loop  (cost=0.00..1037922.78 rows=10000 width=188)',), ('  Join Filter: (aka_name_temp.person_id = name_temp.id)',), ('  ->  Seq Scan on name_temp  (cost=0.00..515.31 rows=1000000 width=75)',), ('  ->  Materialize  (cost=0.00..5.53 rows=10000 width=113)',), ('        ->  Seq Scan on aka_name_temp  (cost=0.00..4.90 rows=10000 width=113)',)]
[('Nested Loop  (cost=0.00..1141714.69 rows=10000 width=188)',), ('  Join Filter: (aka_name_temp.person_id = name_temp.id)',), ('  ->  Seq Scan on name_temp  (cost=0.00..566.99 rows=1100000 width=75)',), ('  ->  Materialize  (cost=0.00..5.53 rows=10000 width=113)',), ('        ->  Seq Scan on aka_name_temp  (cost=0.00..4.90 rows=10000 width=113)',)]
[('Nested Loop  (cost=0.00..1245506.46 rows=10000 width=188)',), ('  Join Filter: (aka_name_temp.person_id = name_temp.id)',), ('  ->  Seq Scan on name_temp  (cost=0.00..618.53 rows=1200000 width=75)',), ('  ->  Materialize  (cost=0.00..5.53 rows=10000 width=113)',), ('        ->  Seq Scan on aka_name_temp  (cost=0.00..4.90 rows=10000 width=113)',)]
[('Nested Loop  (cost=0.00..1349298.15 rows=10000 width=187)',), ('  Join Filter: (aka_name_temp.person_id = name_temp.id)',), ('  ->  Seq Scan on name_temp  (cost=0.00..670.00 rows=1300000 width=74)',), ('  ->  Materialize  (cost=0.00..5.53 rows=10000 width=113)',), ('        ->  Seq Scan on aka_name_temp  (cost=0.00..4.90 rows=10000 width=113)',)]
[('Nested Loop  (cost=0.00..1453089.92 rows=10000 width=187)',), ('  Join Filter: (aka_name_temp.person_id = name_temp.id)',), ('  ->  Seq Scan on name_temp  (cost=0.00..721.54 rows=1400000 width=74)',), ('  ->  Materialize  (cost=0.00..5.53 rows=10000 width=113)',), ('        ->  Seq Scan on aka_name_temp  (cost=0.00..4.90 rows=10000 width=113)',)]
[('Nested Loop  (cost=0.00..1556881.69 rows=10000 width=188)',), ('  Join Filter: (aka_name_temp.person_id = name_temp.id)',), ('  ->  Seq Scan on name_temp  (cost=0.00..773.08 rows=1500000 width=75)',), ('  ->  Materialize  (cost=0.00..5.53 rows=10000 width=113)',), ('        ->  Seq Scan on aka_name_temp  (cost=0.00..4.90 rows=10000 width=113)',)]
[('Nested Loop  (cost=0.00..1660673.35 rows=10000 width=188)',), ('  Join Filter: (aka_name_temp.person_id = name_temp.id)',), ('  ->  Seq Scan on name_temp  (cost=0.00..824.52 rows=1600000 width=75)',), ('  ->  Materialize  (cost=0.00..5.53 rows=10000 width=113)',), ('        ->  Seq Scan on aka_name_temp  (cost=0.00..4.90 rows=10000 width=113)',)]
[('Nested Loop  (cost=0.00..1764465.36 rows=10000 width=188)',), ('  Join Filter: (aka_name_temp.person_id = name_temp.id)',), ('  ->  Seq Scan on name_temp  (cost=0.00..876.31 rows=1700000 width=75)',), ('  ->  Materialize  (cost=0.00..5.53 rows=10000 width=113)',), ('        ->  Seq Scan on aka_name_temp  (cost=0.00..4.90 rows=10000 width=113)',)]
[('Nested Loop  (cost=0.00..1868256.81 rows=10000 width=188)',), ('  Join Filter: (aka_name_temp.person_id = name_temp.id)',), ('  ->  Seq Scan on name_temp  (cost=0.00..927.53 rows=1800000 width=75)',), ('  ->  Materialize  (cost=0.00..5.53 rows=10000 width=113)',), ('        ->  Seq Scan on aka_name_temp  (cost=0.00..4.90 rows=10000 width=113)',)]
[('Nested Loop  (cost=0.00..1972048.72 rows=10000 width=188)',), ('  Join Filter: (aka_name_temp.person_id = name_temp.id)',), ('  ->  Seq Scan on name_temp  (cost=0.00..979.21 rows=1900000 width=75)',), ('  ->  Materialize  (cost=0.00..5.53 rows=10000 width=113)',), ('        ->  Seq Scan on aka_name_temp  (cost=0.00..4.90 rows=10000 width=113)',)]
[('Nested Loop  (cost=0.00..2075840.56 rows=10000 width=188)',), ('  Join Filter: (aka_name_temp.person_id = name_temp.id)',), ('  ->  Seq Scan on name_temp  (cost=0.00..1030.82 rows=2000000 width=75)',), ('  ->  Materialize  (cost=0.00..5.53 rows=10000 width=113)',), ('        ->  Seq Scan on aka_name_temp  (cost=0.00..4.90 rows=10000 width=113)',)]
[('Nested Loop  (cost=0.00..2179632.47 rows=10000 width=187)',), ('  Join Filter: (aka_name_temp.person_id = name_temp.id)',), ('  ->  Seq Scan on name_temp  (cost=0.00..1082.51 rows=2100000 width=74)',), ('  ->  Materialize  (cost=0.00..5.53 rows=10000 width=113)',), ('        ->  Seq Scan on aka_name_temp  (cost=0.00..4.90 rows=10000 width=113)',)]
[('Nested Loop  (cost=0.00..2283424.02 rows=10000 width=187)',), ('  Join Filter: (aka_name_temp.person_id = name_temp.id)',), ('  ->  Seq Scan on name_temp  (cost=0.00..1133.84 rows=2200000 width=74)',), ('  ->  Materialize  (cost=0.00..5.53 rows=10000 width=113)',), ('        ->  Seq Scan on aka_name_temp  (cost=0.00..4.90 rows=10000 width=113)',)]
[('Nested Loop  (cost=0.00..2387215.51 rows=10000 width=187)',), ('  Join Filter: (aka_name_temp.person_id = name_temp.id)',), ('  ->  Seq Scan on name_temp  (cost=0.00..1185.09 rows=2300000 width=74)',), ('  ->  Materialize  (cost=0.00..5.53 rows=10000 width=113)',), ('        ->  Seq Scan on aka_name_temp  (cost=0.00..4.90 rows=10000 width=113)',)]
[('Nested Loop  (cost=0.00..2491007.24 rows=10000 width=187)',), ('  Join Filter: (aka_name_temp.person_id = name_temp.id)',), ('  ->  Seq Scan on name_temp  (cost=0.00..1236.60 rows=2400000 width=74)',), ('  ->  Materialize  (cost=0.00..5.53 rows=10000 width=113)',), ('        ->  Seq Scan on aka_name_temp  (cost=0.00..4.90 rows=10000 width=113)',)]
[('Nested Loop  (cost=0.00..2594799.01 rows=10000 width=187)',), ('  Join Filter: (aka_name_temp.person_id = name_temp.id)',), ('  ->  Seq Scan on name_temp  (cost=0.00..1288.14 rows=2500000 width=74)',), ('  ->  Materialize  (cost=0.00..5.53 rows=10000 width=113)',), ('        ->  Seq Scan on aka_name_temp  (cost=0.00..4.90 rows=10000 width=113)',)]
[('Nested Loop  (cost=0.00..2698590.74 rows=10000 width=187)',), ('  Join Filter: (aka_name_temp.person_id = name_temp.id)',), ('  ->  Seq Scan on name_temp  (cost=0.00..1339.65 rows=2600000 width=74)',), ('  ->  Materialize  (cost=0.00..5.53 rows=10000 width=113)',), ('        ->  Seq Scan on aka_name_temp  (cost=0.00..4.90 rows=10000 width=113)',)]
[('Nested Loop  (cost=0.00..2802382.51 rows=10000 width=187)',), ('  Join Filter: (aka_name_temp.person_id = name_temp.id)',), ('  ->  Seq Scan on name_temp  (cost=0.00..1391.19 rows=2700000 width=74)',), ('  ->  Materialize  (cost=0.00..5.53 rows=10000 width=113)',), ('        ->  Seq Scan on aka_name_temp  (cost=0.00..4.90 rows=10000 width=113)',)]
[('Nested Loop  (cost=0.00..2906173.78 rows=10000 width=187)',), ('  Join Filter: (aka_name_temp.person_id = name_temp.id)',), ('  ->  Seq Scan on name_temp  (cost=0.00..1442.24 rows=2800000 width=74)',), ('  ->  Materialize  (cost=0.00..5.53 rows=10000 width=113)',), ('        ->  Seq Scan on aka_name_temp  (cost=0.00..4.90 rows=10000 width=113)',)]
[('Nested Loop  (cost=0.00..3009964.87 rows=10000 width=187)',), ('  Join Filter: (aka_name_temp.person_id = name_temp.id)',), ('  ->  Seq Scan on name_temp  (cost=0.00..1493.10 rows=2900000 width=74)',), ('  ->  Materialize  (cost=0.00..5.53 rows=10000 width=113)',), ('        ->  Seq Scan on aka_name_temp  (cost=0.00..4.90 rows=10000 width=113)',)]
[('Nested Loop  (cost=0.00..3113756.15 rows=10000 width=187)',), ('  Join Filter: (aka_name_temp.person_id = name_temp.id)',), ('  ->  Seq Scan on name_temp  (cost=0.00..1544.15 rows=3000000 width=74)',), ('  ->  Materialize  (cost=0.00..5.53 rows=10000 width=113)',), ('        ->  Seq Scan on aka_name_temp  (cost=0.00..4.90 rows=10000 width=113)',)]
[('Nested Loop  (cost=0.00..3217547.42 rows=10000 width=187)',), ('  Join Filter: (aka_name_temp.person_id = name_temp.id)',), ('  ->  Seq Scan on name_temp  (cost=0.00..1595.20 rows=3100000 width=74)',), ('  ->  Materialize  (cost=0.00..5.53 rows=10000 width=113)',), ('        ->  Seq Scan on aka_name_temp  (cost=0.00..4.90 rows=10000 width=113)',)]
[('Nested Loop  (cost=0.00..3321338.58 rows=10000 width=187)',), ('  Join Filter: (aka_name_temp.person_id = name_temp.id)',), ('  ->  Seq Scan on name_temp  (cost=0.00..1646.14 rows=3200000 width=74)',), ('  ->  Materialize  (cost=0.00..5.53 rows=10000 width=113)',), ('        ->  Seq Scan on aka_name_temp  (cost=0.00..4.90 rows=10000 width=113)',)]
[('Nested Loop  (cost=0.00..3425129.75 rows=10000 width=187)',), ('  Join Filter: (aka_name_temp.person_id = name_temp.id)',), ('  ->  Seq Scan on name_temp  (cost=0.00..1697.08 rows=3300000 width=74)',), ('  ->  Materialize  (cost=0.00..5.53 rows=10000 width=113)',), ('        ->  Seq Scan on aka_name_temp  (cost=0.00..4.90 rows=10000 width=113)',)]
[('Nested Loop  (cost=0.00..3528920.60 rows=10000 width=187)',), ('  Join Filter: (aka_name_temp.person_id = name_temp.id)',), ('  ->  Seq Scan on name_temp  (cost=0.00..1747.70 rows=3400000 width=74)',), ('  ->  Materialize  (cost=0.00..5.53 rows=10000 width=113)',), ('        ->  Seq Scan on aka_name_temp  (cost=0.00..4.90 rows=10000 width=113)',)]
[('Nested Loop  (cost=0.00..3632711.62 rows=10000 width=187)',), ('  Join Filter: (aka_name_temp.person_id = name_temp.id)',), ('  ->  Seq Scan on name_temp  (cost=0.00..1798.50 rows=3500000 width=74)',), ('  ->  Materialize  (cost=0.00..5.53 rows=10000 width=113)',), ('        ->  Seq Scan on aka_name_temp  (cost=0.00..4.90 rows=10000 width=113)',)]
[('Nested Loop  (cost=0.00..3736502.72 rows=10000 width=187)',), ('  Join Filter: (aka_name_temp.person_id = name_temp.id)',), ('  ->  Seq Scan on name_temp  (cost=0.00..1849.37 rows=3600000 width=74)',), ('  ->  Materialize  (cost=0.00..5.53 rows=10000 width=113)',), ('        ->  Seq Scan on aka_name_temp  (cost=0.00..4.90 rows=10000 width=113)',)]
[('Nested Loop  (cost=0.00..3840293.96 rows=10000 width=187)',), ('  Join Filter: (aka_name_temp.person_id = name_temp.id)',), ('  ->  Seq Scan on name_temp  (cost=0.00..1900.38 rows=3700000 width=74)',), ('  ->  Materialize  (cost=0.00..5.53 rows=10000 width=113)',), ('        ->  Seq Scan on aka_name_temp  (cost=0.00..4.90 rows=10000 width=113)',)]
[('Nested Loop  (cost=0.00..3944085.02 rows=10000 width=187)',), ('  Join Filter: (aka_name_temp.person_id = name_temp.id)',), ('  ->  Seq Scan on name_temp  (cost=0.00..1951.21 rows=3800000 width=74)',), ('  ->  Materialize  (cost=0.00..5.53 rows=10000 width=113)',), ('        ->  Seq Scan on aka_name_temp  (cost=0.00..4.90 rows=10000 width=113)',)]
[('Nested Loop  (cost=0.00..4047876.11 rows=10000 width=187)',), ('  Join Filter: (aka_name_temp.person_id = name_temp.id)',), ('  ->  Seq Scan on name_temp  (cost=0.00..2002.08 rows=3900000 width=74)',), ('  ->  Materialize  (cost=0.00..5.53 rows=10000 width=113)',), ('        ->  Seq Scan on aka_name_temp  (cost=0.00..4.90 rows=10000 width=113)',)]
[('Nested Loop  (cost=0.00..4151667.21 rows=10000 width=187)',), ('  Join Filter: (aka_name_temp.person_id = name_temp.id)',), ('  ->  Seq Scan on name_temp  (cost=0.00..2052.95 rows=4000000 width=74)',), ('  ->  Materialize  (cost=0.00..5.53 rows=10000 width=113)',), ('        ->  Seq Scan on aka_name_temp  (cost=0.00..4.90 rows=10000 width=113)',)]
