[('Nested Loop  (cost=0.00..10384.39 rows=10000 width=188)',), ('  Join Filter: (aka_name_temp.person_id = name_temp.id)',), ('  ->  Seq Scan on aka_name_temp  (cost=0.00..4.90 rows=10000 width=113)',), ('  ->  Materialize  (cost=0.00..5.77 rows=10000 width=75)',), ('        ->  Seq Scan on name_temp  (cost=0.00..5.15 rows=10000 width=75)',)]
[('Nested Loop  (cost=0.00..20763.53 rows=10000 width=187)',), ('  Join Filter: (aka_name_temp.person_id = name_temp.id)',), ('  ->  Seq Scan on name_temp  (cost=0.00..10.27 rows=20000 width=74)',), ('  ->  Materialize  (cost=0.00..5.53 rows=10000 width=113)',), ('        ->  Seq Scan on aka_name_temp  (cost=0.00..4.90 rows=10000 width=113)',)]
[('Nested Loop  (cost=0.00..31142.70 rows=10000 width=188)',), ('  Join Filter: (aka_name_temp.person_id = name_temp.id)',), ('  ->  Seq Scan on name_temp  (cost=0.00..15.42 rows=30000 width=75)',), ('  ->  Materialize  (cost=0.00..5.53 rows=10000 width=113)',), ('        ->  Seq Scan on aka_name_temp  (cost=0.00..4.90 rows=10000 width=113)',)]
[('Nested Loop  (cost=0.00..41521.84 rows=10000 width=188)',), ('  Join Filter: (aka_name_temp.person_id = name_temp.id)',), ('  ->  Seq Scan on name_temp  (cost=0.00..20.53 rows=40000 width=75)',), ('  ->  Materialize  (cost=0.00..5.53 rows=10000 width=113)',), ('        ->  Seq Scan on aka_name_temp  (cost=0.00..4.90 rows=10000 width=113)',)]
[('Nested Loop  (cost=0.00..51901.01 rows=10000 width=188)',), ('  Join Filter: (aka_name_temp.person_id = name_temp.id)',), ('  ->  Seq Scan on name_temp  (cost=0.00..25.68 rows=50000 width=75)',), ('  ->  Materialize  (cost=0.00..5.53 rows=10000 width=113)',), ('        ->  Seq Scan on aka_name_temp  (cost=0.00..4.90 rows=10000 width=113)',)]
[('Nested Loop  (cost=0.00..62280.15 rows=10000 width=188)',), ('  Join Filter: (aka_name_temp.person_id = name_temp.id)',), ('  ->  Seq Scan on name_temp  (cost=0.00..30.80 rows=60000 width=75)',), ('  ->  Materialize  (cost=0.00..5.53 rows=10000 width=113)',), ('        ->  Seq Scan on aka_name_temp  (cost=0.00..4.90 rows=10000 width=113)',)]
[('Nested Loop  (cost=0.00..72659.32 rows=10000 width=188)',), ('  Join Filter: (aka_name_temp.person_id = name_temp.id)',), ('  ->  Seq Scan on name_temp  (cost=0.00..35.95 rows=70000 width=75)',), ('  ->  Materialize  (cost=0.00..5.53 rows=10000 width=113)',), ('        ->  Seq Scan on aka_name_temp  (cost=0.00..4.90 rows=10000 width=113)',)]
[('Nested Loop  (cost=0.00..83038.42 rows=10000 width=188)',), ('  Join Filter: (aka_name_temp.person_id = name_temp.id)',), ('  ->  Seq Scan on name_temp  (cost=0.00..41.03 rows=80000 width=75)',), ('  ->  Materialize  (cost=0.00..5.53 rows=10000 width=113)',), ('        ->  Seq Scan on aka_name_temp  (cost=0.00..4.90 rows=10000 width=113)',)]
[('Nested Loop  (cost=0.00..93417.60 rows=10000 width=188)',), ('  Join Filter: (aka_name_temp.person_id = name_temp.id)',), ('  ->  Seq Scan on name_temp  (cost=0.00..46.18 rows=90000 width=75)',), ('  ->  Materialize  (cost=0.00..5.53 rows=10000 width=113)',), ('        ->  Seq Scan on aka_name_temp  (cost=0.00..4.90 rows=10000 width=113)',)]
[('Nested Loop  (cost=0.00..103796.84 rows=10000 width=188)',), ('  Join Filter: (aka_name_temp.person_id = name_temp.id)',), ('  ->  Seq Scan on name_temp  (cost=0.00..51.40 rows=100000 width=75)',), ('  ->  Materialize  (cost=0.00..5.53 rows=10000 width=113)',), ('        ->  Seq Scan on aka_name_temp  (cost=0.00..4.90 rows=10000 width=113)',)]
